[0.197s] DEBUG:colcon:Command line arguments: ['/usr/bin/colcon', 'build']
[0.197s] DEBUG:colcon:Parsed command line arguments: Namespace(log_base=None, log_level=None, verb_name='build', build_base='build', install_base='install', merge_install=False, symlink_install=False, test_result_base=None, continue_on_error=False, executor='parallel', parallel_workers=12, event_handlers=None, ignore_user_meta=False, metas=['./colcon.meta'], base_paths=['.'], packages_ignore=None, packages_ignore_regex=None, paths=None, packages_up_to=None, packages_up_to_regex=None, packages_above=None, packages_above_and_dependencies=None, packages_above_depth=None, packages_select_by_dep=None, packages_skip_by_dep=None, packages_skip_up_to=None, packages_select_build_failed=False, packages_skip_build_finished=False, packages_select_test_failures=False, packages_skip_test_passed=False, packages_select=None, packages_skip=None, packages_select_regex=None, packages_skip_regex=None, packages_start=None, packages_end=None, allow_overriding=[], cmake_args=None, cmake_target=None, cmake_target_skip_unavailable=False, cmake_clean_cache=False, cmake_clean_first=False, cmake_force_configure=False, ament_cmake_args=None, catkin_cmake_args=None, catkin_skip_building_tests=False, mixin_files=None, mixin=None, verb_parser=<colcon_mixin.mixin.mixin_argument.MixinArgumentDecorator object at 0x7ad509abf610>, verb_extension=<colcon_core.verb.build.BuildVerb object at 0x7ad509c8a920>, main=<bound method BuildVerb.main of <colcon_core.verb.build.BuildVerb object at 0x7ad509c8a920>>, mixin_verb=('build',))
[0.536s] Level 1:colcon.colcon_core.package_discovery:discover_packages(colcon_meta) check parameters
[0.537s] Level 1:colcon.colcon_core.package_discovery:discover_packages(recursive) check parameters
[0.537s] Level 1:colcon.colcon_core.package_discovery:discover_packages(ignore) check parameters
[0.537s] Level 1:colcon.colcon_core.package_discovery:discover_packages(path) check parameters
[0.537s] Level 1:colcon.colcon_core.package_discovery:discover_packages(colcon_meta) discover
[0.537s] Level 1:colcon.colcon_core.package_discovery:discover_packages(recursive) discover
[0.537s] INFO:colcon.colcon_core.package_discovery:Crawling recursively for packages in '/home/yeeun/AI_Vision_Project/b4_ws'
[0.537s] Level 1:colcon.colcon_core.package_identification:_identify(.) by extensions ['ignore', 'ignore_ament_install']
[0.537s] Level 1:colcon.colcon_core.package_identification:_identify(.) by extension 'ignore'
[0.537s] Level 1:colcon.colcon_core.package_identification:_identify(.) by extension 'ignore_ament_install'
[0.537s] Level 1:colcon.colcon_core.package_identification:_identify(.) by extensions ['colcon_pkg']
[0.537s] Level 1:colcon.colcon_core.package_identification:_identify(.) by extension 'colcon_pkg'
[0.537s] Level 1:colcon.colcon_core.package_identification:_identify(.) by extensions ['colcon_meta']
[0.538s] Level 1:colcon.colcon_core.package_identification:_identify(.) by extension 'colcon_meta'
[0.538s] Level 1:colcon.colcon_core.package_identification:_identify(.) by extensions ['ros']
[0.538s] Level 1:colcon.colcon_core.package_identification:_identify(.) by extension 'ros'
[0.554s] Level 1:colcon.colcon_core.package_identification:_identify(.) by extensions ['cmake', 'python']
[0.555s] Level 1:colcon.colcon_core.package_identification:_identify(.) by extension 'cmake'
[0.555s] Level 1:colcon.colcon_core.package_identification:_identify(.) by extension 'python'
[0.555s] Level 1:colcon.colcon_core.package_identification:_identify(.) by extensions ['python_setup_py']
[0.555s] Level 1:colcon.colcon_core.package_identification:_identify(.) by extension 'python_setup_py'
[0.555s] Level 1:colcon.colcon_core.package_identification:_identify(build) by extensions ['ignore', 'ignore_ament_install']
[0.555s] Level 1:colcon.colcon_core.package_identification:_identify(build) by extension 'ignore'
[0.555s] Level 1:colcon.colcon_core.package_identification:_identify(build) ignored
[0.555s] Level 1:colcon.colcon_core.package_identification:_identify(install) by extensions ['ignore', 'ignore_ament_install']
[0.555s] Level 1:colcon.colcon_core.package_identification:_identify(install) by extension 'ignore'
[0.556s] Level 1:colcon.colcon_core.package_identification:_identify(install) ignored
[0.556s] Level 1:colcon.colcon_core.package_identification:_identify(log) by extensions ['ignore', 'ignore_ament_install']
[0.556s] Level 1:colcon.colcon_core.package_identification:_identify(log) by extension 'ignore'
[0.556s] Level 1:colcon.colcon_core.package_identification:_identify(log) ignored
[0.556s] Level 1:colcon.colcon_core.package_identification:_identify(src) by extensions ['ignore', 'ignore_ament_install']
[0.556s] Level 1:colcon.colcon_core.package_identification:_identify(src) by extension 'ignore'
[0.556s] Level 1:colcon.colcon_core.package_identification:_identify(src) by extension 'ignore_ament_install'
[0.556s] Level 1:colcon.colcon_core.package_identification:_identify(src) by extensions ['colcon_pkg']
[0.556s] Level 1:colcon.colcon_core.package_identification:_identify(src) by extension 'colcon_pkg'
[0.556s] Level 1:colcon.colcon_core.package_identification:_identify(src) by extensions ['colcon_meta']
[0.556s] Level 1:colcon.colcon_core.package_identification:_identify(src) by extension 'colcon_meta'
[0.557s] Level 1:colcon.colcon_core.package_identification:_identify(src) by extensions ['ros']
[0.557s] Level 1:colcon.colcon_core.package_identification:_identify(src) by extension 'ros'
[0.557s] Level 1:colcon.colcon_core.package_identification:_identify(src) by extensions ['cmake', 'python']
[0.557s] Level 1:colcon.colcon_core.package_identification:_identify(src) by extension 'cmake'
[0.557s] Level 1:colcon.colcon_core.package_identification:_identify(src) by extension 'python'
[0.557s] Level 1:colcon.colcon_core.package_identification:_identify(src) by extensions ['python_setup_py']
[0.557s] Level 1:colcon.colcon_core.package_identification:_identify(src) by extension 'python_setup_py'
[0.557s] Level 1:colcon.colcon_core.package_identification:_identify(src/b4_package) by extensions ['ignore', 'ignore_ament_install']
[0.557s] Level 1:colcon.colcon_core.package_identification:_identify(src/b4_package) by extension 'ignore'
[0.557s] Level 1:colcon.colcon_core.package_identification:_identify(src/b4_package) by extension 'ignore_ament_install'
[0.557s] Level 1:colcon.colcon_core.package_identification:_identify(src/b4_package) by extensions ['colcon_pkg']
[0.557s] Level 1:colcon.colcon_core.package_identification:_identify(src/b4_package) by extension 'colcon_pkg'
[0.557s] Level 1:colcon.colcon_core.package_identification:_identify(src/b4_package) by extensions ['colcon_meta']
[0.557s] Level 1:colcon.colcon_core.package_identification:_identify(src/b4_package) by extension 'colcon_meta'
[0.558s] Level 1:colcon.colcon_core.package_identification:_identify(src/b4_package) by extensions ['ros']
[0.558s] Level 1:colcon.colcon_core.package_identification:_identify(src/b4_package) by extension 'ros'
[0.562s] DEBUG:colcon.colcon_core.package_identification:Package 'src/b4_package' with type 'ros.ament_python' and name 'b4_package'
[0.562s] Level 1:colcon.colcon_core.package_identification:_identify(src/build) by extensions ['ignore', 'ignore_ament_install']
[0.562s] Level 1:colcon.colcon_core.package_identification:_identify(src/build) by extension 'ignore'
[0.562s] Level 1:colcon.colcon_core.package_identification:_identify(src/build) by extension 'ignore_ament_install'
[0.562s] Level 1:colcon.colcon_core.package_identification:_identify(src/build) by extensions ['colcon_pkg']
[0.562s] Level 1:colcon.colcon_core.package_identification:_identify(src/build) by extension 'colcon_pkg'
[0.562s] Level 1:colcon.colcon_core.package_identification:_identify(src/build) by extensions ['colcon_meta']
[0.562s] Level 1:colcon.colcon_core.package_identification:_identify(src/build) by extension 'colcon_meta'
[0.562s] Level 1:colcon.colcon_core.package_identification:_identify(src/build) by extensions ['ros']
[0.562s] Level 1:colcon.colcon_core.package_identification:_identify(src/build) by extension 'ros'
[0.562s] Level 1:colcon.colcon_core.package_identification:_identify(src/build) by extensions ['cmake', 'python']
[0.562s] Level 1:colcon.colcon_core.package_identification:_identify(src/build) by extension 'cmake'
[0.563s] Level 1:colcon.colcon_core.package_identification:_identify(src/build) by extension 'python'
[0.563s] Level 1:colcon.colcon_core.package_identification:_identify(src/build) by extensions ['python_setup_py']
[0.563s] Level 1:colcon.colcon_core.package_identification:_identify(src/build) by extension 'python_setup_py'
[0.563s] Level 1:colcon.colcon_core.package_identification:_identify(src/build/b4_package) by extensions ['ignore', 'ignore_ament_install']
[0.563s] Level 1:colcon.colcon_core.package_identification:_identify(src/build/b4_package) by extension 'ignore'
[0.563s] Level 1:colcon.colcon_core.package_identification:_identify(src/build/b4_package) by extension 'ignore_ament_install'
[0.563s] Level 1:colcon.colcon_core.package_identification:_identify(src/build/b4_package) by extensions ['colcon_pkg']
[0.563s] Level 1:colcon.colcon_core.package_identification:_identify(src/build/b4_package) by extension 'colcon_pkg'
[0.563s] Level 1:colcon.colcon_core.package_identification:_identify(src/build/b4_package) by extensions ['colcon_meta']
[0.563s] Level 1:colcon.colcon_core.package_identification:_identify(src/build/b4_package) by extension 'colcon_meta'
[0.563s] Level 1:colcon.colcon_core.package_identification:_identify(src/build/b4_package) by extensions ['ros']
[0.563s] Level 1:colcon.colcon_core.package_identification:_identify(src/build/b4_package) by extension 'ros'
[0.563s] Level 1:colcon.colcon_core.package_identification:_identify(src/build/b4_package) by extensions ['cmake', 'python']
[0.563s] Level 1:colcon.colcon_core.package_identification:_identify(src/build/b4_package) by extension 'cmake'
[0.563s] Level 1:colcon.colcon_core.package_identification:_identify(src/build/b4_package) by extension 'python'
[0.563s] Level 1:colcon.colcon_core.package_identification:_identify(src/build/b4_package) by extensions ['python_setup_py']
[0.563s] Level 1:colcon.colcon_core.package_identification:_identify(src/build/b4_package) by extension 'python_setup_py'
[0.564s] Level 1:colcon.colcon_core.package_identification:_identify(src/build/b4_package/build) by extensions ['ignore', 'ignore_ament_install']
[0.564s] Level 1:colcon.colcon_core.package_identification:_identify(src/build/b4_package/build) by extension 'ignore'
[0.564s] Level 1:colcon.colcon_core.package_identification:_identify(src/build/b4_package/build) by extension 'ignore_ament_install'
[0.564s] Level 1:colcon.colcon_core.package_identification:_identify(src/build/b4_package/build) by extensions ['colcon_pkg']
[0.564s] Level 1:colcon.colcon_core.package_identification:_identify(src/build/b4_package/build) by extension 'colcon_pkg'
[0.564s] Level 1:colcon.colcon_core.package_identification:_identify(src/build/b4_package/build) by extensions ['colcon_meta']
[0.564s] Level 1:colcon.colcon_core.package_identification:_identify(src/build/b4_package/build) by extension 'colcon_meta'
[0.564s] Level 1:colcon.colcon_core.package_identification:_identify(src/build/b4_package/build) by extensions ['ros']
[0.564s] Level 1:colcon.colcon_core.package_identification:_identify(src/build/b4_package/build) by extension 'ros'
[0.564s] Level 1:colcon.colcon_core.package_identification:_identify(src/build/b4_package/build) by extensions ['cmake', 'python']
[0.564s] Level 1:colcon.colcon_core.package_identification:_identify(src/build/b4_package/build) by extension 'cmake'
[0.564s] Level 1:colcon.colcon_core.package_identification:_identify(src/build/b4_package/build) by extension 'python'
[0.564s] Level 1:colcon.colcon_core.package_identification:_identify(src/build/b4_package/build) by extensions ['python_setup_py']
[0.564s] Level 1:colcon.colcon_core.package_identification:_identify(src/build/b4_package/build) by extension 'python_setup_py'
[0.564s] Level 1:colcon.colcon_core.package_identification:_identify(src/build/b4_package/build/lib) by extensions ['ignore', 'ignore_ament_install']
[0.564s] Level 1:colcon.colcon_core.package_identification:_identify(src/build/b4_package/build/lib) by extension 'ignore'
[0.565s] Level 1:colcon.colcon_core.package_identification:_identify(src/build/b4_package/build/lib) by extension 'ignore_ament_install'
[0.565s] Level 1:colcon.colcon_core.package_identification:_identify(src/build/b4_package/build/lib) by extensions ['colcon_pkg']
[0.565s] Level 1:colcon.colcon_core.package_identification:_identify(src/build/b4_package/build/lib) by extension 'colcon_pkg'
[0.565s] Level 1:colcon.colcon_core.package_identification:_identify(src/build/b4_package/build/lib) by extensions ['colcon_meta']
[0.565s] Level 1:colcon.colcon_core.package_identification:_identify(src/build/b4_package/build/lib) by extension 'colcon_meta'
[0.565s] Level 1:colcon.colcon_core.package_identification:_identify(src/build/b4_package/build/lib) by extensions ['ros']
[0.565s] Level 1:colcon.colcon_core.package_identification:_identify(src/build/b4_package/build/lib) by extension 'ros'
[0.565s] Level 1:colcon.colcon_core.package_identification:_identify(src/build/b4_package/build/lib) by extensions ['cmake', 'python']
[0.565s] Level 1:colcon.colcon_core.package_identification:_identify(src/build/b4_package/build/lib) by extension 'cmake'
[0.565s] Level 1:colcon.colcon_core.package_identification:_identify(src/build/b4_package/build/lib) by extension 'python'
[0.565s] Level 1:colcon.colcon_core.package_identification:_identify(src/build/b4_package/build/lib) by extensions ['python_setup_py']
[0.565s] Level 1:colcon.colcon_core.package_identification:_identify(src/build/b4_package/build/lib) by extension 'python_setup_py'
[0.565s] Level 1:colcon.colcon_core.package_identification:_identify(src/build/b4_package/build/lib/b4_package) by extensions ['ignore', 'ignore_ament_install']
[0.565s] Level 1:colcon.colcon_core.package_identification:_identify(src/build/b4_package/build/lib/b4_package) by extension 'ignore'
[0.565s] Level 1:colcon.colcon_core.package_identification:_identify(src/build/b4_package/build/lib/b4_package) by extension 'ignore_ament_install'
[0.565s] Level 1:colcon.colcon_core.package_identification:_identify(src/build/b4_package/build/lib/b4_package) by extensions ['colcon_pkg']
[0.565s] Level 1:colcon.colcon_core.package_identification:_identify(src/build/b4_package/build/lib/b4_package) by extension 'colcon_pkg'
[0.566s] Level 1:colcon.colcon_core.package_identification:_identify(src/build/b4_package/build/lib/b4_package) by extensions ['colcon_meta']
[0.566s] Level 1:colcon.colcon_core.package_identification:_identify(src/build/b4_package/build/lib/b4_package) by extension 'colcon_meta'
[0.566s] Level 1:colcon.colcon_core.package_identification:_identify(src/build/b4_package/build/lib/b4_package) by extensions ['ros']
[0.566s] Level 1:colcon.colcon_core.package_identification:_identify(src/build/b4_package/build/lib/b4_package) by extension 'ros'
[0.566s] Level 1:colcon.colcon_core.package_identification:_identify(src/build/b4_package/build/lib/b4_package) by extensions ['cmake', 'python']
[0.566s] Level 1:colcon.colcon_core.package_identification:_identify(src/build/b4_package/build/lib/b4_package) by extension 'cmake'
[0.566s] Level 1:colcon.colcon_core.package_identification:_identify(src/build/b4_package/build/lib/b4_package) by extension 'python'
[0.566s] Level 1:colcon.colcon_core.package_identification:_identify(src/build/b4_package/build/lib/b4_package) by extensions ['python_setup_py']
[0.566s] Level 1:colcon.colcon_core.package_identification:_identify(src/build/b4_package/build/lib/b4_package) by extension 'python_setup_py'
[0.566s] Level 1:colcon.colcon_core.package_identification:_identify(src/install) by extensions ['ignore', 'ignore_ament_install']
[0.566s] Level 1:colcon.colcon_core.package_identification:_identify(src/install) by extension 'ignore'
[0.566s] Level 1:colcon.colcon_core.package_identification:_identify(src/install) by extension 'ignore_ament_install'
[0.566s] Level 1:colcon.colcon_core.package_identification:_identify(src/install) by extensions ['colcon_pkg']
[0.566s] Level 1:colcon.colcon_core.package_identification:_identify(src/install) by extension 'colcon_pkg'
[0.566s] Level 1:colcon.colcon_core.package_identification:_identify(src/install) by extensions ['colcon_meta']
[0.566s] Level 1:colcon.colcon_core.package_identification:_identify(src/install) by extension 'colcon_meta'
[0.566s] Level 1:colcon.colcon_core.package_identification:_identify(src/install) by extensions ['ros']
[0.566s] Level 1:colcon.colcon_core.package_identification:_identify(src/install) by extension 'ros'
[0.567s] Level 1:colcon.colcon_core.package_identification:_identify(src/install) by extensions ['cmake', 'python']
[0.567s] Level 1:colcon.colcon_core.package_identification:_identify(src/install) by extension 'cmake'
[0.567s] Level 1:colcon.colcon_core.package_identification:_identify(src/install) by extension 'python'
[0.567s] Level 1:colcon.colcon_core.package_identification:_identify(src/install) by extensions ['python_setup_py']
[0.567s] Level 1:colcon.colcon_core.package_identification:_identify(src/install) by extension 'python_setup_py'
[0.567s] Level 1:colcon.colcon_core.package_identification:_identify(src/install/b4_package) by extensions ['ignore', 'ignore_ament_install']
[0.567s] Level 1:colcon.colcon_core.package_identification:_identify(src/install/b4_package) by extension 'ignore'
[0.567s] Level 1:colcon.colcon_core.package_identification:_identify(src/install/b4_package) by extension 'ignore_ament_install'
[0.567s] Level 1:colcon.colcon_core.package_identification:_identify(src/install/b4_package) by extensions ['colcon_pkg']
[0.567s] Level 1:colcon.colcon_core.package_identification:_identify(src/install/b4_package) by extension 'colcon_pkg'
[0.567s] Level 1:colcon.colcon_core.package_identification:_identify(src/install/b4_package) by extensions ['colcon_meta']
[0.567s] Level 1:colcon.colcon_core.package_identification:_identify(src/install/b4_package) by extension 'colcon_meta'
[0.567s] Level 1:colcon.colcon_core.package_identification:_identify(src/install/b4_package) by extensions ['ros']
[0.567s] Level 1:colcon.colcon_core.package_identification:_identify(src/install/b4_package) by extension 'ros'
[0.567s] Level 1:colcon.colcon_core.package_identification:_identify(src/install/b4_package) by extensions ['cmake', 'python']
[0.567s] Level 1:colcon.colcon_core.package_identification:_identify(src/install/b4_package) by extension 'cmake'
[0.567s] Level 1:colcon.colcon_core.package_identification:_identify(src/install/b4_package) by extension 'python'
[0.567s] Level 1:colcon.colcon_core.package_identification:_identify(src/install/b4_package) by extensions ['python_setup_py']
[0.567s] Level 1:colcon.colcon_core.package_identification:_identify(src/install/b4_package) by extension 'python_setup_py'
[0.568s] Level 1:colcon.colcon_core.package_identification:_identify(src/install/b4_package/lib) by extensions ['ignore', 'ignore_ament_install']
[0.568s] Level 1:colcon.colcon_core.package_identification:_identify(src/install/b4_package/lib) by extension 'ignore'
[0.568s] Level 1:colcon.colcon_core.package_identification:_identify(src/install/b4_package/lib) by extension 'ignore_ament_install'
[0.568s] Level 1:colcon.colcon_core.package_identification:_identify(src/install/b4_package/lib) by extensions ['colcon_pkg']
[0.568s] Level 1:colcon.colcon_core.package_identification:_identify(src/install/b4_package/lib) by extension 'colcon_pkg'
[0.568s] Level 1:colcon.colcon_core.package_identification:_identify(src/install/b4_package/lib) by extensions ['colcon_meta']
[0.568s] Level 1:colcon.colcon_core.package_identification:_identify(src/install/b4_package/lib) by extension 'colcon_meta'
[0.568s] Level 1:colcon.colcon_core.package_identification:_identify(src/install/b4_package/lib) by extensions ['ros']
[0.568s] Level 1:colcon.colcon_core.package_identification:_identify(src/install/b4_package/lib) by extension 'ros'
[0.568s] Level 1:colcon.colcon_core.package_identification:_identify(src/install/b4_package/lib) by extensions ['cmake', 'python']
[0.568s] Level 1:colcon.colcon_core.package_identification:_identify(src/install/b4_package/lib) by extension 'cmake'
[0.568s] Level 1:colcon.colcon_core.package_identification:_identify(src/install/b4_package/lib) by extension 'python'
[0.568s] Level 1:colcon.colcon_core.package_identification:_identify(src/install/b4_package/lib) by extensions ['python_setup_py']
[0.568s] Level 1:colcon.colcon_core.package_identification:_identify(src/install/b4_package/lib) by extension 'python_setup_py'
[0.568s] Level 1:colcon.colcon_core.package_identification:_identify(src/install/b4_package/lib/b4_package) by extensions ['ignore', 'ignore_ament_install']
[0.568s] Level 1:colcon.colcon_core.package_identification:_identify(src/install/b4_package/lib/b4_package) by extension 'ignore'
[0.569s] Level 1:colcon.colcon_core.package_identification:_identify(src/install/b4_package/lib/b4_package) by extension 'ignore_ament_install'
[0.569s] Level 1:colcon.colcon_core.package_identification:_identify(src/install/b4_package/lib/b4_package) by extensions ['colcon_pkg']
[0.569s] Level 1:colcon.colcon_core.package_identification:_identify(src/install/b4_package/lib/b4_package) by extension 'colcon_pkg'
[0.569s] Level 1:colcon.colcon_core.package_identification:_identify(src/install/b4_package/lib/b4_package) by extensions ['colcon_meta']
[0.569s] Level 1:colcon.colcon_core.package_identification:_identify(src/install/b4_package/lib/b4_package) by extension 'colcon_meta'
[0.569s] Level 1:colcon.colcon_core.package_identification:_identify(src/install/b4_package/lib/b4_package) by extensions ['ros']
[0.569s] Level 1:colcon.colcon_core.package_identification:_identify(src/install/b4_package/lib/b4_package) by extension 'ros'
[0.569s] Level 1:colcon.colcon_core.package_identification:_identify(src/install/b4_package/lib/b4_package) by extensions ['cmake', 'python']
[0.569s] Level 1:colcon.colcon_core.package_identification:_identify(src/install/b4_package/lib/b4_package) by extension 'cmake'
[0.569s] Level 1:colcon.colcon_core.package_identification:_identify(src/install/b4_package/lib/b4_package) by extension 'python'
[0.569s] Level 1:colcon.colcon_core.package_identification:_identify(src/install/b4_package/lib/b4_package) by extensions ['python_setup_py']
[0.569s] Level 1:colcon.colcon_core.package_identification:_identify(src/install/b4_package/lib/b4_package) by extension 'python_setup_py'
[0.570s] Level 1:colcon.colcon_core.package_identification:_identify(src/install/b4_package/lib/python3.10) by extensions ['ignore', 'ignore_ament_install']
[0.570s] Level 1:colcon.colcon_core.package_identification:_identify(src/install/b4_package/lib/python3.10) by extension 'ignore'
[0.570s] Level 1:colcon.colcon_core.package_identification:_identify(src/install/b4_package/lib/python3.10) by extension 'ignore_ament_install'
[0.570s] Level 1:colcon.colcon_core.package_identification:_identify(src/install/b4_package/lib/python3.10) by extensions ['colcon_pkg']
[0.570s] Level 1:colcon.colcon_core.package_identification:_identify(src/install/b4_package/lib/python3.10) by extension 'colcon_pkg'
[0.570s] Level 1:colcon.colcon_core.package_identification:_identify(src/install/b4_package/lib/python3.10) by extensions ['colcon_meta']
[0.570s] Level 1:colcon.colcon_core.package_identification:_identify(src/install/b4_package/lib/python3.10) by extension 'colcon_meta'
[0.570s] Level 1:colcon.colcon_core.package_identification:_identify(src/install/b4_package/lib/python3.10) by extensions ['ros']
[0.570s] Level 1:colcon.colcon_core.package_identification:_identify(src/install/b4_package/lib/python3.10) by extension 'ros'
[0.570s] Level 1:colcon.colcon_core.package_identification:_identify(src/install/b4_package/lib/python3.10) by extensions ['cmake', 'python']
[0.570s] Level 1:colcon.colcon_core.package_identification:_identify(src/install/b4_package/lib/python3.10) by extension 'cmake'
[0.570s] Level 1:colcon.colcon_core.package_identification:_identify(src/install/b4_package/lib/python3.10) by extension 'python'
[0.570s] Level 1:colcon.colcon_core.package_identification:_identify(src/install/b4_package/lib/python3.10) by extensions ['python_setup_py']
[0.570s] Level 1:colcon.colcon_core.package_identification:_identify(src/install/b4_package/lib/python3.10) by extension 'python_setup_py'
[0.571s] Level 1:colcon.colcon_core.package_identification:_identify(src/install/b4_package/lib/python3.10/site-packages) by extensions ['ignore', 'ignore_ament_install']
[0.571s] Level 1:colcon.colcon_core.package_identification:_identify(src/install/b4_package/lib/python3.10/site-packages) by extension 'ignore'
[0.571s] Level 1:colcon.colcon_core.package_identification:_identify(src/install/b4_package/lib/python3.10/site-packages) by extension 'ignore_ament_install'
[0.571s] Level 1:colcon.colcon_core.package_identification:_identify(src/install/b4_package/lib/python3.10/site-packages) by extensions ['colcon_pkg']
[0.571s] Level 1:colcon.colcon_core.package_identification:_identify(src/install/b4_package/lib/python3.10/site-packages) by extension 'colcon_pkg'
[0.571s] Level 1:colcon.colcon_core.package_identification:_identify(src/install/b4_package/lib/python3.10/site-packages) by extensions ['colcon_meta']
[0.571s] Level 1:colcon.colcon_core.package_identification:_identify(src/install/b4_package/lib/python3.10/site-packages) by extension 'colcon_meta'
[0.571s] Level 1:colcon.colcon_core.package_identification:_identify(src/install/b4_package/lib/python3.10/site-packages) by extensions ['ros']
[0.571s] Level 1:colcon.colcon_core.package_identification:_identify(src/install/b4_package/lib/python3.10/site-packages) by extension 'ros'
[0.571s] Level 1:colcon.colcon_core.package_identification:_identify(src/install/b4_package/lib/python3.10/site-packages) by extensions ['cmake', 'python']
[0.571s] Level 1:colcon.colcon_core.package_identification:_identify(src/install/b4_package/lib/python3.10/site-packages) by extension 'cmake'
[0.571s] Level 1:colcon.colcon_core.package_identification:_identify(src/install/b4_package/lib/python3.10/site-packages) by extension 'python'
[0.571s] Level 1:colcon.colcon_core.package_identification:_identify(src/install/b4_package/lib/python3.10/site-packages) by extensions ['python_setup_py']
[0.571s] Level 1:colcon.colcon_core.package_identification:_identify(src/install/b4_package/lib/python3.10/site-packages) by extension 'python_setup_py'
[0.572s] Level 1:colcon.colcon_core.package_identification:_identify(src/install/b4_package/lib/python3.10/site-packages/b4_package) by extensions ['ignore', 'ignore_ament_install']
[0.572s] Level 1:colcon.colcon_core.package_identification:_identify(src/install/b4_package/lib/python3.10/site-packages/b4_package) by extension 'ignore'
[0.572s] Level 1:colcon.colcon_core.package_identification:_identify(src/install/b4_package/lib/python3.10/site-packages/b4_package) by extension 'ignore_ament_install'
[0.572s] Level 1:colcon.colcon_core.package_identification:_identify(src/install/b4_package/lib/python3.10/site-packages/b4_package) by extensions ['colcon_pkg']
[0.572s] Level 1:colcon.colcon_core.package_identification:_identify(src/install/b4_package/lib/python3.10/site-packages/b4_package) by extension 'colcon_pkg'
[0.572s] Level 1:colcon.colcon_core.package_identification:_identify(src/install/b4_package/lib/python3.10/site-packages/b4_package) by extensions ['colcon_meta']
[0.572s] Level 1:colcon.colcon_core.package_identification:_identify(src/install/b4_package/lib/python3.10/site-packages/b4_package) by extension 'colcon_meta'
[0.572s] Level 1:colcon.colcon_core.package_identification:_identify(src/install/b4_package/lib/python3.10/site-packages/b4_package) by extensions ['ros']
[0.572s] Level 1:colcon.colcon_core.package_identification:_identify(src/install/b4_package/lib/python3.10/site-packages/b4_package) by extension 'ros'
[0.572s] Level 1:colcon.colcon_core.package_identification:_identify(src/install/b4_package/lib/python3.10/site-packages/b4_package) by extensions ['cmake', 'python']
[0.572s] Level 1:colcon.colcon_core.package_identification:_identify(src/install/b4_package/lib/python3.10/site-packages/b4_package) by extension 'cmake'
[0.572s] Level 1:colcon.colcon_core.package_identification:_identify(src/install/b4_package/lib/python3.10/site-packages/b4_package) by extension 'python'
[0.573s] Level 1:colcon.colcon_core.package_identification:_identify(src/install/b4_package/lib/python3.10/site-packages/b4_package) by extensions ['python_setup_py']
[0.573s] Level 1:colcon.colcon_core.package_identification:_identify(src/install/b4_package/lib/python3.10/site-packages/b4_package) by extension 'python_setup_py'
[0.573s] Level 1:colcon.colcon_core.package_identification:_identify(src/install/b4_package/lib/python3.10/site-packages/b4_package/__pycache__) by extensions ['ignore', 'ignore_ament_install']
[0.573s] Level 1:colcon.colcon_core.package_identification:_identify(src/install/b4_package/lib/python3.10/site-packages/b4_package/__pycache__) by extension 'ignore'
[0.573s] Level 1:colcon.colcon_core.package_identification:_identify(src/install/b4_package/lib/python3.10/site-packages/b4_package/__pycache__) by extension 'ignore_ament_install'
[0.573s] Level 1:colcon.colcon_core.package_identification:_identify(src/install/b4_package/lib/python3.10/site-packages/b4_package/__pycache__) by extensions ['colcon_pkg']
[0.573s] Level 1:colcon.colcon_core.package_identification:_identify(src/install/b4_package/lib/python3.10/site-packages/b4_package/__pycache__) by extension 'colcon_pkg'
[0.573s] Level 1:colcon.colcon_core.package_identification:_identify(src/install/b4_package/lib/python3.10/site-packages/b4_package/__pycache__) by extensions ['colcon_meta']
[0.573s] Level 1:colcon.colcon_core.package_identification:_identify(src/install/b4_package/lib/python3.10/site-packages/b4_package/__pycache__) by extension 'colcon_meta'
[0.573s] Level 1:colcon.colcon_core.package_identification:_identify(src/install/b4_package/lib/python3.10/site-packages/b4_package/__pycache__) by extensions ['ros']
[0.573s] Level 1:colcon.colcon_core.package_identification:_identify(src/install/b4_package/lib/python3.10/site-packages/b4_package/__pycache__) by extension 'ros'
[0.573s] Level 1:colcon.colcon_core.package_identification:_identify(src/install/b4_package/lib/python3.10/site-packages/b4_package/__pycache__) by extensions ['cmake', 'python']
[0.573s] Level 1:colcon.colcon_core.package_identification:_identify(src/install/b4_package/lib/python3.10/site-packages/b4_package/__pycache__) by extension 'cmake'
[0.573s] Level 1:colcon.colcon_core.package_identification:_identify(src/install/b4_package/lib/python3.10/site-packages/b4_package/__pycache__) by extension 'python'
[0.573s] Level 1:colcon.colcon_core.package_identification:_identify(src/install/b4_package/lib/python3.10/site-packages/b4_package/__pycache__) by extensions ['python_setup_py']
[0.573s] Level 1:colcon.colcon_core.package_identification:_identify(src/install/b4_package/lib/python3.10/site-packages/b4_package/__pycache__) by extension 'python_setup_py'
[0.574s] Level 1:colcon.colcon_core.package_identification:_identify(src/install/b4_package/share) by extensions ['ignore', 'ignore_ament_install']
[0.574s] Level 1:colcon.colcon_core.package_identification:_identify(src/install/b4_package/share) by extension 'ignore'
[0.574s] Level 1:colcon.colcon_core.package_identification:_identify(src/install/b4_package/share) by extension 'ignore_ament_install'
[0.574s] Level 1:colcon.colcon_core.package_identification:_identify(src/install/b4_package/share) by extensions ['colcon_pkg']
[0.574s] Level 1:colcon.colcon_core.package_identification:_identify(src/install/b4_package/share) by extension 'colcon_pkg'
[0.574s] Level 1:colcon.colcon_core.package_identification:_identify(src/install/b4_package/share) by extensions ['colcon_meta']
[0.574s] Level 1:colcon.colcon_core.package_identification:_identify(src/install/b4_package/share) by extension 'colcon_meta'
[0.574s] Level 1:colcon.colcon_core.package_identification:_identify(src/install/b4_package/share) by extensions ['ros']
[0.574s] Level 1:colcon.colcon_core.package_identification:_identify(src/install/b4_package/share) by extension 'ros'
[0.574s] Level 1:colcon.colcon_core.package_identification:_identify(src/install/b4_package/share) by extensions ['cmake', 'python']
[0.574s] Level 1:colcon.colcon_core.package_identification:_identify(src/install/b4_package/share) by extension 'cmake'
[0.574s] Level 1:colcon.colcon_core.package_identification:_identify(src/install/b4_package/share) by extension 'python'
[0.574s] Level 1:colcon.colcon_core.package_identification:_identify(src/install/b4_package/share) by extensions ['python_setup_py']
[0.574s] Level 1:colcon.colcon_core.package_identification:_identify(src/install/b4_package/share) by extension 'python_setup_py'
[0.574s] Level 1:colcon.colcon_core.package_identification:_identify(src/install/b4_package/share/b4_package) by extensions ['ignore', 'ignore_ament_install']
[0.575s] Level 1:colcon.colcon_core.package_identification:_identify(src/install/b4_package/share/b4_package) by extension 'ignore'
[0.575s] Level 1:colcon.colcon_core.package_identification:_identify(src/install/b4_package/share/b4_package) by extension 'ignore_ament_install'
[0.575s] Level 1:colcon.colcon_core.package_identification:_identify(src/install/b4_package/share/b4_package) by extensions ['colcon_pkg']
[0.575s] Level 1:colcon.colcon_core.package_identification:_identify(src/install/b4_package/share/b4_package) by extension 'colcon_pkg'
[0.575s] Level 1:colcon.colcon_core.package_identification:_identify(src/install/b4_package/share/b4_package) by extensions ['colcon_meta']
[0.575s] Level 1:colcon.colcon_core.package_identification:_identify(src/install/b4_package/share/b4_package) by extension 'colcon_meta'
[0.575s] Level 1:colcon.colcon_core.package_identification:_identify(src/install/b4_package/share/b4_package) by extensions ['ros']
[0.575s] Level 1:colcon.colcon_core.package_identification:_identify(src/install/b4_package/share/b4_package) by extension 'ros'
[0.575s] Level 1:colcon.colcon_core.package_identification:_identify(src/install/b4_package/share/b4_package) by extensions ['cmake', 'python']
[0.575s] Level 1:colcon.colcon_core.package_identification:_identify(src/install/b4_package/share/b4_package) by extension 'cmake'
[0.575s] Level 1:colcon.colcon_core.package_identification:_identify(src/install/b4_package/share/b4_package) by extension 'python'
[0.575s] Level 1:colcon.colcon_core.package_identification:_identify(src/install/b4_package/share/b4_package) by extensions ['python_setup_py']
[0.575s] Level 1:colcon.colcon_core.package_identification:_identify(src/install/b4_package/share/b4_package) by extension 'python_setup_py'
[0.575s] Level 1:colcon.colcon_core.package_identification:_identify(src/install/b4_package/share/b4_package/hook) by extensions ['ignore', 'ignore_ament_install']
[0.576s] Level 1:colcon.colcon_core.package_identification:_identify(src/install/b4_package/share/b4_package/hook) by extension 'ignore'
[0.576s] Level 1:colcon.colcon_core.package_identification:_identify(src/install/b4_package/share/b4_package/hook) by extension 'ignore_ament_install'
[0.576s] Level 1:colcon.colcon_core.package_identification:_identify(src/install/b4_package/share/b4_package/hook) by extensions ['colcon_pkg']
[0.576s] Level 1:colcon.colcon_core.package_identification:_identify(src/install/b4_package/share/b4_package/hook) by extension 'colcon_pkg'
[0.576s] Level 1:colcon.colcon_core.package_identification:_identify(src/install/b4_package/share/b4_package/hook) by extensions ['colcon_meta']
[0.576s] Level 1:colcon.colcon_core.package_identification:_identify(src/install/b4_package/share/b4_package/hook) by extension 'colcon_meta'
[0.576s] Level 1:colcon.colcon_core.package_identification:_identify(src/install/b4_package/share/b4_package/hook) by extensions ['ros']
[0.576s] Level 1:colcon.colcon_core.package_identification:_identify(src/install/b4_package/share/b4_package/hook) by extension 'ros'
[0.576s] Level 1:colcon.colcon_core.package_identification:_identify(src/install/b4_package/share/b4_package/hook) by extensions ['cmake', 'python']
[0.576s] Level 1:colcon.colcon_core.package_identification:_identify(src/install/b4_package/share/b4_package/hook) by extension 'cmake'
[0.576s] Level 1:colcon.colcon_core.package_identification:_identify(src/install/b4_package/share/b4_package/hook) by extension 'python'
[0.576s] Level 1:colcon.colcon_core.package_identification:_identify(src/install/b4_package/share/b4_package/hook) by extensions ['python_setup_py']
[0.576s] Level 1:colcon.colcon_core.package_identification:_identify(src/install/b4_package/share/b4_package/hook) by extension 'python_setup_py'
[0.577s] Level 1:colcon.colcon_core.package_identification:_identify(src/log) by extensions ['ignore', 'ignore_ament_install']
[0.577s] Level 1:colcon.colcon_core.package_identification:_identify(src/log) by extension 'ignore'
[0.577s] Level 1:colcon.colcon_core.package_identification:_identify(src/log) by extension 'ignore_ament_install'
[0.577s] Level 1:colcon.colcon_core.package_identification:_identify(src/log) by extensions ['colcon_pkg']
[0.577s] Level 1:colcon.colcon_core.package_identification:_identify(src/log) by extension 'colcon_pkg'
[0.577s] Level 1:colcon.colcon_core.package_identification:_identify(src/log) by extensions ['colcon_meta']
[0.577s] Level 1:colcon.colcon_core.package_identification:_identify(src/log) by extension 'colcon_meta'
[0.577s] Level 1:colcon.colcon_core.package_identification:_identify(src/log) by extensions ['ros']
[0.577s] Level 1:colcon.colcon_core.package_identification:_identify(src/log) by extension 'ros'
[0.577s] Level 1:colcon.colcon_core.package_identification:_identify(src/log) by extensions ['cmake', 'python']
[0.577s] Level 1:colcon.colcon_core.package_identification:_identify(src/log) by extension 'cmake'
[0.577s] Level 1:colcon.colcon_core.package_identification:_identify(src/log) by extension 'python'
[0.577s] Level 1:colcon.colcon_core.package_identification:_identify(src/log) by extensions ['python_setup_py']
[0.577s] Level 1:colcon.colcon_core.package_identification:_identify(src/log) by extension 'python_setup_py'
[0.578s] Level 1:colcon.colcon_core.package_identification:_identify(src/log/build_2024-11-13_19-54-52) by extensions ['ignore', 'ignore_ament_install']
[0.578s] Level 1:colcon.colcon_core.package_identification:_identify(src/log/build_2024-11-13_19-54-52) by extension 'ignore'
[0.578s] Level 1:colcon.colcon_core.package_identification:_identify(src/log/build_2024-11-13_19-54-52) by extension 'ignore_ament_install'
[0.578s] Level 1:colcon.colcon_core.package_identification:_identify(src/log/build_2024-11-13_19-54-52) by extensions ['colcon_pkg']
[0.578s] Level 1:colcon.colcon_core.package_identification:_identify(src/log/build_2024-11-13_19-54-52) by extension 'colcon_pkg'
[0.578s] Level 1:colcon.colcon_core.package_identification:_identify(src/log/build_2024-11-13_19-54-52) by extensions ['colcon_meta']
[0.578s] Level 1:colcon.colcon_core.package_identification:_identify(src/log/build_2024-11-13_19-54-52) by extension 'colcon_meta'
[0.578s] Level 1:colcon.colcon_core.package_identification:_identify(src/log/build_2024-11-13_19-54-52) by extensions ['ros']
[0.578s] Level 1:colcon.colcon_core.package_identification:_identify(src/log/build_2024-11-13_19-54-52) by extension 'ros'
[0.578s] Level 1:colcon.colcon_core.package_identification:_identify(src/log/build_2024-11-13_19-54-52) by extensions ['cmake', 'python']
[0.578s] Level 1:colcon.colcon_core.package_identification:_identify(src/log/build_2024-11-13_19-54-52) by extension 'cmake'
[0.578s] Level 1:colcon.colcon_core.package_identification:_identify(src/log/build_2024-11-13_19-54-52) by extension 'python'
[0.578s] Level 1:colcon.colcon_core.package_identification:_identify(src/log/build_2024-11-13_19-54-52) by extensions ['python_setup_py']
[0.578s] Level 1:colcon.colcon_core.package_identification:_identify(src/log/build_2024-11-13_19-54-52) by extension 'python_setup_py'
[0.579s] Level 1:colcon.colcon_core.package_identification:_identify(src/log/build_2024-11-13_19-54-52/b4_package) by extensions ['ignore', 'ignore_ament_install']
[0.579s] Level 1:colcon.colcon_core.package_identification:_identify(src/log/build_2024-11-13_19-54-52/b4_package) by extension 'ignore'
[0.579s] Level 1:colcon.colcon_core.package_identification:_identify(src/log/build_2024-11-13_19-54-52/b4_package) by extension 'ignore_ament_install'
[0.579s] Level 1:colcon.colcon_core.package_identification:_identify(src/log/build_2024-11-13_19-54-52/b4_package) by extensions ['colcon_pkg']
[0.579s] Level 1:colcon.colcon_core.package_identification:_identify(src/log/build_2024-11-13_19-54-52/b4_package) by extension 'colcon_pkg'
[0.579s] Level 1:colcon.colcon_core.package_identification:_identify(src/log/build_2024-11-13_19-54-52/b4_package) by extensions ['colcon_meta']
[0.579s] Level 1:colcon.colcon_core.package_identification:_identify(src/log/build_2024-11-13_19-54-52/b4_package) by extension 'colcon_meta'
[0.579s] Level 1:colcon.colcon_core.package_identification:_identify(src/log/build_2024-11-13_19-54-52/b4_package) by extensions ['ros']
[0.579s] Level 1:colcon.colcon_core.package_identification:_identify(src/log/build_2024-11-13_19-54-52/b4_package) by extension 'ros'
[0.579s] Level 1:colcon.colcon_core.package_identification:_identify(src/log/build_2024-11-13_19-54-52/b4_package) by extensions ['cmake', 'python']
[0.579s] Level 1:colcon.colcon_core.package_identification:_identify(src/log/build_2024-11-13_19-54-52/b4_package) by extension 'cmake'
[0.579s] Level 1:colcon.colcon_core.package_identification:_identify(src/log/build_2024-11-13_19-54-52/b4_package) by extension 'python'
[0.579s] Level 1:colcon.colcon_core.package_identification:_identify(src/log/build_2024-11-13_19-54-52/b4_package) by extensions ['python_setup_py']
[0.579s] Level 1:colcon.colcon_core.package_identification:_identify(src/log/build_2024-11-13_19-54-52/b4_package) by extension 'python_setup_py'
[0.579s] Level 1:colcon.colcon_core.package_identification:_identify(src/log/build_2024-11-13_20-30-09) by extensions ['ignore', 'ignore_ament_install']
[0.579s] Level 1:colcon.colcon_core.package_identification:_identify(src/log/build_2024-11-13_20-30-09) by extension 'ignore'
[0.580s] Level 1:colcon.colcon_core.package_identification:_identify(src/log/build_2024-11-13_20-30-09) by extension 'ignore_ament_install'
[0.580s] Level 1:colcon.colcon_core.package_identification:_identify(src/log/build_2024-11-13_20-30-09) by extensions ['colcon_pkg']
[0.580s] Level 1:colcon.colcon_core.package_identification:_identify(src/log/build_2024-11-13_20-30-09) by extension 'colcon_pkg'
[0.580s] Level 1:colcon.colcon_core.package_identification:_identify(src/log/build_2024-11-13_20-30-09) by extensions ['colcon_meta']
[0.580s] Level 1:colcon.colcon_core.package_identification:_identify(src/log/build_2024-11-13_20-30-09) by extension 'colcon_meta'
[0.580s] Level 1:colcon.colcon_core.package_identification:_identify(src/log/build_2024-11-13_20-30-09) by extensions ['ros']
[0.580s] Level 1:colcon.colcon_core.package_identification:_identify(src/log/build_2024-11-13_20-30-09) by extension 'ros'
[0.580s] Level 1:colcon.colcon_core.package_identification:_identify(src/log/build_2024-11-13_20-30-09) by extensions ['cmake', 'python']
[0.580s] Level 1:colcon.colcon_core.package_identification:_identify(src/log/build_2024-11-13_20-30-09) by extension 'cmake'
[0.580s] Level 1:colcon.colcon_core.package_identification:_identify(src/log/build_2024-11-13_20-30-09) by extension 'python'
[0.580s] Level 1:colcon.colcon_core.package_identification:_identify(src/log/build_2024-11-13_20-30-09) by extensions ['python_setup_py']
[0.580s] Level 1:colcon.colcon_core.package_identification:_identify(src/log/build_2024-11-13_20-30-09) by extension 'python_setup_py'
[0.580s] Level 1:colcon.colcon_core.package_identification:_identify(src/log/build_2024-11-13_20-30-09/b4_package) by extensions ['ignore', 'ignore_ament_install']
[0.580s] Level 1:colcon.colcon_core.package_identification:_identify(src/log/build_2024-11-13_20-30-09/b4_package) by extension 'ignore'
[0.580s] Level 1:colcon.colcon_core.package_identification:_identify(src/log/build_2024-11-13_20-30-09/b4_package) by extension 'ignore_ament_install'
[0.580s] Level 1:colcon.colcon_core.package_identification:_identify(src/log/build_2024-11-13_20-30-09/b4_package) by extensions ['colcon_pkg']
[0.581s] Level 1:colcon.colcon_core.package_identification:_identify(src/log/build_2024-11-13_20-30-09/b4_package) by extension 'colcon_pkg'
[0.581s] Level 1:colcon.colcon_core.package_identification:_identify(src/log/build_2024-11-13_20-30-09/b4_package) by extensions ['colcon_meta']
[0.581s] Level 1:colcon.colcon_core.package_identification:_identify(src/log/build_2024-11-13_20-30-09/b4_package) by extension 'colcon_meta'
[0.581s] Level 1:colcon.colcon_core.package_identification:_identify(src/log/build_2024-11-13_20-30-09/b4_package) by extensions ['ros']
[0.581s] Level 1:colcon.colcon_core.package_identification:_identify(src/log/build_2024-11-13_20-30-09/b4_package) by extension 'ros'
[0.581s] Level 1:colcon.colcon_core.package_identification:_identify(src/log/build_2024-11-13_20-30-09/b4_package) by extensions ['cmake', 'python']
[0.581s] Level 1:colcon.colcon_core.package_identification:_identify(src/log/build_2024-11-13_20-30-09/b4_package) by extension 'cmake'
[0.581s] Level 1:colcon.colcon_core.package_identification:_identify(src/log/build_2024-11-13_20-30-09/b4_package) by extension 'python'
[0.581s] Level 1:colcon.colcon_core.package_identification:_identify(src/log/build_2024-11-13_20-30-09/b4_package) by extensions ['python_setup_py']
[0.581s] Level 1:colcon.colcon_core.package_identification:_identify(src/log/build_2024-11-13_20-30-09/b4_package) by extension 'python_setup_py'
[0.581s] Level 1:colcon.colcon_core.package_identification:_identify(src/log/build_2024-11-13_20-34-01) by extensions ['ignore', 'ignore_ament_install']
[0.581s] Level 1:colcon.colcon_core.package_identification:_identify(src/log/build_2024-11-13_20-34-01) by extension 'ignore'
[0.581s] Level 1:colcon.colcon_core.package_identification:_identify(src/log/build_2024-11-13_20-34-01) by extension 'ignore_ament_install'
[0.581s] Level 1:colcon.colcon_core.package_identification:_identify(src/log/build_2024-11-13_20-34-01) by extensions ['colcon_pkg']
[0.581s] Level 1:colcon.colcon_core.package_identification:_identify(src/log/build_2024-11-13_20-34-01) by extension 'colcon_pkg'
[0.581s] Level 1:colcon.colcon_core.package_identification:_identify(src/log/build_2024-11-13_20-34-01) by extensions ['colcon_meta']
[0.582s] Level 1:colcon.colcon_core.package_identification:_identify(src/log/build_2024-11-13_20-34-01) by extension 'colcon_meta'
[0.582s] Level 1:colcon.colcon_core.package_identification:_identify(src/log/build_2024-11-13_20-34-01) by extensions ['ros']
[0.582s] Level 1:colcon.colcon_core.package_identification:_identify(src/log/build_2024-11-13_20-34-01) by extension 'ros'
[0.582s] Level 1:colcon.colcon_core.package_identification:_identify(src/log/build_2024-11-13_20-34-01) by extensions ['cmake', 'python']
[0.582s] Level 1:colcon.colcon_core.package_identification:_identify(src/log/build_2024-11-13_20-34-01) by extension 'cmake'
[0.582s] Level 1:colcon.colcon_core.package_identification:_identify(src/log/build_2024-11-13_20-34-01) by extension 'python'
[0.582s] Level 1:colcon.colcon_core.package_identification:_identify(src/log/build_2024-11-13_20-34-01) by extensions ['python_setup_py']
[0.582s] Level 1:colcon.colcon_core.package_identification:_identify(src/log/build_2024-11-13_20-34-01) by extension 'python_setup_py'
[0.582s] Level 1:colcon.colcon_core.package_identification:_identify(src/log/build_2024-11-13_20-34-01/b4_package) by extensions ['ignore', 'ignore_ament_install']
[0.582s] Level 1:colcon.colcon_core.package_identification:_identify(src/log/build_2024-11-13_20-34-01/b4_package) by extension 'ignore'
[0.582s] Level 1:colcon.colcon_core.package_identification:_identify(src/log/build_2024-11-13_20-34-01/b4_package) by extension 'ignore_ament_install'
[0.582s] Level 1:colcon.colcon_core.package_identification:_identify(src/log/build_2024-11-13_20-34-01/b4_package) by extensions ['colcon_pkg']
[0.582s] Level 1:colcon.colcon_core.package_identification:_identify(src/log/build_2024-11-13_20-34-01/b4_package) by extension 'colcon_pkg'
[0.582s] Level 1:colcon.colcon_core.package_identification:_identify(src/log/build_2024-11-13_20-34-01/b4_package) by extensions ['colcon_meta']
[0.582s] Level 1:colcon.colcon_core.package_identification:_identify(src/log/build_2024-11-13_20-34-01/b4_package) by extension 'colcon_meta'
[0.583s] Level 1:colcon.colcon_core.package_identification:_identify(src/log/build_2024-11-13_20-34-01/b4_package) by extensions ['ros']
[0.583s] Level 1:colcon.colcon_core.package_identification:_identify(src/log/build_2024-11-13_20-34-01/b4_package) by extension 'ros'
[0.583s] Level 1:colcon.colcon_core.package_identification:_identify(src/log/build_2024-11-13_20-34-01/b4_package) by extensions ['cmake', 'python']
[0.583s] Level 1:colcon.colcon_core.package_identification:_identify(src/log/build_2024-11-13_20-34-01/b4_package) by extension 'cmake'
[0.583s] Level 1:colcon.colcon_core.package_identification:_identify(src/log/build_2024-11-13_20-34-01/b4_package) by extension 'python'
[0.583s] Level 1:colcon.colcon_core.package_identification:_identify(src/log/build_2024-11-13_20-34-01/b4_package) by extensions ['python_setup_py']
[0.583s] Level 1:colcon.colcon_core.package_identification:_identify(src/log/build_2024-11-13_20-34-01/b4_package) by extension 'python_setup_py'
[0.583s] Level 1:colcon.colcon_core.package_identification:_identify(src/log/build_2024-11-13_20-37-51) by extensions ['ignore', 'ignore_ament_install']
[0.583s] Level 1:colcon.colcon_core.package_identification:_identify(src/log/build_2024-11-13_20-37-51) by extension 'ignore'
[0.583s] Level 1:colcon.colcon_core.package_identification:_identify(src/log/build_2024-11-13_20-37-51) by extension 'ignore_ament_install'
[0.583s] Level 1:colcon.colcon_core.package_identification:_identify(src/log/build_2024-11-13_20-37-51) by extensions ['colcon_pkg']
[0.583s] Level 1:colcon.colcon_core.package_identification:_identify(src/log/build_2024-11-13_20-37-51) by extension 'colcon_pkg'
[0.583s] Level 1:colcon.colcon_core.package_identification:_identify(src/log/build_2024-11-13_20-37-51) by extensions ['colcon_meta']
[0.583s] Level 1:colcon.colcon_core.package_identification:_identify(src/log/build_2024-11-13_20-37-51) by extension 'colcon_meta'
[0.584s] Level 1:colcon.colcon_core.package_identification:_identify(src/log/build_2024-11-13_20-37-51) by extensions ['ros']
[0.584s] Level 1:colcon.colcon_core.package_identification:_identify(src/log/build_2024-11-13_20-37-51) by extension 'ros'
[0.584s] Level 1:colcon.colcon_core.package_identification:_identify(src/log/build_2024-11-13_20-37-51) by extensions ['cmake', 'python']
[0.584s] Level 1:colcon.colcon_core.package_identification:_identify(src/log/build_2024-11-13_20-37-51) by extension 'cmake'
[0.584s] Level 1:colcon.colcon_core.package_identification:_identify(src/log/build_2024-11-13_20-37-51) by extension 'python'
[0.584s] Level 1:colcon.colcon_core.package_identification:_identify(src/log/build_2024-11-13_20-37-51) by extensions ['python_setup_py']
[0.584s] Level 1:colcon.colcon_core.package_identification:_identify(src/log/build_2024-11-13_20-37-51) by extension 'python_setup_py'
[0.584s] Level 1:colcon.colcon_core.package_identification:_identify(src/log/build_2024-11-13_20-37-51/b4_package) by extensions ['ignore', 'ignore_ament_install']
[0.584s] Level 1:colcon.colcon_core.package_identification:_identify(src/log/build_2024-11-13_20-37-51/b4_package) by extension 'ignore'
[0.584s] Level 1:colcon.colcon_core.package_identification:_identify(src/log/build_2024-11-13_20-37-51/b4_package) by extension 'ignore_ament_install'
[0.584s] Level 1:colcon.colcon_core.package_identification:_identify(src/log/build_2024-11-13_20-37-51/b4_package) by extensions ['colcon_pkg']
[0.584s] Level 1:colcon.colcon_core.package_identification:_identify(src/log/build_2024-11-13_20-37-51/b4_package) by extension 'colcon_pkg'
[0.584s] Level 1:colcon.colcon_core.package_identification:_identify(src/log/build_2024-11-13_20-37-51/b4_package) by extensions ['colcon_meta']
[0.584s] Level 1:colcon.colcon_core.package_identification:_identify(src/log/build_2024-11-13_20-37-51/b4_package) by extension 'colcon_meta'
[0.584s] Level 1:colcon.colcon_core.package_identification:_identify(src/log/build_2024-11-13_20-37-51/b4_package) by extensions ['ros']
[0.585s] Level 1:colcon.colcon_core.package_identification:_identify(src/log/build_2024-11-13_20-37-51/b4_package) by extension 'ros'
[0.585s] Level 1:colcon.colcon_core.package_identification:_identify(src/log/build_2024-11-13_20-37-51/b4_package) by extensions ['cmake', 'python']
[0.585s] Level 1:colcon.colcon_core.package_identification:_identify(src/log/build_2024-11-13_20-37-51/b4_package) by extension 'cmake'
[0.585s] Level 1:colcon.colcon_core.package_identification:_identify(src/log/build_2024-11-13_20-37-51/b4_package) by extension 'python'
[0.585s] Level 1:colcon.colcon_core.package_identification:_identify(src/log/build_2024-11-13_20-37-51/b4_package) by extensions ['python_setup_py']
[0.585s] Level 1:colcon.colcon_core.package_identification:_identify(src/log/build_2024-11-13_20-37-51/b4_package) by extension 'python_setup_py'
[0.585s] Level 1:colcon.colcon_core.package_identification:_identify(src/log/build_2024-11-13_20-39-56) by extensions ['ignore', 'ignore_ament_install']
[0.585s] Level 1:colcon.colcon_core.package_identification:_identify(src/log/build_2024-11-13_20-39-56) by extension 'ignore'
[0.585s] Level 1:colcon.colcon_core.package_identification:_identify(src/log/build_2024-11-13_20-39-56) by extension 'ignore_ament_install'
[0.585s] Level 1:colcon.colcon_core.package_identification:_identify(src/log/build_2024-11-13_20-39-56) by extensions ['colcon_pkg']
[0.585s] Level 1:colcon.colcon_core.package_identification:_identify(src/log/build_2024-11-13_20-39-56) by extension 'colcon_pkg'
[0.585s] Level 1:colcon.colcon_core.package_identification:_identify(src/log/build_2024-11-13_20-39-56) by extensions ['colcon_meta']
[0.585s] Level 1:colcon.colcon_core.package_identification:_identify(src/log/build_2024-11-13_20-39-56) by extension 'colcon_meta'
[0.585s] Level 1:colcon.colcon_core.package_identification:_identify(src/log/build_2024-11-13_20-39-56) by extensions ['ros']
[0.585s] Level 1:colcon.colcon_core.package_identification:_identify(src/log/build_2024-11-13_20-39-56) by extension 'ros'
[0.586s] Level 1:colcon.colcon_core.package_identification:_identify(src/log/build_2024-11-13_20-39-56) by extensions ['cmake', 'python']
[0.586s] Level 1:colcon.colcon_core.package_identification:_identify(src/log/build_2024-11-13_20-39-56) by extension 'cmake'
[0.586s] Level 1:colcon.colcon_core.package_identification:_identify(src/log/build_2024-11-13_20-39-56) by extension 'python'
[0.586s] Level 1:colcon.colcon_core.package_identification:_identify(src/log/build_2024-11-13_20-39-56) by extensions ['python_setup_py']
[0.586s] Level 1:colcon.colcon_core.package_identification:_identify(src/log/build_2024-11-13_20-39-56) by extension 'python_setup_py'
[0.586s] Level 1:colcon.colcon_core.package_identification:_identify(src/log/build_2024-11-13_20-39-56/b4_package) by extensions ['ignore', 'ignore_ament_install']
[0.586s] Level 1:colcon.colcon_core.package_identification:_identify(src/log/build_2024-11-13_20-39-56/b4_package) by extension 'ignore'
[0.586s] Level 1:colcon.colcon_core.package_identification:_identify(src/log/build_2024-11-13_20-39-56/b4_package) by extension 'ignore_ament_install'
[0.586s] Level 1:colcon.colcon_core.package_identification:_identify(src/log/build_2024-11-13_20-39-56/b4_package) by extensions ['colcon_pkg']
[0.586s] Level 1:colcon.colcon_core.package_identification:_identify(src/log/build_2024-11-13_20-39-56/b4_package) by extension 'colcon_pkg'
[0.586s] Level 1:colcon.colcon_core.package_identification:_identify(src/log/build_2024-11-13_20-39-56/b4_package) by extensions ['colcon_meta']
[0.586s] Level 1:colcon.colcon_core.package_identification:_identify(src/log/build_2024-11-13_20-39-56/b4_package) by extension 'colcon_meta'
[0.586s] Level 1:colcon.colcon_core.package_identification:_identify(src/log/build_2024-11-13_20-39-56/b4_package) by extensions ['ros']
[0.586s] Level 1:colcon.colcon_core.package_identification:_identify(src/log/build_2024-11-13_20-39-56/b4_package) by extension 'ros'
[0.586s] Level 1:colcon.colcon_core.package_identification:_identify(src/log/build_2024-11-13_20-39-56/b4_package) by extensions ['cmake', 'python']
[0.587s] Level 1:colcon.colcon_core.package_identification:_identify(src/log/build_2024-11-13_20-39-56/b4_package) by extension 'cmake'
[0.587s] Level 1:colcon.colcon_core.package_identification:_identify(src/log/build_2024-11-13_20-39-56/b4_package) by extension 'python'
[0.587s] Level 1:colcon.colcon_core.package_identification:_identify(src/log/build_2024-11-13_20-39-56/b4_package) by extensions ['python_setup_py']
[0.587s] Level 1:colcon.colcon_core.package_identification:_identify(src/log/build_2024-11-13_20-39-56/b4_package) by extension 'python_setup_py'
[0.587s] Level 1:colcon.colcon_core.package_identification:_identify(src/log/build_2024-11-13_20-41-40) by extensions ['ignore', 'ignore_ament_install']
[0.587s] Level 1:colcon.colcon_core.package_identification:_identify(src/log/build_2024-11-13_20-41-40) by extension 'ignore'
[0.587s] Level 1:colcon.colcon_core.package_identification:_identify(src/log/build_2024-11-13_20-41-40) by extension 'ignore_ament_install'
[0.587s] Level 1:colcon.colcon_core.package_identification:_identify(src/log/build_2024-11-13_20-41-40) by extensions ['colcon_pkg']
[0.587s] Level 1:colcon.colcon_core.package_identification:_identify(src/log/build_2024-11-13_20-41-40) by extension 'colcon_pkg'
[0.587s] Level 1:colcon.colcon_core.package_identification:_identify(src/log/build_2024-11-13_20-41-40) by extensions ['colcon_meta']
[0.587s] Level 1:colcon.colcon_core.package_identification:_identify(src/log/build_2024-11-13_20-41-40) by extension 'colcon_meta'
[0.587s] Level 1:colcon.colcon_core.package_identification:_identify(src/log/build_2024-11-13_20-41-40) by extensions ['ros']
[0.587s] Level 1:colcon.colcon_core.package_identification:_identify(src/log/build_2024-11-13_20-41-40) by extension 'ros'
[0.587s] Level 1:colcon.colcon_core.package_identification:_identify(src/log/build_2024-11-13_20-41-40) by extensions ['cmake', 'python']
[0.587s] Level 1:colcon.colcon_core.package_identification:_identify(src/log/build_2024-11-13_20-41-40) by extension 'cmake'
[0.588s] Level 1:colcon.colcon_core.package_identification:_identify(src/log/build_2024-11-13_20-41-40) by extension 'python'
[0.588s] Level 1:colcon.colcon_core.package_identification:_identify(src/log/build_2024-11-13_20-41-40) by extensions ['python_setup_py']
[0.588s] Level 1:colcon.colcon_core.package_identification:_identify(src/log/build_2024-11-13_20-41-40) by extension 'python_setup_py'
[0.588s] Level 1:colcon.colcon_core.package_identification:_identify(src/log/build_2024-11-13_20-41-40/b4_package) by extensions ['ignore', 'ignore_ament_install']
[0.588s] Level 1:colcon.colcon_core.package_identification:_identify(src/log/build_2024-11-13_20-41-40/b4_package) by extension 'ignore'
[0.588s] Level 1:colcon.colcon_core.package_identification:_identify(src/log/build_2024-11-13_20-41-40/b4_package) by extension 'ignore_ament_install'
[0.588s] Level 1:colcon.colcon_core.package_identification:_identify(src/log/build_2024-11-13_20-41-40/b4_package) by extensions ['colcon_pkg']
[0.588s] Level 1:colcon.colcon_core.package_identification:_identify(src/log/build_2024-11-13_20-41-40/b4_package) by extension 'colcon_pkg'
[0.588s] Level 1:colcon.colcon_core.package_identification:_identify(src/log/build_2024-11-13_20-41-40/b4_package) by extensions ['colcon_meta']
[0.588s] Level 1:colcon.colcon_core.package_identification:_identify(src/log/build_2024-11-13_20-41-40/b4_package) by extension 'colcon_meta'
[0.588s] Level 1:colcon.colcon_core.package_identification:_identify(src/log/build_2024-11-13_20-41-40/b4_package) by extensions ['ros']
[0.588s] Level 1:colcon.colcon_core.package_identification:_identify(src/log/build_2024-11-13_20-41-40/b4_package) by extension 'ros'
[0.588s] Level 1:colcon.colcon_core.package_identification:_identify(src/log/build_2024-11-13_20-41-40/b4_package) by extensions ['cmake', 'python']
[0.588s] Level 1:colcon.colcon_core.package_identification:_identify(src/log/build_2024-11-13_20-41-40/b4_package) by extension 'cmake'
[0.588s] Level 1:colcon.colcon_core.package_identification:_identify(src/log/build_2024-11-13_20-41-40/b4_package) by extension 'python'
[0.589s] Level 1:colcon.colcon_core.package_identification:_identify(src/log/build_2024-11-13_20-41-40/b4_package) by extensions ['python_setup_py']
[0.589s] Level 1:colcon.colcon_core.package_identification:_identify(src/log/build_2024-11-13_20-41-40/b4_package) by extension 'python_setup_py'
[0.589s] Level 1:colcon.colcon_core.package_identification:_identify(src/log/build_2024-11-13_20-42-35) by extensions ['ignore', 'ignore_ament_install']
[0.589s] Level 1:colcon.colcon_core.package_identification:_identify(src/log/build_2024-11-13_20-42-35) by extension 'ignore'
[0.589s] Level 1:colcon.colcon_core.package_identification:_identify(src/log/build_2024-11-13_20-42-35) by extension 'ignore_ament_install'
[0.589s] Level 1:colcon.colcon_core.package_identification:_identify(src/log/build_2024-11-13_20-42-35) by extensions ['colcon_pkg']
[0.589s] Level 1:colcon.colcon_core.package_identification:_identify(src/log/build_2024-11-13_20-42-35) by extension 'colcon_pkg'
[0.589s] Level 1:colcon.colcon_core.package_identification:_identify(src/log/build_2024-11-13_20-42-35) by extensions ['colcon_meta']
[0.589s] Level 1:colcon.colcon_core.package_identification:_identify(src/log/build_2024-11-13_20-42-35) by extension 'colcon_meta'
[0.589s] Level 1:colcon.colcon_core.package_identification:_identify(src/log/build_2024-11-13_20-42-35) by extensions ['ros']
[0.589s] Level 1:colcon.colcon_core.package_identification:_identify(src/log/build_2024-11-13_20-42-35) by extension 'ros'
[0.589s] Level 1:colcon.colcon_core.package_identification:_identify(src/log/build_2024-11-13_20-42-35) by extensions ['cmake', 'python']
[0.589s] Level 1:colcon.colcon_core.package_identification:_identify(src/log/build_2024-11-13_20-42-35) by extension 'cmake'
[0.589s] Level 1:colcon.colcon_core.package_identification:_identify(src/log/build_2024-11-13_20-42-35) by extension 'python'
[0.589s] Level 1:colcon.colcon_core.package_identification:_identify(src/log/build_2024-11-13_20-42-35) by extensions ['python_setup_py']
[0.589s] Level 1:colcon.colcon_core.package_identification:_identify(src/log/build_2024-11-13_20-42-35) by extension 'python_setup_py'
[0.590s] Level 1:colcon.colcon_core.package_identification:_identify(src/log/build_2024-11-13_20-42-35/b4_package) by extensions ['ignore', 'ignore_ament_install']
[0.590s] Level 1:colcon.colcon_core.package_identification:_identify(src/log/build_2024-11-13_20-42-35/b4_package) by extension 'ignore'
[0.590s] Level 1:colcon.colcon_core.package_identification:_identify(src/log/build_2024-11-13_20-42-35/b4_package) by extension 'ignore_ament_install'
[0.590s] Level 1:colcon.colcon_core.package_identification:_identify(src/log/build_2024-11-13_20-42-35/b4_package) by extensions ['colcon_pkg']
[0.590s] Level 1:colcon.colcon_core.package_identification:_identify(src/log/build_2024-11-13_20-42-35/b4_package) by extension 'colcon_pkg'
[0.590s] Level 1:colcon.colcon_core.package_identification:_identify(src/log/build_2024-11-13_20-42-35/b4_package) by extensions ['colcon_meta']
[0.590s] Level 1:colcon.colcon_core.package_identification:_identify(src/log/build_2024-11-13_20-42-35/b4_package) by extension 'colcon_meta'
[0.590s] Level 1:colcon.colcon_core.package_identification:_identify(src/log/build_2024-11-13_20-42-35/b4_package) by extensions ['ros']
[0.590s] Level 1:colcon.colcon_core.package_identification:_identify(src/log/build_2024-11-13_20-42-35/b4_package) by extension 'ros'
[0.590s] Level 1:colcon.colcon_core.package_identification:_identify(src/log/build_2024-11-13_20-42-35/b4_package) by extensions ['cmake', 'python']
[0.590s] Level 1:colcon.colcon_core.package_identification:_identify(src/log/build_2024-11-13_20-42-35/b4_package) by extension 'cmake'
[0.590s] Level 1:colcon.colcon_core.package_identification:_identify(src/log/build_2024-11-13_20-42-35/b4_package) by extension 'python'
[0.590s] Level 1:colcon.colcon_core.package_identification:_identify(src/log/build_2024-11-13_20-42-35/b4_package) by extensions ['python_setup_py']
[0.590s] Level 1:colcon.colcon_core.package_identification:_identify(src/log/build_2024-11-13_20-42-35/b4_package) by extension 'python_setup_py'
[0.590s] Level 1:colcon.colcon_core.package_identification:_identify(src/log/build_2024-11-13_20-44-57) by extensions ['ignore', 'ignore_ament_install']
[0.591s] Level 1:colcon.colcon_core.package_identification:_identify(src/log/build_2024-11-13_20-44-57) by extension 'ignore'
[0.591s] Level 1:colcon.colcon_core.package_identification:_identify(src/log/build_2024-11-13_20-44-57) by extension 'ignore_ament_install'
[0.591s] Level 1:colcon.colcon_core.package_identification:_identify(src/log/build_2024-11-13_20-44-57) by extensions ['colcon_pkg']
[0.591s] Level 1:colcon.colcon_core.package_identification:_identify(src/log/build_2024-11-13_20-44-57) by extension 'colcon_pkg'
[0.591s] Level 1:colcon.colcon_core.package_identification:_identify(src/log/build_2024-11-13_20-44-57) by extensions ['colcon_meta']
[0.591s] Level 1:colcon.colcon_core.package_identification:_identify(src/log/build_2024-11-13_20-44-57) by extension 'colcon_meta'
[0.591s] Level 1:colcon.colcon_core.package_identification:_identify(src/log/build_2024-11-13_20-44-57) by extensions ['ros']
[0.591s] Level 1:colcon.colcon_core.package_identification:_identify(src/log/build_2024-11-13_20-44-57) by extension 'ros'
[0.591s] Level 1:colcon.colcon_core.package_identification:_identify(src/log/build_2024-11-13_20-44-57) by extensions ['cmake', 'python']
[0.591s] Level 1:colcon.colcon_core.package_identification:_identify(src/log/build_2024-11-13_20-44-57) by extension 'cmake'
[0.591s] Level 1:colcon.colcon_core.package_identification:_identify(src/log/build_2024-11-13_20-44-57) by extension 'python'
[0.591s] Level 1:colcon.colcon_core.package_identification:_identify(src/log/build_2024-11-13_20-44-57) by extensions ['python_setup_py']
[0.591s] Level 1:colcon.colcon_core.package_identification:_identify(src/log/build_2024-11-13_20-44-57) by extension 'python_setup_py'
[0.592s] Level 1:colcon.colcon_core.package_identification:_identify(src/log/build_2024-11-13_20-44-57/b4_package) by extensions ['ignore', 'ignore_ament_install']
[0.592s] Level 1:colcon.colcon_core.package_identification:_identify(src/log/build_2024-11-13_20-44-57/b4_package) by extension 'ignore'
[0.592s] Level 1:colcon.colcon_core.package_identification:_identify(src/log/build_2024-11-13_20-44-57/b4_package) by extension 'ignore_ament_install'
[0.592s] Level 1:colcon.colcon_core.package_identification:_identify(src/log/build_2024-11-13_20-44-57/b4_package) by extensions ['colcon_pkg']
[0.592s] Level 1:colcon.colcon_core.package_identification:_identify(src/log/build_2024-11-13_20-44-57/b4_package) by extension 'colcon_pkg'
[0.592s] Level 1:colcon.colcon_core.package_identification:_identify(src/log/build_2024-11-13_20-44-57/b4_package) by extensions ['colcon_meta']
[0.592s] Level 1:colcon.colcon_core.package_identification:_identify(src/log/build_2024-11-13_20-44-57/b4_package) by extension 'colcon_meta'
[0.592s] Level 1:colcon.colcon_core.package_identification:_identify(src/log/build_2024-11-13_20-44-57/b4_package) by extensions ['ros']
[0.592s] Level 1:colcon.colcon_core.package_identification:_identify(src/log/build_2024-11-13_20-44-57/b4_package) by extension 'ros'
[0.592s] Level 1:colcon.colcon_core.package_identification:_identify(src/log/build_2024-11-13_20-44-57/b4_package) by extensions ['cmake', 'python']
[0.592s] Level 1:colcon.colcon_core.package_identification:_identify(src/log/build_2024-11-13_20-44-57/b4_package) by extension 'cmake'
[0.592s] Level 1:colcon.colcon_core.package_identification:_identify(src/log/build_2024-11-13_20-44-57/b4_package) by extension 'python'
[0.592s] Level 1:colcon.colcon_core.package_identification:_identify(src/log/build_2024-11-13_20-44-57/b4_package) by extensions ['python_setup_py']
[0.592s] Level 1:colcon.colcon_core.package_identification:_identify(src/log/build_2024-11-13_20-44-57/b4_package) by extension 'python_setup_py'
[0.593s] Level 1:colcon.colcon_core.package_identification:_identify(src/log/build_2024-11-13_20-45-56) by extensions ['ignore', 'ignore_ament_install']
[0.593s] Level 1:colcon.colcon_core.package_identification:_identify(src/log/build_2024-11-13_20-45-56) by extension 'ignore'
[0.593s] Level 1:colcon.colcon_core.package_identification:_identify(src/log/build_2024-11-13_20-45-56) by extension 'ignore_ament_install'
[0.593s] Level 1:colcon.colcon_core.package_identification:_identify(src/log/build_2024-11-13_20-45-56) by extensions ['colcon_pkg']
[0.593s] Level 1:colcon.colcon_core.package_identification:_identify(src/log/build_2024-11-13_20-45-56) by extension 'colcon_pkg'
[0.593s] Level 1:colcon.colcon_core.package_identification:_identify(src/log/build_2024-11-13_20-45-56) by extensions ['colcon_meta']
[0.593s] Level 1:colcon.colcon_core.package_identification:_identify(src/log/build_2024-11-13_20-45-56) by extension 'colcon_meta'
[0.593s] Level 1:colcon.colcon_core.package_identification:_identify(src/log/build_2024-11-13_20-45-56) by extensions ['ros']
[0.593s] Level 1:colcon.colcon_core.package_identification:_identify(src/log/build_2024-11-13_20-45-56) by extension 'ros'
[0.593s] Level 1:colcon.colcon_core.package_identification:_identify(src/log/build_2024-11-13_20-45-56) by extensions ['cmake', 'python']
[0.593s] Level 1:colcon.colcon_core.package_identification:_identify(src/log/build_2024-11-13_20-45-56) by extension 'cmake'
[0.593s] Level 1:colcon.colcon_core.package_identification:_identify(src/log/build_2024-11-13_20-45-56) by extension 'python'
[0.593s] Level 1:colcon.colcon_core.package_identification:_identify(src/log/build_2024-11-13_20-45-56) by extensions ['python_setup_py']
[0.593s] Level 1:colcon.colcon_core.package_identification:_identify(src/log/build_2024-11-13_20-45-56) by extension 'python_setup_py'
[0.594s] Level 1:colcon.colcon_core.package_identification:_identify(src/log/build_2024-11-13_20-45-56/b4_package) by extensions ['ignore', 'ignore_ament_install']
[0.594s] Level 1:colcon.colcon_core.package_identification:_identify(src/log/build_2024-11-13_20-45-56/b4_package) by extension 'ignore'
[0.594s] Level 1:colcon.colcon_core.package_identification:_identify(src/log/build_2024-11-13_20-45-56/b4_package) by extension 'ignore_ament_install'
[0.594s] Level 1:colcon.colcon_core.package_identification:_identify(src/log/build_2024-11-13_20-45-56/b4_package) by extensions ['colcon_pkg']
[0.594s] Level 1:colcon.colcon_core.package_identification:_identify(src/log/build_2024-11-13_20-45-56/b4_package) by extension 'colcon_pkg'
[0.594s] Level 1:colcon.colcon_core.package_identification:_identify(src/log/build_2024-11-13_20-45-56/b4_package) by extensions ['colcon_meta']
[0.594s] Level 1:colcon.colcon_core.package_identification:_identify(src/log/build_2024-11-13_20-45-56/b4_package) by extension 'colcon_meta'
[0.594s] Level 1:colcon.colcon_core.package_identification:_identify(src/log/build_2024-11-13_20-45-56/b4_package) by extensions ['ros']
[0.594s] Level 1:colcon.colcon_core.package_identification:_identify(src/log/build_2024-11-13_20-45-56/b4_package) by extension 'ros'
[0.594s] Level 1:colcon.colcon_core.package_identification:_identify(src/log/build_2024-11-13_20-45-56/b4_package) by extensions ['cmake', 'python']
[0.594s] Level 1:colcon.colcon_core.package_identification:_identify(src/log/build_2024-11-13_20-45-56/b4_package) by extension 'cmake'
[0.594s] Level 1:colcon.colcon_core.package_identification:_identify(src/log/build_2024-11-13_20-45-56/b4_package) by extension 'python'
[0.594s] Level 1:colcon.colcon_core.package_identification:_identify(src/log/build_2024-11-13_20-45-56/b4_package) by extensions ['python_setup_py']
[0.594s] Level 1:colcon.colcon_core.package_identification:_identify(src/log/build_2024-11-13_20-45-56/b4_package) by extension 'python_setup_py'
[0.595s] Level 1:colcon.colcon_core.package_identification:_identify(src/log/build_2024-11-13_20-51-59) by extensions ['ignore', 'ignore_ament_install']
[0.595s] Level 1:colcon.colcon_core.package_identification:_identify(src/log/build_2024-11-13_20-51-59) by extension 'ignore'
[0.595s] Level 1:colcon.colcon_core.package_identification:_identify(src/log/build_2024-11-13_20-51-59) by extension 'ignore_ament_install'
[0.595s] Level 1:colcon.colcon_core.package_identification:_identify(src/log/build_2024-11-13_20-51-59) by extensions ['colcon_pkg']
[0.595s] Level 1:colcon.colcon_core.package_identification:_identify(src/log/build_2024-11-13_20-51-59) by extension 'colcon_pkg'
[0.595s] Level 1:colcon.colcon_core.package_identification:_identify(src/log/build_2024-11-13_20-51-59) by extensions ['colcon_meta']
[0.595s] Level 1:colcon.colcon_core.package_identification:_identify(src/log/build_2024-11-13_20-51-59) by extension 'colcon_meta'
[0.595s] Level 1:colcon.colcon_core.package_identification:_identify(src/log/build_2024-11-13_20-51-59) by extensions ['ros']
[0.595s] Level 1:colcon.colcon_core.package_identification:_identify(src/log/build_2024-11-13_20-51-59) by extension 'ros'
[0.595s] Level 1:colcon.colcon_core.package_identification:_identify(src/log/build_2024-11-13_20-51-59) by extensions ['cmake', 'python']
[0.595s] Level 1:colcon.colcon_core.package_identification:_identify(src/log/build_2024-11-13_20-51-59) by extension 'cmake'
[0.596s] Level 1:colcon.colcon_core.package_identification:_identify(src/log/build_2024-11-13_20-51-59) by extension 'python'
[0.596s] Level 1:colcon.colcon_core.package_identification:_identify(src/log/build_2024-11-13_20-51-59) by extensions ['python_setup_py']
[0.596s] Level 1:colcon.colcon_core.package_identification:_identify(src/log/build_2024-11-13_20-51-59) by extension 'python_setup_py'
[0.596s] Level 1:colcon.colcon_core.package_identification:_identify(src/log/build_2024-11-13_20-51-59/b4_package) by extensions ['ignore', 'ignore_ament_install']
[0.596s] Level 1:colcon.colcon_core.package_identification:_identify(src/log/build_2024-11-13_20-51-59/b4_package) by extension 'ignore'
[0.596s] Level 1:colcon.colcon_core.package_identification:_identify(src/log/build_2024-11-13_20-51-59/b4_package) by extension 'ignore_ament_install'
[0.596s] Level 1:colcon.colcon_core.package_identification:_identify(src/log/build_2024-11-13_20-51-59/b4_package) by extensions ['colcon_pkg']
[0.596s] Level 1:colcon.colcon_core.package_identification:_identify(src/log/build_2024-11-13_20-51-59/b4_package) by extension 'colcon_pkg'
[0.596s] Level 1:colcon.colcon_core.package_identification:_identify(src/log/build_2024-11-13_20-51-59/b4_package) by extensions ['colcon_meta']
[0.596s] Level 1:colcon.colcon_core.package_identification:_identify(src/log/build_2024-11-13_20-51-59/b4_package) by extension 'colcon_meta'
[0.596s] Level 1:colcon.colcon_core.package_identification:_identify(src/log/build_2024-11-13_20-51-59/b4_package) by extensions ['ros']
[0.596s] Level 1:colcon.colcon_core.package_identification:_identify(src/log/build_2024-11-13_20-51-59/b4_package) by extension 'ros'
[0.596s] Level 1:colcon.colcon_core.package_identification:_identify(src/log/build_2024-11-13_20-51-59/b4_package) by extensions ['cmake', 'python']
[0.596s] Level 1:colcon.colcon_core.package_identification:_identify(src/log/build_2024-11-13_20-51-59/b4_package) by extension 'cmake'
[0.597s] Level 1:colcon.colcon_core.package_identification:_identify(src/log/build_2024-11-13_20-51-59/b4_package) by extension 'python'
[0.597s] Level 1:colcon.colcon_core.package_identification:_identify(src/log/build_2024-11-13_20-51-59/b4_package) by extensions ['python_setup_py']
[0.597s] Level 1:colcon.colcon_core.package_identification:_identify(src/log/build_2024-11-13_20-51-59/b4_package) by extension 'python_setup_py'
[0.597s] Level 1:colcon.colcon_core.package_identification:_identify(src/log/build_2024-11-13_20-53-56) by extensions ['ignore', 'ignore_ament_install']
[0.597s] Level 1:colcon.colcon_core.package_identification:_identify(src/log/build_2024-11-13_20-53-56) by extension 'ignore'
[0.597s] Level 1:colcon.colcon_core.package_identification:_identify(src/log/build_2024-11-13_20-53-56) by extension 'ignore_ament_install'
[0.597s] Level 1:colcon.colcon_core.package_identification:_identify(src/log/build_2024-11-13_20-53-56) by extensions ['colcon_pkg']
[0.597s] Level 1:colcon.colcon_core.package_identification:_identify(src/log/build_2024-11-13_20-53-56) by extension 'colcon_pkg'
[0.597s] Level 1:colcon.colcon_core.package_identification:_identify(src/log/build_2024-11-13_20-53-56) by extensions ['colcon_meta']
[0.597s] Level 1:colcon.colcon_core.package_identification:_identify(src/log/build_2024-11-13_20-53-56) by extension 'colcon_meta'
[0.597s] Level 1:colcon.colcon_core.package_identification:_identify(src/log/build_2024-11-13_20-53-56) by extensions ['ros']
[0.597s] Level 1:colcon.colcon_core.package_identification:_identify(src/log/build_2024-11-13_20-53-56) by extension 'ros'
[0.597s] Level 1:colcon.colcon_core.package_identification:_identify(src/log/build_2024-11-13_20-53-56) by extensions ['cmake', 'python']
[0.597s] Level 1:colcon.colcon_core.package_identification:_identify(src/log/build_2024-11-13_20-53-56) by extension 'cmake'
[0.597s] Level 1:colcon.colcon_core.package_identification:_identify(src/log/build_2024-11-13_20-53-56) by extension 'python'
[0.598s] Level 1:colcon.colcon_core.package_identification:_identify(src/log/build_2024-11-13_20-53-56) by extensions ['python_setup_py']
[0.598s] Level 1:colcon.colcon_core.package_identification:_identify(src/log/build_2024-11-13_20-53-56) by extension 'python_setup_py'
[0.598s] Level 1:colcon.colcon_core.package_identification:_identify(src/log/build_2024-11-13_20-53-56/b4_package) by extensions ['ignore', 'ignore_ament_install']
[0.598s] Level 1:colcon.colcon_core.package_identification:_identify(src/log/build_2024-11-13_20-53-56/b4_package) by extension 'ignore'
[0.598s] Level 1:colcon.colcon_core.package_identification:_identify(src/log/build_2024-11-13_20-53-56/b4_package) by extension 'ignore_ament_install'
[0.598s] Level 1:colcon.colcon_core.package_identification:_identify(src/log/build_2024-11-13_20-53-56/b4_package) by extensions ['colcon_pkg']
[0.598s] Level 1:colcon.colcon_core.package_identification:_identify(src/log/build_2024-11-13_20-53-56/b4_package) by extension 'colcon_pkg'
[0.598s] Level 1:colcon.colcon_core.package_identification:_identify(src/log/build_2024-11-13_20-53-56/b4_package) by extensions ['colcon_meta']
[0.598s] Level 1:colcon.colcon_core.package_identification:_identify(src/log/build_2024-11-13_20-53-56/b4_package) by extension 'colcon_meta'
[0.598s] Level 1:colcon.colcon_core.package_identification:_identify(src/log/build_2024-11-13_20-53-56/b4_package) by extensions ['ros']
[0.598s] Level 1:colcon.colcon_core.package_identification:_identify(src/log/build_2024-11-13_20-53-56/b4_package) by extension 'ros'
[0.598s] Level 1:colcon.colcon_core.package_identification:_identify(src/log/build_2024-11-13_20-53-56/b4_package) by extensions ['cmake', 'python']
[0.598s] Level 1:colcon.colcon_core.package_identification:_identify(src/log/build_2024-11-13_20-53-56/b4_package) by extension 'cmake'
[0.598s] Level 1:colcon.colcon_core.package_identification:_identify(src/log/build_2024-11-13_20-53-56/b4_package) by extension 'python'
[0.598s] Level 1:colcon.colcon_core.package_identification:_identify(src/log/build_2024-11-13_20-53-56/b4_package) by extensions ['python_setup_py']
[0.598s] Level 1:colcon.colcon_core.package_identification:_identify(src/log/build_2024-11-13_20-53-56/b4_package) by extension 'python_setup_py'
[0.599s] Level 1:colcon.colcon_core.package_discovery:discover_packages(recursive) using defaults
[0.599s] Level 1:colcon.colcon_core.package_discovery:discover_packages(ignore) discover
[0.599s] Level 1:colcon.colcon_core.package_discovery:discover_packages(ignore) using defaults
[0.599s] Level 1:colcon.colcon_core.package_discovery:discover_packages(path) discover
[0.599s] Level 1:colcon.colcon_core.package_discovery:discover_packages(path) using defaults
[0.625s] Level 1:colcon.colcon_core.package_discovery:discover_packages(prefix_path) check parameters
[0.626s] Level 1:colcon.colcon_core.package_discovery:discover_packages(prefix_path) discover
[0.627s] DEBUG:colcon.colcon_installed_package_information.package_discovery:Found 1 installed packages in /home/yeeun/AI_Vision_Project/b4_ws/install
[0.630s] DEBUG:colcon.colcon_installed_package_information.package_discovery:Found 278 installed packages in /opt/ros/humble
[0.632s] Level 1:colcon.colcon_core.package_discovery:discover_packages(prefix_path) using defaults
[0.683s] Level 5:colcon.colcon_core.verb:set package 'b4_package' build argument 'cmake_args' from command line to 'None'
[0.683s] Level 5:colcon.colcon_core.verb:set package 'b4_package' build argument 'cmake_target' from command line to 'None'
[0.683s] Level 5:colcon.colcon_core.verb:set package 'b4_package' build argument 'cmake_target_skip_unavailable' from command line to 'False'
[0.683s] Level 5:colcon.colcon_core.verb:set package 'b4_package' build argument 'cmake_clean_cache' from command line to 'False'
[0.684s] Level 5:colcon.colcon_core.verb:set package 'b4_package' build argument 'cmake_clean_first' from command line to 'False'
[0.684s] Level 5:colcon.colcon_core.verb:set package 'b4_package' build argument 'cmake_force_configure' from command line to 'False'
[0.684s] Level 5:colcon.colcon_core.verb:set package 'b4_package' build argument 'ament_cmake_args' from command line to 'None'
[0.684s] Level 5:colcon.colcon_core.verb:set package 'b4_package' build argument 'catkin_cmake_args' from command line to 'None'
[0.684s] Level 5:colcon.colcon_core.verb:set package 'b4_package' build argument 'catkin_skip_building_tests' from command line to 'False'
[0.684s] DEBUG:colcon.colcon_core.verb:Building package 'b4_package' with the following arguments: {'ament_cmake_args': None, 'build_base': '/home/yeeun/AI_Vision_Project/b4_ws/build/b4_package', 'catkin_cmake_args': None, 'catkin_skip_building_tests': False, 'cmake_args': None, 'cmake_clean_cache': False, 'cmake_clean_first': False, 'cmake_force_configure': False, 'cmake_target': None, 'cmake_target_skip_unavailable': False, 'install_base': '/home/yeeun/AI_Vision_Project/b4_ws/install/b4_package', 'merge_install': False, 'path': '/home/yeeun/AI_Vision_Project/b4_ws/src/b4_package', 'symlink_install': False, 'test_result_base': None}
[0.684s] INFO:colcon.colcon_core.executor:Executing jobs using 'parallel' executor
[0.685s] DEBUG:colcon.colcon_parallel_executor.executor.parallel:run_until_complete
[0.686s] INFO:colcon.colcon_ros.task.ament_python.build:Building ROS package in '/home/yeeun/AI_Vision_Project/b4_ws/src/b4_package' with build type 'ament_python'
[0.686s] Level 1:colcon.colcon_core.shell:create_environment_hook('b4_package', 'ament_prefix_path')
[0.688s] INFO:colcon.colcon_core.plugin_system:Skipping extension 'colcon_core.shell.bat': Not used on non-Windows systems
[0.689s] INFO:colcon.colcon_core.shell:Creating environment hook '/home/yeeun/AI_Vision_Project/b4_ws/install/b4_package/share/b4_package/hook/ament_prefix_path.ps1'
[0.690s] INFO:colcon.colcon_core.shell:Creating environment descriptor '/home/yeeun/AI_Vision_Project/b4_ws/install/b4_package/share/b4_package/hook/ament_prefix_path.dsv'
[0.690s] INFO:colcon.colcon_core.shell:Creating environment hook '/home/yeeun/AI_Vision_Project/b4_ws/install/b4_package/share/b4_package/hook/ament_prefix_path.sh'
[0.691s] INFO:colcon.colcon_core.shell:Skip shell extension 'powershell' for command environment: Not usable outside of PowerShell
[0.691s] DEBUG:colcon.colcon_core.shell:Skip shell extension 'dsv' for command environment
[1.177s] INFO:colcon.colcon_core.task.python.build:Building Python package in '/home/yeeun/AI_Vision_Project/b4_ws/src/b4_package'
[1.178s] INFO:colcon.colcon_core.shell:Skip shell extension 'powershell' for command environment: Not usable outside of PowerShell
[1.178s] DEBUG:colcon.colcon_core.shell:Skip shell extension 'dsv' for command environment
[1.821s] DEBUG:colcon.colcon_core.event_handler.log_command:Invoking command in '/home/yeeun/AI_Vision_Project/b4_ws/src/b4_package': PYTHONPATH=/home/yeeun/AI_Vision_Project/b4_ws/build/b4_package/prefix_override:/usr/lib/python3/dist-packages/colcon_core/task/python/colcon_distutils_commands:/home/yeeun/AI_Vision_Project/b4_ws/install/b4_package/lib/python3.10/site-packages:${PYTHONPATH} /usr/bin/python3 -W ignore:setup.py install is deprecated setup.py egg_info --egg-base ../../build/b4_package build --build-base /home/yeeun/AI_Vision_Project/b4_ws/build/b4_package/build install --record /home/yeeun/AI_Vision_Project/b4_ws/build/b4_package/install.log --single-version-externally-managed install_data
[2.307s] DEBUG:colcon.colcon_core.event_handler.log_command:Invoked command in '/home/yeeun/AI_Vision_Project/b4_ws/src/b4_package' returned '0': PYTHONPATH=/home/yeeun/AI_Vision_Project/b4_ws/build/b4_package/prefix_override:/usr/lib/python3/dist-packages/colcon_core/task/python/colcon_distutils_commands:/home/yeeun/AI_Vision_Project/b4_ws/install/b4_package/lib/python3.10/site-packages:${PYTHONPATH} /usr/bin/python3 -W ignore:setup.py install is deprecated setup.py egg_info --egg-base ../../build/b4_package build --build-base /home/yeeun/AI_Vision_Project/b4_ws/build/b4_package/build install --record /home/yeeun/AI_Vision_Project/b4_ws/build/b4_package/install.log --single-version-externally-managed install_data
[2.309s] Level 1:colcon.colcon_core.environment:checking '/home/yeeun/AI_Vision_Project/b4_ws/install/b4_package' for CMake module files
[2.310s] Level 1:colcon.colcon_core.environment:checking '/home/yeeun/AI_Vision_Project/b4_ws/install/b4_package' for CMake config files
[2.311s] Level 1:colcon.colcon_core.environment:checking '/home/yeeun/AI_Vision_Project/b4_ws/install/b4_package/lib'
[2.311s] Level 1:colcon.colcon_core.environment:checking '/home/yeeun/AI_Vision_Project/b4_ws/install/b4_package/bin'
[2.311s] Level 1:colcon.colcon_core.environment:checking '/home/yeeun/AI_Vision_Project/b4_ws/install/b4_package/lib/pkgconfig/b4_package.pc'
[2.311s] Level 1:colcon.colcon_core.environment:checking '/home/yeeun/AI_Vision_Project/b4_ws/install/b4_package/lib/python3.10/site-packages'
[2.311s] Level 1:colcon.colcon_core.shell:create_environment_hook('b4_package', 'pythonpath')
[2.312s] INFO:colcon.colcon_core.shell:Creating environment hook '/home/yeeun/AI_Vision_Project/b4_ws/install/b4_package/share/b4_package/hook/pythonpath.ps1'
[2.312s] INFO:colcon.colcon_core.shell:Creating environment descriptor '/home/yeeun/AI_Vision_Project/b4_ws/install/b4_package/share/b4_package/hook/pythonpath.dsv'
[2.313s] INFO:colcon.colcon_core.shell:Creating environment hook '/home/yeeun/AI_Vision_Project/b4_ws/install/b4_package/share/b4_package/hook/pythonpath.sh'
[2.314s] Level 1:colcon.colcon_core.environment:checking '/home/yeeun/AI_Vision_Project/b4_ws/install/b4_package/bin'
[2.314s] Level 1:colcon.colcon_core.environment:create_environment_scripts_only(b4_package)
[2.314s] INFO:colcon.colcon_core.shell:Creating package script '/home/yeeun/AI_Vision_Project/b4_ws/install/b4_package/share/b4_package/package.ps1'
[2.315s] INFO:colcon.colcon_core.shell:Creating package descriptor '/home/yeeun/AI_Vision_Project/b4_ws/install/b4_package/share/b4_package/package.dsv'
[2.316s] INFO:colcon.colcon_core.shell:Creating package script '/home/yeeun/AI_Vision_Project/b4_ws/install/b4_package/share/b4_package/package.sh'
[2.316s] INFO:colcon.colcon_core.shell:Creating package script '/home/yeeun/AI_Vision_Project/b4_ws/install/b4_package/share/b4_package/package.bash'
[2.317s] INFO:colcon.colcon_core.shell:Creating package script '/home/yeeun/AI_Vision_Project/b4_ws/install/b4_package/share/b4_package/package.zsh'
[2.318s] Level 1:colcon.colcon_core.environment:create_file_with_runtime_dependencies(/home/yeeun/AI_Vision_Project/b4_ws/install/b4_package/share/colcon-core/packages/b4_package)
[2.319s] DEBUG:colcon.colcon_parallel_executor.executor.parallel:closing loop
[2.319s] DEBUG:colcon.colcon_parallel_executor.executor.parallel:loop closed
[2.319s] DEBUG:colcon.colcon_parallel_executor.executor.parallel:run_until_complete finished with '0'
[2.319s] DEBUG:colcon.colcon_core.event_reactor:joining thread
[2.328s] INFO:colcon.colcon_core.plugin_system:Skipping extension 'colcon_notification.desktop_notification.terminal_notifier': Not used on non-Darwin systems
[2.329s] INFO:colcon.colcon_core.plugin_system:Skipping extension 'colcon_notification.desktop_notification.win32': Not used on non-Windows systems
[2.329s] INFO:colcon.colcon_notification.desktop_notification:Sending desktop notification using 'notify2'
[2.345s] DEBUG:colcon.colcon_core.event_reactor:joined thread
[2.345s] INFO:colcon.colcon_core.shell:Creating prefix script '/home/yeeun/AI_Vision_Project/b4_ws/install/local_setup.ps1'
[2.347s] INFO:colcon.colcon_core.shell:Creating prefix util module '/home/yeeun/AI_Vision_Project/b4_ws/install/_local_setup_util_ps1.py'
[2.349s] INFO:colcon.colcon_core.shell:Creating prefix chain script '/home/yeeun/AI_Vision_Project/b4_ws/install/setup.ps1'
[2.351s] INFO:colcon.colcon_core.shell:Creating prefix script '/home/yeeun/AI_Vision_Project/b4_ws/install/local_setup.sh'
[2.352s] INFO:colcon.colcon_core.shell:Creating prefix util module '/home/yeeun/AI_Vision_Project/b4_ws/install/_local_setup_util_sh.py'
[2.353s] INFO:colcon.colcon_core.shell:Creating prefix chain script '/home/yeeun/AI_Vision_Project/b4_ws/install/setup.sh'
[2.354s] INFO:colcon.colcon_core.shell:Creating prefix script '/home/yeeun/AI_Vision_Project/b4_ws/install/local_setup.bash'
[2.355s] INFO:colcon.colcon_core.shell:Creating prefix chain script '/home/yeeun/AI_Vision_Project/b4_ws/install/setup.bash'
[2.356s] INFO:colcon.colcon_core.shell:Creating prefix script '/home/yeeun/AI_Vision_Project/b4_ws/install/local_setup.zsh'
[2.356s] INFO:colcon.colcon_core.shell:Creating prefix chain script '/home/yeeun/AI_Vision_Project/b4_ws/install/setup.zsh'
