running egg_info
writing ../build/b4_package/b4_package.egg-info/PKG-INFO
writing dependency_links to ../build/b4_package/b4_package.egg-info/dependency_links.txt
writing entry points to ../build/b4_package/b4_package.egg-info/entry_points.txt
writing requirements to ../build/b4_package/b4_package.egg-info/requires.txt
writing top-level names to ../build/b4_package/b4_package.egg-info/top_level.txt
reading manifest file '../build/b4_package/b4_package.egg-info/SOURCES.txt'
writing manifest file '../build/b4_package/b4_package.egg-info/SOURCES.txt'
running build
running build_py
copying b4_package/security_alert.py -> /home/rokey/AI_Vision_Project/b4_ws/src/build/b4_package/build/lib/b4_package
running install
running install_lib
copying /home/rokey/AI_Vision_Project/b4_ws/src/build/b4_package/build/lib/b4_package/security_alert.py -> /home/rokey/AI_Vision_Project/b4_ws/src/install/b4_package/lib/python3.10/site-packages/b4_package
byte-compiling /home/rokey/AI_Vision_Project/b4_ws/src/install/b4_package/lib/python3.10/site-packages/b4_package/security_alert.py to security_alert.cpython-310.pyc
running install_data
running install_egg_info
removing '/home/rokey/AI_Vision_Project/b4_ws/src/install/b4_package/lib/python3.10/site-packages/b4_package-0.0.0-py3.10.egg-info' (and everything under it)
Copying ../build/b4_package/b4_package.egg-info to /home/rokey/AI_Vision_Project/b4_ws/src/install/b4_package/lib/python3.10/site-packages/b4_package-0.0.0-py3.10.egg-info
running install_scripts
Installing listener script to /home/rokey/AI_Vision_Project/b4_ws/src/install/b4_package/lib/b4_package
Installing talker script to /home/rokey/AI_Vision_Project/b4_ws/src/install/b4_package/lib/b4_package
writing list of installed files to '/home/rokey/AI_Vision_Project/b4_ws/src/build/b4_package/install.log'
