[0.310s] DEBUG:colcon:Command line arguments: ['/usr/bin/colcon', 'build']
[0.310s] DEBUG:colcon:Parsed command line arguments: Namespace(log_base=None, log_level=None, verb_name='build', build_base='build', install_base='install', merge_install=False, symlink_install=False, test_result_base=None, continue_on_error=False, executor='parallel', parallel_workers=8, event_handlers=None, ignore_user_meta=False, metas=['./colcon.meta'], base_paths=['.'], packages_ignore=None, packages_ignore_regex=None, paths=None, packages_up_to=None, packages_up_to_regex=None, packages_above=None, packages_above_and_dependencies=None, packages_above_depth=None, packages_select_by_dep=None, packages_skip_by_dep=None, packages_skip_up_to=None, packages_select_build_failed=False, packages_skip_build_finished=False, packages_select_test_failures=False, packages_skip_test_passed=False, packages_select=None, packages_skip=None, packages_select_regex=None, packages_skip_regex=None, packages_start=None, packages_end=None, allow_overriding=[], cmake_args=None, cmake_target=None, cmake_target_skip_unavailable=False, cmake_clean_cache=False, cmake_clean_first=False, cmake_force_configure=False, ament_cmake_args=None, catkin_cmake_args=None, catkin_skip_building_tests=False, verb_parser=<colcon_defaults.argument_parser.defaults.DefaultArgumentsDecorator object at 0x7d2a262740a0>, verb_extension=<colcon_core.verb.build.BuildVerb object at 0x7d2a263f31c0>, main=<bound method BuildVerb.main of <colcon_core.verb.build.BuildVerb object at 0x7d2a263f31c0>>)
[0.728s] Level 1:colcon.colcon_core.package_discovery:discover_packages(colcon_meta) check parameters
[0.728s] Level 1:colcon.colcon_core.package_discovery:discover_packages(recursive) check parameters
[0.729s] Level 1:colcon.colcon_core.package_discovery:discover_packages(ignore) check parameters
[0.729s] Level 1:colcon.colcon_core.package_discovery:discover_packages(path) check parameters
[0.729s] Level 1:colcon.colcon_core.package_discovery:discover_packages(colcon_meta) discover
[0.729s] Level 1:colcon.colcon_core.package_discovery:discover_packages(recursive) discover
[0.729s] INFO:colcon.colcon_core.package_discovery:Crawling recursively for packages in '/home/rokey/AI_Vision_Project/b4_ws'
[0.729s] Level 1:colcon.colcon_core.package_identification:_identify(.) by extensions ['ignore', 'ignore_ament_install']
[0.729s] Level 1:colcon.colcon_core.package_identification:_identify(.) by extension 'ignore'
[0.729s] Level 1:colcon.colcon_core.package_identification:_identify(.) by extension 'ignore_ament_install'
[0.729s] Level 1:colcon.colcon_core.package_identification:_identify(.) by extensions ['colcon_pkg']
[0.729s] Level 1:colcon.colcon_core.package_identification:_identify(.) by extension 'colcon_pkg'
[0.730s] Level 1:colcon.colcon_core.package_identification:_identify(.) by extensions ['colcon_meta']
[0.730s] Level 1:colcon.colcon_core.package_identification:_identify(.) by extension 'colcon_meta'
[0.730s] Level 1:colcon.colcon_core.package_identification:_identify(.) by extensions ['ros']
[0.730s] Level 1:colcon.colcon_core.package_identification:_identify(.) by extension 'ros'
[0.771s] Level 1:colcon.colcon_core.package_identification:_identify(.) by extensions ['cmake', 'python']
[0.771s] Level 1:colcon.colcon_core.package_identification:_identify(.) by extension 'cmake'
[0.771s] Level 1:colcon.colcon_core.package_identification:_identify(.) by extension 'python'
[0.771s] Level 1:colcon.colcon_core.package_identification:_identify(.) by extensions ['python_setup_py']
[0.771s] Level 1:colcon.colcon_core.package_identification:_identify(.) by extension 'python_setup_py'
[0.772s] Level 1:colcon.colcon_core.package_identification:_identify(build) by extensions ['ignore', 'ignore_ament_install']
[0.772s] Level 1:colcon.colcon_core.package_identification:_identify(build) by extension 'ignore'
[0.772s] Level 1:colcon.colcon_core.package_identification:_identify(build) ignored
[0.772s] Level 1:colcon.colcon_core.package_identification:_identify(install) by extensions ['ignore', 'ignore_ament_install']
[0.772s] Level 1:colcon.colcon_core.package_identification:_identify(install) by extension 'ignore'
[0.772s] Level 1:colcon.colcon_core.package_identification:_identify(install) ignored
[0.773s] Level 1:colcon.colcon_core.package_identification:_identify(log) by extensions ['ignore', 'ignore_ament_install']
[0.773s] Level 1:colcon.colcon_core.package_identification:_identify(log) by extension 'ignore'
[0.773s] Level 1:colcon.colcon_core.package_identification:_identify(log) ignored
[0.773s] Level 1:colcon.colcon_core.package_identification:_identify(src) by extensions ['ignore', 'ignore_ament_install']
[0.773s] Level 1:colcon.colcon_core.package_identification:_identify(src) by extension 'ignore'
[0.773s] Level 1:colcon.colcon_core.package_identification:_identify(src) by extension 'ignore_ament_install'
[0.773s] Level 1:colcon.colcon_core.package_identification:_identify(src) by extensions ['colcon_pkg']
[0.774s] Level 1:colcon.colcon_core.package_identification:_identify(src) by extension 'colcon_pkg'
[0.774s] Level 1:colcon.colcon_core.package_identification:_identify(src) by extensions ['colcon_meta']
[0.774s] Level 1:colcon.colcon_core.package_identification:_identify(src) by extension 'colcon_meta'
[0.774s] Level 1:colcon.colcon_core.package_identification:_identify(src) by extensions ['ros']
[0.774s] Level 1:colcon.colcon_core.package_identification:_identify(src) by extension 'ros'
[0.774s] Level 1:colcon.colcon_core.package_identification:_identify(src) by extensions ['cmake', 'python']
[0.774s] Level 1:colcon.colcon_core.package_identification:_identify(src) by extension 'cmake'
[0.774s] Level 1:colcon.colcon_core.package_identification:_identify(src) by extension 'python'
[0.774s] Level 1:colcon.colcon_core.package_identification:_identify(src) by extensions ['python_setup_py']
[0.774s] Level 1:colcon.colcon_core.package_identification:_identify(src) by extension 'python_setup_py'
[0.774s] Level 1:colcon.colcon_core.package_identification:_identify(src/b4_package) by extensions ['ignore', 'ignore_ament_install']
[0.775s] Level 1:colcon.colcon_core.package_identification:_identify(src/b4_package) by extension 'ignore'
[0.775s] Level 1:colcon.colcon_core.package_identification:_identify(src/b4_package) by extension 'ignore_ament_install'
[0.775s] Level 1:colcon.colcon_core.package_identification:_identify(src/b4_package) by extensions ['colcon_pkg']
[0.775s] Level 1:colcon.colcon_core.package_identification:_identify(src/b4_package) by extension 'colcon_pkg'
[0.775s] Level 1:colcon.colcon_core.package_identification:_identify(src/b4_package) by extensions ['colcon_meta']
[0.775s] Level 1:colcon.colcon_core.package_identification:_identify(src/b4_package) by extension 'colcon_meta'
[0.775s] Level 1:colcon.colcon_core.package_identification:_identify(src/b4_package) by extensions ['ros']
[0.775s] Level 1:colcon.colcon_core.package_identification:_identify(src/b4_package) by extension 'ros'
[0.781s] DEBUG:colcon.colcon_core.package_identification:Package 'src/b4_package' with type 'ros.ament_python' and name 'b4_package'
[0.782s] Level 1:colcon.colcon_core.package_identification:_identify(src/build) by extensions ['ignore', 'ignore_ament_install']
[0.782s] Level 1:colcon.colcon_core.package_identification:_identify(src/build) by extension 'ignore'
[0.782s] Level 1:colcon.colcon_core.package_identification:_identify(src/build) by extension 'ignore_ament_install'
[0.783s] Level 1:colcon.colcon_core.package_identification:_identify(src/build) by extensions ['colcon_pkg']
[0.783s] Level 1:colcon.colcon_core.package_identification:_identify(src/build) by extension 'colcon_pkg'
[0.783s] Level 1:colcon.colcon_core.package_identification:_identify(src/build) by extensions ['colcon_meta']
[0.783s] Level 1:colcon.colcon_core.package_identification:_identify(src/build) by extension 'colcon_meta'
[0.783s] Level 1:colcon.colcon_core.package_identification:_identify(src/build) by extensions ['ros']
[0.783s] Level 1:colcon.colcon_core.package_identification:_identify(src/build) by extension 'ros'
[0.783s] Level 1:colcon.colcon_core.package_identification:_identify(src/build) by extensions ['cmake', 'python']
[0.783s] Level 1:colcon.colcon_core.package_identification:_identify(src/build) by extension 'cmake'
[0.783s] Level 1:colcon.colcon_core.package_identification:_identify(src/build) by extension 'python'
[0.783s] Level 1:colcon.colcon_core.package_identification:_identify(src/build) by extensions ['python_setup_py']
[0.783s] Level 1:colcon.colcon_core.package_identification:_identify(src/build) by extension 'python_setup_py'
[0.784s] Level 1:colcon.colcon_core.package_identification:_identify(src/build/b4_package) by extensions ['ignore', 'ignore_ament_install']
[0.784s] Level 1:colcon.colcon_core.package_identification:_identify(src/build/b4_package) by extension 'ignore'
[0.784s] Level 1:colcon.colcon_core.package_identification:_identify(src/build/b4_package) by extension 'ignore_ament_install'
[0.784s] Level 1:colcon.colcon_core.package_identification:_identify(src/build/b4_package) by extensions ['colcon_pkg']
[0.784s] Level 1:colcon.colcon_core.package_identification:_identify(src/build/b4_package) by extension 'colcon_pkg'
[0.784s] Level 1:colcon.colcon_core.package_identification:_identify(src/build/b4_package) by extensions ['colcon_meta']
[0.784s] Level 1:colcon.colcon_core.package_identification:_identify(src/build/b4_package) by extension 'colcon_meta'
[0.785s] Level 1:colcon.colcon_core.package_identification:_identify(src/build/b4_package) by extensions ['ros']
[0.785s] Level 1:colcon.colcon_core.package_identification:_identify(src/build/b4_package) by extension 'ros'
[0.785s] Level 1:colcon.colcon_core.package_identification:_identify(src/build/b4_package) by extensions ['cmake', 'python']
[0.785s] Level 1:colcon.colcon_core.package_identification:_identify(src/build/b4_package) by extension 'cmake'
[0.785s] Level 1:colcon.colcon_core.package_identification:_identify(src/build/b4_package) by extension 'python'
[0.785s] Level 1:colcon.colcon_core.package_identification:_identify(src/build/b4_package) by extensions ['python_setup_py']
[0.785s] Level 1:colcon.colcon_core.package_identification:_identify(src/build/b4_package) by extension 'python_setup_py'
[0.785s] Level 1:colcon.colcon_core.package_identification:_identify(src/build/b4_package/build) by extensions ['ignore', 'ignore_ament_install']
[0.786s] Level 1:colcon.colcon_core.package_identification:_identify(src/build/b4_package/build) by extension 'ignore'
[0.786s] Level 1:colcon.colcon_core.package_identification:_identify(src/build/b4_package/build) by extension 'ignore_ament_install'
[0.786s] Level 1:colcon.colcon_core.package_identification:_identify(src/build/b4_package/build) by extensions ['colcon_pkg']
[0.786s] Level 1:colcon.colcon_core.package_identification:_identify(src/build/b4_package/build) by extension 'colcon_pkg'
[0.786s] Level 1:colcon.colcon_core.package_identification:_identify(src/build/b4_package/build) by extensions ['colcon_meta']
[0.786s] Level 1:colcon.colcon_core.package_identification:_identify(src/build/b4_package/build) by extension 'colcon_meta'
[0.786s] Level 1:colcon.colcon_core.package_identification:_identify(src/build/b4_package/build) by extensions ['ros']
[0.786s] Level 1:colcon.colcon_core.package_identification:_identify(src/build/b4_package/build) by extension 'ros'
[0.786s] Level 1:colcon.colcon_core.package_identification:_identify(src/build/b4_package/build) by extensions ['cmake', 'python']
[0.786s] Level 1:colcon.colcon_core.package_identification:_identify(src/build/b4_package/build) by extension 'cmake'
[0.787s] Level 1:colcon.colcon_core.package_identification:_identify(src/build/b4_package/build) by extension 'python'
[0.787s] Level 1:colcon.colcon_core.package_identification:_identify(src/build/b4_package/build) by extensions ['python_setup_py']
[0.787s] Level 1:colcon.colcon_core.package_identification:_identify(src/build/b4_package/build) by extension 'python_setup_py'
[0.787s] Level 1:colcon.colcon_core.package_identification:_identify(src/build/b4_package/build/lib) by extensions ['ignore', 'ignore_ament_install']
[0.787s] Level 1:colcon.colcon_core.package_identification:_identify(src/build/b4_package/build/lib) by extension 'ignore'
[0.788s] Level 1:colcon.colcon_core.package_identification:_identify(src/build/b4_package/build/lib) by extension 'ignore_ament_install'
[0.788s] Level 1:colcon.colcon_core.package_identification:_identify(src/build/b4_package/build/lib) by extensions ['colcon_pkg']
[0.788s] Level 1:colcon.colcon_core.package_identification:_identify(src/build/b4_package/build/lib) by extension 'colcon_pkg'
[0.788s] Level 1:colcon.colcon_core.package_identification:_identify(src/build/b4_package/build/lib) by extensions ['colcon_meta']
[0.788s] Level 1:colcon.colcon_core.package_identification:_identify(src/build/b4_package/build/lib) by extension 'colcon_meta'
[0.788s] Level 1:colcon.colcon_core.package_identification:_identify(src/build/b4_package/build/lib) by extensions ['ros']
[0.788s] Level 1:colcon.colcon_core.package_identification:_identify(src/build/b4_package/build/lib) by extension 'ros'
[0.788s] Level 1:colcon.colcon_core.package_identification:_identify(src/build/b4_package/build/lib) by extensions ['cmake', 'python']
[0.788s] Level 1:colcon.colcon_core.package_identification:_identify(src/build/b4_package/build/lib) by extension 'cmake'
[0.788s] Level 1:colcon.colcon_core.package_identification:_identify(src/build/b4_package/build/lib) by extension 'python'
[0.788s] Level 1:colcon.colcon_core.package_identification:_identify(src/build/b4_package/build/lib) by extensions ['python_setup_py']
[0.788s] Level 1:colcon.colcon_core.package_identification:_identify(src/build/b4_package/build/lib) by extension 'python_setup_py'
[0.789s] Level 1:colcon.colcon_core.package_identification:_identify(src/build/b4_package/build/lib/b4_package) by extensions ['ignore', 'ignore_ament_install']
[0.789s] Level 1:colcon.colcon_core.package_identification:_identify(src/build/b4_package/build/lib/b4_package) by extension 'ignore'
[0.789s] Level 1:colcon.colcon_core.package_identification:_identify(src/build/b4_package/build/lib/b4_package) by extension 'ignore_ament_install'
[0.789s] Level 1:colcon.colcon_core.package_identification:_identify(src/build/b4_package/build/lib/b4_package) by extensions ['colcon_pkg']
[0.789s] Level 1:colcon.colcon_core.package_identification:_identify(src/build/b4_package/build/lib/b4_package) by extension 'colcon_pkg'
[0.789s] Level 1:colcon.colcon_core.package_identification:_identify(src/build/b4_package/build/lib/b4_package) by extensions ['colcon_meta']
[0.789s] Level 1:colcon.colcon_core.package_identification:_identify(src/build/b4_package/build/lib/b4_package) by extension 'colcon_meta'
[0.789s] Level 1:colcon.colcon_core.package_identification:_identify(src/build/b4_package/build/lib/b4_package) by extensions ['ros']
[0.790s] Level 1:colcon.colcon_core.package_identification:_identify(src/build/b4_package/build/lib/b4_package) by extension 'ros'
[0.790s] Level 1:colcon.colcon_core.package_identification:_identify(src/build/b4_package/build/lib/b4_package) by extensions ['cmake', 'python']
[0.790s] Level 1:colcon.colcon_core.package_identification:_identify(src/build/b4_package/build/lib/b4_package) by extension 'cmake'
[0.790s] Level 1:colcon.colcon_core.package_identification:_identify(src/build/b4_package/build/lib/b4_package) by extension 'python'
[0.790s] Level 1:colcon.colcon_core.package_identification:_identify(src/build/b4_package/build/lib/b4_package) by extensions ['python_setup_py']
[0.790s] Level 1:colcon.colcon_core.package_identification:_identify(src/build/b4_package/build/lib/b4_package) by extension 'python_setup_py'
[0.790s] Level 1:colcon.colcon_core.package_identification:_identify(src/install) by extensions ['ignore', 'ignore_ament_install']
[0.790s] Level 1:colcon.colcon_core.package_identification:_identify(src/install) by extension 'ignore'
[0.790s] Level 1:colcon.colcon_core.package_identification:_identify(src/install) by extension 'ignore_ament_install'
[0.791s] Level 1:colcon.colcon_core.package_identification:_identify(src/install) by extensions ['colcon_pkg']
[0.791s] Level 1:colcon.colcon_core.package_identification:_identify(src/install) by extension 'colcon_pkg'
[0.791s] Level 1:colcon.colcon_core.package_identification:_identify(src/install) by extensions ['colcon_meta']
[0.791s] Level 1:colcon.colcon_core.package_identification:_identify(src/install) by extension 'colcon_meta'
[0.791s] Level 1:colcon.colcon_core.package_identification:_identify(src/install) by extensions ['ros']
[0.791s] Level 1:colcon.colcon_core.package_identification:_identify(src/install) by extension 'ros'
[0.791s] Level 1:colcon.colcon_core.package_identification:_identify(src/install) by extensions ['cmake', 'python']
[0.791s] Level 1:colcon.colcon_core.package_identification:_identify(src/install) by extension 'cmake'
[0.791s] Level 1:colcon.colcon_core.package_identification:_identify(src/install) by extension 'python'
[0.791s] Level 1:colcon.colcon_core.package_identification:_identify(src/install) by extensions ['python_setup_py']
[0.791s] Level 1:colcon.colcon_core.package_identification:_identify(src/install) by extension 'python_setup_py'
[0.792s] Level 1:colcon.colcon_core.package_identification:_identify(src/install/b4_package) by extensions ['ignore', 'ignore_ament_install']
[0.792s] Level 1:colcon.colcon_core.package_identification:_identify(src/install/b4_package) by extension 'ignore'
[0.792s] Level 1:colcon.colcon_core.package_identification:_identify(src/install/b4_package) by extension 'ignore_ament_install'
[0.792s] Level 1:colcon.colcon_core.package_identification:_identify(src/install/b4_package) by extensions ['colcon_pkg']
[0.792s] Level 1:colcon.colcon_core.package_identification:_identify(src/install/b4_package) by extension 'colcon_pkg'
[0.792s] Level 1:colcon.colcon_core.package_identification:_identify(src/install/b4_package) by extensions ['colcon_meta']
[0.792s] Level 1:colcon.colcon_core.package_identification:_identify(src/install/b4_package) by extension 'colcon_meta'
[0.792s] Level 1:colcon.colcon_core.package_identification:_identify(src/install/b4_package) by extensions ['ros']
[0.792s] Level 1:colcon.colcon_core.package_identification:_identify(src/install/b4_package) by extension 'ros'
[0.793s] Level 1:colcon.colcon_core.package_identification:_identify(src/install/b4_package) by extensions ['cmake', 'python']
[0.793s] Level 1:colcon.colcon_core.package_identification:_identify(src/install/b4_package) by extension 'cmake'
[0.793s] Level 1:colcon.colcon_core.package_identification:_identify(src/install/b4_package) by extension 'python'
[0.793s] Level 1:colcon.colcon_core.package_identification:_identify(src/install/b4_package) by extensions ['python_setup_py']
[0.793s] Level 1:colcon.colcon_core.package_identification:_identify(src/install/b4_package) by extension 'python_setup_py'
[0.793s] Level 1:colcon.colcon_core.package_identification:_identify(src/install/b4_package/lib) by extensions ['ignore', 'ignore_ament_install']
[0.793s] Level 1:colcon.colcon_core.package_identification:_identify(src/install/b4_package/lib) by extension 'ignore'
[0.793s] Level 1:colcon.colcon_core.package_identification:_identify(src/install/b4_package/lib) by extension 'ignore_ament_install'
[0.793s] Level 1:colcon.colcon_core.package_identification:_identify(src/install/b4_package/lib) by extensions ['colcon_pkg']
[0.793s] Level 1:colcon.colcon_core.package_identification:_identify(src/install/b4_package/lib) by extension 'colcon_pkg'
[0.794s] Level 1:colcon.colcon_core.package_identification:_identify(src/install/b4_package/lib) by extensions ['colcon_meta']
[0.794s] Level 1:colcon.colcon_core.package_identification:_identify(src/install/b4_package/lib) by extension 'colcon_meta'
[0.794s] Level 1:colcon.colcon_core.package_identification:_identify(src/install/b4_package/lib) by extensions ['ros']
[0.794s] Level 1:colcon.colcon_core.package_identification:_identify(src/install/b4_package/lib) by extension 'ros'
[0.794s] Level 1:colcon.colcon_core.package_identification:_identify(src/install/b4_package/lib) by extensions ['cmake', 'python']
[0.794s] Level 1:colcon.colcon_core.package_identification:_identify(src/install/b4_package/lib) by extension 'cmake'
[0.794s] Level 1:colcon.colcon_core.package_identification:_identify(src/install/b4_package/lib) by extension 'python'
[0.794s] Level 1:colcon.colcon_core.package_identification:_identify(src/install/b4_package/lib) by extensions ['python_setup_py']
[0.794s] Level 1:colcon.colcon_core.package_identification:_identify(src/install/b4_package/lib) by extension 'python_setup_py'
[0.794s] Level 1:colcon.colcon_core.package_identification:_identify(src/install/b4_package/lib/b4_package) by extensions ['ignore', 'ignore_ament_install']
[0.795s] Level 1:colcon.colcon_core.package_identification:_identify(src/install/b4_package/lib/b4_package) by extension 'ignore'
[0.795s] Level 1:colcon.colcon_core.package_identification:_identify(src/install/b4_package/lib/b4_package) by extension 'ignore_ament_install'
[0.795s] Level 1:colcon.colcon_core.package_identification:_identify(src/install/b4_package/lib/b4_package) by extensions ['colcon_pkg']
[0.795s] Level 1:colcon.colcon_core.package_identification:_identify(src/install/b4_package/lib/b4_package) by extension 'colcon_pkg'
[0.795s] Level 1:colcon.colcon_core.package_identification:_identify(src/install/b4_package/lib/b4_package) by extensions ['colcon_meta']
[0.795s] Level 1:colcon.colcon_core.package_identification:_identify(src/install/b4_package/lib/b4_package) by extension 'colcon_meta'
[0.795s] Level 1:colcon.colcon_core.package_identification:_identify(src/install/b4_package/lib/b4_package) by extensions ['ros']
[0.795s] Level 1:colcon.colcon_core.package_identification:_identify(src/install/b4_package/lib/b4_package) by extension 'ros'
[0.795s] Level 1:colcon.colcon_core.package_identification:_identify(src/install/b4_package/lib/b4_package) by extensions ['cmake', 'python']
[0.795s] Level 1:colcon.colcon_core.package_identification:_identify(src/install/b4_package/lib/b4_package) by extension 'cmake'
[0.795s] Level 1:colcon.colcon_core.package_identification:_identify(src/install/b4_package/lib/b4_package) by extension 'python'
[0.796s] Level 1:colcon.colcon_core.package_identification:_identify(src/install/b4_package/lib/b4_package) by extensions ['python_setup_py']
[0.796s] Level 1:colcon.colcon_core.package_identification:_identify(src/install/b4_package/lib/b4_package) by extension 'python_setup_py'
[0.796s] Level 1:colcon.colcon_core.package_identification:_identify(src/install/b4_package/lib/python3.10) by extensions ['ignore', 'ignore_ament_install']
[0.796s] Level 1:colcon.colcon_core.package_identification:_identify(src/install/b4_package/lib/python3.10) by extension 'ignore'
[0.796s] Level 1:colcon.colcon_core.package_identification:_identify(src/install/b4_package/lib/python3.10) by extension 'ignore_ament_install'
[0.796s] Level 1:colcon.colcon_core.package_identification:_identify(src/install/b4_package/lib/python3.10) by extensions ['colcon_pkg']
[0.796s] Level 1:colcon.colcon_core.package_identification:_identify(src/install/b4_package/lib/python3.10) by extension 'colcon_pkg'
[0.796s] Level 1:colcon.colcon_core.package_identification:_identify(src/install/b4_package/lib/python3.10) by extensions ['colcon_meta']
[0.796s] Level 1:colcon.colcon_core.package_identification:_identify(src/install/b4_package/lib/python3.10) by extension 'colcon_meta'
[0.796s] Level 1:colcon.colcon_core.package_identification:_identify(src/install/b4_package/lib/python3.10) by extensions ['ros']
[0.797s] Level 1:colcon.colcon_core.package_identification:_identify(src/install/b4_package/lib/python3.10) by extension 'ros'
[0.797s] Level 1:colcon.colcon_core.package_identification:_identify(src/install/b4_package/lib/python3.10) by extensions ['cmake', 'python']
[0.797s] Level 1:colcon.colcon_core.package_identification:_identify(src/install/b4_package/lib/python3.10) by extension 'cmake'
[0.797s] Level 1:colcon.colcon_core.package_identification:_identify(src/install/b4_package/lib/python3.10) by extension 'python'
[0.797s] Level 1:colcon.colcon_core.package_identification:_identify(src/install/b4_package/lib/python3.10) by extensions ['python_setup_py']
[0.797s] Level 1:colcon.colcon_core.package_identification:_identify(src/install/b4_package/lib/python3.10) by extension 'python_setup_py'
[0.797s] Level 1:colcon.colcon_core.package_identification:_identify(src/install/b4_package/lib/python3.10/site-packages) by extensions ['ignore', 'ignore_ament_install']
[0.797s] Level 1:colcon.colcon_core.package_identification:_identify(src/install/b4_package/lib/python3.10/site-packages) by extension 'ignore'
[0.797s] Level 1:colcon.colcon_core.package_identification:_identify(src/install/b4_package/lib/python3.10/site-packages) by extension 'ignore_ament_install'
[0.798s] Level 1:colcon.colcon_core.package_identification:_identify(src/install/b4_package/lib/python3.10/site-packages) by extensions ['colcon_pkg']
[0.798s] Level 1:colcon.colcon_core.package_identification:_identify(src/install/b4_package/lib/python3.10/site-packages) by extension 'colcon_pkg'
[0.798s] Level 1:colcon.colcon_core.package_identification:_identify(src/install/b4_package/lib/python3.10/site-packages) by extensions ['colcon_meta']
[0.798s] Level 1:colcon.colcon_core.package_identification:_identify(src/install/b4_package/lib/python3.10/site-packages) by extension 'colcon_meta'
[0.798s] Level 1:colcon.colcon_core.package_identification:_identify(src/install/b4_package/lib/python3.10/site-packages) by extensions ['ros']
[0.798s] Level 1:colcon.colcon_core.package_identification:_identify(src/install/b4_package/lib/python3.10/site-packages) by extension 'ros'
[0.798s] Level 1:colcon.colcon_core.package_identification:_identify(src/install/b4_package/lib/python3.10/site-packages) by extensions ['cmake', 'python']
[0.798s] Level 1:colcon.colcon_core.package_identification:_identify(src/install/b4_package/lib/python3.10/site-packages) by extension 'cmake'
[0.798s] Level 1:colcon.colcon_core.package_identification:_identify(src/install/b4_package/lib/python3.10/site-packages) by extension 'python'
[0.798s] Level 1:colcon.colcon_core.package_identification:_identify(src/install/b4_package/lib/python3.10/site-packages) by extensions ['python_setup_py']
[0.798s] Level 1:colcon.colcon_core.package_identification:_identify(src/install/b4_package/lib/python3.10/site-packages) by extension 'python_setup_py'
[0.799s] Level 1:colcon.colcon_core.package_identification:_identify(src/install/b4_package/lib/python3.10/site-packages/b4_package) by extensions ['ignore', 'ignore_ament_install']
[0.799s] Level 1:colcon.colcon_core.package_identification:_identify(src/install/b4_package/lib/python3.10/site-packages/b4_package) by extension 'ignore'
[0.799s] Level 1:colcon.colcon_core.package_identification:_identify(src/install/b4_package/lib/python3.10/site-packages/b4_package) by extension 'ignore_ament_install'
[0.799s] Level 1:colcon.colcon_core.package_identification:_identify(src/install/b4_package/lib/python3.10/site-packages/b4_package) by extensions ['colcon_pkg']
[0.799s] Level 1:colcon.colcon_core.package_identification:_identify(src/install/b4_package/lib/python3.10/site-packages/b4_package) by extension 'colcon_pkg'
[0.799s] Level 1:colcon.colcon_core.package_identification:_identify(src/install/b4_package/lib/python3.10/site-packages/b4_package) by extensions ['colcon_meta']
[0.799s] Level 1:colcon.colcon_core.package_identification:_identify(src/install/b4_package/lib/python3.10/site-packages/b4_package) by extension 'colcon_meta'
[0.799s] Level 1:colcon.colcon_core.package_identification:_identify(src/install/b4_package/lib/python3.10/site-packages/b4_package) by extensions ['ros']
[0.799s] Level 1:colcon.colcon_core.package_identification:_identify(src/install/b4_package/lib/python3.10/site-packages/b4_package) by extension 'ros'
[0.799s] Level 1:colcon.colcon_core.package_identification:_identify(src/install/b4_package/lib/python3.10/site-packages/b4_package) by extensions ['cmake', 'python']
[0.800s] Level 1:colcon.colcon_core.package_identification:_identify(src/install/b4_package/lib/python3.10/site-packages/b4_package) by extension 'cmake'
[0.800s] Level 1:colcon.colcon_core.package_identification:_identify(src/install/b4_package/lib/python3.10/site-packages/b4_package) by extension 'python'
[0.800s] Level 1:colcon.colcon_core.package_identification:_identify(src/install/b4_package/lib/python3.10/site-packages/b4_package) by extensions ['python_setup_py']
[0.800s] Level 1:colcon.colcon_core.package_identification:_identify(src/install/b4_package/lib/python3.10/site-packages/b4_package) by extension 'python_setup_py'
[0.800s] Level 1:colcon.colcon_core.package_identification:_identify(src/install/b4_package/lib/python3.10/site-packages/b4_package/__pycache__) by extensions ['ignore', 'ignore_ament_install']
[0.800s] Level 1:colcon.colcon_core.package_identification:_identify(src/install/b4_package/lib/python3.10/site-packages/b4_package/__pycache__) by extension 'ignore'
[0.800s] Level 1:colcon.colcon_core.package_identification:_identify(src/install/b4_package/lib/python3.10/site-packages/b4_package/__pycache__) by extension 'ignore_ament_install'
[0.800s] Level 1:colcon.colcon_core.package_identification:_identify(src/install/b4_package/lib/python3.10/site-packages/b4_package/__pycache__) by extensions ['colcon_pkg']
[0.800s] Level 1:colcon.colcon_core.package_identification:_identify(src/install/b4_package/lib/python3.10/site-packages/b4_package/__pycache__) by extension 'colcon_pkg'
[0.801s] Level 1:colcon.colcon_core.package_identification:_identify(src/install/b4_package/lib/python3.10/site-packages/b4_package/__pycache__) by extensions ['colcon_meta']
[0.801s] Level 1:colcon.colcon_core.package_identification:_identify(src/install/b4_package/lib/python3.10/site-packages/b4_package/__pycache__) by extension 'colcon_meta'
[0.801s] Level 1:colcon.colcon_core.package_identification:_identify(src/install/b4_package/lib/python3.10/site-packages/b4_package/__pycache__) by extensions ['ros']
[0.801s] Level 1:colcon.colcon_core.package_identification:_identify(src/install/b4_package/lib/python3.10/site-packages/b4_package/__pycache__) by extension 'ros'
[0.801s] Level 1:colcon.colcon_core.package_identification:_identify(src/install/b4_package/lib/python3.10/site-packages/b4_package/__pycache__) by extensions ['cmake', 'python']
[0.801s] Level 1:colcon.colcon_core.package_identification:_identify(src/install/b4_package/lib/python3.10/site-packages/b4_package/__pycache__) by extension 'cmake'
[0.801s] Level 1:colcon.colcon_core.package_identification:_identify(src/install/b4_package/lib/python3.10/site-packages/b4_package/__pycache__) by extension 'python'
[0.801s] Level 1:colcon.colcon_core.package_identification:_identify(src/install/b4_package/lib/python3.10/site-packages/b4_package/__pycache__) by extensions ['python_setup_py']
[0.801s] Level 1:colcon.colcon_core.package_identification:_identify(src/install/b4_package/lib/python3.10/site-packages/b4_package/__pycache__) by extension 'python_setup_py'
[0.801s] Level 1:colcon.colcon_core.package_identification:_identify(src/install/b4_package/share) by extensions ['ignore', 'ignore_ament_install']
[0.802s] Level 1:colcon.colcon_core.package_identification:_identify(src/install/b4_package/share) by extension 'ignore'
[0.802s] Level 1:colcon.colcon_core.package_identification:_identify(src/install/b4_package/share) by extension 'ignore_ament_install'
[0.802s] Level 1:colcon.colcon_core.package_identification:_identify(src/install/b4_package/share) by extensions ['colcon_pkg']
[0.802s] Level 1:colcon.colcon_core.package_identification:_identify(src/install/b4_package/share) by extension 'colcon_pkg'
[0.802s] Level 1:colcon.colcon_core.package_identification:_identify(src/install/b4_package/share) by extensions ['colcon_meta']
[0.802s] Level 1:colcon.colcon_core.package_identification:_identify(src/install/b4_package/share) by extension 'colcon_meta'
[0.802s] Level 1:colcon.colcon_core.package_identification:_identify(src/install/b4_package/share) by extensions ['ros']
[0.802s] Level 1:colcon.colcon_core.package_identification:_identify(src/install/b4_package/share) by extension 'ros'
[0.802s] Level 1:colcon.colcon_core.package_identification:_identify(src/install/b4_package/share) by extensions ['cmake', 'python']
[0.802s] Level 1:colcon.colcon_core.package_identification:_identify(src/install/b4_package/share) by extension 'cmake'
[0.803s] Level 1:colcon.colcon_core.package_identification:_identify(src/install/b4_package/share) by extension 'python'
[0.803s] Level 1:colcon.colcon_core.package_identification:_identify(src/install/b4_package/share) by extensions ['python_setup_py']
[0.803s] Level 1:colcon.colcon_core.package_identification:_identify(src/install/b4_package/share) by extension 'python_setup_py'
[0.803s] Level 1:colcon.colcon_core.package_identification:_identify(src/install/b4_package/share/b4_package) by extensions ['ignore', 'ignore_ament_install']
[0.803s] Level 1:colcon.colcon_core.package_identification:_identify(src/install/b4_package/share/b4_package) by extension 'ignore'
[0.803s] Level 1:colcon.colcon_core.package_identification:_identify(src/install/b4_package/share/b4_package) by extension 'ignore_ament_install'
[0.803s] Level 1:colcon.colcon_core.package_identification:_identify(src/install/b4_package/share/b4_package) by extensions ['colcon_pkg']
[0.803s] Level 1:colcon.colcon_core.package_identification:_identify(src/install/b4_package/share/b4_package) by extension 'colcon_pkg'
[0.803s] Level 1:colcon.colcon_core.package_identification:_identify(src/install/b4_package/share/b4_package) by extensions ['colcon_meta']
[0.803s] Level 1:colcon.colcon_core.package_identification:_identify(src/install/b4_package/share/b4_package) by extension 'colcon_meta'
[0.804s] Level 1:colcon.colcon_core.package_identification:_identify(src/install/b4_package/share/b4_package) by extensions ['ros']
[0.804s] Level 1:colcon.colcon_core.package_identification:_identify(src/install/b4_package/share/b4_package) by extension 'ros'
[0.804s] Level 1:colcon.colcon_core.package_identification:_identify(src/install/b4_package/share/b4_package) by extensions ['cmake', 'python']
[0.804s] Level 1:colcon.colcon_core.package_identification:_identify(src/install/b4_package/share/b4_package) by extension 'cmake'
[0.804s] Level 1:colcon.colcon_core.package_identification:_identify(src/install/b4_package/share/b4_package) by extension 'python'
[0.804s] Level 1:colcon.colcon_core.package_identification:_identify(src/install/b4_package/share/b4_package) by extensions ['python_setup_py']
[0.804s] Level 1:colcon.colcon_core.package_identification:_identify(src/install/b4_package/share/b4_package) by extension 'python_setup_py'
[0.804s] Level 1:colcon.colcon_core.package_identification:_identify(src/install/b4_package/share/b4_package/hook) by extensions ['ignore', 'ignore_ament_install']
[0.805s] Level 1:colcon.colcon_core.package_identification:_identify(src/install/b4_package/share/b4_package/hook) by extension 'ignore'
[0.805s] Level 1:colcon.colcon_core.package_identification:_identify(src/install/b4_package/share/b4_package/hook) by extension 'ignore_ament_install'
[0.805s] Level 1:colcon.colcon_core.package_identification:_identify(src/install/b4_package/share/b4_package/hook) by extensions ['colcon_pkg']
[0.805s] Level 1:colcon.colcon_core.package_identification:_identify(src/install/b4_package/share/b4_package/hook) by extension 'colcon_pkg'
[0.805s] Level 1:colcon.colcon_core.package_identification:_identify(src/install/b4_package/share/b4_package/hook) by extensions ['colcon_meta']
[0.805s] Level 1:colcon.colcon_core.package_identification:_identify(src/install/b4_package/share/b4_package/hook) by extension 'colcon_meta'
[0.805s] Level 1:colcon.colcon_core.package_identification:_identify(src/install/b4_package/share/b4_package/hook) by extensions ['ros']
[0.805s] Level 1:colcon.colcon_core.package_identification:_identify(src/install/b4_package/share/b4_package/hook) by extension 'ros'
[0.805s] Level 1:colcon.colcon_core.package_identification:_identify(src/install/b4_package/share/b4_package/hook) by extensions ['cmake', 'python']
[0.805s] Level 1:colcon.colcon_core.package_identification:_identify(src/install/b4_package/share/b4_package/hook) by extension 'cmake'
[0.805s] Level 1:colcon.colcon_core.package_identification:_identify(src/install/b4_package/share/b4_package/hook) by extension 'python'
[0.806s] Level 1:colcon.colcon_core.package_identification:_identify(src/install/b4_package/share/b4_package/hook) by extensions ['python_setup_py']
[0.806s] Level 1:colcon.colcon_core.package_identification:_identify(src/install/b4_package/share/b4_package/hook) by extension 'python_setup_py'
[0.806s] Level 1:colcon.colcon_core.package_identification:_identify(src/log) by extensions ['ignore', 'ignore_ament_install']
[0.806s] Level 1:colcon.colcon_core.package_identification:_identify(src/log) by extension 'ignore'
[0.806s] Level 1:colcon.colcon_core.package_identification:_identify(src/log) by extension 'ignore_ament_install'
[0.806s] Level 1:colcon.colcon_core.package_identification:_identify(src/log) by extensions ['colcon_pkg']
[0.806s] Level 1:colcon.colcon_core.package_identification:_identify(src/log) by extension 'colcon_pkg'
[0.806s] Level 1:colcon.colcon_core.package_identification:_identify(src/log) by extensions ['colcon_meta']
[0.806s] Level 1:colcon.colcon_core.package_identification:_identify(src/log) by extension 'colcon_meta'
[0.807s] Level 1:colcon.colcon_core.package_identification:_identify(src/log) by extensions ['ros']
[0.807s] Level 1:colcon.colcon_core.package_identification:_identify(src/log) by extension 'ros'
[0.807s] Level 1:colcon.colcon_core.package_identification:_identify(src/log) by extensions ['cmake', 'python']
[0.807s] Level 1:colcon.colcon_core.package_identification:_identify(src/log) by extension 'cmake'
[0.807s] Level 1:colcon.colcon_core.package_identification:_identify(src/log) by extension 'python'
[0.807s] Level 1:colcon.colcon_core.package_identification:_identify(src/log) by extensions ['python_setup_py']
[0.807s] Level 1:colcon.colcon_core.package_identification:_identify(src/log) by extension 'python_setup_py'
[0.807s] Level 1:colcon.colcon_core.package_identification:_identify(src/log/build_2024-11-13_19-54-52) by extensions ['ignore', 'ignore_ament_install']
[0.807s] Level 1:colcon.colcon_core.package_identification:_identify(src/log/build_2024-11-13_19-54-52) by extension 'ignore'
[0.808s] Level 1:colcon.colcon_core.package_identification:_identify(src/log/build_2024-11-13_19-54-52) by extension 'ignore_ament_install'
[0.808s] Level 1:colcon.colcon_core.package_identification:_identify(src/log/build_2024-11-13_19-54-52) by extensions ['colcon_pkg']
[0.808s] Level 1:colcon.colcon_core.package_identification:_identify(src/log/build_2024-11-13_19-54-52) by extension 'colcon_pkg'
[0.808s] Level 1:colcon.colcon_core.package_identification:_identify(src/log/build_2024-11-13_19-54-52) by extensions ['colcon_meta']
[0.808s] Level 1:colcon.colcon_core.package_identification:_identify(src/log/build_2024-11-13_19-54-52) by extension 'colcon_meta'
[0.808s] Level 1:colcon.colcon_core.package_identification:_identify(src/log/build_2024-11-13_19-54-52) by extensions ['ros']
[0.808s] Level 1:colcon.colcon_core.package_identification:_identify(src/log/build_2024-11-13_19-54-52) by extension 'ros'
[0.808s] Level 1:colcon.colcon_core.package_identification:_identify(src/log/build_2024-11-13_19-54-52) by extensions ['cmake', 'python']
[0.808s] Level 1:colcon.colcon_core.package_identification:_identify(src/log/build_2024-11-13_19-54-52) by extension 'cmake'
[0.808s] Level 1:colcon.colcon_core.package_identification:_identify(src/log/build_2024-11-13_19-54-52) by extension 'python'
[0.808s] Level 1:colcon.colcon_core.package_identification:_identify(src/log/build_2024-11-13_19-54-52) by extensions ['python_setup_py']
[0.808s] Level 1:colcon.colcon_core.package_identification:_identify(src/log/build_2024-11-13_19-54-52) by extension 'python_setup_py'
[0.809s] Level 1:colcon.colcon_core.package_identification:_identify(src/log/build_2024-11-13_19-54-52/b4_package) by extensions ['ignore', 'ignore_ament_install']
[0.809s] Level 1:colcon.colcon_core.package_identification:_identify(src/log/build_2024-11-13_19-54-52/b4_package) by extension 'ignore'
[0.809s] Level 1:colcon.colcon_core.package_identification:_identify(src/log/build_2024-11-13_19-54-52/b4_package) by extension 'ignore_ament_install'
[0.809s] Level 1:colcon.colcon_core.package_identification:_identify(src/log/build_2024-11-13_19-54-52/b4_package) by extensions ['colcon_pkg']
[0.809s] Level 1:colcon.colcon_core.package_identification:_identify(src/log/build_2024-11-13_19-54-52/b4_package) by extension 'colcon_pkg'
[0.809s] Level 1:colcon.colcon_core.package_identification:_identify(src/log/build_2024-11-13_19-54-52/b4_package) by extensions ['colcon_meta']
[0.809s] Level 1:colcon.colcon_core.package_identification:_identify(src/log/build_2024-11-13_19-54-52/b4_package) by extension 'colcon_meta'
[0.809s] Level 1:colcon.colcon_core.package_identification:_identify(src/log/build_2024-11-13_19-54-52/b4_package) by extensions ['ros']
[0.809s] Level 1:colcon.colcon_core.package_identification:_identify(src/log/build_2024-11-13_19-54-52/b4_package) by extension 'ros'
[0.809s] Level 1:colcon.colcon_core.package_identification:_identify(src/log/build_2024-11-13_19-54-52/b4_package) by extensions ['cmake', 'python']
[0.810s] Level 1:colcon.colcon_core.package_identification:_identify(src/log/build_2024-11-13_19-54-52/b4_package) by extension 'cmake'
[0.810s] Level 1:colcon.colcon_core.package_identification:_identify(src/log/build_2024-11-13_19-54-52/b4_package) by extension 'python'
[0.810s] Level 1:colcon.colcon_core.package_identification:_identify(src/log/build_2024-11-13_19-54-52/b4_package) by extensions ['python_setup_py']
[0.810s] Level 1:colcon.colcon_core.package_identification:_identify(src/log/build_2024-11-13_19-54-52/b4_package) by extension 'python_setup_py'
[0.810s] Level 1:colcon.colcon_core.package_identification:_identify(src/log/build_2024-11-13_20-30-09) by extensions ['ignore', 'ignore_ament_install']
[0.810s] Level 1:colcon.colcon_core.package_identification:_identify(src/log/build_2024-11-13_20-30-09) by extension 'ignore'
[0.810s] Level 1:colcon.colcon_core.package_identification:_identify(src/log/build_2024-11-13_20-30-09) by extension 'ignore_ament_install'
[0.810s] Level 1:colcon.colcon_core.package_identification:_identify(src/log/build_2024-11-13_20-30-09) by extensions ['colcon_pkg']
[0.810s] Level 1:colcon.colcon_core.package_identification:_identify(src/log/build_2024-11-13_20-30-09) by extension 'colcon_pkg'
[0.810s] Level 1:colcon.colcon_core.package_identification:_identify(src/log/build_2024-11-13_20-30-09) by extensions ['colcon_meta']
[0.810s] Level 1:colcon.colcon_core.package_identification:_identify(src/log/build_2024-11-13_20-30-09) by extension 'colcon_meta'
[0.811s] Level 1:colcon.colcon_core.package_identification:_identify(src/log/build_2024-11-13_20-30-09) by extensions ['ros']
[0.811s] Level 1:colcon.colcon_core.package_identification:_identify(src/log/build_2024-11-13_20-30-09) by extension 'ros'
[0.811s] Level 1:colcon.colcon_core.package_identification:_identify(src/log/build_2024-11-13_20-30-09) by extensions ['cmake', 'python']
[0.811s] Level 1:colcon.colcon_core.package_identification:_identify(src/log/build_2024-11-13_20-30-09) by extension 'cmake'
[0.811s] Level 1:colcon.colcon_core.package_identification:_identify(src/log/build_2024-11-13_20-30-09) by extension 'python'
[0.811s] Level 1:colcon.colcon_core.package_identification:_identify(src/log/build_2024-11-13_20-30-09) by extensions ['python_setup_py']
[0.811s] Level 1:colcon.colcon_core.package_identification:_identify(src/log/build_2024-11-13_20-30-09) by extension 'python_setup_py'
[0.811s] Level 1:colcon.colcon_core.package_identification:_identify(src/log/build_2024-11-13_20-30-09/b4_package) by extensions ['ignore', 'ignore_ament_install']
[0.811s] Level 1:colcon.colcon_core.package_identification:_identify(src/log/build_2024-11-13_20-30-09/b4_package) by extension 'ignore'
[0.811s] Level 1:colcon.colcon_core.package_identification:_identify(src/log/build_2024-11-13_20-30-09/b4_package) by extension 'ignore_ament_install'
[0.812s] Level 1:colcon.colcon_core.package_identification:_identify(src/log/build_2024-11-13_20-30-09/b4_package) by extensions ['colcon_pkg']
[0.812s] Level 1:colcon.colcon_core.package_identification:_identify(src/log/build_2024-11-13_20-30-09/b4_package) by extension 'colcon_pkg'
[0.812s] Level 1:colcon.colcon_core.package_identification:_identify(src/log/build_2024-11-13_20-30-09/b4_package) by extensions ['colcon_meta']
[0.812s] Level 1:colcon.colcon_core.package_identification:_identify(src/log/build_2024-11-13_20-30-09/b4_package) by extension 'colcon_meta'
[0.812s] Level 1:colcon.colcon_core.package_identification:_identify(src/log/build_2024-11-13_20-30-09/b4_package) by extensions ['ros']
[0.812s] Level 1:colcon.colcon_core.package_identification:_identify(src/log/build_2024-11-13_20-30-09/b4_package) by extension 'ros'
[0.812s] Level 1:colcon.colcon_core.package_identification:_identify(src/log/build_2024-11-13_20-30-09/b4_package) by extensions ['cmake', 'python']
[0.812s] Level 1:colcon.colcon_core.package_identification:_identify(src/log/build_2024-11-13_20-30-09/b4_package) by extension 'cmake'
[0.812s] Level 1:colcon.colcon_core.package_identification:_identify(src/log/build_2024-11-13_20-30-09/b4_package) by extension 'python'
[0.812s] Level 1:colcon.colcon_core.package_identification:_identify(src/log/build_2024-11-13_20-30-09/b4_package) by extensions ['python_setup_py']
[0.812s] Level 1:colcon.colcon_core.package_identification:_identify(src/log/build_2024-11-13_20-30-09/b4_package) by extension 'python_setup_py'
[0.813s] Level 1:colcon.colcon_core.package_identification:_identify(src/log/build_2024-11-13_20-34-01) by extensions ['ignore', 'ignore_ament_install']
[0.813s] Level 1:colcon.colcon_core.package_identification:_identify(src/log/build_2024-11-13_20-34-01) by extension 'ignore'
[0.813s] Level 1:colcon.colcon_core.package_identification:_identify(src/log/build_2024-11-13_20-34-01) by extension 'ignore_ament_install'
[0.813s] Level 1:colcon.colcon_core.package_identification:_identify(src/log/build_2024-11-13_20-34-01) by extensions ['colcon_pkg']
[0.813s] Level 1:colcon.colcon_core.package_identification:_identify(src/log/build_2024-11-13_20-34-01) by extension 'colcon_pkg'
[0.813s] Level 1:colcon.colcon_core.package_identification:_identify(src/log/build_2024-11-13_20-34-01) by extensions ['colcon_meta']
[0.813s] Level 1:colcon.colcon_core.package_identification:_identify(src/log/build_2024-11-13_20-34-01) by extension 'colcon_meta'
[0.813s] Level 1:colcon.colcon_core.package_identification:_identify(src/log/build_2024-11-13_20-34-01) by extensions ['ros']
[0.813s] Level 1:colcon.colcon_core.package_identification:_identify(src/log/build_2024-11-13_20-34-01) by extension 'ros'
[0.814s] Level 1:colcon.colcon_core.package_identification:_identify(src/log/build_2024-11-13_20-34-01) by extensions ['cmake', 'python']
[0.814s] Level 1:colcon.colcon_core.package_identification:_identify(src/log/build_2024-11-13_20-34-01) by extension 'cmake'
[0.814s] Level 1:colcon.colcon_core.package_identification:_identify(src/log/build_2024-11-13_20-34-01) by extension 'python'
[0.814s] Level 1:colcon.colcon_core.package_identification:_identify(src/log/build_2024-11-13_20-34-01) by extensions ['python_setup_py']
[0.814s] Level 1:colcon.colcon_core.package_identification:_identify(src/log/build_2024-11-13_20-34-01) by extension 'python_setup_py'
[0.814s] Level 1:colcon.colcon_core.package_identification:_identify(src/log/build_2024-11-13_20-34-01/b4_package) by extensions ['ignore', 'ignore_ament_install']
[0.814s] Level 1:colcon.colcon_core.package_identification:_identify(src/log/build_2024-11-13_20-34-01/b4_package) by extension 'ignore'
[0.814s] Level 1:colcon.colcon_core.package_identification:_identify(src/log/build_2024-11-13_20-34-01/b4_package) by extension 'ignore_ament_install'
[0.814s] Level 1:colcon.colcon_core.package_identification:_identify(src/log/build_2024-11-13_20-34-01/b4_package) by extensions ['colcon_pkg']
[0.814s] Level 1:colcon.colcon_core.package_identification:_identify(src/log/build_2024-11-13_20-34-01/b4_package) by extension 'colcon_pkg'
[0.815s] Level 1:colcon.colcon_core.package_identification:_identify(src/log/build_2024-11-13_20-34-01/b4_package) by extensions ['colcon_meta']
[0.815s] Level 1:colcon.colcon_core.package_identification:_identify(src/log/build_2024-11-13_20-34-01/b4_package) by extension 'colcon_meta'
[0.815s] Level 1:colcon.colcon_core.package_identification:_identify(src/log/build_2024-11-13_20-34-01/b4_package) by extensions ['ros']
[0.815s] Level 1:colcon.colcon_core.package_identification:_identify(src/log/build_2024-11-13_20-34-01/b4_package) by extension 'ros'
[0.815s] Level 1:colcon.colcon_core.package_identification:_identify(src/log/build_2024-11-13_20-34-01/b4_package) by extensions ['cmake', 'python']
[0.815s] Level 1:colcon.colcon_core.package_identification:_identify(src/log/build_2024-11-13_20-34-01/b4_package) by extension 'cmake'
[0.815s] Level 1:colcon.colcon_core.package_identification:_identify(src/log/build_2024-11-13_20-34-01/b4_package) by extension 'python'
[0.815s] Level 1:colcon.colcon_core.package_identification:_identify(src/log/build_2024-11-13_20-34-01/b4_package) by extensions ['python_setup_py']
[0.815s] Level 1:colcon.colcon_core.package_identification:_identify(src/log/build_2024-11-13_20-34-01/b4_package) by extension 'python_setup_py'
[0.815s] Level 1:colcon.colcon_core.package_identification:_identify(src/log/build_2024-11-13_20-37-51) by extensions ['ignore', 'ignore_ament_install']
[0.816s] Level 1:colcon.colcon_core.package_identification:_identify(src/log/build_2024-11-13_20-37-51) by extension 'ignore'
[0.816s] Level 1:colcon.colcon_core.package_identification:_identify(src/log/build_2024-11-13_20-37-51) by extension 'ignore_ament_install'
[0.816s] Level 1:colcon.colcon_core.package_identification:_identify(src/log/build_2024-11-13_20-37-51) by extensions ['colcon_pkg']
[0.816s] Level 1:colcon.colcon_core.package_identification:_identify(src/log/build_2024-11-13_20-37-51) by extension 'colcon_pkg'
[0.816s] Level 1:colcon.colcon_core.package_identification:_identify(src/log/build_2024-11-13_20-37-51) by extensions ['colcon_meta']
[0.816s] Level 1:colcon.colcon_core.package_identification:_identify(src/log/build_2024-11-13_20-37-51) by extension 'colcon_meta'
[0.816s] Level 1:colcon.colcon_core.package_identification:_identify(src/log/build_2024-11-13_20-37-51) by extensions ['ros']
[0.816s] Level 1:colcon.colcon_core.package_identification:_identify(src/log/build_2024-11-13_20-37-51) by extension 'ros'
[0.816s] Level 1:colcon.colcon_core.package_identification:_identify(src/log/build_2024-11-13_20-37-51) by extensions ['cmake', 'python']
[0.816s] Level 1:colcon.colcon_core.package_identification:_identify(src/log/build_2024-11-13_20-37-51) by extension 'cmake'
[0.817s] Level 1:colcon.colcon_core.package_identification:_identify(src/log/build_2024-11-13_20-37-51) by extension 'python'
[0.817s] Level 1:colcon.colcon_core.package_identification:_identify(src/log/build_2024-11-13_20-37-51) by extensions ['python_setup_py']
[0.817s] Level 1:colcon.colcon_core.package_identification:_identify(src/log/build_2024-11-13_20-37-51) by extension 'python_setup_py'
[0.817s] Level 1:colcon.colcon_core.package_identification:_identify(src/log/build_2024-11-13_20-37-51/b4_package) by extensions ['ignore', 'ignore_ament_install']
[0.817s] Level 1:colcon.colcon_core.package_identification:_identify(src/log/build_2024-11-13_20-37-51/b4_package) by extension 'ignore'
[0.817s] Level 1:colcon.colcon_core.package_identification:_identify(src/log/build_2024-11-13_20-37-51/b4_package) by extension 'ignore_ament_install'
[0.817s] Level 1:colcon.colcon_core.package_identification:_identify(src/log/build_2024-11-13_20-37-51/b4_package) by extensions ['colcon_pkg']
[0.817s] Level 1:colcon.colcon_core.package_identification:_identify(src/log/build_2024-11-13_20-37-51/b4_package) by extension 'colcon_pkg'
[0.817s] Level 1:colcon.colcon_core.package_identification:_identify(src/log/build_2024-11-13_20-37-51/b4_package) by extensions ['colcon_meta']
[0.817s] Level 1:colcon.colcon_core.package_identification:_identify(src/log/build_2024-11-13_20-37-51/b4_package) by extension 'colcon_meta'
[0.818s] Level 1:colcon.colcon_core.package_identification:_identify(src/log/build_2024-11-13_20-37-51/b4_package) by extensions ['ros']
[0.818s] Level 1:colcon.colcon_core.package_identification:_identify(src/log/build_2024-11-13_20-37-51/b4_package) by extension 'ros'
[0.818s] Level 1:colcon.colcon_core.package_identification:_identify(src/log/build_2024-11-13_20-37-51/b4_package) by extensions ['cmake', 'python']
[0.818s] Level 1:colcon.colcon_core.package_identification:_identify(src/log/build_2024-11-13_20-37-51/b4_package) by extension 'cmake'
[0.818s] Level 1:colcon.colcon_core.package_identification:_identify(src/log/build_2024-11-13_20-37-51/b4_package) by extension 'python'
[0.818s] Level 1:colcon.colcon_core.package_identification:_identify(src/log/build_2024-11-13_20-37-51/b4_package) by extensions ['python_setup_py']
[0.818s] Level 1:colcon.colcon_core.package_identification:_identify(src/log/build_2024-11-13_20-37-51/b4_package) by extension 'python_setup_py'
[0.818s] Level 1:colcon.colcon_core.package_identification:_identify(src/log/build_2024-11-13_20-39-56) by extensions ['ignore', 'ignore_ament_install']
[0.818s] Level 1:colcon.colcon_core.package_identification:_identify(src/log/build_2024-11-13_20-39-56) by extension 'ignore'
[0.819s] Level 1:colcon.colcon_core.package_identification:_identify(src/log/build_2024-11-13_20-39-56) by extension 'ignore_ament_install'
[0.819s] Level 1:colcon.colcon_core.package_identification:_identify(src/log/build_2024-11-13_20-39-56) by extensions ['colcon_pkg']
[0.819s] Level 1:colcon.colcon_core.package_identification:_identify(src/log/build_2024-11-13_20-39-56) by extension 'colcon_pkg'
[0.819s] Level 1:colcon.colcon_core.package_identification:_identify(src/log/build_2024-11-13_20-39-56) by extensions ['colcon_meta']
[0.819s] Level 1:colcon.colcon_core.package_identification:_identify(src/log/build_2024-11-13_20-39-56) by extension 'colcon_meta'
[0.819s] Level 1:colcon.colcon_core.package_identification:_identify(src/log/build_2024-11-13_20-39-56) by extensions ['ros']
[0.819s] Level 1:colcon.colcon_core.package_identification:_identify(src/log/build_2024-11-13_20-39-56) by extension 'ros'
[0.819s] Level 1:colcon.colcon_core.package_identification:_identify(src/log/build_2024-11-13_20-39-56) by extensions ['cmake', 'python']
[0.819s] Level 1:colcon.colcon_core.package_identification:_identify(src/log/build_2024-11-13_20-39-56) by extension 'cmake'
[0.819s] Level 1:colcon.colcon_core.package_identification:_identify(src/log/build_2024-11-13_20-39-56) by extension 'python'
[0.819s] Level 1:colcon.colcon_core.package_identification:_identify(src/log/build_2024-11-13_20-39-56) by extensions ['python_setup_py']
[0.819s] Level 1:colcon.colcon_core.package_identification:_identify(src/log/build_2024-11-13_20-39-56) by extension 'python_setup_py'
[0.820s] Level 1:colcon.colcon_core.package_identification:_identify(src/log/build_2024-11-13_20-39-56/b4_package) by extensions ['ignore', 'ignore_ament_install']
[0.820s] Level 1:colcon.colcon_core.package_identification:_identify(src/log/build_2024-11-13_20-39-56/b4_package) by extension 'ignore'
[0.820s] Level 1:colcon.colcon_core.package_identification:_identify(src/log/build_2024-11-13_20-39-56/b4_package) by extension 'ignore_ament_install'
[0.820s] Level 1:colcon.colcon_core.package_identification:_identify(src/log/build_2024-11-13_20-39-56/b4_package) by extensions ['colcon_pkg']
[0.820s] Level 1:colcon.colcon_core.package_identification:_identify(src/log/build_2024-11-13_20-39-56/b4_package) by extension 'colcon_pkg'
[0.820s] Level 1:colcon.colcon_core.package_identification:_identify(src/log/build_2024-11-13_20-39-56/b4_package) by extensions ['colcon_meta']
[0.820s] Level 1:colcon.colcon_core.package_identification:_identify(src/log/build_2024-11-13_20-39-56/b4_package) by extension 'colcon_meta'
[0.820s] Level 1:colcon.colcon_core.package_identification:_identify(src/log/build_2024-11-13_20-39-56/b4_package) by extensions ['ros']
[0.820s] Level 1:colcon.colcon_core.package_identification:_identify(src/log/build_2024-11-13_20-39-56/b4_package) by extension 'ros'
[0.821s] Level 1:colcon.colcon_core.package_identification:_identify(src/log/build_2024-11-13_20-39-56/b4_package) by extensions ['cmake', 'python']
[0.821s] Level 1:colcon.colcon_core.package_identification:_identify(src/log/build_2024-11-13_20-39-56/b4_package) by extension 'cmake'
[0.821s] Level 1:colcon.colcon_core.package_identification:_identify(src/log/build_2024-11-13_20-39-56/b4_package) by extension 'python'
[0.821s] Level 1:colcon.colcon_core.package_identification:_identify(src/log/build_2024-11-13_20-39-56/b4_package) by extensions ['python_setup_py']
[0.821s] Level 1:colcon.colcon_core.package_identification:_identify(src/log/build_2024-11-13_20-39-56/b4_package) by extension 'python_setup_py'
[0.821s] Level 1:colcon.colcon_core.package_identification:_identify(src/log/build_2024-11-13_20-41-40) by extensions ['ignore', 'ignore_ament_install']
[0.821s] Level 1:colcon.colcon_core.package_identification:_identify(src/log/build_2024-11-13_20-41-40) by extension 'ignore'
[0.821s] Level 1:colcon.colcon_core.package_identification:_identify(src/log/build_2024-11-13_20-41-40) by extension 'ignore_ament_install'
[0.821s] Level 1:colcon.colcon_core.package_identification:_identify(src/log/build_2024-11-13_20-41-40) by extensions ['colcon_pkg']
[0.822s] Level 1:colcon.colcon_core.package_identification:_identify(src/log/build_2024-11-13_20-41-40) by extension 'colcon_pkg'
[0.822s] Level 1:colcon.colcon_core.package_identification:_identify(src/log/build_2024-11-13_20-41-40) by extensions ['colcon_meta']
[0.822s] Level 1:colcon.colcon_core.package_identification:_identify(src/log/build_2024-11-13_20-41-40) by extension 'colcon_meta'
[0.822s] Level 1:colcon.colcon_core.package_identification:_identify(src/log/build_2024-11-13_20-41-40) by extensions ['ros']
[0.822s] Level 1:colcon.colcon_core.package_identification:_identify(src/log/build_2024-11-13_20-41-40) by extension 'ros'
[0.822s] Level 1:colcon.colcon_core.package_identification:_identify(src/log/build_2024-11-13_20-41-40) by extensions ['cmake', 'python']
[0.822s] Level 1:colcon.colcon_core.package_identification:_identify(src/log/build_2024-11-13_20-41-40) by extension 'cmake'
[0.822s] Level 1:colcon.colcon_core.package_identification:_identify(src/log/build_2024-11-13_20-41-40) by extension 'python'
[0.822s] Level 1:colcon.colcon_core.package_identification:_identify(src/log/build_2024-11-13_20-41-40) by extensions ['python_setup_py']
[0.822s] Level 1:colcon.colcon_core.package_identification:_identify(src/log/build_2024-11-13_20-41-40) by extension 'python_setup_py'
[0.822s] Level 1:colcon.colcon_core.package_identification:_identify(src/log/build_2024-11-13_20-41-40/b4_package) by extensions ['ignore', 'ignore_ament_install']
[0.823s] Level 1:colcon.colcon_core.package_identification:_identify(src/log/build_2024-11-13_20-41-40/b4_package) by extension 'ignore'
[0.823s] Level 1:colcon.colcon_core.package_identification:_identify(src/log/build_2024-11-13_20-41-40/b4_package) by extension 'ignore_ament_install'
[0.823s] Level 1:colcon.colcon_core.package_identification:_identify(src/log/build_2024-11-13_20-41-40/b4_package) by extensions ['colcon_pkg']
[0.823s] Level 1:colcon.colcon_core.package_identification:_identify(src/log/build_2024-11-13_20-41-40/b4_package) by extension 'colcon_pkg'
[0.823s] Level 1:colcon.colcon_core.package_identification:_identify(src/log/build_2024-11-13_20-41-40/b4_package) by extensions ['colcon_meta']
[0.823s] Level 1:colcon.colcon_core.package_identification:_identify(src/log/build_2024-11-13_20-41-40/b4_package) by extension 'colcon_meta'
[0.823s] Level 1:colcon.colcon_core.package_identification:_identify(src/log/build_2024-11-13_20-41-40/b4_package) by extensions ['ros']
[0.823s] Level 1:colcon.colcon_core.package_identification:_identify(src/log/build_2024-11-13_20-41-40/b4_package) by extension 'ros'
[0.823s] Level 1:colcon.colcon_core.package_identification:_identify(src/log/build_2024-11-13_20-41-40/b4_package) by extensions ['cmake', 'python']
[0.823s] Level 1:colcon.colcon_core.package_identification:_identify(src/log/build_2024-11-13_20-41-40/b4_package) by extension 'cmake'
[0.823s] Level 1:colcon.colcon_core.package_identification:_identify(src/log/build_2024-11-13_20-41-40/b4_package) by extension 'python'
[0.824s] Level 1:colcon.colcon_core.package_identification:_identify(src/log/build_2024-11-13_20-41-40/b4_package) by extensions ['python_setup_py']
[0.824s] Level 1:colcon.colcon_core.package_identification:_identify(src/log/build_2024-11-13_20-41-40/b4_package) by extension 'python_setup_py'
[0.824s] Level 1:colcon.colcon_core.package_identification:_identify(src/log/build_2024-11-13_20-42-35) by extensions ['ignore', 'ignore_ament_install']
[0.824s] Level 1:colcon.colcon_core.package_identification:_identify(src/log/build_2024-11-13_20-42-35) by extension 'ignore'
[0.824s] Level 1:colcon.colcon_core.package_identification:_identify(src/log/build_2024-11-13_20-42-35) by extension 'ignore_ament_install'
[0.824s] Level 1:colcon.colcon_core.package_identification:_identify(src/log/build_2024-11-13_20-42-35) by extensions ['colcon_pkg']
[0.824s] Level 1:colcon.colcon_core.package_identification:_identify(src/log/build_2024-11-13_20-42-35) by extension 'colcon_pkg'
[0.824s] Level 1:colcon.colcon_core.package_identification:_identify(src/log/build_2024-11-13_20-42-35) by extensions ['colcon_meta']
[0.824s] Level 1:colcon.colcon_core.package_identification:_identify(src/log/build_2024-11-13_20-42-35) by extension 'colcon_meta'
[0.825s] Level 1:colcon.colcon_core.package_identification:_identify(src/log/build_2024-11-13_20-42-35) by extensions ['ros']
[0.825s] Level 1:colcon.colcon_core.package_identification:_identify(src/log/build_2024-11-13_20-42-35) by extension 'ros'
[0.825s] Level 1:colcon.colcon_core.package_identification:_identify(src/log/build_2024-11-13_20-42-35) by extensions ['cmake', 'python']
[0.825s] Level 1:colcon.colcon_core.package_identification:_identify(src/log/build_2024-11-13_20-42-35) by extension 'cmake'
[0.825s] Level 1:colcon.colcon_core.package_identification:_identify(src/log/build_2024-11-13_20-42-35) by extension 'python'
[0.825s] Level 1:colcon.colcon_core.package_identification:_identify(src/log/build_2024-11-13_20-42-35) by extensions ['python_setup_py']
[0.825s] Level 1:colcon.colcon_core.package_identification:_identify(src/log/build_2024-11-13_20-42-35) by extension 'python_setup_py'
[0.825s] Level 1:colcon.colcon_core.package_identification:_identify(src/log/build_2024-11-13_20-42-35/b4_package) by extensions ['ignore', 'ignore_ament_install']
[0.825s] Level 1:colcon.colcon_core.package_identification:_identify(src/log/build_2024-11-13_20-42-35/b4_package) by extension 'ignore'
[0.826s] Level 1:colcon.colcon_core.package_identification:_identify(src/log/build_2024-11-13_20-42-35/b4_package) by extension 'ignore_ament_install'
[0.826s] Level 1:colcon.colcon_core.package_identification:_identify(src/log/build_2024-11-13_20-42-35/b4_package) by extensions ['colcon_pkg']
[0.826s] Level 1:colcon.colcon_core.package_identification:_identify(src/log/build_2024-11-13_20-42-35/b4_package) by extension 'colcon_pkg'
[0.826s] Level 1:colcon.colcon_core.package_identification:_identify(src/log/build_2024-11-13_20-42-35/b4_package) by extensions ['colcon_meta']
[0.826s] Level 1:colcon.colcon_core.package_identification:_identify(src/log/build_2024-11-13_20-42-35/b4_package) by extension 'colcon_meta'
[0.826s] Level 1:colcon.colcon_core.package_identification:_identify(src/log/build_2024-11-13_20-42-35/b4_package) by extensions ['ros']
[0.826s] Level 1:colcon.colcon_core.package_identification:_identify(src/log/build_2024-11-13_20-42-35/b4_package) by extension 'ros'
[0.826s] Level 1:colcon.colcon_core.package_identification:_identify(src/log/build_2024-11-13_20-42-35/b4_package) by extensions ['cmake', 'python']
[0.826s] Level 1:colcon.colcon_core.package_identification:_identify(src/log/build_2024-11-13_20-42-35/b4_package) by extension 'cmake'
[0.826s] Level 1:colcon.colcon_core.package_identification:_identify(src/log/build_2024-11-13_20-42-35/b4_package) by extension 'python'
[0.826s] Level 1:colcon.colcon_core.package_identification:_identify(src/log/build_2024-11-13_20-42-35/b4_package) by extensions ['python_setup_py']
[0.826s] Level 1:colcon.colcon_core.package_identification:_identify(src/log/build_2024-11-13_20-42-35/b4_package) by extension 'python_setup_py'
[0.827s] Level 1:colcon.colcon_core.package_identification:_identify(src/log/build_2024-11-13_20-44-57) by extensions ['ignore', 'ignore_ament_install']
[0.827s] Level 1:colcon.colcon_core.package_identification:_identify(src/log/build_2024-11-13_20-44-57) by extension 'ignore'
[0.827s] Level 1:colcon.colcon_core.package_identification:_identify(src/log/build_2024-11-13_20-44-57) by extension 'ignore_ament_install'
[0.827s] Level 1:colcon.colcon_core.package_identification:_identify(src/log/build_2024-11-13_20-44-57) by extensions ['colcon_pkg']
[0.827s] Level 1:colcon.colcon_core.package_identification:_identify(src/log/build_2024-11-13_20-44-57) by extension 'colcon_pkg'
[0.827s] Level 1:colcon.colcon_core.package_identification:_identify(src/log/build_2024-11-13_20-44-57) by extensions ['colcon_meta']
[0.827s] Level 1:colcon.colcon_core.package_identification:_identify(src/log/build_2024-11-13_20-44-57) by extension 'colcon_meta'
[0.827s] Level 1:colcon.colcon_core.package_identification:_identify(src/log/build_2024-11-13_20-44-57) by extensions ['ros']
[0.827s] Level 1:colcon.colcon_core.package_identification:_identify(src/log/build_2024-11-13_20-44-57) by extension 'ros'
[0.828s] Level 1:colcon.colcon_core.package_identification:_identify(src/log/build_2024-11-13_20-44-57) by extensions ['cmake', 'python']
[0.828s] Level 1:colcon.colcon_core.package_identification:_identify(src/log/build_2024-11-13_20-44-57) by extension 'cmake'
[0.828s] Level 1:colcon.colcon_core.package_identification:_identify(src/log/build_2024-11-13_20-44-57) by extension 'python'
[0.828s] Level 1:colcon.colcon_core.package_identification:_identify(src/log/build_2024-11-13_20-44-57) by extensions ['python_setup_py']
[0.828s] Level 1:colcon.colcon_core.package_identification:_identify(src/log/build_2024-11-13_20-44-57) by extension 'python_setup_py'
[0.828s] Level 1:colcon.colcon_core.package_identification:_identify(src/log/build_2024-11-13_20-44-57/b4_package) by extensions ['ignore', 'ignore_ament_install']
[0.828s] Level 1:colcon.colcon_core.package_identification:_identify(src/log/build_2024-11-13_20-44-57/b4_package) by extension 'ignore'
[0.829s] Level 1:colcon.colcon_core.package_identification:_identify(src/log/build_2024-11-13_20-44-57/b4_package) by extension 'ignore_ament_install'
[0.829s] Level 1:colcon.colcon_core.package_identification:_identify(src/log/build_2024-11-13_20-44-57/b4_package) by extensions ['colcon_pkg']
[0.829s] Level 1:colcon.colcon_core.package_identification:_identify(src/log/build_2024-11-13_20-44-57/b4_package) by extension 'colcon_pkg'
[0.829s] Level 1:colcon.colcon_core.package_identification:_identify(src/log/build_2024-11-13_20-44-57/b4_package) by extensions ['colcon_meta']
[0.829s] Level 1:colcon.colcon_core.package_identification:_identify(src/log/build_2024-11-13_20-44-57/b4_package) by extension 'colcon_meta'
[0.829s] Level 1:colcon.colcon_core.package_identification:_identify(src/log/build_2024-11-13_20-44-57/b4_package) by extensions ['ros']
[0.829s] Level 1:colcon.colcon_core.package_identification:_identify(src/log/build_2024-11-13_20-44-57/b4_package) by extension 'ros'
[0.829s] Level 1:colcon.colcon_core.package_identification:_identify(src/log/build_2024-11-13_20-44-57/b4_package) by extensions ['cmake', 'python']
[0.829s] Level 1:colcon.colcon_core.package_identification:_identify(src/log/build_2024-11-13_20-44-57/b4_package) by extension 'cmake'
[0.829s] Level 1:colcon.colcon_core.package_identification:_identify(src/log/build_2024-11-13_20-44-57/b4_package) by extension 'python'
[0.829s] Level 1:colcon.colcon_core.package_identification:_identify(src/log/build_2024-11-13_20-44-57/b4_package) by extensions ['python_setup_py']
[0.829s] Level 1:colcon.colcon_core.package_identification:_identify(src/log/build_2024-11-13_20-44-57/b4_package) by extension 'python_setup_py'
[0.830s] Level 1:colcon.colcon_core.package_identification:_identify(src/log/build_2024-11-13_20-45-56) by extensions ['ignore', 'ignore_ament_install']
[0.830s] Level 1:colcon.colcon_core.package_identification:_identify(src/log/build_2024-11-13_20-45-56) by extension 'ignore'
[0.830s] Level 1:colcon.colcon_core.package_identification:_identify(src/log/build_2024-11-13_20-45-56) by extension 'ignore_ament_install'
[0.830s] Level 1:colcon.colcon_core.package_identification:_identify(src/log/build_2024-11-13_20-45-56) by extensions ['colcon_pkg']
[0.830s] Level 1:colcon.colcon_core.package_identification:_identify(src/log/build_2024-11-13_20-45-56) by extension 'colcon_pkg'
[0.830s] Level 1:colcon.colcon_core.package_identification:_identify(src/log/build_2024-11-13_20-45-56) by extensions ['colcon_meta']
[0.830s] Level 1:colcon.colcon_core.package_identification:_identify(src/log/build_2024-11-13_20-45-56) by extension 'colcon_meta'
[0.830s] Level 1:colcon.colcon_core.package_identification:_identify(src/log/build_2024-11-13_20-45-56) by extensions ['ros']
[0.831s] Level 1:colcon.colcon_core.package_identification:_identify(src/log/build_2024-11-13_20-45-56) by extension 'ros'
[0.831s] Level 1:colcon.colcon_core.package_identification:_identify(src/log/build_2024-11-13_20-45-56) by extensions ['cmake', 'python']
[0.831s] Level 1:colcon.colcon_core.package_identification:_identify(src/log/build_2024-11-13_20-45-56) by extension 'cmake'
[0.831s] Level 1:colcon.colcon_core.package_identification:_identify(src/log/build_2024-11-13_20-45-56) by extension 'python'
[0.831s] Level 1:colcon.colcon_core.package_identification:_identify(src/log/build_2024-11-13_20-45-56) by extensions ['python_setup_py']
[0.831s] Level 1:colcon.colcon_core.package_identification:_identify(src/log/build_2024-11-13_20-45-56) by extension 'python_setup_py'
[0.831s] Level 1:colcon.colcon_core.package_identification:_identify(src/log/build_2024-11-13_20-45-56/b4_package) by extensions ['ignore', 'ignore_ament_install']
[0.831s] Level 1:colcon.colcon_core.package_identification:_identify(src/log/build_2024-11-13_20-45-56/b4_package) by extension 'ignore'
[0.831s] Level 1:colcon.colcon_core.package_identification:_identify(src/log/build_2024-11-13_20-45-56/b4_package) by extension 'ignore_ament_install'
[0.832s] Level 1:colcon.colcon_core.package_identification:_identify(src/log/build_2024-11-13_20-45-56/b4_package) by extensions ['colcon_pkg']
[0.832s] Level 1:colcon.colcon_core.package_identification:_identify(src/log/build_2024-11-13_20-45-56/b4_package) by extension 'colcon_pkg'
[0.832s] Level 1:colcon.colcon_core.package_identification:_identify(src/log/build_2024-11-13_20-45-56/b4_package) by extensions ['colcon_meta']
[0.832s] Level 1:colcon.colcon_core.package_identification:_identify(src/log/build_2024-11-13_20-45-56/b4_package) by extension 'colcon_meta'
[0.832s] Level 1:colcon.colcon_core.package_identification:_identify(src/log/build_2024-11-13_20-45-56/b4_package) by extensions ['ros']
[0.832s] Level 1:colcon.colcon_core.package_identification:_identify(src/log/build_2024-11-13_20-45-56/b4_package) by extension 'ros'
[0.832s] Level 1:colcon.colcon_core.package_identification:_identify(src/log/build_2024-11-13_20-45-56/b4_package) by extensions ['cmake', 'python']
[0.832s] Level 1:colcon.colcon_core.package_identification:_identify(src/log/build_2024-11-13_20-45-56/b4_package) by extension 'cmake'
[0.832s] Level 1:colcon.colcon_core.package_identification:_identify(src/log/build_2024-11-13_20-45-56/b4_package) by extension 'python'
[0.832s] Level 1:colcon.colcon_core.package_identification:_identify(src/log/build_2024-11-13_20-45-56/b4_package) by extensions ['python_setup_py']
[0.832s] Level 1:colcon.colcon_core.package_identification:_identify(src/log/build_2024-11-13_20-45-56/b4_package) by extension 'python_setup_py'
[0.833s] Level 1:colcon.colcon_core.package_identification:_identify(src/log/build_2024-11-13_20-51-59) by extensions ['ignore', 'ignore_ament_install']
[0.833s] Level 1:colcon.colcon_core.package_identification:_identify(src/log/build_2024-11-13_20-51-59) by extension 'ignore'
[0.833s] Level 1:colcon.colcon_core.package_identification:_identify(src/log/build_2024-11-13_20-51-59) by extension 'ignore_ament_install'
[0.833s] Level 1:colcon.colcon_core.package_identification:_identify(src/log/build_2024-11-13_20-51-59) by extensions ['colcon_pkg']
[0.833s] Level 1:colcon.colcon_core.package_identification:_identify(src/log/build_2024-11-13_20-51-59) by extension 'colcon_pkg'
[0.833s] Level 1:colcon.colcon_core.package_identification:_identify(src/log/build_2024-11-13_20-51-59) by extensions ['colcon_meta']
[0.833s] Level 1:colcon.colcon_core.package_identification:_identify(src/log/build_2024-11-13_20-51-59) by extension 'colcon_meta'
[0.833s] Level 1:colcon.colcon_core.package_identification:_identify(src/log/build_2024-11-13_20-51-59) by extensions ['ros']
[0.833s] Level 1:colcon.colcon_core.package_identification:_identify(src/log/build_2024-11-13_20-51-59) by extension 'ros'
[0.833s] Level 1:colcon.colcon_core.package_identification:_identify(src/log/build_2024-11-13_20-51-59) by extensions ['cmake', 'python']
[0.834s] Level 1:colcon.colcon_core.package_identification:_identify(src/log/build_2024-11-13_20-51-59) by extension 'cmake'
[0.834s] Level 1:colcon.colcon_core.package_identification:_identify(src/log/build_2024-11-13_20-51-59) by extension 'python'
[0.834s] Level 1:colcon.colcon_core.package_identification:_identify(src/log/build_2024-11-13_20-51-59) by extensions ['python_setup_py']
[0.834s] Level 1:colcon.colcon_core.package_identification:_identify(src/log/build_2024-11-13_20-51-59) by extension 'python_setup_py'
[0.834s] Level 1:colcon.colcon_core.package_identification:_identify(src/log/build_2024-11-13_20-51-59/b4_package) by extensions ['ignore', 'ignore_ament_install']
[0.834s] Level 1:colcon.colcon_core.package_identification:_identify(src/log/build_2024-11-13_20-51-59/b4_package) by extension 'ignore'
[0.834s] Level 1:colcon.colcon_core.package_identification:_identify(src/log/build_2024-11-13_20-51-59/b4_package) by extension 'ignore_ament_install'
[0.834s] Level 1:colcon.colcon_core.package_identification:_identify(src/log/build_2024-11-13_20-51-59/b4_package) by extensions ['colcon_pkg']
[0.834s] Level 1:colcon.colcon_core.package_identification:_identify(src/log/build_2024-11-13_20-51-59/b4_package) by extension 'colcon_pkg'
[0.834s] Level 1:colcon.colcon_core.package_identification:_identify(src/log/build_2024-11-13_20-51-59/b4_package) by extensions ['colcon_meta']
[0.834s] Level 1:colcon.colcon_core.package_identification:_identify(src/log/build_2024-11-13_20-51-59/b4_package) by extension 'colcon_meta'
[0.835s] Level 1:colcon.colcon_core.package_identification:_identify(src/log/build_2024-11-13_20-51-59/b4_package) by extensions ['ros']
[0.835s] Level 1:colcon.colcon_core.package_identification:_identify(src/log/build_2024-11-13_20-51-59/b4_package) by extension 'ros'
[0.835s] Level 1:colcon.colcon_core.package_identification:_identify(src/log/build_2024-11-13_20-51-59/b4_package) by extensions ['cmake', 'python']
[0.835s] Level 1:colcon.colcon_core.package_identification:_identify(src/log/build_2024-11-13_20-51-59/b4_package) by extension 'cmake'
[0.835s] Level 1:colcon.colcon_core.package_identification:_identify(src/log/build_2024-11-13_20-51-59/b4_package) by extension 'python'
[0.835s] Level 1:colcon.colcon_core.package_identification:_identify(src/log/build_2024-11-13_20-51-59/b4_package) by extensions ['python_setup_py']
[0.835s] Level 1:colcon.colcon_core.package_identification:_identify(src/log/build_2024-11-13_20-51-59/b4_package) by extension 'python_setup_py'
[0.835s] Level 1:colcon.colcon_core.package_identification:_identify(src/log/build_2024-11-13_20-53-56) by extensions ['ignore', 'ignore_ament_install']
[0.835s] Level 1:colcon.colcon_core.package_identification:_identify(src/log/build_2024-11-13_20-53-56) by extension 'ignore'
[0.836s] Level 1:colcon.colcon_core.package_identification:_identify(src/log/build_2024-11-13_20-53-56) by extension 'ignore_ament_install'
[0.836s] Level 1:colcon.colcon_core.package_identification:_identify(src/log/build_2024-11-13_20-53-56) by extensions ['colcon_pkg']
[0.836s] Level 1:colcon.colcon_core.package_identification:_identify(src/log/build_2024-11-13_20-53-56) by extension 'colcon_pkg'
[0.836s] Level 1:colcon.colcon_core.package_identification:_identify(src/log/build_2024-11-13_20-53-56) by extensions ['colcon_meta']
[0.836s] Level 1:colcon.colcon_core.package_identification:_identify(src/log/build_2024-11-13_20-53-56) by extension 'colcon_meta'
[0.836s] Level 1:colcon.colcon_core.package_identification:_identify(src/log/build_2024-11-13_20-53-56) by extensions ['ros']
[0.836s] Level 1:colcon.colcon_core.package_identification:_identify(src/log/build_2024-11-13_20-53-56) by extension 'ros'
[0.836s] Level 1:colcon.colcon_core.package_identification:_identify(src/log/build_2024-11-13_20-53-56) by extensions ['cmake', 'python']
[0.836s] Level 1:colcon.colcon_core.package_identification:_identify(src/log/build_2024-11-13_20-53-56) by extension 'cmake'
[0.836s] Level 1:colcon.colcon_core.package_identification:_identify(src/log/build_2024-11-13_20-53-56) by extension 'python'
[0.836s] Level 1:colcon.colcon_core.package_identification:_identify(src/log/build_2024-11-13_20-53-56) by extensions ['python_setup_py']
[0.836s] Level 1:colcon.colcon_core.package_identification:_identify(src/log/build_2024-11-13_20-53-56) by extension 'python_setup_py'
[0.837s] Level 1:colcon.colcon_core.package_identification:_identify(src/log/build_2024-11-13_20-53-56/b4_package) by extensions ['ignore', 'ignore_ament_install']
[0.837s] Level 1:colcon.colcon_core.package_identification:_identify(src/log/build_2024-11-13_20-53-56/b4_package) by extension 'ignore'
[0.837s] Level 1:colcon.colcon_core.package_identification:_identify(src/log/build_2024-11-13_20-53-56/b4_package) by extension 'ignore_ament_install'
[0.837s] Level 1:colcon.colcon_core.package_identification:_identify(src/log/build_2024-11-13_20-53-56/b4_package) by extensions ['colcon_pkg']
[0.837s] Level 1:colcon.colcon_core.package_identification:_identify(src/log/build_2024-11-13_20-53-56/b4_package) by extension 'colcon_pkg'
[0.837s] Level 1:colcon.colcon_core.package_identification:_identify(src/log/build_2024-11-13_20-53-56/b4_package) by extensions ['colcon_meta']
[0.837s] Level 1:colcon.colcon_core.package_identification:_identify(src/log/build_2024-11-13_20-53-56/b4_package) by extension 'colcon_meta'
[0.837s] Level 1:colcon.colcon_core.package_identification:_identify(src/log/build_2024-11-13_20-53-56/b4_package) by extensions ['ros']
[0.837s] Level 1:colcon.colcon_core.package_identification:_identify(src/log/build_2024-11-13_20-53-56/b4_package) by extension 'ros'
[0.837s] Level 1:colcon.colcon_core.package_identification:_identify(src/log/build_2024-11-13_20-53-56/b4_package) by extensions ['cmake', 'python']
[0.838s] Level 1:colcon.colcon_core.package_identification:_identify(src/log/build_2024-11-13_20-53-56/b4_package) by extension 'cmake'
[0.838s] Level 1:colcon.colcon_core.package_identification:_identify(src/log/build_2024-11-13_20-53-56/b4_package) by extension 'python'
[0.838s] Level 1:colcon.colcon_core.package_identification:_identify(src/log/build_2024-11-13_20-53-56/b4_package) by extensions ['python_setup_py']
[0.838s] Level 1:colcon.colcon_core.package_identification:_identify(src/log/build_2024-11-13_20-53-56/b4_package) by extension 'python_setup_py'
[0.838s] Level 1:colcon.colcon_core.package_discovery:discover_packages(recursive) using defaults
[0.838s] Level 1:colcon.colcon_core.package_discovery:discover_packages(ignore) discover
[0.838s] Level 1:colcon.colcon_core.package_discovery:discover_packages(ignore) using defaults
[0.838s] Level 1:colcon.colcon_core.package_discovery:discover_packages(path) discover
[0.838s] Level 1:colcon.colcon_core.package_discovery:discover_packages(path) using defaults
[0.878s] Level 1:colcon.colcon_core.package_discovery:discover_packages(prefix_path) check parameters
[0.878s] Level 1:colcon.colcon_core.package_discovery:discover_packages(prefix_path) discover
[0.885s] DEBUG:colcon.colcon_installed_package_information.package_discovery:Found 376 installed packages in /opt/ros/humble
[0.888s] Level 1:colcon.colcon_core.package_discovery:discover_packages(prefix_path) using defaults
[0.991s] Level 5:colcon.colcon_core.verb:set package 'b4_package' build argument 'cmake_args' from command line to 'None'
[0.991s] Level 5:colcon.colcon_core.verb:set package 'b4_package' build argument 'cmake_target' from command line to 'None'
[0.991s] Level 5:colcon.colcon_core.verb:set package 'b4_package' build argument 'cmake_target_skip_unavailable' from command line to 'False'
[0.991s] Level 5:colcon.colcon_core.verb:set package 'b4_package' build argument 'cmake_clean_cache' from command line to 'False'
[0.991s] Level 5:colcon.colcon_core.verb:set package 'b4_package' build argument 'cmake_clean_first' from command line to 'False'
[0.992s] Level 5:colcon.colcon_core.verb:set package 'b4_package' build argument 'cmake_force_configure' from command line to 'False'
[0.992s] Level 5:colcon.colcon_core.verb:set package 'b4_package' build argument 'ament_cmake_args' from command line to 'None'
[0.992s] Level 5:colcon.colcon_core.verb:set package 'b4_package' build argument 'catkin_cmake_args' from command line to 'None'
[0.992s] Level 5:colcon.colcon_core.verb:set package 'b4_package' build argument 'catkin_skip_building_tests' from command line to 'False'
[0.992s] DEBUG:colcon.colcon_core.verb:Building package 'b4_package' with the following arguments: {'ament_cmake_args': None, 'build_base': '/home/rokey/AI_Vision_Project/b4_ws/build/b4_package', 'catkin_cmake_args': None, 'catkin_skip_building_tests': False, 'cmake_args': None, 'cmake_clean_cache': False, 'cmake_clean_first': False, 'cmake_force_configure': False, 'cmake_target': None, 'cmake_target_skip_unavailable': False, 'install_base': '/home/rokey/AI_Vision_Project/b4_ws/install/b4_package', 'merge_install': False, 'path': '/home/rokey/AI_Vision_Project/b4_ws/src/b4_package', 'symlink_install': False, 'test_result_base': None}
[0.992s] INFO:colcon.colcon_core.executor:Executing jobs using 'parallel' executor
[0.994s] DEBUG:colcon.colcon_parallel_executor.executor.parallel:run_until_complete
[0.995s] INFO:colcon.colcon_ros.task.ament_python.build:Building ROS package in '/home/rokey/AI_Vision_Project/b4_ws/src/b4_package' with build type 'ament_python'
[0.995s] Level 1:colcon.colcon_core.shell:create_environment_hook('b4_package', 'ament_prefix_path')
[1.002s] INFO:colcon.colcon_core.plugin_system:Skipping extension 'colcon_core.shell.bat': Not used on non-Windows systems
[1.003s] INFO:colcon.colcon_core.shell:Creating environment hook '/home/rokey/AI_Vision_Project/b4_ws/install/b4_package/share/b4_package/hook/ament_prefix_path.ps1'
[1.005s] INFO:colcon.colcon_core.shell:Creating environment descriptor '/home/rokey/AI_Vision_Project/b4_ws/install/b4_package/share/b4_package/hook/ament_prefix_path.dsv'
[1.009s] INFO:colcon.colcon_core.shell:Creating environment hook '/home/rokey/AI_Vision_Project/b4_ws/install/b4_package/share/b4_package/hook/ament_prefix_path.sh'
[1.011s] INFO:colcon.colcon_core.shell:Skip shell extension 'powershell' for command environment: Not usable outside of PowerShell
[1.011s] DEBUG:colcon.colcon_core.shell:Skip shell extension 'dsv' for command environment
[1.609s] INFO:colcon.colcon_core.task.python.build:Building Python package in '/home/rokey/AI_Vision_Project/b4_ws/src/b4_package'
[1.609s] INFO:colcon.colcon_core.shell:Skip shell extension 'powershell' for command environment: Not usable outside of PowerShell
[1.610s] DEBUG:colcon.colcon_core.shell:Skip shell extension 'dsv' for command environment
[2.421s] DEBUG:colcon.colcon_core.event_handler.log_command:Invoking command in '/home/rokey/AI_Vision_Project/b4_ws/src/b4_package': PYTHONPATH=/home/rokey/AI_Vision_Project/b4_ws/build/b4_package/prefix_override:/usr/lib/python3/dist-packages/colcon_core/task/python/colcon_distutils_commands:/home/rokey/AI_Vision_Project/b4_ws/install/b4_package/lib/python3.10/site-packages:${PYTHONPATH} /usr/bin/python3 -W ignore:setup.py install is deprecated setup.py egg_info --egg-base ../../build/b4_package build --build-base /home/rokey/AI_Vision_Project/b4_ws/build/b4_package/build install --record /home/rokey/AI_Vision_Project/b4_ws/build/b4_package/install.log --single-version-externally-managed install_data
[3.080s] DEBUG:colcon.colcon_core.event_handler.log_command:Invoked command in '/home/rokey/AI_Vision_Project/b4_ws/src/b4_package' returned '0': PYTHONPATH=/home/rokey/AI_Vision_Project/b4_ws/build/b4_package/prefix_override:/usr/lib/python3/dist-packages/colcon_core/task/python/colcon_distutils_commands:/home/rokey/AI_Vision_Project/b4_ws/install/b4_package/lib/python3.10/site-packages:${PYTHONPATH} /usr/bin/python3 -W ignore:setup.py install is deprecated setup.py egg_info --egg-base ../../build/b4_package build --build-base /home/rokey/AI_Vision_Project/b4_ws/build/b4_package/build install --record /home/rokey/AI_Vision_Project/b4_ws/build/b4_package/install.log --single-version-externally-managed install_data
[3.087s] Level 1:colcon.colcon_core.environment:checking '/home/rokey/AI_Vision_Project/b4_ws/install/b4_package' for CMake module files
[3.088s] Level 1:colcon.colcon_core.environment:checking '/home/rokey/AI_Vision_Project/b4_ws/install/b4_package' for CMake config files
[3.091s] Level 1:colcon.colcon_core.environment:checking '/home/rokey/AI_Vision_Project/b4_ws/install/b4_package/lib'
[3.092s] Level 1:colcon.colcon_core.environment:checking '/home/rokey/AI_Vision_Project/b4_ws/install/b4_package/bin'
[3.092s] Level 1:colcon.colcon_core.environment:checking '/home/rokey/AI_Vision_Project/b4_ws/install/b4_package/lib/pkgconfig/b4_package.pc'
[3.092s] Level 1:colcon.colcon_core.environment:checking '/home/rokey/AI_Vision_Project/b4_ws/install/b4_package/lib/python3.10/site-packages'
[3.092s] Level 1:colcon.colcon_core.shell:create_environment_hook('b4_package', 'pythonpath')
[3.093s] INFO:colcon.colcon_core.shell:Creating environment hook '/home/rokey/AI_Vision_Project/b4_ws/install/b4_package/share/b4_package/hook/pythonpath.ps1'
[3.094s] INFO:colcon.colcon_core.shell:Creating environment descriptor '/home/rokey/AI_Vision_Project/b4_ws/install/b4_package/share/b4_package/hook/pythonpath.dsv'
[3.095s] INFO:colcon.colcon_core.shell:Creating environment hook '/home/rokey/AI_Vision_Project/b4_ws/install/b4_package/share/b4_package/hook/pythonpath.sh'
[3.096s] Level 1:colcon.colcon_core.environment:checking '/home/rokey/AI_Vision_Project/b4_ws/install/b4_package/bin'
[3.096s] Level 1:colcon.colcon_core.environment:create_environment_scripts_only(b4_package)
[3.097s] INFO:colcon.colcon_core.shell:Creating package script '/home/rokey/AI_Vision_Project/b4_ws/install/b4_package/share/b4_package/package.ps1'
[3.099s] INFO:colcon.colcon_core.shell:Creating package descriptor '/home/rokey/AI_Vision_Project/b4_ws/install/b4_package/share/b4_package/package.dsv'
[3.100s] INFO:colcon.colcon_core.shell:Creating package script '/home/rokey/AI_Vision_Project/b4_ws/install/b4_package/share/b4_package/package.sh'
[3.102s] INFO:colcon.colcon_core.shell:Creating package script '/home/rokey/AI_Vision_Project/b4_ws/install/b4_package/share/b4_package/package.bash'
[3.104s] INFO:colcon.colcon_core.shell:Creating package script '/home/rokey/AI_Vision_Project/b4_ws/install/b4_package/share/b4_package/package.zsh'
[3.106s] Level 1:colcon.colcon_core.environment:create_file_with_runtime_dependencies(/home/rokey/AI_Vision_Project/b4_ws/install/b4_package/share/colcon-core/packages/b4_package)
[3.106s] DEBUG:colcon.colcon_parallel_executor.executor.parallel:closing loop
[3.107s] DEBUG:colcon.colcon_parallel_executor.executor.parallel:loop closed
[3.107s] DEBUG:colcon.colcon_parallel_executor.executor.parallel:run_until_complete finished with '0'
[3.108s] DEBUG:colcon.colcon_core.event_reactor:joining thread
[3.118s] INFO:colcon.colcon_core.plugin_system:Skipping extension 'colcon_notification.desktop_notification.terminal_notifier': Not used on non-Darwin systems
[3.118s] INFO:colcon.colcon_core.plugin_system:Skipping extension 'colcon_notification.desktop_notification.win32': Not used on non-Windows systems
[3.118s] INFO:colcon.colcon_notification.desktop_notification:Sending desktop notification using 'notify2'
[3.145s] DEBUG:colcon.colcon_core.event_reactor:joined thread
[3.148s] INFO:colcon.colcon_core.shell:Creating prefix script '/home/rokey/AI_Vision_Project/b4_ws/install/local_setup.ps1'
[3.151s] INFO:colcon.colcon_core.shell:Creating prefix util module '/home/rokey/AI_Vision_Project/b4_ws/install/_local_setup_util_ps1.py'
[3.155s] INFO:colcon.colcon_core.shell:Creating prefix chain script '/home/rokey/AI_Vision_Project/b4_ws/install/setup.ps1'
[3.158s] INFO:colcon.colcon_core.shell:Creating prefix script '/home/rokey/AI_Vision_Project/b4_ws/install/local_setup.sh'
[3.161s] INFO:colcon.colcon_core.shell:Creating prefix util module '/home/rokey/AI_Vision_Project/b4_ws/install/_local_setup_util_sh.py'
[3.164s] INFO:colcon.colcon_core.shell:Creating prefix chain script '/home/rokey/AI_Vision_Project/b4_ws/install/setup.sh'
[3.167s] INFO:colcon.colcon_core.shell:Creating prefix script '/home/rokey/AI_Vision_Project/b4_ws/install/local_setup.bash'
[3.169s] INFO:colcon.colcon_core.shell:Creating prefix chain script '/home/rokey/AI_Vision_Project/b4_ws/install/setup.bash'
[3.172s] INFO:colcon.colcon_core.shell:Creating prefix script '/home/rokey/AI_Vision_Project/b4_ws/install/local_setup.zsh'
[3.175s] INFO:colcon.colcon_core.shell:Creating prefix chain script '/home/rokey/AI_Vision_Project/b4_ws/install/setup.zsh'
