[0.528s] Invoking command in '/home/jw7720/AI_Vision_Project/b4_ws/src/b4_package': PYTHONPATH=/home/jw7720/AI_Vision_Project/b4_ws/build/b4_package/prefix_override:/usr/lib/python3/dist-packages/colcon_core/task/python/colcon_distutils_commands:/home/jw7720/AI_Vision_Project/b4_ws/install/b4_package/lib/python3.10/site-packages:${PYTHONPATH} /usr/bin/python3 -W ignore:setup.py install is deprecated setup.py egg_info --egg-base ../../build/b4_package build --build-base /home/jw7720/AI_Vision_Project/b4_ws/build/b4_package/build install --record /home/jw7720/AI_Vision_Project/b4_ws/build/b4_package/install.log --single-version-externally-managed install_data
[0.735s] running egg_info
[0.736s] creating ../../build/b4_package/b4_package.egg-info
[0.736s] writing ../../build/b4_package/b4_package.egg-info/PKG-INFO
[0.736s] writing dependency_links to ../../build/b4_package/b4_package.egg-info/dependency_links.txt
[0.736s] writing entry points to ../../build/b4_package/b4_package.egg-info/entry_points.txt
[0.736s] writing requirements to ../../build/b4_package/b4_package.egg-info/requires.txt
[0.736s] writing top-level names to ../../build/b4_package/b4_package.egg-info/top_level.txt
[0.736s] writing manifest file '../../build/b4_package/b4_package.egg-info/SOURCES.txt'
[0.737s] reading manifest file '../../build/b4_package/b4_package.egg-info/SOURCES.txt'
[0.738s] writing manifest file '../../build/b4_package/b4_package.egg-info/SOURCES.txt'
[0.738s] running build
[0.738s] running build_py
[0.738s] creating /home/jw7720/AI_Vision_Project/b4_ws/build/b4_package/build
[0.738s] creating /home/jw7720/AI_Vision_Project/b4_ws/build/b4_package/build/lib
[0.738s] creating /home/jw7720/AI_Vision_Project/b4_ws/build/b4_package/build/lib/b4_package
[0.738s] copying b4_package/__init__.py -> /home/jw7720/AI_Vision_Project/b4_ws/build/b4_package/build/lib/b4_package
[0.738s] copying b4_package/talker.py -> /home/jw7720/AI_Vision_Project/b4_ws/build/b4_package/build/lib/b4_package
[0.738s] running install
[0.739s] running install_lib
[0.739s] creating /home/jw7720/AI_Vision_Project/b4_ws/install/b4_package/lib/python3.10/site-packages/b4_package
[0.739s] copying /home/jw7720/AI_Vision_Project/b4_ws/build/b4_package/build/lib/b4_package/__init__.py -> /home/jw7720/AI_Vision_Project/b4_ws/install/b4_package/lib/python3.10/site-packages/b4_package
[0.739s] copying /home/jw7720/AI_Vision_Project/b4_ws/build/b4_package/build/lib/b4_package/talker.py -> /home/jw7720/AI_Vision_Project/b4_ws/install/b4_package/lib/python3.10/site-packages/b4_package
[0.739s] byte-compiling /home/jw7720/AI_Vision_Project/b4_ws/install/b4_package/lib/python3.10/site-packages/b4_package/__init__.py to __init__.cpython-310.pyc
[0.740s] byte-compiling /home/jw7720/AI_Vision_Project/b4_ws/install/b4_package/lib/python3.10/site-packages/b4_package/talker.py to talker.cpython-310.pyc
[0.740s] running install_data
[0.740s] creating /home/jw7720/AI_Vision_Project/b4_ws/install/b4_package/share/ament_index
[0.740s] creating /home/jw7720/AI_Vision_Project/b4_ws/install/b4_package/share/ament_index/resource_index
[0.740s] creating /home/jw7720/AI_Vision_Project/b4_ws/install/b4_package/share/ament_index/resource_index/packages
[0.740s] copying resource/b4_package -> /home/jw7720/AI_Vision_Project/b4_ws/install/b4_package/share/ament_index/resource_index/packages
[0.740s] copying package.xml -> /home/jw7720/AI_Vision_Project/b4_ws/install/b4_package/share/b4_package
[0.740s] running install_egg_info
[0.741s] Copying ../../build/b4_package/b4_package.egg-info to /home/jw7720/AI_Vision_Project/b4_ws/install/b4_package/lib/python3.10/site-packages/b4_package-0.0.0-py3.10.egg-info
[0.742s] running install_scripts
[0.756s] Installing talker script to /home/jw7720/AI_Vision_Project/b4_ws/install/b4_package/lib/b4_package
[0.756s] writing list of installed files to '/home/jw7720/AI_Vision_Project/b4_ws/build/b4_package/install.log'
[0.776s] Invoked command in '/home/jw7720/AI_Vision_Project/b4_ws/src/b4_package' returned '0': PYTHONPATH=/home/jw7720/AI_Vision_Project/b4_ws/build/b4_package/prefix_override:/usr/lib/python3/dist-packages/colcon_core/task/python/colcon_distutils_commands:/home/jw7720/AI_Vision_Project/b4_ws/install/b4_package/lib/python3.10/site-packages:${PYTHONPATH} /usr/bin/python3 -W ignore:setup.py install is deprecated setup.py egg_info --egg-base ../../build/b4_package build --build-base /home/jw7720/AI_Vision_Project/b4_ws/build/b4_package/build install --record /home/jw7720/AI_Vision_Project/b4_ws/build/b4_package/install.log --single-version-externally-managed install_data
