[0.166s] DEBUG:colcon:Command line arguments: ['/usr/bin/colcon', 'build']
[0.167s] DEBUG:colcon:Parsed command line arguments: Namespace(log_base=None, log_level=None, verb_name='build', build_base='build', install_base='install', merge_install=False, symlink_install=False, test_result_base=None, continue_on_error=False, executor='parallel', parallel_workers=8, event_handlers=None, ignore_user_meta=False, metas=['./colcon.meta'], base_paths=['.'], packages_ignore=None, packages_ignore_regex=None, paths=None, packages_up_to=None, packages_up_to_regex=None, packages_above=None, packages_above_and_dependencies=None, packages_above_depth=None, packages_select_by_dep=None, packages_skip_by_dep=None, packages_skip_up_to=None, packages_select_build_failed=False, packages_skip_build_finished=False, packages_select_test_failures=False, packages_skip_test_passed=False, packages_select=None, packages_skip=None, packages_select_regex=None, packages_skip_regex=None, packages_start=None, packages_end=None, allow_overriding=[], cmake_args=None, cmake_target=None, cmake_target_skip_unavailable=False, cmake_clean_cache=False, cmake_clean_first=False, cmake_force_configure=False, ament_cmake_args=None, catkin_cmake_args=None, catkin_skip_building_tests=False, verb_parser=<colcon_defaults.argument_parser.defaults.DefaultArgumentsDecorator object at 0x7f1a4c667850>, verb_extension=<colcon_core.verb.build.BuildVerb object at 0x7f1a4c826920>, main=<bound method BuildVerb.main of <colcon_core.verb.build.BuildVerb object at 0x7f1a4c826920>>)
[0.433s] Level 1:colcon.colcon_core.package_discovery:discover_packages(colcon_meta) check parameters
[0.433s] Level 1:colcon.colcon_core.package_discovery:discover_packages(recursive) check parameters
[0.434s] Level 1:colcon.colcon_core.package_discovery:discover_packages(ignore) check parameters
[0.434s] Level 1:colcon.colcon_core.package_discovery:discover_packages(path) check parameters
[0.434s] Level 1:colcon.colcon_core.package_discovery:discover_packages(colcon_meta) discover
[0.434s] Level 1:colcon.colcon_core.package_discovery:discover_packages(recursive) discover
[0.434s] INFO:colcon.colcon_core.package_discovery:Crawling recursively for packages in '/home/rokey/AI_Vision_Project/b4_ws'
[0.434s] Level 1:colcon.colcon_core.package_identification:_identify(.) by extensions ['ignore', 'ignore_ament_install']
[0.434s] Level 1:colcon.colcon_core.package_identification:_identify(.) by extension 'ignore'
[0.434s] Level 1:colcon.colcon_core.package_identification:_identify(.) by extension 'ignore_ament_install'
[0.434s] Level 1:colcon.colcon_core.package_identification:_identify(.) by extensions ['colcon_pkg']
[0.434s] Level 1:colcon.colcon_core.package_identification:_identify(.) by extension 'colcon_pkg'
[0.434s] Level 1:colcon.colcon_core.package_identification:_identify(.) by extensions ['colcon_meta']
[0.434s] Level 1:colcon.colcon_core.package_identification:_identify(.) by extension 'colcon_meta'
[0.434s] Level 1:colcon.colcon_core.package_identification:_identify(.) by extensions ['ros']
[0.434s] Level 1:colcon.colcon_core.package_identification:_identify(.) by extension 'ros'
[0.467s] Level 1:colcon.colcon_core.package_identification:_identify(.) by extensions ['cmake', 'python']
[0.467s] Level 1:colcon.colcon_core.package_identification:_identify(.) by extension 'cmake'
[0.467s] Level 1:colcon.colcon_core.package_identification:_identify(.) by extension 'python'
[0.467s] Level 1:colcon.colcon_core.package_identification:_identify(.) by extensions ['python_setup_py']
[0.467s] Level 1:colcon.colcon_core.package_identification:_identify(.) by extension 'python_setup_py'
[0.467s] Level 1:colcon.colcon_core.package_identification:_identify(build) by extensions ['ignore', 'ignore_ament_install']
[0.467s] Level 1:colcon.colcon_core.package_identification:_identify(build) by extension 'ignore'
[0.467s] Level 1:colcon.colcon_core.package_identification:_identify(build) ignored
[0.468s] Level 1:colcon.colcon_core.package_identification:_identify(install) by extensions ['ignore', 'ignore_ament_install']
[0.468s] Level 1:colcon.colcon_core.package_identification:_identify(install) by extension 'ignore'
[0.468s] Level 1:colcon.colcon_core.package_identification:_identify(install) ignored
[0.468s] Level 1:colcon.colcon_core.package_identification:_identify(log) by extensions ['ignore', 'ignore_ament_install']
[0.468s] Level 1:colcon.colcon_core.package_identification:_identify(log) by extension 'ignore'
[0.468s] Level 1:colcon.colcon_core.package_identification:_identify(log) ignored
[0.468s] Level 1:colcon.colcon_core.package_identification:_identify(src) by extensions ['ignore', 'ignore_ament_install']
[0.468s] Level 1:colcon.colcon_core.package_identification:_identify(src) by extension 'ignore'
[0.468s] Level 1:colcon.colcon_core.package_identification:_identify(src) by extension 'ignore_ament_install'
[0.468s] Level 1:colcon.colcon_core.package_identification:_identify(src) by extensions ['colcon_pkg']
[0.469s] Level 1:colcon.colcon_core.package_identification:_identify(src) by extension 'colcon_pkg'
[0.469s] Level 1:colcon.colcon_core.package_identification:_identify(src) by extensions ['colcon_meta']
[0.469s] Level 1:colcon.colcon_core.package_identification:_identify(src) by extension 'colcon_meta'
[0.469s] Level 1:colcon.colcon_core.package_identification:_identify(src) by extensions ['ros']
[0.469s] Level 1:colcon.colcon_core.package_identification:_identify(src) by extension 'ros'
[0.469s] Level 1:colcon.colcon_core.package_identification:_identify(src) by extensions ['cmake', 'python']
[0.469s] Level 1:colcon.colcon_core.package_identification:_identify(src) by extension 'cmake'
[0.469s] Level 1:colcon.colcon_core.package_identification:_identify(src) by extension 'python'
[0.469s] Level 1:colcon.colcon_core.package_identification:_identify(src) by extensions ['python_setup_py']
[0.469s] Level 1:colcon.colcon_core.package_identification:_identify(src) by extension 'python_setup_py'
[0.469s] Level 1:colcon.colcon_core.package_identification:_identify(src/b4_package) by extensions ['ignore', 'ignore_ament_install']
[0.469s] Level 1:colcon.colcon_core.package_identification:_identify(src/b4_package) by extension 'ignore'
[0.469s] Level 1:colcon.colcon_core.package_identification:_identify(src/b4_package) by extension 'ignore_ament_install'
[0.469s] Level 1:colcon.colcon_core.package_identification:_identify(src/b4_package) by extensions ['colcon_pkg']
[0.469s] Level 1:colcon.colcon_core.package_identification:_identify(src/b4_package) by extension 'colcon_pkg'
[0.469s] Level 1:colcon.colcon_core.package_identification:_identify(src/b4_package) by extensions ['colcon_meta']
[0.469s] Level 1:colcon.colcon_core.package_identification:_identify(src/b4_package) by extension 'colcon_meta'
[0.470s] Level 1:colcon.colcon_core.package_identification:_identify(src/b4_package) by extensions ['ros']
[0.470s] Level 1:colcon.colcon_core.package_identification:_identify(src/b4_package) by extension 'ros'
[0.474s] DEBUG:colcon.colcon_core.package_identification:Package 'src/b4_package' with type 'ros.ament_python' and name 'b4_package'
[0.475s] Level 1:colcon.colcon_core.package_identification:_identify(src/build) by extensions ['ignore', 'ignore_ament_install']
[0.475s] Level 1:colcon.colcon_core.package_identification:_identify(src/build) by extension 'ignore'
[0.475s] Level 1:colcon.colcon_core.package_identification:_identify(src/build) by extension 'ignore_ament_install'
[0.475s] Level 1:colcon.colcon_core.package_identification:_identify(src/build) by extensions ['colcon_pkg']
[0.475s] Level 1:colcon.colcon_core.package_identification:_identify(src/build) by extension 'colcon_pkg'
[0.475s] Level 1:colcon.colcon_core.package_identification:_identify(src/build) by extensions ['colcon_meta']
[0.475s] Level 1:colcon.colcon_core.package_identification:_identify(src/build) by extension 'colcon_meta'
[0.475s] Level 1:colcon.colcon_core.package_identification:_identify(src/build) by extensions ['ros']
[0.475s] Level 1:colcon.colcon_core.package_identification:_identify(src/build) by extension 'ros'
[0.475s] Level 1:colcon.colcon_core.package_identification:_identify(src/build) by extensions ['cmake', 'python']
[0.476s] Level 1:colcon.colcon_core.package_identification:_identify(src/build) by extension 'cmake'
[0.476s] Level 1:colcon.colcon_core.package_identification:_identify(src/build) by extension 'python'
[0.476s] Level 1:colcon.colcon_core.package_identification:_identify(src/build) by extensions ['python_setup_py']
[0.476s] Level 1:colcon.colcon_core.package_identification:_identify(src/build) by extension 'python_setup_py'
[0.476s] Level 1:colcon.colcon_core.package_identification:_identify(src/build/b4_package) by extensions ['ignore', 'ignore_ament_install']
[0.476s] Level 1:colcon.colcon_core.package_identification:_identify(src/build/b4_package) by extension 'ignore'
[0.476s] Level 1:colcon.colcon_core.package_identification:_identify(src/build/b4_package) by extension 'ignore_ament_install'
[0.476s] Level 1:colcon.colcon_core.package_identification:_identify(src/build/b4_package) by extensions ['colcon_pkg']
[0.476s] Level 1:colcon.colcon_core.package_identification:_identify(src/build/b4_package) by extension 'colcon_pkg'
[0.476s] Level 1:colcon.colcon_core.package_identification:_identify(src/build/b4_package) by extensions ['colcon_meta']
[0.476s] Level 1:colcon.colcon_core.package_identification:_identify(src/build/b4_package) by extension 'colcon_meta'
[0.477s] Level 1:colcon.colcon_core.package_identification:_identify(src/build/b4_package) by extensions ['ros']
[0.477s] Level 1:colcon.colcon_core.package_identification:_identify(src/build/b4_package) by extension 'ros'
[0.477s] Level 1:colcon.colcon_core.package_identification:_identify(src/build/b4_package) by extensions ['cmake', 'python']
[0.477s] Level 1:colcon.colcon_core.package_identification:_identify(src/build/b4_package) by extension 'cmake'
[0.477s] Level 1:colcon.colcon_core.package_identification:_identify(src/build/b4_package) by extension 'python'
[0.477s] Level 1:colcon.colcon_core.package_identification:_identify(src/build/b4_package) by extensions ['python_setup_py']
[0.477s] Level 1:colcon.colcon_core.package_identification:_identify(src/build/b4_package) by extension 'python_setup_py'
[0.477s] Level 1:colcon.colcon_core.package_identification:_identify(src/build/b4_package/build) by extensions ['ignore', 'ignore_ament_install']
[0.477s] Level 1:colcon.colcon_core.package_identification:_identify(src/build/b4_package/build) by extension 'ignore'
[0.478s] Level 1:colcon.colcon_core.package_identification:_identify(src/build/b4_package/build) by extension 'ignore_ament_install'
[0.478s] Level 1:colcon.colcon_core.package_identification:_identify(src/build/b4_package/build) by extensions ['colcon_pkg']
[0.478s] Level 1:colcon.colcon_core.package_identification:_identify(src/build/b4_package/build) by extension 'colcon_pkg'
[0.478s] Level 1:colcon.colcon_core.package_identification:_identify(src/build/b4_package/build) by extensions ['colcon_meta']
[0.478s] Level 1:colcon.colcon_core.package_identification:_identify(src/build/b4_package/build) by extension 'colcon_meta'
[0.478s] Level 1:colcon.colcon_core.package_identification:_identify(src/build/b4_package/build) by extensions ['ros']
[0.478s] Level 1:colcon.colcon_core.package_identification:_identify(src/build/b4_package/build) by extension 'ros'
[0.478s] Level 1:colcon.colcon_core.package_identification:_identify(src/build/b4_package/build) by extensions ['cmake', 'python']
[0.478s] Level 1:colcon.colcon_core.package_identification:_identify(src/build/b4_package/build) by extension 'cmake'
[0.478s] Level 1:colcon.colcon_core.package_identification:_identify(src/build/b4_package/build) by extension 'python'
[0.478s] Level 1:colcon.colcon_core.package_identification:_identify(src/build/b4_package/build) by extensions ['python_setup_py']
[0.478s] Level 1:colcon.colcon_core.package_identification:_identify(src/build/b4_package/build) by extension 'python_setup_py'
[0.479s] Level 1:colcon.colcon_core.package_identification:_identify(src/build/b4_package/build/lib) by extensions ['ignore', 'ignore_ament_install']
[0.479s] Level 1:colcon.colcon_core.package_identification:_identify(src/build/b4_package/build/lib) by extension 'ignore'
[0.479s] Level 1:colcon.colcon_core.package_identification:_identify(src/build/b4_package/build/lib) by extension 'ignore_ament_install'
[0.479s] Level 1:colcon.colcon_core.package_identification:_identify(src/build/b4_package/build/lib) by extensions ['colcon_pkg']
[0.479s] Level 1:colcon.colcon_core.package_identification:_identify(src/build/b4_package/build/lib) by extension 'colcon_pkg'
[0.479s] Level 1:colcon.colcon_core.package_identification:_identify(src/build/b4_package/build/lib) by extensions ['colcon_meta']
[0.479s] Level 1:colcon.colcon_core.package_identification:_identify(src/build/b4_package/build/lib) by extension 'colcon_meta'
[0.479s] Level 1:colcon.colcon_core.package_identification:_identify(src/build/b4_package/build/lib) by extensions ['ros']
[0.479s] Level 1:colcon.colcon_core.package_identification:_identify(src/build/b4_package/build/lib) by extension 'ros'
[0.480s] Level 1:colcon.colcon_core.package_identification:_identify(src/build/b4_package/build/lib) by extensions ['cmake', 'python']
[0.480s] Level 1:colcon.colcon_core.package_identification:_identify(src/build/b4_package/build/lib) by extension 'cmake'
[0.480s] Level 1:colcon.colcon_core.package_identification:_identify(src/build/b4_package/build/lib) by extension 'python'
[0.480s] Level 1:colcon.colcon_core.package_identification:_identify(src/build/b4_package/build/lib) by extensions ['python_setup_py']
[0.480s] Level 1:colcon.colcon_core.package_identification:_identify(src/build/b4_package/build/lib) by extension 'python_setup_py'
[0.480s] Level 1:colcon.colcon_core.package_identification:_identify(src/build/b4_package/build/lib/b4_package) by extensions ['ignore', 'ignore_ament_install']
[0.480s] Level 1:colcon.colcon_core.package_identification:_identify(src/build/b4_package/build/lib/b4_package) by extension 'ignore'
[0.480s] Level 1:colcon.colcon_core.package_identification:_identify(src/build/b4_package/build/lib/b4_package) by extension 'ignore_ament_install'
[0.480s] Level 1:colcon.colcon_core.package_identification:_identify(src/build/b4_package/build/lib/b4_package) by extensions ['colcon_pkg']
[0.480s] Level 1:colcon.colcon_core.package_identification:_identify(src/build/b4_package/build/lib/b4_package) by extension 'colcon_pkg'
[0.481s] Level 1:colcon.colcon_core.package_identification:_identify(src/build/b4_package/build/lib/b4_package) by extensions ['colcon_meta']
[0.481s] Level 1:colcon.colcon_core.package_identification:_identify(src/build/b4_package/build/lib/b4_package) by extension 'colcon_meta'
[0.481s] Level 1:colcon.colcon_core.package_identification:_identify(src/build/b4_package/build/lib/b4_package) by extensions ['ros']
[0.481s] Level 1:colcon.colcon_core.package_identification:_identify(src/build/b4_package/build/lib/b4_package) by extension 'ros'
[0.481s] Level 1:colcon.colcon_core.package_identification:_identify(src/build/b4_package/build/lib/b4_package) by extensions ['cmake', 'python']
[0.481s] Level 1:colcon.colcon_core.package_identification:_identify(src/build/b4_package/build/lib/b4_package) by extension 'cmake'
[0.481s] Level 1:colcon.colcon_core.package_identification:_identify(src/build/b4_package/build/lib/b4_package) by extension 'python'
[0.481s] Level 1:colcon.colcon_core.package_identification:_identify(src/build/b4_package/build/lib/b4_package) by extensions ['python_setup_py']
[0.481s] Level 1:colcon.colcon_core.package_identification:_identify(src/build/b4_package/build/lib/b4_package) by extension 'python_setup_py'
[0.481s] Level 1:colcon.colcon_core.package_identification:_identify(src/install) by extensions ['ignore', 'ignore_ament_install']
[0.482s] Level 1:colcon.colcon_core.package_identification:_identify(src/install) by extension 'ignore'
[0.482s] Level 1:colcon.colcon_core.package_identification:_identify(src/install) by extension 'ignore_ament_install'
[0.482s] Level 1:colcon.colcon_core.package_identification:_identify(src/install) by extensions ['colcon_pkg']
[0.482s] Level 1:colcon.colcon_core.package_identification:_identify(src/install) by extension 'colcon_pkg'
[0.482s] Level 1:colcon.colcon_core.package_identification:_identify(src/install) by extensions ['colcon_meta']
[0.482s] Level 1:colcon.colcon_core.package_identification:_identify(src/install) by extension 'colcon_meta'
[0.482s] Level 1:colcon.colcon_core.package_identification:_identify(src/install) by extensions ['ros']
[0.482s] Level 1:colcon.colcon_core.package_identification:_identify(src/install) by extension 'ros'
[0.482s] Level 1:colcon.colcon_core.package_identification:_identify(src/install) by extensions ['cmake', 'python']
[0.482s] Level 1:colcon.colcon_core.package_identification:_identify(src/install) by extension 'cmake'
[0.482s] Level 1:colcon.colcon_core.package_identification:_identify(src/install) by extension 'python'
[0.482s] Level 1:colcon.colcon_core.package_identification:_identify(src/install) by extensions ['python_setup_py']
[0.483s] Level 1:colcon.colcon_core.package_identification:_identify(src/install) by extension 'python_setup_py'
[0.483s] Level 1:colcon.colcon_core.package_identification:_identify(src/install/b4_package) by extensions ['ignore', 'ignore_ament_install']
[0.483s] Level 1:colcon.colcon_core.package_identification:_identify(src/install/b4_package) by extension 'ignore'
[0.483s] Level 1:colcon.colcon_core.package_identification:_identify(src/install/b4_package) by extension 'ignore_ament_install'
[0.483s] Level 1:colcon.colcon_core.package_identification:_identify(src/install/b4_package) by extensions ['colcon_pkg']
[0.483s] Level 1:colcon.colcon_core.package_identification:_identify(src/install/b4_package) by extension 'colcon_pkg'
[0.483s] Level 1:colcon.colcon_core.package_identification:_identify(src/install/b4_package) by extensions ['colcon_meta']
[0.483s] Level 1:colcon.colcon_core.package_identification:_identify(src/install/b4_package) by extension 'colcon_meta'
[0.483s] Level 1:colcon.colcon_core.package_identification:_identify(src/install/b4_package) by extensions ['ros']
[0.483s] Level 1:colcon.colcon_core.package_identification:_identify(src/install/b4_package) by extension 'ros'
[0.484s] Level 1:colcon.colcon_core.package_identification:_identify(src/install/b4_package) by extensions ['cmake', 'python']
[0.484s] Level 1:colcon.colcon_core.package_identification:_identify(src/install/b4_package) by extension 'cmake'
[0.484s] Level 1:colcon.colcon_core.package_identification:_identify(src/install/b4_package) by extension 'python'
[0.484s] Level 1:colcon.colcon_core.package_identification:_identify(src/install/b4_package) by extensions ['python_setup_py']
[0.484s] Level 1:colcon.colcon_core.package_identification:_identify(src/install/b4_package) by extension 'python_setup_py'
[0.484s] Level 1:colcon.colcon_core.package_identification:_identify(src/install/b4_package/lib) by extensions ['ignore', 'ignore_ament_install']
[0.484s] Level 1:colcon.colcon_core.package_identification:_identify(src/install/b4_package/lib) by extension 'ignore'
[0.484s] Level 1:colcon.colcon_core.package_identification:_identify(src/install/b4_package/lib) by extension 'ignore_ament_install'
[0.484s] Level 1:colcon.colcon_core.package_identification:_identify(src/install/b4_package/lib) by extensions ['colcon_pkg']
[0.485s] Level 1:colcon.colcon_core.package_identification:_identify(src/install/b4_package/lib) by extension 'colcon_pkg'
[0.485s] Level 1:colcon.colcon_core.package_identification:_identify(src/install/b4_package/lib) by extensions ['colcon_meta']
[0.485s] Level 1:colcon.colcon_core.package_identification:_identify(src/install/b4_package/lib) by extension 'colcon_meta'
[0.485s] Level 1:colcon.colcon_core.package_identification:_identify(src/install/b4_package/lib) by extensions ['ros']
[0.485s] Level 1:colcon.colcon_core.package_identification:_identify(src/install/b4_package/lib) by extension 'ros'
[0.485s] Level 1:colcon.colcon_core.package_identification:_identify(src/install/b4_package/lib) by extensions ['cmake', 'python']
[0.485s] Level 1:colcon.colcon_core.package_identification:_identify(src/install/b4_package/lib) by extension 'cmake'
[0.485s] Level 1:colcon.colcon_core.package_identification:_identify(src/install/b4_package/lib) by extension 'python'
[0.485s] Level 1:colcon.colcon_core.package_identification:_identify(src/install/b4_package/lib) by extensions ['python_setup_py']
[0.485s] Level 1:colcon.colcon_core.package_identification:_identify(src/install/b4_package/lib) by extension 'python_setup_py'
[0.485s] Level 1:colcon.colcon_core.package_identification:_identify(src/install/b4_package/lib/b4_package) by extensions ['ignore', 'ignore_ament_install']
[0.486s] Level 1:colcon.colcon_core.package_identification:_identify(src/install/b4_package/lib/b4_package) by extension 'ignore'
[0.486s] Level 1:colcon.colcon_core.package_identification:_identify(src/install/b4_package/lib/b4_package) by extension 'ignore_ament_install'
[0.486s] Level 1:colcon.colcon_core.package_identification:_identify(src/install/b4_package/lib/b4_package) by extensions ['colcon_pkg']
[0.486s] Level 1:colcon.colcon_core.package_identification:_identify(src/install/b4_package/lib/b4_package) by extension 'colcon_pkg'
[0.486s] Level 1:colcon.colcon_core.package_identification:_identify(src/install/b4_package/lib/b4_package) by extensions ['colcon_meta']
[0.486s] Level 1:colcon.colcon_core.package_identification:_identify(src/install/b4_package/lib/b4_package) by extension 'colcon_meta'
[0.486s] Level 1:colcon.colcon_core.package_identification:_identify(src/install/b4_package/lib/b4_package) by extensions ['ros']
[0.486s] Level 1:colcon.colcon_core.package_identification:_identify(src/install/b4_package/lib/b4_package) by extension 'ros'
[0.486s] Level 1:colcon.colcon_core.package_identification:_identify(src/install/b4_package/lib/b4_package) by extensions ['cmake', 'python']
[0.486s] Level 1:colcon.colcon_core.package_identification:_identify(src/install/b4_package/lib/b4_package) by extension 'cmake'
[0.486s] Level 1:colcon.colcon_core.package_identification:_identify(src/install/b4_package/lib/b4_package) by extension 'python'
[0.487s] Level 1:colcon.colcon_core.package_identification:_identify(src/install/b4_package/lib/b4_package) by extensions ['python_setup_py']
[0.487s] Level 1:colcon.colcon_core.package_identification:_identify(src/install/b4_package/lib/b4_package) by extension 'python_setup_py'
[0.487s] Level 1:colcon.colcon_core.package_identification:_identify(src/install/b4_package/lib/python3.10) by extensions ['ignore', 'ignore_ament_install']
[0.487s] Level 1:colcon.colcon_core.package_identification:_identify(src/install/b4_package/lib/python3.10) by extension 'ignore'
[0.487s] Level 1:colcon.colcon_core.package_identification:_identify(src/install/b4_package/lib/python3.10) by extension 'ignore_ament_install'
[0.487s] Level 1:colcon.colcon_core.package_identification:_identify(src/install/b4_package/lib/python3.10) by extensions ['colcon_pkg']
[0.487s] Level 1:colcon.colcon_core.package_identification:_identify(src/install/b4_package/lib/python3.10) by extension 'colcon_pkg'
[0.488s] Level 1:colcon.colcon_core.package_identification:_identify(src/install/b4_package/lib/python3.10) by extensions ['colcon_meta']
[0.488s] Level 1:colcon.colcon_core.package_identification:_identify(src/install/b4_package/lib/python3.10) by extension 'colcon_meta'
[0.488s] Level 1:colcon.colcon_core.package_identification:_identify(src/install/b4_package/lib/python3.10) by extensions ['ros']
[0.488s] Level 1:colcon.colcon_core.package_identification:_identify(src/install/b4_package/lib/python3.10) by extension 'ros'
[0.488s] Level 1:colcon.colcon_core.package_identification:_identify(src/install/b4_package/lib/python3.10) by extensions ['cmake', 'python']
[0.488s] Level 1:colcon.colcon_core.package_identification:_identify(src/install/b4_package/lib/python3.10) by extension 'cmake'
[0.488s] Level 1:colcon.colcon_core.package_identification:_identify(src/install/b4_package/lib/python3.10) by extension 'python'
[0.488s] Level 1:colcon.colcon_core.package_identification:_identify(src/install/b4_package/lib/python3.10) by extensions ['python_setup_py']
[0.489s] Level 1:colcon.colcon_core.package_identification:_identify(src/install/b4_package/lib/python3.10) by extension 'python_setup_py'
[0.489s] Level 1:colcon.colcon_core.package_identification:_identify(src/install/b4_package/lib/python3.10/site-packages) by extensions ['ignore', 'ignore_ament_install']
[0.489s] Level 1:colcon.colcon_core.package_identification:_identify(src/install/b4_package/lib/python3.10/site-packages) by extension 'ignore'
[0.489s] Level 1:colcon.colcon_core.package_identification:_identify(src/install/b4_package/lib/python3.10/site-packages) by extension 'ignore_ament_install'
[0.489s] Level 1:colcon.colcon_core.package_identification:_identify(src/install/b4_package/lib/python3.10/site-packages) by extensions ['colcon_pkg']
[0.489s] Level 1:colcon.colcon_core.package_identification:_identify(src/install/b4_package/lib/python3.10/site-packages) by extension 'colcon_pkg'
[0.489s] Level 1:colcon.colcon_core.package_identification:_identify(src/install/b4_package/lib/python3.10/site-packages) by extensions ['colcon_meta']
[0.489s] Level 1:colcon.colcon_core.package_identification:_identify(src/install/b4_package/lib/python3.10/site-packages) by extension 'colcon_meta'
[0.489s] Level 1:colcon.colcon_core.package_identification:_identify(src/install/b4_package/lib/python3.10/site-packages) by extensions ['ros']
[0.489s] Level 1:colcon.colcon_core.package_identification:_identify(src/install/b4_package/lib/python3.10/site-packages) by extension 'ros'
[0.490s] Level 1:colcon.colcon_core.package_identification:_identify(src/install/b4_package/lib/python3.10/site-packages) by extensions ['cmake', 'python']
[0.490s] Level 1:colcon.colcon_core.package_identification:_identify(src/install/b4_package/lib/python3.10/site-packages) by extension 'cmake'
[0.490s] Level 1:colcon.colcon_core.package_identification:_identify(src/install/b4_package/lib/python3.10/site-packages) by extension 'python'
[0.490s] Level 1:colcon.colcon_core.package_identification:_identify(src/install/b4_package/lib/python3.10/site-packages) by extensions ['python_setup_py']
[0.490s] Level 1:colcon.colcon_core.package_identification:_identify(src/install/b4_package/lib/python3.10/site-packages) by extension 'python_setup_py'
[0.490s] Level 1:colcon.colcon_core.package_identification:_identify(src/install/b4_package/lib/python3.10/site-packages/b4_package) by extensions ['ignore', 'ignore_ament_install']
[0.490s] Level 1:colcon.colcon_core.package_identification:_identify(src/install/b4_package/lib/python3.10/site-packages/b4_package) by extension 'ignore'
[0.490s] Level 1:colcon.colcon_core.package_identification:_identify(src/install/b4_package/lib/python3.10/site-packages/b4_package) by extension 'ignore_ament_install'
[0.490s] Level 1:colcon.colcon_core.package_identification:_identify(src/install/b4_package/lib/python3.10/site-packages/b4_package) by extensions ['colcon_pkg']
[0.490s] Level 1:colcon.colcon_core.package_identification:_identify(src/install/b4_package/lib/python3.10/site-packages/b4_package) by extension 'colcon_pkg'
[0.490s] Level 1:colcon.colcon_core.package_identification:_identify(src/install/b4_package/lib/python3.10/site-packages/b4_package) by extensions ['colcon_meta']
[0.490s] Level 1:colcon.colcon_core.package_identification:_identify(src/install/b4_package/lib/python3.10/site-packages/b4_package) by extension 'colcon_meta'
[0.490s] Level 1:colcon.colcon_core.package_identification:_identify(src/install/b4_package/lib/python3.10/site-packages/b4_package) by extensions ['ros']
[0.490s] Level 1:colcon.colcon_core.package_identification:_identify(src/install/b4_package/lib/python3.10/site-packages/b4_package) by extension 'ros'
[0.490s] Level 1:colcon.colcon_core.package_identification:_identify(src/install/b4_package/lib/python3.10/site-packages/b4_package) by extensions ['cmake', 'python']
[0.490s] Level 1:colcon.colcon_core.package_identification:_identify(src/install/b4_package/lib/python3.10/site-packages/b4_package) by extension 'cmake'
[0.491s] Level 1:colcon.colcon_core.package_identification:_identify(src/install/b4_package/lib/python3.10/site-packages/b4_package) by extension 'python'
[0.491s] Level 1:colcon.colcon_core.package_identification:_identify(src/install/b4_package/lib/python3.10/site-packages/b4_package) by extensions ['python_setup_py']
[0.491s] Level 1:colcon.colcon_core.package_identification:_identify(src/install/b4_package/lib/python3.10/site-packages/b4_package) by extension 'python_setup_py'
[0.491s] Level 1:colcon.colcon_core.package_identification:_identify(src/install/b4_package/lib/python3.10/site-packages/b4_package/__pycache__) by extensions ['ignore', 'ignore_ament_install']
[0.491s] Level 1:colcon.colcon_core.package_identification:_identify(src/install/b4_package/lib/python3.10/site-packages/b4_package/__pycache__) by extension 'ignore'
[0.491s] Level 1:colcon.colcon_core.package_identification:_identify(src/install/b4_package/lib/python3.10/site-packages/b4_package/__pycache__) by extension 'ignore_ament_install'
[0.491s] Level 1:colcon.colcon_core.package_identification:_identify(src/install/b4_package/lib/python3.10/site-packages/b4_package/__pycache__) by extensions ['colcon_pkg']
[0.491s] Level 1:colcon.colcon_core.package_identification:_identify(src/install/b4_package/lib/python3.10/site-packages/b4_package/__pycache__) by extension 'colcon_pkg'
[0.491s] Level 1:colcon.colcon_core.package_identification:_identify(src/install/b4_package/lib/python3.10/site-packages/b4_package/__pycache__) by extensions ['colcon_meta']
[0.491s] Level 1:colcon.colcon_core.package_identification:_identify(src/install/b4_package/lib/python3.10/site-packages/b4_package/__pycache__) by extension 'colcon_meta'
[0.491s] Level 1:colcon.colcon_core.package_identification:_identify(src/install/b4_package/lib/python3.10/site-packages/b4_package/__pycache__) by extensions ['ros']
[0.491s] Level 1:colcon.colcon_core.package_identification:_identify(src/install/b4_package/lib/python3.10/site-packages/b4_package/__pycache__) by extension 'ros'
[0.491s] Level 1:colcon.colcon_core.package_identification:_identify(src/install/b4_package/lib/python3.10/site-packages/b4_package/__pycache__) by extensions ['cmake', 'python']
[0.491s] Level 1:colcon.colcon_core.package_identification:_identify(src/install/b4_package/lib/python3.10/site-packages/b4_package/__pycache__) by extension 'cmake'
[0.491s] Level 1:colcon.colcon_core.package_identification:_identify(src/install/b4_package/lib/python3.10/site-packages/b4_package/__pycache__) by extension 'python'
[0.491s] Level 1:colcon.colcon_core.package_identification:_identify(src/install/b4_package/lib/python3.10/site-packages/b4_package/__pycache__) by extensions ['python_setup_py']
[0.492s] Level 1:colcon.colcon_core.package_identification:_identify(src/install/b4_package/lib/python3.10/site-packages/b4_package/__pycache__) by extension 'python_setup_py'
[0.492s] Level 1:colcon.colcon_core.package_identification:_identify(src/install/b4_package/share) by extensions ['ignore', 'ignore_ament_install']
[0.492s] Level 1:colcon.colcon_core.package_identification:_identify(src/install/b4_package/share) by extension 'ignore'
[0.492s] Level 1:colcon.colcon_core.package_identification:_identify(src/install/b4_package/share) by extension 'ignore_ament_install'
[0.492s] Level 1:colcon.colcon_core.package_identification:_identify(src/install/b4_package/share) by extensions ['colcon_pkg']
[0.492s] Level 1:colcon.colcon_core.package_identification:_identify(src/install/b4_package/share) by extension 'colcon_pkg'
[0.492s] Level 1:colcon.colcon_core.package_identification:_identify(src/install/b4_package/share) by extensions ['colcon_meta']
[0.492s] Level 1:colcon.colcon_core.package_identification:_identify(src/install/b4_package/share) by extension 'colcon_meta'
[0.492s] Level 1:colcon.colcon_core.package_identification:_identify(src/install/b4_package/share) by extensions ['ros']
[0.492s] Level 1:colcon.colcon_core.package_identification:_identify(src/install/b4_package/share) by extension 'ros'
[0.492s] Level 1:colcon.colcon_core.package_identification:_identify(src/install/b4_package/share) by extensions ['cmake', 'python']
[0.492s] Level 1:colcon.colcon_core.package_identification:_identify(src/install/b4_package/share) by extension 'cmake'
[0.492s] Level 1:colcon.colcon_core.package_identification:_identify(src/install/b4_package/share) by extension 'python'
[0.492s] Level 1:colcon.colcon_core.package_identification:_identify(src/install/b4_package/share) by extensions ['python_setup_py']
[0.492s] Level 1:colcon.colcon_core.package_identification:_identify(src/install/b4_package/share) by extension 'python_setup_py'
[0.493s] Level 1:colcon.colcon_core.package_identification:_identify(src/install/b4_package/share/b4_package) by extensions ['ignore', 'ignore_ament_install']
[0.493s] Level 1:colcon.colcon_core.package_identification:_identify(src/install/b4_package/share/b4_package) by extension 'ignore'
[0.493s] Level 1:colcon.colcon_core.package_identification:_identify(src/install/b4_package/share/b4_package) by extension 'ignore_ament_install'
[0.493s] Level 1:colcon.colcon_core.package_identification:_identify(src/install/b4_package/share/b4_package) by extensions ['colcon_pkg']
[0.493s] Level 1:colcon.colcon_core.package_identification:_identify(src/install/b4_package/share/b4_package) by extension 'colcon_pkg'
[0.493s] Level 1:colcon.colcon_core.package_identification:_identify(src/install/b4_package/share/b4_package) by extensions ['colcon_meta']
[0.493s] Level 1:colcon.colcon_core.package_identification:_identify(src/install/b4_package/share/b4_package) by extension 'colcon_meta'
[0.493s] Level 1:colcon.colcon_core.package_identification:_identify(src/install/b4_package/share/b4_package) by extensions ['ros']
[0.493s] Level 1:colcon.colcon_core.package_identification:_identify(src/install/b4_package/share/b4_package) by extension 'ros'
[0.493s] Level 1:colcon.colcon_core.package_identification:_identify(src/install/b4_package/share/b4_package) by extensions ['cmake', 'python']
[0.493s] Level 1:colcon.colcon_core.package_identification:_identify(src/install/b4_package/share/b4_package) by extension 'cmake'
[0.493s] Level 1:colcon.colcon_core.package_identification:_identify(src/install/b4_package/share/b4_package) by extension 'python'
[0.493s] Level 1:colcon.colcon_core.package_identification:_identify(src/install/b4_package/share/b4_package) by extensions ['python_setup_py']
[0.493s] Level 1:colcon.colcon_core.package_identification:_identify(src/install/b4_package/share/b4_package) by extension 'python_setup_py'
[0.493s] Level 1:colcon.colcon_core.package_identification:_identify(src/install/b4_package/share/b4_package/hook) by extensions ['ignore', 'ignore_ament_install']
[0.494s] Level 1:colcon.colcon_core.package_identification:_identify(src/install/b4_package/share/b4_package/hook) by extension 'ignore'
[0.494s] Level 1:colcon.colcon_core.package_identification:_identify(src/install/b4_package/share/b4_package/hook) by extension 'ignore_ament_install'
[0.494s] Level 1:colcon.colcon_core.package_identification:_identify(src/install/b4_package/share/b4_package/hook) by extensions ['colcon_pkg']
[0.494s] Level 1:colcon.colcon_core.package_identification:_identify(src/install/b4_package/share/b4_package/hook) by extension 'colcon_pkg'
[0.494s] Level 1:colcon.colcon_core.package_identification:_identify(src/install/b4_package/share/b4_package/hook) by extensions ['colcon_meta']
[0.494s] Level 1:colcon.colcon_core.package_identification:_identify(src/install/b4_package/share/b4_package/hook) by extension 'colcon_meta'
[0.494s] Level 1:colcon.colcon_core.package_identification:_identify(src/install/b4_package/share/b4_package/hook) by extensions ['ros']
[0.494s] Level 1:colcon.colcon_core.package_identification:_identify(src/install/b4_package/share/b4_package/hook) by extension 'ros'
[0.494s] Level 1:colcon.colcon_core.package_identification:_identify(src/install/b4_package/share/b4_package/hook) by extensions ['cmake', 'python']
[0.494s] Level 1:colcon.colcon_core.package_identification:_identify(src/install/b4_package/share/b4_package/hook) by extension 'cmake'
[0.494s] Level 1:colcon.colcon_core.package_identification:_identify(src/install/b4_package/share/b4_package/hook) by extension 'python'
[0.494s] Level 1:colcon.colcon_core.package_identification:_identify(src/install/b4_package/share/b4_package/hook) by extensions ['python_setup_py']
[0.494s] Level 1:colcon.colcon_core.package_identification:_identify(src/install/b4_package/share/b4_package/hook) by extension 'python_setup_py'
[0.494s] Level 1:colcon.colcon_core.package_identification:_identify(src/log) by extensions ['ignore', 'ignore_ament_install']
[0.494s] Level 1:colcon.colcon_core.package_identification:_identify(src/log) by extension 'ignore'
[0.495s] Level 1:colcon.colcon_core.package_identification:_identify(src/log) by extension 'ignore_ament_install'
[0.495s] Level 1:colcon.colcon_core.package_identification:_identify(src/log) by extensions ['colcon_pkg']
[0.495s] Level 1:colcon.colcon_core.package_identification:_identify(src/log) by extension 'colcon_pkg'
[0.495s] Level 1:colcon.colcon_core.package_identification:_identify(src/log) by extensions ['colcon_meta']
[0.495s] Level 1:colcon.colcon_core.package_identification:_identify(src/log) by extension 'colcon_meta'
[0.495s] Level 1:colcon.colcon_core.package_identification:_identify(src/log) by extensions ['ros']
[0.495s] Level 1:colcon.colcon_core.package_identification:_identify(src/log) by extension 'ros'
[0.495s] Level 1:colcon.colcon_core.package_identification:_identify(src/log) by extensions ['cmake', 'python']
[0.495s] Level 1:colcon.colcon_core.package_identification:_identify(src/log) by extension 'cmake'
[0.495s] Level 1:colcon.colcon_core.package_identification:_identify(src/log) by extension 'python'
[0.495s] Level 1:colcon.colcon_core.package_identification:_identify(src/log) by extensions ['python_setup_py']
[0.495s] Level 1:colcon.colcon_core.package_identification:_identify(src/log) by extension 'python_setup_py'
[0.495s] Level 1:colcon.colcon_core.package_identification:_identify(src/log/build_2024-11-13_19-54-52) by extensions ['ignore', 'ignore_ament_install']
[0.495s] Level 1:colcon.colcon_core.package_identification:_identify(src/log/build_2024-11-13_19-54-52) by extension 'ignore'
[0.495s] Level 1:colcon.colcon_core.package_identification:_identify(src/log/build_2024-11-13_19-54-52) by extension 'ignore_ament_install'
[0.496s] Level 1:colcon.colcon_core.package_identification:_identify(src/log/build_2024-11-13_19-54-52) by extensions ['colcon_pkg']
[0.496s] Level 1:colcon.colcon_core.package_identification:_identify(src/log/build_2024-11-13_19-54-52) by extension 'colcon_pkg'
[0.496s] Level 1:colcon.colcon_core.package_identification:_identify(src/log/build_2024-11-13_19-54-52) by extensions ['colcon_meta']
[0.496s] Level 1:colcon.colcon_core.package_identification:_identify(src/log/build_2024-11-13_19-54-52) by extension 'colcon_meta'
[0.496s] Level 1:colcon.colcon_core.package_identification:_identify(src/log/build_2024-11-13_19-54-52) by extensions ['ros']
[0.496s] Level 1:colcon.colcon_core.package_identification:_identify(src/log/build_2024-11-13_19-54-52) by extension 'ros'
[0.496s] Level 1:colcon.colcon_core.package_identification:_identify(src/log/build_2024-11-13_19-54-52) by extensions ['cmake', 'python']
[0.496s] Level 1:colcon.colcon_core.package_identification:_identify(src/log/build_2024-11-13_19-54-52) by extension 'cmake'
[0.496s] Level 1:colcon.colcon_core.package_identification:_identify(src/log/build_2024-11-13_19-54-52) by extension 'python'
[0.496s] Level 1:colcon.colcon_core.package_identification:_identify(src/log/build_2024-11-13_19-54-52) by extensions ['python_setup_py']
[0.496s] Level 1:colcon.colcon_core.package_identification:_identify(src/log/build_2024-11-13_19-54-52) by extension 'python_setup_py'
[0.496s] Level 1:colcon.colcon_core.package_identification:_identify(src/log/build_2024-11-13_19-54-52/b4_package) by extensions ['ignore', 'ignore_ament_install']
[0.496s] Level 1:colcon.colcon_core.package_identification:_identify(src/log/build_2024-11-13_19-54-52/b4_package) by extension 'ignore'
[0.496s] Level 1:colcon.colcon_core.package_identification:_identify(src/log/build_2024-11-13_19-54-52/b4_package) by extension 'ignore_ament_install'
[0.496s] Level 1:colcon.colcon_core.package_identification:_identify(src/log/build_2024-11-13_19-54-52/b4_package) by extensions ['colcon_pkg']
[0.496s] Level 1:colcon.colcon_core.package_identification:_identify(src/log/build_2024-11-13_19-54-52/b4_package) by extension 'colcon_pkg'
[0.497s] Level 1:colcon.colcon_core.package_identification:_identify(src/log/build_2024-11-13_19-54-52/b4_package) by extensions ['colcon_meta']
[0.497s] Level 1:colcon.colcon_core.package_identification:_identify(src/log/build_2024-11-13_19-54-52/b4_package) by extension 'colcon_meta'
[0.497s] Level 1:colcon.colcon_core.package_identification:_identify(src/log/build_2024-11-13_19-54-52/b4_package) by extensions ['ros']
[0.497s] Level 1:colcon.colcon_core.package_identification:_identify(src/log/build_2024-11-13_19-54-52/b4_package) by extension 'ros'
[0.497s] Level 1:colcon.colcon_core.package_identification:_identify(src/log/build_2024-11-13_19-54-52/b4_package) by extensions ['cmake', 'python']
[0.497s] Level 1:colcon.colcon_core.package_identification:_identify(src/log/build_2024-11-13_19-54-52/b4_package) by extension 'cmake'
[0.497s] Level 1:colcon.colcon_core.package_identification:_identify(src/log/build_2024-11-13_19-54-52/b4_package) by extension 'python'
[0.497s] Level 1:colcon.colcon_core.package_identification:_identify(src/log/build_2024-11-13_19-54-52/b4_package) by extensions ['python_setup_py']
[0.497s] Level 1:colcon.colcon_core.package_identification:_identify(src/log/build_2024-11-13_19-54-52/b4_package) by extension 'python_setup_py'
[0.497s] Level 1:colcon.colcon_core.package_identification:_identify(src/log/build_2024-11-13_20-30-09) by extensions ['ignore', 'ignore_ament_install']
[0.498s] Level 1:colcon.colcon_core.package_identification:_identify(src/log/build_2024-11-13_20-30-09) by extension 'ignore'
[0.498s] Level 1:colcon.colcon_core.package_identification:_identify(src/log/build_2024-11-13_20-30-09) by extension 'ignore_ament_install'
[0.498s] Level 1:colcon.colcon_core.package_identification:_identify(src/log/build_2024-11-13_20-30-09) by extensions ['colcon_pkg']
[0.498s] Level 1:colcon.colcon_core.package_identification:_identify(src/log/build_2024-11-13_20-30-09) by extension 'colcon_pkg'
[0.498s] Level 1:colcon.colcon_core.package_identification:_identify(src/log/build_2024-11-13_20-30-09) by extensions ['colcon_meta']
[0.498s] Level 1:colcon.colcon_core.package_identification:_identify(src/log/build_2024-11-13_20-30-09) by extension 'colcon_meta'
[0.498s] Level 1:colcon.colcon_core.package_identification:_identify(src/log/build_2024-11-13_20-30-09) by extensions ['ros']
[0.498s] Level 1:colcon.colcon_core.package_identification:_identify(src/log/build_2024-11-13_20-30-09) by extension 'ros'
[0.498s] Level 1:colcon.colcon_core.package_identification:_identify(src/log/build_2024-11-13_20-30-09) by extensions ['cmake', 'python']
[0.499s] Level 1:colcon.colcon_core.package_identification:_identify(src/log/build_2024-11-13_20-30-09) by extension 'cmake'
[0.499s] Level 1:colcon.colcon_core.package_identification:_identify(src/log/build_2024-11-13_20-30-09) by extension 'python'
[0.499s] Level 1:colcon.colcon_core.package_identification:_identify(src/log/build_2024-11-13_20-30-09) by extensions ['python_setup_py']
[0.499s] Level 1:colcon.colcon_core.package_identification:_identify(src/log/build_2024-11-13_20-30-09) by extension 'python_setup_py'
[0.499s] Level 1:colcon.colcon_core.package_identification:_identify(src/log/build_2024-11-13_20-30-09/b4_package) by extensions ['ignore', 'ignore_ament_install']
[0.499s] Level 1:colcon.colcon_core.package_identification:_identify(src/log/build_2024-11-13_20-30-09/b4_package) by extension 'ignore'
[0.499s] Level 1:colcon.colcon_core.package_identification:_identify(src/log/build_2024-11-13_20-30-09/b4_package) by extension 'ignore_ament_install'
[0.499s] Level 1:colcon.colcon_core.package_identification:_identify(src/log/build_2024-11-13_20-30-09/b4_package) by extensions ['colcon_pkg']
[0.499s] Level 1:colcon.colcon_core.package_identification:_identify(src/log/build_2024-11-13_20-30-09/b4_package) by extension 'colcon_pkg'
[0.500s] Level 1:colcon.colcon_core.package_identification:_identify(src/log/build_2024-11-13_20-30-09/b4_package) by extensions ['colcon_meta']
[0.500s] Level 1:colcon.colcon_core.package_identification:_identify(src/log/build_2024-11-13_20-30-09/b4_package) by extension 'colcon_meta'
[0.500s] Level 1:colcon.colcon_core.package_identification:_identify(src/log/build_2024-11-13_20-30-09/b4_package) by extensions ['ros']
[0.500s] Level 1:colcon.colcon_core.package_identification:_identify(src/log/build_2024-11-13_20-30-09/b4_package) by extension 'ros'
[0.500s] Level 1:colcon.colcon_core.package_identification:_identify(src/log/build_2024-11-13_20-30-09/b4_package) by extensions ['cmake', 'python']
[0.500s] Level 1:colcon.colcon_core.package_identification:_identify(src/log/build_2024-11-13_20-30-09/b4_package) by extension 'cmake'
[0.500s] Level 1:colcon.colcon_core.package_identification:_identify(src/log/build_2024-11-13_20-30-09/b4_package) by extension 'python'
[0.500s] Level 1:colcon.colcon_core.package_identification:_identify(src/log/build_2024-11-13_20-30-09/b4_package) by extensions ['python_setup_py']
[0.500s] Level 1:colcon.colcon_core.package_identification:_identify(src/log/build_2024-11-13_20-30-09/b4_package) by extension 'python_setup_py'
[0.501s] Level 1:colcon.colcon_core.package_identification:_identify(src/log/build_2024-11-13_20-34-01) by extensions ['ignore', 'ignore_ament_install']
[0.501s] Level 1:colcon.colcon_core.package_identification:_identify(src/log/build_2024-11-13_20-34-01) by extension 'ignore'
[0.501s] Level 1:colcon.colcon_core.package_identification:_identify(src/log/build_2024-11-13_20-34-01) by extension 'ignore_ament_install'
[0.501s] Level 1:colcon.colcon_core.package_identification:_identify(src/log/build_2024-11-13_20-34-01) by extensions ['colcon_pkg']
[0.501s] Level 1:colcon.colcon_core.package_identification:_identify(src/log/build_2024-11-13_20-34-01) by extension 'colcon_pkg'
[0.501s] Level 1:colcon.colcon_core.package_identification:_identify(src/log/build_2024-11-13_20-34-01) by extensions ['colcon_meta']
[0.501s] Level 1:colcon.colcon_core.package_identification:_identify(src/log/build_2024-11-13_20-34-01) by extension 'colcon_meta'
[0.501s] Level 1:colcon.colcon_core.package_identification:_identify(src/log/build_2024-11-13_20-34-01) by extensions ['ros']
[0.501s] Level 1:colcon.colcon_core.package_identification:_identify(src/log/build_2024-11-13_20-34-01) by extension 'ros'
[0.502s] Level 1:colcon.colcon_core.package_identification:_identify(src/log/build_2024-11-13_20-34-01) by extensions ['cmake', 'python']
[0.502s] Level 1:colcon.colcon_core.package_identification:_identify(src/log/build_2024-11-13_20-34-01) by extension 'cmake'
[0.502s] Level 1:colcon.colcon_core.package_identification:_identify(src/log/build_2024-11-13_20-34-01) by extension 'python'
[0.502s] Level 1:colcon.colcon_core.package_identification:_identify(src/log/build_2024-11-13_20-34-01) by extensions ['python_setup_py']
[0.502s] Level 1:colcon.colcon_core.package_identification:_identify(src/log/build_2024-11-13_20-34-01) by extension 'python_setup_py'
[0.502s] Level 1:colcon.colcon_core.package_identification:_identify(src/log/build_2024-11-13_20-34-01/b4_package) by extensions ['ignore', 'ignore_ament_install']
[0.502s] Level 1:colcon.colcon_core.package_identification:_identify(src/log/build_2024-11-13_20-34-01/b4_package) by extension 'ignore'
[0.502s] Level 1:colcon.colcon_core.package_identification:_identify(src/log/build_2024-11-13_20-34-01/b4_package) by extension 'ignore_ament_install'
[0.502s] Level 1:colcon.colcon_core.package_identification:_identify(src/log/build_2024-11-13_20-34-01/b4_package) by extensions ['colcon_pkg']
[0.503s] Level 1:colcon.colcon_core.package_identification:_identify(src/log/build_2024-11-13_20-34-01/b4_package) by extension 'colcon_pkg'
[0.503s] Level 1:colcon.colcon_core.package_identification:_identify(src/log/build_2024-11-13_20-34-01/b4_package) by extensions ['colcon_meta']
[0.503s] Level 1:colcon.colcon_core.package_identification:_identify(src/log/build_2024-11-13_20-34-01/b4_package) by extension 'colcon_meta'
[0.503s] Level 1:colcon.colcon_core.package_identification:_identify(src/log/build_2024-11-13_20-34-01/b4_package) by extensions ['ros']
[0.503s] Level 1:colcon.colcon_core.package_identification:_identify(src/log/build_2024-11-13_20-34-01/b4_package) by extension 'ros'
[0.503s] Level 1:colcon.colcon_core.package_identification:_identify(src/log/build_2024-11-13_20-34-01/b4_package) by extensions ['cmake', 'python']
[0.503s] Level 1:colcon.colcon_core.package_identification:_identify(src/log/build_2024-11-13_20-34-01/b4_package) by extension 'cmake'
[0.503s] Level 1:colcon.colcon_core.package_identification:_identify(src/log/build_2024-11-13_20-34-01/b4_package) by extension 'python'
[0.503s] Level 1:colcon.colcon_core.package_identification:_identify(src/log/build_2024-11-13_20-34-01/b4_package) by extensions ['python_setup_py']
[0.503s] Level 1:colcon.colcon_core.package_identification:_identify(src/log/build_2024-11-13_20-34-01/b4_package) by extension 'python_setup_py'
[0.503s] Level 1:colcon.colcon_core.package_identification:_identify(src/log/build_2024-11-13_20-37-51) by extensions ['ignore', 'ignore_ament_install']
[0.503s] Level 1:colcon.colcon_core.package_identification:_identify(src/log/build_2024-11-13_20-37-51) by extension 'ignore'
[0.503s] Level 1:colcon.colcon_core.package_identification:_identify(src/log/build_2024-11-13_20-37-51) by extension 'ignore_ament_install'
[0.504s] Level 1:colcon.colcon_core.package_identification:_identify(src/log/build_2024-11-13_20-37-51) by extensions ['colcon_pkg']
[0.504s] Level 1:colcon.colcon_core.package_identification:_identify(src/log/build_2024-11-13_20-37-51) by extension 'colcon_pkg'
[0.504s] Level 1:colcon.colcon_core.package_identification:_identify(src/log/build_2024-11-13_20-37-51) by extensions ['colcon_meta']
[0.504s] Level 1:colcon.colcon_core.package_identification:_identify(src/log/build_2024-11-13_20-37-51) by extension 'colcon_meta'
[0.504s] Level 1:colcon.colcon_core.package_identification:_identify(src/log/build_2024-11-13_20-37-51) by extensions ['ros']
[0.504s] Level 1:colcon.colcon_core.package_identification:_identify(src/log/build_2024-11-13_20-37-51) by extension 'ros'
[0.504s] Level 1:colcon.colcon_core.package_identification:_identify(src/log/build_2024-11-13_20-37-51) by extensions ['cmake', 'python']
[0.504s] Level 1:colcon.colcon_core.package_identification:_identify(src/log/build_2024-11-13_20-37-51) by extension 'cmake'
[0.504s] Level 1:colcon.colcon_core.package_identification:_identify(src/log/build_2024-11-13_20-37-51) by extension 'python'
[0.504s] Level 1:colcon.colcon_core.package_identification:_identify(src/log/build_2024-11-13_20-37-51) by extensions ['python_setup_py']
[0.504s] Level 1:colcon.colcon_core.package_identification:_identify(src/log/build_2024-11-13_20-37-51) by extension 'python_setup_py'
[0.504s] Level 1:colcon.colcon_core.package_identification:_identify(src/log/build_2024-11-13_20-37-51/b4_package) by extensions ['ignore', 'ignore_ament_install']
[0.504s] Level 1:colcon.colcon_core.package_identification:_identify(src/log/build_2024-11-13_20-37-51/b4_package) by extension 'ignore'
[0.504s] Level 1:colcon.colcon_core.package_identification:_identify(src/log/build_2024-11-13_20-37-51/b4_package) by extension 'ignore_ament_install'
[0.505s] Level 1:colcon.colcon_core.package_identification:_identify(src/log/build_2024-11-13_20-37-51/b4_package) by extensions ['colcon_pkg']
[0.505s] Level 1:colcon.colcon_core.package_identification:_identify(src/log/build_2024-11-13_20-37-51/b4_package) by extension 'colcon_pkg'
[0.505s] Level 1:colcon.colcon_core.package_identification:_identify(src/log/build_2024-11-13_20-37-51/b4_package) by extensions ['colcon_meta']
[0.505s] Level 1:colcon.colcon_core.package_identification:_identify(src/log/build_2024-11-13_20-37-51/b4_package) by extension 'colcon_meta'
[0.505s] Level 1:colcon.colcon_core.package_identification:_identify(src/log/build_2024-11-13_20-37-51/b4_package) by extensions ['ros']
[0.505s] Level 1:colcon.colcon_core.package_identification:_identify(src/log/build_2024-11-13_20-37-51/b4_package) by extension 'ros'
[0.505s] Level 1:colcon.colcon_core.package_identification:_identify(src/log/build_2024-11-13_20-37-51/b4_package) by extensions ['cmake', 'python']
[0.505s] Level 1:colcon.colcon_core.package_identification:_identify(src/log/build_2024-11-13_20-37-51/b4_package) by extension 'cmake'
[0.505s] Level 1:colcon.colcon_core.package_identification:_identify(src/log/build_2024-11-13_20-37-51/b4_package) by extension 'python'
[0.505s] Level 1:colcon.colcon_core.package_identification:_identify(src/log/build_2024-11-13_20-37-51/b4_package) by extensions ['python_setup_py']
[0.505s] Level 1:colcon.colcon_core.package_identification:_identify(src/log/build_2024-11-13_20-37-51/b4_package) by extension 'python_setup_py'
[0.505s] Level 1:colcon.colcon_core.package_identification:_identify(src/log/build_2024-11-13_20-39-56) by extensions ['ignore', 'ignore_ament_install']
[0.506s] Level 1:colcon.colcon_core.package_identification:_identify(src/log/build_2024-11-13_20-39-56) by extension 'ignore'
[0.506s] Level 1:colcon.colcon_core.package_identification:_identify(src/log/build_2024-11-13_20-39-56) by extension 'ignore_ament_install'
[0.506s] Level 1:colcon.colcon_core.package_identification:_identify(src/log/build_2024-11-13_20-39-56) by extensions ['colcon_pkg']
[0.506s] Level 1:colcon.colcon_core.package_identification:_identify(src/log/build_2024-11-13_20-39-56) by extension 'colcon_pkg'
[0.506s] Level 1:colcon.colcon_core.package_identification:_identify(src/log/build_2024-11-13_20-39-56) by extensions ['colcon_meta']
[0.506s] Level 1:colcon.colcon_core.package_identification:_identify(src/log/build_2024-11-13_20-39-56) by extension 'colcon_meta'
[0.506s] Level 1:colcon.colcon_core.package_identification:_identify(src/log/build_2024-11-13_20-39-56) by extensions ['ros']
[0.506s] Level 1:colcon.colcon_core.package_identification:_identify(src/log/build_2024-11-13_20-39-56) by extension 'ros'
[0.506s] Level 1:colcon.colcon_core.package_identification:_identify(src/log/build_2024-11-13_20-39-56) by extensions ['cmake', 'python']
[0.506s] Level 1:colcon.colcon_core.package_identification:_identify(src/log/build_2024-11-13_20-39-56) by extension 'cmake'
[0.506s] Level 1:colcon.colcon_core.package_identification:_identify(src/log/build_2024-11-13_20-39-56) by extension 'python'
[0.506s] Level 1:colcon.colcon_core.package_identification:_identify(src/log/build_2024-11-13_20-39-56) by extensions ['python_setup_py']
[0.506s] Level 1:colcon.colcon_core.package_identification:_identify(src/log/build_2024-11-13_20-39-56) by extension 'python_setup_py'
[0.507s] Level 1:colcon.colcon_core.package_identification:_identify(src/log/build_2024-11-13_20-39-56/b4_package) by extensions ['ignore', 'ignore_ament_install']
[0.507s] Level 1:colcon.colcon_core.package_identification:_identify(src/log/build_2024-11-13_20-39-56/b4_package) by extension 'ignore'
[0.507s] Level 1:colcon.colcon_core.package_identification:_identify(src/log/build_2024-11-13_20-39-56/b4_package) by extension 'ignore_ament_install'
[0.507s] Level 1:colcon.colcon_core.package_identification:_identify(src/log/build_2024-11-13_20-39-56/b4_package) by extensions ['colcon_pkg']
[0.507s] Level 1:colcon.colcon_core.package_identification:_identify(src/log/build_2024-11-13_20-39-56/b4_package) by extension 'colcon_pkg'
[0.507s] Level 1:colcon.colcon_core.package_identification:_identify(src/log/build_2024-11-13_20-39-56/b4_package) by extensions ['colcon_meta']
[0.507s] Level 1:colcon.colcon_core.package_identification:_identify(src/log/build_2024-11-13_20-39-56/b4_package) by extension 'colcon_meta'
[0.507s] Level 1:colcon.colcon_core.package_identification:_identify(src/log/build_2024-11-13_20-39-56/b4_package) by extensions ['ros']
[0.507s] Level 1:colcon.colcon_core.package_identification:_identify(src/log/build_2024-11-13_20-39-56/b4_package) by extension 'ros'
[0.507s] Level 1:colcon.colcon_core.package_identification:_identify(src/log/build_2024-11-13_20-39-56/b4_package) by extensions ['cmake', 'python']
[0.507s] Level 1:colcon.colcon_core.package_identification:_identify(src/log/build_2024-11-13_20-39-56/b4_package) by extension 'cmake'
[0.507s] Level 1:colcon.colcon_core.package_identification:_identify(src/log/build_2024-11-13_20-39-56/b4_package) by extension 'python'
[0.507s] Level 1:colcon.colcon_core.package_identification:_identify(src/log/build_2024-11-13_20-39-56/b4_package) by extensions ['python_setup_py']
[0.507s] Level 1:colcon.colcon_core.package_identification:_identify(src/log/build_2024-11-13_20-39-56/b4_package) by extension 'python_setup_py'
[0.508s] Level 1:colcon.colcon_core.package_identification:_identify(src/log/build_2024-11-13_20-41-40) by extensions ['ignore', 'ignore_ament_install']
[0.508s] Level 1:colcon.colcon_core.package_identification:_identify(src/log/build_2024-11-13_20-41-40) by extension 'ignore'
[0.508s] Level 1:colcon.colcon_core.package_identification:_identify(src/log/build_2024-11-13_20-41-40) by extension 'ignore_ament_install'
[0.508s] Level 1:colcon.colcon_core.package_identification:_identify(src/log/build_2024-11-13_20-41-40) by extensions ['colcon_pkg']
[0.508s] Level 1:colcon.colcon_core.package_identification:_identify(src/log/build_2024-11-13_20-41-40) by extension 'colcon_pkg'
[0.508s] Level 1:colcon.colcon_core.package_identification:_identify(src/log/build_2024-11-13_20-41-40) by extensions ['colcon_meta']
[0.508s] Level 1:colcon.colcon_core.package_identification:_identify(src/log/build_2024-11-13_20-41-40) by extension 'colcon_meta'
[0.508s] Level 1:colcon.colcon_core.package_identification:_identify(src/log/build_2024-11-13_20-41-40) by extensions ['ros']
[0.508s] Level 1:colcon.colcon_core.package_identification:_identify(src/log/build_2024-11-13_20-41-40) by extension 'ros'
[0.508s] Level 1:colcon.colcon_core.package_identification:_identify(src/log/build_2024-11-13_20-41-40) by extensions ['cmake', 'python']
[0.508s] Level 1:colcon.colcon_core.package_identification:_identify(src/log/build_2024-11-13_20-41-40) by extension 'cmake'
[0.508s] Level 1:colcon.colcon_core.package_identification:_identify(src/log/build_2024-11-13_20-41-40) by extension 'python'
[0.508s] Level 1:colcon.colcon_core.package_identification:_identify(src/log/build_2024-11-13_20-41-40) by extensions ['python_setup_py']
[0.508s] Level 1:colcon.colcon_core.package_identification:_identify(src/log/build_2024-11-13_20-41-40) by extension 'python_setup_py'
[0.508s] Level 1:colcon.colcon_core.package_identification:_identify(src/log/build_2024-11-13_20-41-40/b4_package) by extensions ['ignore', 'ignore_ament_install']
[0.509s] Level 1:colcon.colcon_core.package_identification:_identify(src/log/build_2024-11-13_20-41-40/b4_package) by extension 'ignore'
[0.509s] Level 1:colcon.colcon_core.package_identification:_identify(src/log/build_2024-11-13_20-41-40/b4_package) by extension 'ignore_ament_install'
[0.509s] Level 1:colcon.colcon_core.package_identification:_identify(src/log/build_2024-11-13_20-41-40/b4_package) by extensions ['colcon_pkg']
[0.509s] Level 1:colcon.colcon_core.package_identification:_identify(src/log/build_2024-11-13_20-41-40/b4_package) by extension 'colcon_pkg'
[0.509s] Level 1:colcon.colcon_core.package_identification:_identify(src/log/build_2024-11-13_20-41-40/b4_package) by extensions ['colcon_meta']
[0.509s] Level 1:colcon.colcon_core.package_identification:_identify(src/log/build_2024-11-13_20-41-40/b4_package) by extension 'colcon_meta'
[0.509s] Level 1:colcon.colcon_core.package_identification:_identify(src/log/build_2024-11-13_20-41-40/b4_package) by extensions ['ros']
[0.509s] Level 1:colcon.colcon_core.package_identification:_identify(src/log/build_2024-11-13_20-41-40/b4_package) by extension 'ros'
[0.509s] Level 1:colcon.colcon_core.package_identification:_identify(src/log/build_2024-11-13_20-41-40/b4_package) by extensions ['cmake', 'python']
[0.509s] Level 1:colcon.colcon_core.package_identification:_identify(src/log/build_2024-11-13_20-41-40/b4_package) by extension 'cmake'
[0.509s] Level 1:colcon.colcon_core.package_identification:_identify(src/log/build_2024-11-13_20-41-40/b4_package) by extension 'python'
[0.509s] Level 1:colcon.colcon_core.package_identification:_identify(src/log/build_2024-11-13_20-41-40/b4_package) by extensions ['python_setup_py']
[0.509s] Level 1:colcon.colcon_core.package_identification:_identify(src/log/build_2024-11-13_20-41-40/b4_package) by extension 'python_setup_py'
[0.509s] Level 1:colcon.colcon_core.package_identification:_identify(src/log/build_2024-11-13_20-42-35) by extensions ['ignore', 'ignore_ament_install']
[0.509s] Level 1:colcon.colcon_core.package_identification:_identify(src/log/build_2024-11-13_20-42-35) by extension 'ignore'
[0.509s] Level 1:colcon.colcon_core.package_identification:_identify(src/log/build_2024-11-13_20-42-35) by extension 'ignore_ament_install'
[0.510s] Level 1:colcon.colcon_core.package_identification:_identify(src/log/build_2024-11-13_20-42-35) by extensions ['colcon_pkg']
[0.510s] Level 1:colcon.colcon_core.package_identification:_identify(src/log/build_2024-11-13_20-42-35) by extension 'colcon_pkg'
[0.510s] Level 1:colcon.colcon_core.package_identification:_identify(src/log/build_2024-11-13_20-42-35) by extensions ['colcon_meta']
[0.510s] Level 1:colcon.colcon_core.package_identification:_identify(src/log/build_2024-11-13_20-42-35) by extension 'colcon_meta'
[0.510s] Level 1:colcon.colcon_core.package_identification:_identify(src/log/build_2024-11-13_20-42-35) by extensions ['ros']
[0.510s] Level 1:colcon.colcon_core.package_identification:_identify(src/log/build_2024-11-13_20-42-35) by extension 'ros'
[0.510s] Level 1:colcon.colcon_core.package_identification:_identify(src/log/build_2024-11-13_20-42-35) by extensions ['cmake', 'python']
[0.510s] Level 1:colcon.colcon_core.package_identification:_identify(src/log/build_2024-11-13_20-42-35) by extension 'cmake'
[0.510s] Level 1:colcon.colcon_core.package_identification:_identify(src/log/build_2024-11-13_20-42-35) by extension 'python'
[0.510s] Level 1:colcon.colcon_core.package_identification:_identify(src/log/build_2024-11-13_20-42-35) by extensions ['python_setup_py']
[0.510s] Level 1:colcon.colcon_core.package_identification:_identify(src/log/build_2024-11-13_20-42-35) by extension 'python_setup_py'
[0.510s] Level 1:colcon.colcon_core.package_identification:_identify(src/log/build_2024-11-13_20-42-35/b4_package) by extensions ['ignore', 'ignore_ament_install']
[0.510s] Level 1:colcon.colcon_core.package_identification:_identify(src/log/build_2024-11-13_20-42-35/b4_package) by extension 'ignore'
[0.510s] Level 1:colcon.colcon_core.package_identification:_identify(src/log/build_2024-11-13_20-42-35/b4_package) by extension 'ignore_ament_install'
[0.510s] Level 1:colcon.colcon_core.package_identification:_identify(src/log/build_2024-11-13_20-42-35/b4_package) by extensions ['colcon_pkg']
[0.510s] Level 1:colcon.colcon_core.package_identification:_identify(src/log/build_2024-11-13_20-42-35/b4_package) by extension 'colcon_pkg'
[0.511s] Level 1:colcon.colcon_core.package_identification:_identify(src/log/build_2024-11-13_20-42-35/b4_package) by extensions ['colcon_meta']
[0.511s] Level 1:colcon.colcon_core.package_identification:_identify(src/log/build_2024-11-13_20-42-35/b4_package) by extension 'colcon_meta'
[0.511s] Level 1:colcon.colcon_core.package_identification:_identify(src/log/build_2024-11-13_20-42-35/b4_package) by extensions ['ros']
[0.511s] Level 1:colcon.colcon_core.package_identification:_identify(src/log/build_2024-11-13_20-42-35/b4_package) by extension 'ros'
[0.511s] Level 1:colcon.colcon_core.package_identification:_identify(src/log/build_2024-11-13_20-42-35/b4_package) by extensions ['cmake', 'python']
[0.511s] Level 1:colcon.colcon_core.package_identification:_identify(src/log/build_2024-11-13_20-42-35/b4_package) by extension 'cmake'
[0.511s] Level 1:colcon.colcon_core.package_identification:_identify(src/log/build_2024-11-13_20-42-35/b4_package) by extension 'python'
[0.511s] Level 1:colcon.colcon_core.package_identification:_identify(src/log/build_2024-11-13_20-42-35/b4_package) by extensions ['python_setup_py']
[0.511s] Level 1:colcon.colcon_core.package_identification:_identify(src/log/build_2024-11-13_20-42-35/b4_package) by extension 'python_setup_py'
[0.511s] Level 1:colcon.colcon_core.package_identification:_identify(src/log/build_2024-11-13_20-44-57) by extensions ['ignore', 'ignore_ament_install']
[0.511s] Level 1:colcon.colcon_core.package_identification:_identify(src/log/build_2024-11-13_20-44-57) by extension 'ignore'
[0.511s] Level 1:colcon.colcon_core.package_identification:_identify(src/log/build_2024-11-13_20-44-57) by extension 'ignore_ament_install'
[0.511s] Level 1:colcon.colcon_core.package_identification:_identify(src/log/build_2024-11-13_20-44-57) by extensions ['colcon_pkg']
[0.511s] Level 1:colcon.colcon_core.package_identification:_identify(src/log/build_2024-11-13_20-44-57) by extension 'colcon_pkg'
[0.511s] Level 1:colcon.colcon_core.package_identification:_identify(src/log/build_2024-11-13_20-44-57) by extensions ['colcon_meta']
[0.511s] Level 1:colcon.colcon_core.package_identification:_identify(src/log/build_2024-11-13_20-44-57) by extension 'colcon_meta'
[0.512s] Level 1:colcon.colcon_core.package_identification:_identify(src/log/build_2024-11-13_20-44-57) by extensions ['ros']
[0.512s] Level 1:colcon.colcon_core.package_identification:_identify(src/log/build_2024-11-13_20-44-57) by extension 'ros'
[0.512s] Level 1:colcon.colcon_core.package_identification:_identify(src/log/build_2024-11-13_20-44-57) by extensions ['cmake', 'python']
[0.512s] Level 1:colcon.colcon_core.package_identification:_identify(src/log/build_2024-11-13_20-44-57) by extension 'cmake'
[0.512s] Level 1:colcon.colcon_core.package_identification:_identify(src/log/build_2024-11-13_20-44-57) by extension 'python'
[0.512s] Level 1:colcon.colcon_core.package_identification:_identify(src/log/build_2024-11-13_20-44-57) by extensions ['python_setup_py']
[0.512s] Level 1:colcon.colcon_core.package_identification:_identify(src/log/build_2024-11-13_20-44-57) by extension 'python_setup_py'
[0.512s] Level 1:colcon.colcon_core.package_identification:_identify(src/log/build_2024-11-13_20-44-57/b4_package) by extensions ['ignore', 'ignore_ament_install']
[0.512s] Level 1:colcon.colcon_core.package_identification:_identify(src/log/build_2024-11-13_20-44-57/b4_package) by extension 'ignore'
[0.512s] Level 1:colcon.colcon_core.package_identification:_identify(src/log/build_2024-11-13_20-44-57/b4_package) by extension 'ignore_ament_install'
[0.512s] Level 1:colcon.colcon_core.package_identification:_identify(src/log/build_2024-11-13_20-44-57/b4_package) by extensions ['colcon_pkg']
[0.512s] Level 1:colcon.colcon_core.package_identification:_identify(src/log/build_2024-11-13_20-44-57/b4_package) by extension 'colcon_pkg'
[0.512s] Level 1:colcon.colcon_core.package_identification:_identify(src/log/build_2024-11-13_20-44-57/b4_package) by extensions ['colcon_meta']
[0.512s] Level 1:colcon.colcon_core.package_identification:_identify(src/log/build_2024-11-13_20-44-57/b4_package) by extension 'colcon_meta'
[0.512s] Level 1:colcon.colcon_core.package_identification:_identify(src/log/build_2024-11-13_20-44-57/b4_package) by extensions ['ros']
[0.512s] Level 1:colcon.colcon_core.package_identification:_identify(src/log/build_2024-11-13_20-44-57/b4_package) by extension 'ros'
[0.513s] Level 1:colcon.colcon_core.package_identification:_identify(src/log/build_2024-11-13_20-44-57/b4_package) by extensions ['cmake', 'python']
[0.513s] Level 1:colcon.colcon_core.package_identification:_identify(src/log/build_2024-11-13_20-44-57/b4_package) by extension 'cmake'
[0.513s] Level 1:colcon.colcon_core.package_identification:_identify(src/log/build_2024-11-13_20-44-57/b4_package) by extension 'python'
[0.513s] Level 1:colcon.colcon_core.package_identification:_identify(src/log/build_2024-11-13_20-44-57/b4_package) by extensions ['python_setup_py']
[0.513s] Level 1:colcon.colcon_core.package_identification:_identify(src/log/build_2024-11-13_20-44-57/b4_package) by extension 'python_setup_py'
[0.513s] Level 1:colcon.colcon_core.package_identification:_identify(src/log/build_2024-11-13_20-45-56) by extensions ['ignore', 'ignore_ament_install']
[0.513s] Level 1:colcon.colcon_core.package_identification:_identify(src/log/build_2024-11-13_20-45-56) by extension 'ignore'
[0.513s] Level 1:colcon.colcon_core.package_identification:_identify(src/log/build_2024-11-13_20-45-56) by extension 'ignore_ament_install'
[0.513s] Level 1:colcon.colcon_core.package_identification:_identify(src/log/build_2024-11-13_20-45-56) by extensions ['colcon_pkg']
[0.513s] Level 1:colcon.colcon_core.package_identification:_identify(src/log/build_2024-11-13_20-45-56) by extension 'colcon_pkg'
[0.513s] Level 1:colcon.colcon_core.package_identification:_identify(src/log/build_2024-11-13_20-45-56) by extensions ['colcon_meta']
[0.513s] Level 1:colcon.colcon_core.package_identification:_identify(src/log/build_2024-11-13_20-45-56) by extension 'colcon_meta'
[0.513s] Level 1:colcon.colcon_core.package_identification:_identify(src/log/build_2024-11-13_20-45-56) by extensions ['ros']
[0.513s] Level 1:colcon.colcon_core.package_identification:_identify(src/log/build_2024-11-13_20-45-56) by extension 'ros'
[0.513s] Level 1:colcon.colcon_core.package_identification:_identify(src/log/build_2024-11-13_20-45-56) by extensions ['cmake', 'python']
[0.513s] Level 1:colcon.colcon_core.package_identification:_identify(src/log/build_2024-11-13_20-45-56) by extension 'cmake'
[0.513s] Level 1:colcon.colcon_core.package_identification:_identify(src/log/build_2024-11-13_20-45-56) by extension 'python'
[0.514s] Level 1:colcon.colcon_core.package_identification:_identify(src/log/build_2024-11-13_20-45-56) by extensions ['python_setup_py']
[0.514s] Level 1:colcon.colcon_core.package_identification:_identify(src/log/build_2024-11-13_20-45-56) by extension 'python_setup_py'
[0.514s] Level 1:colcon.colcon_core.package_identification:_identify(src/log/build_2024-11-13_20-45-56/b4_package) by extensions ['ignore', 'ignore_ament_install']
[0.514s] Level 1:colcon.colcon_core.package_identification:_identify(src/log/build_2024-11-13_20-45-56/b4_package) by extension 'ignore'
[0.514s] Level 1:colcon.colcon_core.package_identification:_identify(src/log/build_2024-11-13_20-45-56/b4_package) by extension 'ignore_ament_install'
[0.514s] Level 1:colcon.colcon_core.package_identification:_identify(src/log/build_2024-11-13_20-45-56/b4_package) by extensions ['colcon_pkg']
[0.514s] Level 1:colcon.colcon_core.package_identification:_identify(src/log/build_2024-11-13_20-45-56/b4_package) by extension 'colcon_pkg'
[0.514s] Level 1:colcon.colcon_core.package_identification:_identify(src/log/build_2024-11-13_20-45-56/b4_package) by extensions ['colcon_meta']
[0.514s] Level 1:colcon.colcon_core.package_identification:_identify(src/log/build_2024-11-13_20-45-56/b4_package) by extension 'colcon_meta'
[0.514s] Level 1:colcon.colcon_core.package_identification:_identify(src/log/build_2024-11-13_20-45-56/b4_package) by extensions ['ros']
[0.514s] Level 1:colcon.colcon_core.package_identification:_identify(src/log/build_2024-11-13_20-45-56/b4_package) by extension 'ros'
[0.514s] Level 1:colcon.colcon_core.package_identification:_identify(src/log/build_2024-11-13_20-45-56/b4_package) by extensions ['cmake', 'python']
[0.514s] Level 1:colcon.colcon_core.package_identification:_identify(src/log/build_2024-11-13_20-45-56/b4_package) by extension 'cmake'
[0.514s] Level 1:colcon.colcon_core.package_identification:_identify(src/log/build_2024-11-13_20-45-56/b4_package) by extension 'python'
[0.514s] Level 1:colcon.colcon_core.package_identification:_identify(src/log/build_2024-11-13_20-45-56/b4_package) by extensions ['python_setup_py']
[0.514s] Level 1:colcon.colcon_core.package_identification:_identify(src/log/build_2024-11-13_20-45-56/b4_package) by extension 'python_setup_py'
[0.515s] Level 1:colcon.colcon_core.package_identification:_identify(src/log/build_2024-11-13_20-51-59) by extensions ['ignore', 'ignore_ament_install']
[0.515s] Level 1:colcon.colcon_core.package_identification:_identify(src/log/build_2024-11-13_20-51-59) by extension 'ignore'
[0.515s] Level 1:colcon.colcon_core.package_identification:_identify(src/log/build_2024-11-13_20-51-59) by extension 'ignore_ament_install'
[0.515s] Level 1:colcon.colcon_core.package_identification:_identify(src/log/build_2024-11-13_20-51-59) by extensions ['colcon_pkg']
[0.515s] Level 1:colcon.colcon_core.package_identification:_identify(src/log/build_2024-11-13_20-51-59) by extension 'colcon_pkg'
[0.515s] Level 1:colcon.colcon_core.package_identification:_identify(src/log/build_2024-11-13_20-51-59) by extensions ['colcon_meta']
[0.515s] Level 1:colcon.colcon_core.package_identification:_identify(src/log/build_2024-11-13_20-51-59) by extension 'colcon_meta'
[0.515s] Level 1:colcon.colcon_core.package_identification:_identify(src/log/build_2024-11-13_20-51-59) by extensions ['ros']
[0.515s] Level 1:colcon.colcon_core.package_identification:_identify(src/log/build_2024-11-13_20-51-59) by extension 'ros'
[0.515s] Level 1:colcon.colcon_core.package_identification:_identify(src/log/build_2024-11-13_20-51-59) by extensions ['cmake', 'python']
[0.515s] Level 1:colcon.colcon_core.package_identification:_identify(src/log/build_2024-11-13_20-51-59) by extension 'cmake'
[0.515s] Level 1:colcon.colcon_core.package_identification:_identify(src/log/build_2024-11-13_20-51-59) by extension 'python'
[0.515s] Level 1:colcon.colcon_core.package_identification:_identify(src/log/build_2024-11-13_20-51-59) by extensions ['python_setup_py']
[0.515s] Level 1:colcon.colcon_core.package_identification:_identify(src/log/build_2024-11-13_20-51-59) by extension 'python_setup_py'
[0.515s] Level 1:colcon.colcon_core.package_identification:_identify(src/log/build_2024-11-13_20-51-59/b4_package) by extensions ['ignore', 'ignore_ament_install']
[0.516s] Level 1:colcon.colcon_core.package_identification:_identify(src/log/build_2024-11-13_20-51-59/b4_package) by extension 'ignore'
[0.516s] Level 1:colcon.colcon_core.package_identification:_identify(src/log/build_2024-11-13_20-51-59/b4_package) by extension 'ignore_ament_install'
[0.516s] Level 1:colcon.colcon_core.package_identification:_identify(src/log/build_2024-11-13_20-51-59/b4_package) by extensions ['colcon_pkg']
[0.516s] Level 1:colcon.colcon_core.package_identification:_identify(src/log/build_2024-11-13_20-51-59/b4_package) by extension 'colcon_pkg'
[0.516s] Level 1:colcon.colcon_core.package_identification:_identify(src/log/build_2024-11-13_20-51-59/b4_package) by extensions ['colcon_meta']
[0.516s] Level 1:colcon.colcon_core.package_identification:_identify(src/log/build_2024-11-13_20-51-59/b4_package) by extension 'colcon_meta'
[0.516s] Level 1:colcon.colcon_core.package_identification:_identify(src/log/build_2024-11-13_20-51-59/b4_package) by extensions ['ros']
[0.516s] Level 1:colcon.colcon_core.package_identification:_identify(src/log/build_2024-11-13_20-51-59/b4_package) by extension 'ros'
[0.516s] Level 1:colcon.colcon_core.package_identification:_identify(src/log/build_2024-11-13_20-51-59/b4_package) by extensions ['cmake', 'python']
[0.516s] Level 1:colcon.colcon_core.package_identification:_identify(src/log/build_2024-11-13_20-51-59/b4_package) by extension 'cmake'
[0.516s] Level 1:colcon.colcon_core.package_identification:_identify(src/log/build_2024-11-13_20-51-59/b4_package) by extension 'python'
[0.516s] Level 1:colcon.colcon_core.package_identification:_identify(src/log/build_2024-11-13_20-51-59/b4_package) by extensions ['python_setup_py']
[0.516s] Level 1:colcon.colcon_core.package_identification:_identify(src/log/build_2024-11-13_20-51-59/b4_package) by extension 'python_setup_py'
[0.516s] Level 1:colcon.colcon_core.package_identification:_identify(src/log/build_2024-11-13_20-53-56) by extensions ['ignore', 'ignore_ament_install']
[0.516s] Level 1:colcon.colcon_core.package_identification:_identify(src/log/build_2024-11-13_20-53-56) by extension 'ignore'
[0.516s] Level 1:colcon.colcon_core.package_identification:_identify(src/log/build_2024-11-13_20-53-56) by extension 'ignore_ament_install'
[0.517s] Level 1:colcon.colcon_core.package_identification:_identify(src/log/build_2024-11-13_20-53-56) by extensions ['colcon_pkg']
[0.517s] Level 1:colcon.colcon_core.package_identification:_identify(src/log/build_2024-11-13_20-53-56) by extension 'colcon_pkg'
[0.517s] Level 1:colcon.colcon_core.package_identification:_identify(src/log/build_2024-11-13_20-53-56) by extensions ['colcon_meta']
[0.517s] Level 1:colcon.colcon_core.package_identification:_identify(src/log/build_2024-11-13_20-53-56) by extension 'colcon_meta'
[0.517s] Level 1:colcon.colcon_core.package_identification:_identify(src/log/build_2024-11-13_20-53-56) by extensions ['ros']
[0.517s] Level 1:colcon.colcon_core.package_identification:_identify(src/log/build_2024-11-13_20-53-56) by extension 'ros'
[0.517s] Level 1:colcon.colcon_core.package_identification:_identify(src/log/build_2024-11-13_20-53-56) by extensions ['cmake', 'python']
[0.517s] Level 1:colcon.colcon_core.package_identification:_identify(src/log/build_2024-11-13_20-53-56) by extension 'cmake'
[0.517s] Level 1:colcon.colcon_core.package_identification:_identify(src/log/build_2024-11-13_20-53-56) by extension 'python'
[0.517s] Level 1:colcon.colcon_core.package_identification:_identify(src/log/build_2024-11-13_20-53-56) by extensions ['python_setup_py']
[0.517s] Level 1:colcon.colcon_core.package_identification:_identify(src/log/build_2024-11-13_20-53-56) by extension 'python_setup_py'
[0.517s] Level 1:colcon.colcon_core.package_identification:_identify(src/log/build_2024-11-13_20-53-56/b4_package) by extensions ['ignore', 'ignore_ament_install']
[0.517s] Level 1:colcon.colcon_core.package_identification:_identify(src/log/build_2024-11-13_20-53-56/b4_package) by extension 'ignore'
[0.517s] Level 1:colcon.colcon_core.package_identification:_identify(src/log/build_2024-11-13_20-53-56/b4_package) by extension 'ignore_ament_install'
[0.517s] Level 1:colcon.colcon_core.package_identification:_identify(src/log/build_2024-11-13_20-53-56/b4_package) by extensions ['colcon_pkg']
[0.517s] Level 1:colcon.colcon_core.package_identification:_identify(src/log/build_2024-11-13_20-53-56/b4_package) by extension 'colcon_pkg'
[0.518s] Level 1:colcon.colcon_core.package_identification:_identify(src/log/build_2024-11-13_20-53-56/b4_package) by extensions ['colcon_meta']
[0.518s] Level 1:colcon.colcon_core.package_identification:_identify(src/log/build_2024-11-13_20-53-56/b4_package) by extension 'colcon_meta'
[0.518s] Level 1:colcon.colcon_core.package_identification:_identify(src/log/build_2024-11-13_20-53-56/b4_package) by extensions ['ros']
[0.518s] Level 1:colcon.colcon_core.package_identification:_identify(src/log/build_2024-11-13_20-53-56/b4_package) by extension 'ros'
[0.518s] Level 1:colcon.colcon_core.package_identification:_identify(src/log/build_2024-11-13_20-53-56/b4_package) by extensions ['cmake', 'python']
[0.518s] Level 1:colcon.colcon_core.package_identification:_identify(src/log/build_2024-11-13_20-53-56/b4_package) by extension 'cmake'
[0.518s] Level 1:colcon.colcon_core.package_identification:_identify(src/log/build_2024-11-13_20-53-56/b4_package) by extension 'python'
[0.518s] Level 1:colcon.colcon_core.package_identification:_identify(src/log/build_2024-11-13_20-53-56/b4_package) by extensions ['python_setup_py']
[0.518s] Level 1:colcon.colcon_core.package_identification:_identify(src/log/build_2024-11-13_20-53-56/b4_package) by extension 'python_setup_py'
[0.518s] Level 1:colcon.colcon_core.package_discovery:discover_packages(recursive) using defaults
[0.518s] Level 1:colcon.colcon_core.package_discovery:discover_packages(ignore) discover
[0.518s] Level 1:colcon.colcon_core.package_discovery:discover_packages(ignore) using defaults
[0.518s] Level 1:colcon.colcon_core.package_discovery:discover_packages(path) discover
[0.518s] Level 1:colcon.colcon_core.package_discovery:discover_packages(path) using defaults
[0.550s] Level 1:colcon.colcon_core.package_discovery:discover_packages(prefix_path) check parameters
[0.550s] Level 1:colcon.colcon_core.package_discovery:discover_packages(prefix_path) discover
[0.552s] DEBUG:colcon.colcon_installed_package_information.package_discovery:Found 1 installed packages in /home/rokey/AI_Vision_Project/b4_ws/install
[0.553s] DEBUG:colcon.colcon_installed_package_information.package_discovery:Found 281 installed packages in /opt/ros/humble
[0.555s] Level 1:colcon.colcon_core.package_discovery:discover_packages(prefix_path) using defaults
[0.603s] Level 5:colcon.colcon_core.verb:set package 'b4_package' build argument 'cmake_args' from command line to 'None'
[0.603s] Level 5:colcon.colcon_core.verb:set package 'b4_package' build argument 'cmake_target' from command line to 'None'
[0.603s] Level 5:colcon.colcon_core.verb:set package 'b4_package' build argument 'cmake_target_skip_unavailable' from command line to 'False'
[0.603s] Level 5:colcon.colcon_core.verb:set package 'b4_package' build argument 'cmake_clean_cache' from command line to 'False'
[0.603s] Level 5:colcon.colcon_core.verb:set package 'b4_package' build argument 'cmake_clean_first' from command line to 'False'
[0.603s] Level 5:colcon.colcon_core.verb:set package 'b4_package' build argument 'cmake_force_configure' from command line to 'False'
[0.603s] Level 5:colcon.colcon_core.verb:set package 'b4_package' build argument 'ament_cmake_args' from command line to 'None'
[0.603s] Level 5:colcon.colcon_core.verb:set package 'b4_package' build argument 'catkin_cmake_args' from command line to 'None'
[0.603s] Level 5:colcon.colcon_core.verb:set package 'b4_package' build argument 'catkin_skip_building_tests' from command line to 'False'
[0.603s] DEBUG:colcon.colcon_core.verb:Building package 'b4_package' with the following arguments: {'ament_cmake_args': None, 'build_base': '/home/rokey/AI_Vision_Project/b4_ws/build/b4_package', 'catkin_cmake_args': None, 'catkin_skip_building_tests': False, 'cmake_args': None, 'cmake_clean_cache': False, 'cmake_clean_first': False, 'cmake_force_configure': False, 'cmake_target': None, 'cmake_target_skip_unavailable': False, 'install_base': '/home/rokey/AI_Vision_Project/b4_ws/install/b4_package', 'merge_install': False, 'path': '/home/rokey/AI_Vision_Project/b4_ws/src/b4_package', 'symlink_install': False, 'test_result_base': None}
[0.604s] INFO:colcon.colcon_core.executor:Executing jobs using 'parallel' executor
[0.605s] DEBUG:colcon.colcon_parallel_executor.executor.parallel:run_until_complete
[0.605s] INFO:colcon.colcon_ros.task.ament_python.build:Building ROS package in '/home/rokey/AI_Vision_Project/b4_ws/src/b4_package' with build type 'ament_python'
[0.606s] Level 1:colcon.colcon_core.shell:create_environment_hook('b4_package', 'ament_prefix_path')
[0.608s] INFO:colcon.colcon_core.plugin_system:Skipping extension 'colcon_core.shell.bat': Not used on non-Windows systems
[0.609s] INFO:colcon.colcon_core.shell:Creating environment hook '/home/rokey/AI_Vision_Project/b4_ws/install/b4_package/share/b4_package/hook/ament_prefix_path.ps1'
[0.609s] INFO:colcon.colcon_core.shell:Creating environment descriptor '/home/rokey/AI_Vision_Project/b4_ws/install/b4_package/share/b4_package/hook/ament_prefix_path.dsv'
[0.610s] INFO:colcon.colcon_core.shell:Creating environment hook '/home/rokey/AI_Vision_Project/b4_ws/install/b4_package/share/b4_package/hook/ament_prefix_path.sh'
[0.611s] INFO:colcon.colcon_core.shell:Skip shell extension 'powershell' for command environment: Not usable outside of PowerShell
[0.611s] DEBUG:colcon.colcon_core.shell:Skip shell extension 'dsv' for command environment
[1.012s] INFO:colcon.colcon_core.task.python.build:Building Python package in '/home/rokey/AI_Vision_Project/b4_ws/src/b4_package'
[1.012s] INFO:colcon.colcon_core.shell:Skip shell extension 'powershell' for command environment: Not usable outside of PowerShell
[1.012s] DEBUG:colcon.colcon_core.shell:Skip shell extension 'dsv' for command environment
[1.590s] DEBUG:colcon.colcon_core.event_handler.log_command:Invoking command in '/home/rokey/AI_Vision_Project/b4_ws/src/b4_package': PYTHONPATH=/home/rokey/AI_Vision_Project/b4_ws/build/b4_package/prefix_override:/usr/lib/python3/dist-packages/colcon_core/task/python/colcon_distutils_commands:/home/rokey/AI_Vision_Project/b4_ws/install/b4_package/lib/python3.10/site-packages:${PYTHONPATH} /usr/bin/python3 -W ignore:setup.py install is deprecated setup.py egg_info --egg-base ../../build/b4_package build --build-base /home/rokey/AI_Vision_Project/b4_ws/build/b4_package/build install --record /home/rokey/AI_Vision_Project/b4_ws/build/b4_package/install.log --single-version-externally-managed install_data
[2.057s] DEBUG:colcon.colcon_core.event_handler.log_command:Invoked command in '/home/rokey/AI_Vision_Project/b4_ws/src/b4_package' returned '0': PYTHONPATH=/home/rokey/AI_Vision_Project/b4_ws/build/b4_package/prefix_override:/usr/lib/python3/dist-packages/colcon_core/task/python/colcon_distutils_commands:/home/rokey/AI_Vision_Project/b4_ws/install/b4_package/lib/python3.10/site-packages:${PYTHONPATH} /usr/bin/python3 -W ignore:setup.py install is deprecated setup.py egg_info --egg-base ../../build/b4_package build --build-base /home/rokey/AI_Vision_Project/b4_ws/build/b4_package/build install --record /home/rokey/AI_Vision_Project/b4_ws/build/b4_package/install.log --single-version-externally-managed install_data
[2.060s] Level 1:colcon.colcon_core.environment:checking '/home/rokey/AI_Vision_Project/b4_ws/install/b4_package' for CMake module files
[2.061s] Level 1:colcon.colcon_core.environment:checking '/home/rokey/AI_Vision_Project/b4_ws/install/b4_package' for CMake config files
[2.062s] Level 1:colcon.colcon_core.environment:checking '/home/rokey/AI_Vision_Project/b4_ws/install/b4_package/lib'
[2.062s] Level 1:colcon.colcon_core.environment:checking '/home/rokey/AI_Vision_Project/b4_ws/install/b4_package/bin'
[2.062s] Level 1:colcon.colcon_core.environment:checking '/home/rokey/AI_Vision_Project/b4_ws/install/b4_package/lib/pkgconfig/b4_package.pc'
[2.063s] Level 1:colcon.colcon_core.environment:checking '/home/rokey/AI_Vision_Project/b4_ws/install/b4_package/lib/python3.10/site-packages'
[2.063s] Level 1:colcon.colcon_core.shell:create_environment_hook('b4_package', 'pythonpath')
[2.063s] INFO:colcon.colcon_core.shell:Creating environment hook '/home/rokey/AI_Vision_Project/b4_ws/install/b4_package/share/b4_package/hook/pythonpath.ps1'
[2.064s] INFO:colcon.colcon_core.shell:Creating environment descriptor '/home/rokey/AI_Vision_Project/b4_ws/install/b4_package/share/b4_package/hook/pythonpath.dsv'
[2.064s] INFO:colcon.colcon_core.shell:Creating environment hook '/home/rokey/AI_Vision_Project/b4_ws/install/b4_package/share/b4_package/hook/pythonpath.sh'
[2.065s] Level 1:colcon.colcon_core.environment:checking '/home/rokey/AI_Vision_Project/b4_ws/install/b4_package/bin'
[2.065s] Level 1:colcon.colcon_core.environment:create_environment_scripts_only(b4_package)
[2.066s] INFO:colcon.colcon_core.shell:Creating package script '/home/rokey/AI_Vision_Project/b4_ws/install/b4_package/share/b4_package/package.ps1'
[2.067s] INFO:colcon.colcon_core.shell:Creating package descriptor '/home/rokey/AI_Vision_Project/b4_ws/install/b4_package/share/b4_package/package.dsv'
[2.068s] INFO:colcon.colcon_core.shell:Creating package script '/home/rokey/AI_Vision_Project/b4_ws/install/b4_package/share/b4_package/package.sh'
[2.070s] INFO:colcon.colcon_core.shell:Creating package script '/home/rokey/AI_Vision_Project/b4_ws/install/b4_package/share/b4_package/package.bash'
[2.071s] INFO:colcon.colcon_core.shell:Creating package script '/home/rokey/AI_Vision_Project/b4_ws/install/b4_package/share/b4_package/package.zsh'
[2.072s] Level 1:colcon.colcon_core.environment:create_file_with_runtime_dependencies(/home/rokey/AI_Vision_Project/b4_ws/install/b4_package/share/colcon-core/packages/b4_package)
[2.072s] DEBUG:colcon.colcon_parallel_executor.executor.parallel:closing loop
[2.073s] DEBUG:colcon.colcon_parallel_executor.executor.parallel:loop closed
[2.073s] DEBUG:colcon.colcon_parallel_executor.executor.parallel:run_until_complete finished with '0'
[2.073s] DEBUG:colcon.colcon_core.event_reactor:joining thread
[2.081s] INFO:colcon.colcon_core.plugin_system:Skipping extension 'colcon_notification.desktop_notification.terminal_notifier': Not used on non-Darwin systems
[2.081s] INFO:colcon.colcon_core.plugin_system:Skipping extension 'colcon_notification.desktop_notification.win32': Not used on non-Windows systems
[2.081s] INFO:colcon.colcon_notification.desktop_notification:Sending desktop notification using 'notify2'
[2.099s] DEBUG:colcon.colcon_core.event_reactor:joined thread
[2.099s] INFO:colcon.colcon_core.shell:Creating prefix script '/home/rokey/AI_Vision_Project/b4_ws/install/local_setup.ps1'
[2.100s] INFO:colcon.colcon_core.shell:Creating prefix util module '/home/rokey/AI_Vision_Project/b4_ws/install/_local_setup_util_ps1.py'
[2.102s] INFO:colcon.colcon_core.shell:Creating prefix chain script '/home/rokey/AI_Vision_Project/b4_ws/install/setup.ps1'
[2.103s] INFO:colcon.colcon_core.shell:Creating prefix script '/home/rokey/AI_Vision_Project/b4_ws/install/local_setup.sh'
[2.104s] INFO:colcon.colcon_core.shell:Creating prefix util module '/home/rokey/AI_Vision_Project/b4_ws/install/_local_setup_util_sh.py'
[2.105s] INFO:colcon.colcon_core.shell:Creating prefix chain script '/home/rokey/AI_Vision_Project/b4_ws/install/setup.sh'
[2.109s] INFO:colcon.colcon_core.shell:Creating prefix script '/home/rokey/AI_Vision_Project/b4_ws/install/local_setup.bash'
[2.112s] INFO:colcon.colcon_core.shell:Creating prefix chain script '/home/rokey/AI_Vision_Project/b4_ws/install/setup.bash'
[2.114s] INFO:colcon.colcon_core.shell:Creating prefix script '/home/rokey/AI_Vision_Project/b4_ws/install/local_setup.zsh'
[2.114s] INFO:colcon.colcon_core.shell:Creating prefix chain script '/home/rokey/AI_Vision_Project/b4_ws/install/setup.zsh'
