[2.251s] Invoking command in '/home/rokey/AI_Vision_Project/b4_ws/src/b4_package': PYTHONPATH=/home/rokey/AI_Vision_Project/b4_ws/build/b4_package/prefix_override:/usr/lib/python3/dist-packages/colcon_core/task/python/colcon_distutils_commands:/home/rokey/AI_Vision_Project/b4_ws/install/b4_package/lib/python3.10/site-packages:${PYTHONPATH} /usr/bin/python3 -W ignore:setup.py install is deprecated setup.py egg_info --egg-base ../../build/b4_package build --build-base /home/rokey/AI_Vision_Project/b4_ws/build/b4_package/build install --record /home/rokey/AI_Vision_Project/b4_ws/build/b4_package/install.log --single-version-externally-managed install_data
[3.208s] running egg_info
[3.211s] writing ../../build/b4_package/b4_package.egg-info/PKG-INFO
[3.214s] writing dependency_links to ../../build/b4_package/b4_package.egg-info/dependency_links.txt
[3.215s] writing entry points to ../../build/b4_package/b4_package.egg-info/entry_points.txt
[3.215s] writing requirements to ../../build/b4_package/b4_package.egg-info/requires.txt
[3.215s] writing top-level names to ../../build/b4_package/b4_package.egg-info/top_level.txt
[3.220s] reading manifest file '../../build/b4_package/b4_package.egg-info/SOURCES.txt'
[3.222s] writing manifest file '../../build/b4_package/b4_package.egg-info/SOURCES.txt'
[3.223s] running build
[3.223s] running build_py
[3.223s] copying b4_package/security_alert.py -> /home/rokey/AI_Vision_Project/b4_ws/build/b4_package/build/lib/b4_package
[3.226s] running install
[3.226s] running install_lib
[3.235s] copying /home/rokey/AI_Vision_Project/b4_ws/build/b4_package/build/lib/b4_package/security_alert.py -> /home/rokey/AI_Vision_Project/b4_ws/install/b4_package/lib/python3.10/site-packages/b4_package
[3.236s] byte-compiling /home/rokey/AI_Vision_Project/b4_ws/install/b4_package/lib/python3.10/site-packages/b4_package/security_alert.py to security_alert.cpython-310.pyc
[3.237s] running install_data
[3.237s] running install_egg_info
[3.242s] removing '/home/rokey/AI_Vision_Project/b4_ws/install/b4_package/lib/python3.10/site-packages/b4_package-0.0.0-py3.10.egg-info' (and everything under it)
[3.243s] Copying ../../build/b4_package/b4_package.egg-info to /home/rokey/AI_Vision_Project/b4_ws/install/b4_package/lib/python3.10/site-packages/b4_package-0.0.0-py3.10.egg-info
[3.247s] running install_scripts
[3.318s] Installing listener script to /home/rokey/AI_Vision_Project/b4_ws/install/b4_package/lib/b4_package
[3.318s] Installing security_alert script to /home/rokey/AI_Vision_Project/b4_ws/install/b4_package/lib/b4_package
[3.319s] Installing tracing script to /home/rokey/AI_Vision_Project/b4_ws/install/b4_package/lib/b4_package
[3.320s] writing list of installed files to '/home/rokey/AI_Vision_Project/b4_ws/build/b4_package/install.log'
[3.415s] Invoked command in '/home/rokey/AI_Vision_Project/b4_ws/src/b4_package' returned '0': PYTHONPATH=/home/rokey/AI_Vision_Project/b4_ws/build/b4_package/prefix_override:/usr/lib/python3/dist-packages/colcon_core/task/python/colcon_distutils_commands:/home/rokey/AI_Vision_Project/b4_ws/install/b4_package/lib/python3.10/site-packages:${PYTHONPATH} /usr/bin/python3 -W ignore:setup.py install is deprecated setup.py egg_info --egg-base ../../build/b4_package build --build-base /home/rokey/AI_Vision_Project/b4_ws/build/b4_package/build install --record /home/rokey/AI_Vision_Project/b4_ws/build/b4_package/install.log --single-version-externally-managed install_data
