[0.597s] Invoking command in '/home/jw7720/AI_Vision_Project/b4_ws/src/b4_package': PYTHONPATH=/home/jw7720/AI_Vision_Project/b4_ws/build/b4_package/prefix_override:/usr/lib/python3/dist-packages/colcon_core/task/python/colcon_distutils_commands:/home/jw7720/AI_Vision_Project/b4_ws/install/b4_package/lib/python3.10/site-packages:${PYTHONPATH} /usr/bin/python3 -W ignore:setup.py install is deprecated setup.py egg_info --egg-base ../../build/b4_package build --build-base /home/jw7720/AI_Vision_Project/b4_ws/build/b4_package/build install --record /home/jw7720/AI_Vision_Project/b4_ws/build/b4_package/install.log --single-version-externally-managed install_data
[0.817s] running egg_info
[0.817s] writing ../../build/b4_package/b4_package.egg-info/PKG-INFO
[0.818s] writing dependency_links to ../../build/b4_package/b4_package.egg-info/dependency_links.txt
[0.818s] writing entry points to ../../build/b4_package/b4_package.egg-info/entry_points.txt
[0.818s] writing requirements to ../../build/b4_package/b4_package.egg-info/requires.txt
[0.818s] writing top-level names to ../../build/b4_package/b4_package.egg-info/top_level.txt
[0.819s] reading manifest file '../../build/b4_package/b4_package.egg-info/SOURCES.txt'
[0.820s] writing manifest file '../../build/b4_package/b4_package.egg-info/SOURCES.txt'
[0.820s] running build
[0.820s] running build_py
[0.820s] copying b4_package/security_alert.py -> /home/jw7720/AI_Vision_Project/b4_ws/build/b4_package/build/lib/b4_package
[0.820s] running install
[0.820s] running install_lib
[0.821s] copying /home/jw7720/AI_Vision_Project/b4_ws/build/b4_package/build/lib/b4_package/security_alert.py -> /home/jw7720/AI_Vision_Project/b4_ws/install/b4_package/lib/python3.10/site-packages/b4_package
[0.821s] byte-compiling /home/jw7720/AI_Vision_Project/b4_ws/install/b4_package/lib/python3.10/site-packages/b4_package/security_alert.py to security_alert.cpython-310.pyc
[0.822s] running install_data
[0.822s] running install_egg_info
[0.823s] removing '/home/jw7720/AI_Vision_Project/b4_ws/install/b4_package/lib/python3.10/site-packages/b4_package-0.0.0-py3.10.egg-info' (and everything under it)
[0.824s] Copying ../../build/b4_package/b4_package.egg-info to /home/jw7720/AI_Vision_Project/b4_ws/install/b4_package/lib/python3.10/site-packages/b4_package-0.0.0-py3.10.egg-info
[0.824s] running install_scripts
[0.839s] Installing listener script to /home/jw7720/AI_Vision_Project/b4_ws/install/b4_package/lib/b4_package
[0.839s] Installing security_alert script to /home/jw7720/AI_Vision_Project/b4_ws/install/b4_package/lib/b4_package
[0.839s] writing list of installed files to '/home/jw7720/AI_Vision_Project/b4_ws/build/b4_package/install.log'
[0.860s] Invoked command in '/home/jw7720/AI_Vision_Project/b4_ws/src/b4_package' returned '0': PYTHONPATH=/home/jw7720/AI_Vision_Project/b4_ws/build/b4_package/prefix_override:/usr/lib/python3/dist-packages/colcon_core/task/python/colcon_distutils_commands:/home/jw7720/AI_Vision_Project/b4_ws/install/b4_package/lib/python3.10/site-packages:${PYTHONPATH} /usr/bin/python3 -W ignore:setup.py install is deprecated setup.py egg_info --egg-base ../../build/b4_package build --build-base /home/jw7720/AI_Vision_Project/b4_ws/build/b4_package/build install --record /home/jw7720/AI_Vision_Project/b4_ws/build/b4_package/install.log --single-version-externally-managed install_data
