[1.086s] Invoking command in '/home/yeeun/AI_Vision_Project/b4_ws/src/b4_package': PYTHONPATH=/home/yeeun/AI_Vision_Project/b4_ws/build/b4_package/prefix_override:/usr/lib/python3/dist-packages/colcon_core/task/python/colcon_distutils_commands:/home/yeeun/AI_Vision_Project/b4_ws/install/b4_package/lib/python3.10/site-packages:${PYTHONPATH} /usr/bin/python3 -W ignore:setup.py install is deprecated setup.py egg_info --egg-base ../../build/b4_package build --build-base /home/yeeun/AI_Vision_Project/b4_ws/build/b4_package/build install --record /home/yeeun/AI_Vision_Project/b4_ws/build/b4_package/install.log --single-version-externally-managed install_data
[1.506s] running egg_info
[1.507s] writing ../../build/b4_package/b4_package.egg-info/PKG-INFO
[1.508s] writing dependency_links to ../../build/b4_package/b4_package.egg-info/dependency_links.txt
[1.508s] writing entry points to ../../build/b4_package/b4_package.egg-info/entry_points.txt
[1.508s] writing requirements to ../../build/b4_package/b4_package.egg-info/requires.txt
[1.508s] writing top-level names to ../../build/b4_package/b4_package.egg-info/top_level.txt
[1.512s] reading manifest file '../../build/b4_package/b4_package.egg-info/SOURCES.txt'
[1.513s] writing manifest file '../../build/b4_package/b4_package.egg-info/SOURCES.txt'
[1.514s] running build
[1.514s] running build_py
[1.514s] copying b4_package/robot_controller.py -> /home/yeeun/AI_Vision_Project/b4_ws/build/b4_package/build/lib/b4_package
[1.516s] running install
[1.517s] running install_lib
[1.518s] copying /home/yeeun/AI_Vision_Project/b4_ws/build/b4_package/build/lib/b4_package/robot_controller.py -> /home/yeeun/AI_Vision_Project/b4_ws/install/b4_package/lib/python3.10/site-packages/b4_package
[1.518s] byte-compiling /home/yeeun/AI_Vision_Project/b4_ws/install/b4_package/lib/python3.10/site-packages/b4_package/robot_controller.py to robot_controller.cpython-310.pyc
[1.519s] running install_data
[1.520s] running install_egg_info
[1.523s] removing '/home/yeeun/AI_Vision_Project/b4_ws/install/b4_package/lib/python3.10/site-packages/b4_package-0.0.0-py3.10.egg-info' (and everything under it)
[1.523s] Copying ../../build/b4_package/b4_package.egg-info to /home/yeeun/AI_Vision_Project/b4_ws/install/b4_package/lib/python3.10/site-packages/b4_package-0.0.0-py3.10.egg-info
[1.524s] running install_scripts
[1.551s] Installing listener script to /home/yeeun/AI_Vision_Project/b4_ws/install/b4_package/lib/b4_package
[1.552s] Installing security_alert script to /home/yeeun/AI_Vision_Project/b4_ws/install/b4_package/lib/b4_package
[1.553s] Installing tracing script to /home/yeeun/AI_Vision_Project/b4_ws/install/b4_package/lib/b4_package
[1.553s] writing list of installed files to '/home/yeeun/AI_Vision_Project/b4_ws/build/b4_package/install.log'
[1.607s] Invoked command in '/home/yeeun/AI_Vision_Project/b4_ws/src/b4_package' returned '0': PYTHONPATH=/home/yeeun/AI_Vision_Project/b4_ws/build/b4_package/prefix_override:/usr/lib/python3/dist-packages/colcon_core/task/python/colcon_distutils_commands:/home/yeeun/AI_Vision_Project/b4_ws/install/b4_package/lib/python3.10/site-packages:${PYTHONPATH} /usr/bin/python3 -W ignore:setup.py install is deprecated setup.py egg_info --egg-base ../../build/b4_package build --build-base /home/yeeun/AI_Vision_Project/b4_ws/build/b4_package/build install --record /home/yeeun/AI_Vision_Project/b4_ws/build/b4_package/install.log --single-version-externally-managed install_data
