[0.627s] Invoking command in '/home/rokey/AI_Vision_Project/b4_ws/src/b4_package': PYTHONPATH=/home/rokey/AI_Vision_Project/b4_ws/src/build/b4_package/prefix_override:/usr/lib/python3/dist-packages/colcon_core/task/python/colcon_distutils_commands:/home/rokey/AI_Vision_Project/b4_ws/src/install/b4_package/lib/python3.10/site-packages:${PYTHONPATH} /usr/bin/python3 -W ignore:setup.py install is deprecated setup.py egg_info --egg-base ../build/b4_package build --build-base /home/rokey/AI_Vision_Project/b4_ws/src/build/b4_package/build install --record /home/rokey/AI_Vision_Project/b4_ws/src/build/b4_package/install.log --single-version-externally-managed install_data
[0.864s] running egg_info
[0.865s] creating ../build/b4_package/b4_package.egg-info
[0.865s] writing ../build/b4_package/b4_package.egg-info/PKG-INFO
[0.865s] writing dependency_links to ../build/b4_package/b4_package.egg-info/dependency_links.txt
[0.866s] writing entry points to ../build/b4_package/b4_package.egg-info/entry_points.txt
[0.866s] writing requirements to ../build/b4_package/b4_package.egg-info/requires.txt
[0.866s] writing top-level names to ../build/b4_package/b4_package.egg-info/top_level.txt
[0.866s] writing manifest file '../build/b4_package/b4_package.egg-info/SOURCES.txt'
[0.868s] reading manifest file '../build/b4_package/b4_package.egg-info/SOURCES.txt'
[0.868s] writing manifest file '../build/b4_package/b4_package.egg-info/SOURCES.txt'
[0.869s] running build
[0.869s] running build_py
[0.869s] creating /home/rokey/AI_Vision_Project/b4_ws/src/build/b4_package/build
[0.869s] creating /home/rokey/AI_Vision_Project/b4_ws/src/build/b4_package/build/lib
[0.869s] creating /home/rokey/AI_Vision_Project/b4_ws/src/build/b4_package/build/lib/b4_package
[0.869s] copying b4_package/__init__.py -> /home/rokey/AI_Vision_Project/b4_ws/src/build/b4_package/build/lib/b4_package
[0.869s] running install
[0.869s] running install_lib
[0.870s] creating /home/rokey/AI_Vision_Project/b4_ws/src/install/b4_package/lib/python3.10/site-packages/b4_package
[0.870s] copying /home/rokey/AI_Vision_Project/b4_ws/src/build/b4_package/build/lib/b4_package/__init__.py -> /home/rokey/AI_Vision_Project/b4_ws/src/install/b4_package/lib/python3.10/site-packages/b4_package
[0.871s] byte-compiling /home/rokey/AI_Vision_Project/b4_ws/src/install/b4_package/lib/python3.10/site-packages/b4_package/__init__.py to __init__.cpython-310.pyc
[0.871s] running install_data
[0.871s] creating /home/rokey/AI_Vision_Project/b4_ws/src/install/b4_package/share
[0.871s] creating /home/rokey/AI_Vision_Project/b4_ws/src/install/b4_package/share/ament_index
[0.871s] creating /home/rokey/AI_Vision_Project/b4_ws/src/install/b4_package/share/ament_index/resource_index
[0.871s] creating /home/rokey/AI_Vision_Project/b4_ws/src/install/b4_package/share/ament_index/resource_index/packages
[0.871s] copying resource/b4_package -> /home/rokey/AI_Vision_Project/b4_ws/src/install/b4_package/share/ament_index/resource_index/packages
[0.872s] creating /home/rokey/AI_Vision_Project/b4_ws/src/install/b4_package/share/b4_package
[0.872s] copying package.xml -> /home/rokey/AI_Vision_Project/b4_ws/src/install/b4_package/share/b4_package
[0.872s] running install_egg_info
[0.873s] Copying ../build/b4_package/b4_package.egg-info to /home/rokey/AI_Vision_Project/b4_ws/src/install/b4_package/lib/python3.10/site-packages/b4_package-0.0.0-py3.10.egg-info
[0.874s] running install_scripts
[0.893s] writing list of installed files to '/home/rokey/AI_Vision_Project/b4_ws/src/build/b4_package/install.log'
[0.916s] Invoked command in '/home/rokey/AI_Vision_Project/b4_ws/src/b4_package' returned '0': PYTHONPATH=/home/rokey/AI_Vision_Project/b4_ws/src/build/b4_package/prefix_override:/usr/lib/python3/dist-packages/colcon_core/task/python/colcon_distutils_commands:/home/rokey/AI_Vision_Project/b4_ws/src/install/b4_package/lib/python3.10/site-packages:${PYTHONPATH} /usr/bin/python3 -W ignore:setup.py install is deprecated setup.py egg_info --egg-base ../build/b4_package build --build-base /home/rokey/AI_Vision_Project/b4_ws/src/build/b4_package/build install --record /home/rokey/AI_Vision_Project/b4_ws/src/build/b4_package/install.log --single-version-externally-managed install_data
