[0.619s] Invoking command in '/home/rokey/AI_Vision_Project/b4_ws/src/b4_package': PYTHONPATH=/home/rokey/AI_Vision_Project/b4_ws/build/b4_package/prefix_override:/usr/lib/python3/dist-packages/colcon_core/task/python/colcon_distutils_commands:/home/rokey/AI_Vision_Project/b4_ws/install/b4_package/lib/python3.10/site-packages:${PYTHONPATH} /usr/bin/python3 -W ignore:setup.py install is deprecated setup.py egg_info --egg-base ../../build/b4_package build --build-base /home/rokey/AI_Vision_Project/b4_ws/build/b4_package/build install --record /home/rokey/AI_Vision_Project/b4_ws/build/b4_package/install.log --single-version-externally-managed install_data
[0.874s] running egg_info
[0.874s] writing ../../build/b4_package/b4_package.egg-info/PKG-INFO
[0.875s] writing dependency_links to ../../build/b4_package/b4_package.egg-info/dependency_links.txt
[0.875s] writing entry points to ../../build/b4_package/b4_package.egg-info/entry_points.txt
[0.875s] writing requirements to ../../build/b4_package/b4_package.egg-info/requires.txt
[0.875s] writing top-level names to ../../build/b4_package/b4_package.egg-info/top_level.txt
[0.877s] reading manifest file '../../build/b4_package/b4_package.egg-info/SOURCES.txt'
[0.878s] writing manifest file '../../build/b4_package/b4_package.egg-info/SOURCES.txt'
[0.878s] running build
[0.878s] running build_py
[0.878s] running install
[0.878s] running install_lib
[0.880s] running install_data
[0.880s] running install_egg_info
[0.882s] removing '/home/rokey/AI_Vision_Project/b4_ws/install/b4_package/lib/python3.10/site-packages/b4_package-0.0.0-py3.10.egg-info' (and everything under it)
[0.882s] Copying ../../build/b4_package/b4_package.egg-info to /home/rokey/AI_Vision_Project/b4_ws/install/b4_package/lib/python3.10/site-packages/b4_package-0.0.0-py3.10.egg-info
[0.883s] running install_scripts
[0.903s] Installing listener script to /home/rokey/AI_Vision_Project/b4_ws/install/b4_package/lib/b4_package
[0.903s] Installing talker script to /home/rokey/AI_Vision_Project/b4_ws/install/b4_package/lib/b4_package
[0.904s] writing list of installed files to '/home/rokey/AI_Vision_Project/b4_ws/build/b4_package/install.log'
[0.926s] Invoked command in '/home/rokey/AI_Vision_Project/b4_ws/src/b4_package' returned '0': PYTHONPATH=/home/rokey/AI_Vision_Project/b4_ws/build/b4_package/prefix_override:/usr/lib/python3/dist-packages/colcon_core/task/python/colcon_distutils_commands:/home/rokey/AI_Vision_Project/b4_ws/install/b4_package/lib/python3.10/site-packages:${PYTHONPATH} /usr/bin/python3 -W ignore:setup.py install is deprecated setup.py egg_info --egg-base ../../build/b4_package build --build-base /home/rokey/AI_Vision_Project/b4_ws/build/b4_package/build install --record /home/rokey/AI_Vision_Project/b4_ws/build/b4_package/install.log --single-version-externally-managed install_data
