[0.150s] DEBUG:colcon:Command line arguments: ['/usr/bin/colcon', 'list', '-p', '--base-paths', '/home/yeeun/AI_Vision_Project/b4_ws']
[0.150s] DEBUG:colcon:Parsed command line arguments: Namespace(log_base=None, log_level=None, verb_name='list', build_base='build', ignore_user_meta=False, metas=['./colcon.meta'], base_paths=['/home/yeeun/AI_Vision_Project/b4_ws'], packages_ignore=None, packages_ignore_regex=None, paths=None, packages_up_to=None, packages_up_to_regex=None, packages_above=None, packages_above_and_dependencies=None, packages_above_depth=None, packages_select_by_dep=None, packages_skip_by_dep=None, packages_skip_up_to=None, packages_select_build_failed=False, packages_skip_build_finished=False, packages_select_test_failures=False, packages_skip_test_passed=False, packages_select=None, packages_skip=None, packages_select_regex=None, packages_skip_regex=None, packages_start=None, packages_end=None, allow_overriding=[], topological_order=False, names_only=False, paths_only=True, topological_graph=False, topological_graph_dot=False, topological_graph_density=False, topological_graph_legend=False, topological_graph_dot_cluster=False, topological_graph_dot_include_skipped=False, mixin_files=None, mixin=None, verb_parser=<colcon_mixin.mixin.mixin_argument.MixinArgumentDecorator object at 0x70f3dd3bf400>, verb_extension=<colcon_package_information.verb.list.ListVerb object at 0x70f3dd3beda0>, main=<bound method ListVerb.main of <colcon_package_information.verb.list.ListVerb object at 0x70f3dd3beda0>>, mixin_verb=('list',))
[0.401s] Level 1:colcon.colcon_core.package_discovery:discover_packages(colcon_meta) check parameters
[0.402s] Level 1:colcon.colcon_core.package_discovery:discover_packages(recursive) check parameters
[0.402s] Level 1:colcon.colcon_core.package_discovery:discover_packages(ignore) check parameters
[0.402s] Level 1:colcon.colcon_core.package_discovery:discover_packages(path) check parameters
[0.402s] Level 1:colcon.colcon_core.package_discovery:discover_packages(recursive) discover
[0.402s] INFO:colcon.colcon_core.package_discovery:Crawling recursively for packages in '/home/yeeun/AI_Vision_Project/b4_ws'
[0.402s] Level 1:colcon.colcon_core.package_identification:_identify(/home/yeeun/AI_Vision_Project/b4_ws) by extensions ['ignore', 'ignore_ament_install']
[0.402s] Level 1:colcon.colcon_core.package_identification:_identify(/home/yeeun/AI_Vision_Project/b4_ws) by extension 'ignore'
[0.402s] Level 1:colcon.colcon_core.package_identification:_identify(/home/yeeun/AI_Vision_Project/b4_ws) by extension 'ignore_ament_install'
[0.402s] Level 1:colcon.colcon_core.package_identification:_identify(/home/yeeun/AI_Vision_Project/b4_ws) by extensions ['colcon_pkg']
[0.402s] Level 1:colcon.colcon_core.package_identification:_identify(/home/yeeun/AI_Vision_Project/b4_ws) by extension 'colcon_pkg'
[0.402s] Level 1:colcon.colcon_core.package_identification:_identify(/home/yeeun/AI_Vision_Project/b4_ws) by extensions ['colcon_meta']
[0.402s] Level 1:colcon.colcon_core.package_identification:_identify(/home/yeeun/AI_Vision_Project/b4_ws) by extension 'colcon_meta'
[0.402s] Level 1:colcon.colcon_core.package_identification:_identify(/home/yeeun/AI_Vision_Project/b4_ws) by extensions ['ros']
[0.403s] Level 1:colcon.colcon_core.package_identification:_identify(/home/yeeun/AI_Vision_Project/b4_ws) by extension 'ros'
[0.415s] Level 1:colcon.colcon_core.package_identification:_identify(/home/yeeun/AI_Vision_Project/b4_ws) by extensions ['cmake', 'python']
[0.415s] Level 1:colcon.colcon_core.package_identification:_identify(/home/yeeun/AI_Vision_Project/b4_ws) by extension 'cmake'
[0.415s] Level 1:colcon.colcon_core.package_identification:_identify(/home/yeeun/AI_Vision_Project/b4_ws) by extension 'python'
[0.415s] Level 1:colcon.colcon_core.package_identification:_identify(/home/yeeun/AI_Vision_Project/b4_ws) by extensions ['python_setup_py']
[0.415s] Level 1:colcon.colcon_core.package_identification:_identify(/home/yeeun/AI_Vision_Project/b4_ws) by extension 'python_setup_py'
[0.415s] Level 1:colcon.colcon_core.package_identification:_identify(/home/yeeun/AI_Vision_Project/b4_ws/log) by extensions ['ignore', 'ignore_ament_install']
[0.416s] Level 1:colcon.colcon_core.package_identification:_identify(/home/yeeun/AI_Vision_Project/b4_ws/log) by extension 'ignore'
[0.416s] Level 1:colcon.colcon_core.package_identification:_identify(/home/yeeun/AI_Vision_Project/b4_ws/log) ignored
[0.416s] Level 1:colcon.colcon_core.package_identification:_identify(/home/yeeun/AI_Vision_Project/b4_ws/src) by extensions ['ignore', 'ignore_ament_install']
[0.416s] Level 1:colcon.colcon_core.package_identification:_identify(/home/yeeun/AI_Vision_Project/b4_ws/src) by extension 'ignore'
[0.416s] Level 1:colcon.colcon_core.package_identification:_identify(/home/yeeun/AI_Vision_Project/b4_ws/src) by extension 'ignore_ament_install'
[0.416s] Level 1:colcon.colcon_core.package_identification:_identify(/home/yeeun/AI_Vision_Project/b4_ws/src) by extensions ['colcon_pkg']
[0.416s] Level 1:colcon.colcon_core.package_identification:_identify(/home/yeeun/AI_Vision_Project/b4_ws/src) by extension 'colcon_pkg'
[0.416s] Level 1:colcon.colcon_core.package_identification:_identify(/home/yeeun/AI_Vision_Project/b4_ws/src) by extensions ['colcon_meta']
[0.416s] Level 1:colcon.colcon_core.package_identification:_identify(/home/yeeun/AI_Vision_Project/b4_ws/src) by extension 'colcon_meta'
[0.416s] Level 1:colcon.colcon_core.package_identification:_identify(/home/yeeun/AI_Vision_Project/b4_ws/src) by extensions ['ros']
[0.416s] Level 1:colcon.colcon_core.package_identification:_identify(/home/yeeun/AI_Vision_Project/b4_ws/src) by extension 'ros'
[0.416s] Level 1:colcon.colcon_core.package_identification:_identify(/home/yeeun/AI_Vision_Project/b4_ws/src) by extensions ['cmake', 'python']
[0.416s] Level 1:colcon.colcon_core.package_identification:_identify(/home/yeeun/AI_Vision_Project/b4_ws/src) by extension 'cmake'
[0.416s] Level 1:colcon.colcon_core.package_identification:_identify(/home/yeeun/AI_Vision_Project/b4_ws/src) by extension 'python'
[0.416s] Level 1:colcon.colcon_core.package_identification:_identify(/home/yeeun/AI_Vision_Project/b4_ws/src) by extensions ['python_setup_py']
[0.417s] Level 1:colcon.colcon_core.package_identification:_identify(/home/yeeun/AI_Vision_Project/b4_ws/src) by extension 'python_setup_py'
[0.417s] Level 1:colcon.colcon_core.package_identification:_identify(/home/yeeun/AI_Vision_Project/b4_ws/src/b4_package) by extensions ['ignore', 'ignore_ament_install']
[0.417s] Level 1:colcon.colcon_core.package_identification:_identify(/home/yeeun/AI_Vision_Project/b4_ws/src/b4_package) by extension 'ignore'
[0.417s] Level 1:colcon.colcon_core.package_identification:_identify(/home/yeeun/AI_Vision_Project/b4_ws/src/b4_package) by extension 'ignore_ament_install'
[0.417s] Level 1:colcon.colcon_core.package_identification:_identify(/home/yeeun/AI_Vision_Project/b4_ws/src/b4_package) by extensions ['colcon_pkg']
[0.417s] Level 1:colcon.colcon_core.package_identification:_identify(/home/yeeun/AI_Vision_Project/b4_ws/src/b4_package) by extension 'colcon_pkg'
[0.417s] Level 1:colcon.colcon_core.package_identification:_identify(/home/yeeun/AI_Vision_Project/b4_ws/src/b4_package) by extensions ['colcon_meta']
[0.417s] Level 1:colcon.colcon_core.package_identification:_identify(/home/yeeun/AI_Vision_Project/b4_ws/src/b4_package) by extension 'colcon_meta'
[0.417s] Level 1:colcon.colcon_core.package_identification:_identify(/home/yeeun/AI_Vision_Project/b4_ws/src/b4_package) by extensions ['ros']
[0.417s] Level 1:colcon.colcon_core.package_identification:_identify(/home/yeeun/AI_Vision_Project/b4_ws/src/b4_package) by extension 'ros'
[0.420s] DEBUG:colcon.colcon_core.package_identification:Found ROS schema reference in package manifest in '/home/yeeun/AI_Vision_Project/b4_ws/src/b4_package'
[0.420s] WARNING:colcon.colcon_core.package_identification:Failed to parse ROS package manifest in '/home/yeeun/AI_Vision_Project/b4_ws/src/b4_package': Error(s) in package '/home/yeeun/AI_Vision_Project/b4_ws/src/b4_package/package.xml':
Invalid email "[j3k2kk22@gmail.com]" for person "rokey"
[0.420s] Level 1:colcon.colcon_core.package_identification:_identify(/home/yeeun/AI_Vision_Project/b4_ws/src/b4_package) by extensions ['cmake', 'python']
[0.420s] Level 1:colcon.colcon_core.package_identification:_identify(/home/yeeun/AI_Vision_Project/b4_ws/src/b4_package) by extension 'cmake'
[0.420s] Level 1:colcon.colcon_core.package_identification:_identify(/home/yeeun/AI_Vision_Project/b4_ws/src/b4_package) by extension 'python'
[0.420s] DEBUG:colcon.colcon_core.package_identification:Python package in '/home/yeeun/AI_Vision_Project/b4_ws/src/b4_package' passes arguments to the setup() function which requires a different identification extension than 'python'
[0.420s] Level 1:colcon.colcon_core.package_identification:_identify(/home/yeeun/AI_Vision_Project/b4_ws/src/b4_package) by extensions ['python_setup_py']
[0.420s] Level 1:colcon.colcon_core.package_identification:_identify(/home/yeeun/AI_Vision_Project/b4_ws/src/b4_package) by extension 'python_setup_py'
[0.815s] DEBUG:colcon.colcon_core.package_identification:Package '/home/yeeun/AI_Vision_Project/b4_ws/src/b4_package' with type 'python' and name 'b4_package'
[0.816s] Level 1:colcon.colcon_core.package_identification:_identify(/home/yeeun/AI_Vision_Project/b4_ws/src/build) by extensions ['ignore', 'ignore_ament_install']
[0.816s] Level 1:colcon.colcon_core.package_identification:_identify(/home/yeeun/AI_Vision_Project/b4_ws/src/build) by extension 'ignore'
[0.816s] Level 1:colcon.colcon_core.package_identification:_identify(/home/yeeun/AI_Vision_Project/b4_ws/src/build) ignored
[0.816s] Level 1:colcon.colcon_core.package_identification:_identify(/home/yeeun/AI_Vision_Project/b4_ws/src/install) by extensions ['ignore', 'ignore_ament_install']
[0.816s] Level 1:colcon.colcon_core.package_identification:_identify(/home/yeeun/AI_Vision_Project/b4_ws/src/install) by extension 'ignore'
[0.816s] Level 1:colcon.colcon_core.package_identification:_identify(/home/yeeun/AI_Vision_Project/b4_ws/src/install) ignored
[0.816s] Level 1:colcon.colcon_core.package_identification:_identify(/home/yeeun/AI_Vision_Project/b4_ws/src/log) by extensions ['ignore', 'ignore_ament_install']
[0.816s] Level 1:colcon.colcon_core.package_identification:_identify(/home/yeeun/AI_Vision_Project/b4_ws/src/log) by extension 'ignore'
[0.816s] Level 1:colcon.colcon_core.package_identification:_identify(/home/yeeun/AI_Vision_Project/b4_ws/src/log) ignored
[0.816s] Level 1:colcon.colcon_core.package_discovery:discover_packages(recursive) using defaults
