/home/rokey/AI_Vision_Project/b4_ws/install/b4_package/lib/python3.10/site-packages/b4_package/security_alert.py
/home/rokey/AI_Vision_Project/b4_ws/install/b4_package/lib/python3.10/site-packages/b4_package/robot_controller.py
/home/rokey/AI_Vision_Project/b4_ws/install/b4_package/lib/python3.10/site-packages/b4_package/subscriber_test.py
/home/rokey/AI_Vision_Project/b4_ws/install/b4_package/lib/python3.10/site-packages/b4_package/__init__.py
/home/rokey/AI_Vision_Project/b4_ws/install/b4_package/lib/python3.10/site-packages/b4_package/__pycache__/security_alert.cpython-310.pyc
/home/rokey/AI_Vision_Project/b4_ws/install/b4_package/lib/python3.10/site-packages/b4_package/__pycache__/robot_controller.cpython-310.pyc
/home/rokey/AI_Vision_Project/b4_ws/install/b4_package/lib/python3.10/site-packages/b4_package/__pycache__/subscriber_test.cpython-310.pyc
/home/rokey/AI_Vision_Project/b4_ws/install/b4_package/lib/python3.10/site-packages/b4_package/__pycache__/__init__.cpython-310.pyc
/home/rokey/AI_Vision_Project/b4_ws/install/b4_package/share/ament_index/resource_index/packages/b4_package
/home/rokey/AI_Vision_Project/b4_ws/install/b4_package/share/b4_package/package.xml
/home/rokey/AI_Vision_Project/b4_ws/install/b4_package/lib/python3.10/site-packages/b4_package-0.0.0-py3.10.egg-info/requires.txt
/home/rokey/AI_Vision_Project/b4_ws/install/b4_package/lib/python3.10/site-packages/b4_package-0.0.0-py3.10.egg-info/top_level.txt
/home/rokey/AI_Vision_Project/b4_ws/install/b4_package/lib/python3.10/site-packages/b4_package-0.0.0-py3.10.egg-info/dependency_links.txt
/home/rokey/AI_Vision_Project/b4_ws/install/b4_package/lib/python3.10/site-packages/b4_package-0.0.0-py3.10.egg-info/entry_points.txt
/home/rokey/AI_Vision_Project/b4_ws/install/b4_package/lib/python3.10/site-packages/b4_package-0.0.0-py3.10.egg-info/SOURCES.txt
/home/rokey/AI_Vision_Project/b4_ws/install/b4_package/lib/python3.10/site-packages/b4_package-0.0.0-py3.10.egg-info/zip-safe
/home/rokey/AI_Vision_Project/b4_ws/install/b4_package/lib/python3.10/site-packages/b4_package-0.0.0-py3.10.egg-info/PKG-INFO
/home/rokey/AI_Vision_Project/b4_ws/install/b4_package/lib/b4_package/listener
/home/rokey/AI_Vision_Project/b4_ws/install/b4_package/lib/b4_package/security_alert
/home/rokey/AI_Vision_Project/b4_ws/install/b4_package/lib/b4_package/tracing
