[0.688s] Invoking command in '/home/rokey/AI_Vision_Project/b4_ws/src/b4_package': PYTHONPATH=/home/rokey/AI_Vision_Project/b4_ws/build/b4_package/prefix_override:/usr/lib/python3/dist-packages/colcon_core/task/python/colcon_distutils_commands:/home/rokey/AI_Vision_Project/b4_ws/install/b4_package/lib/python3.10/site-packages:${PYTHONPATH} /usr/bin/python3 -W ignore:setup.py install is deprecated setup.py egg_info --egg-base ../../build/b4_package build --build-base /home/rokey/AI_Vision_Project/b4_ws/build/b4_package/build install --record /home/rokey/AI_Vision_Project/b4_ws/build/b4_package/install.log --single-version-externally-managed install_data
[0.946s] running egg_info
[0.947s] writing ../../build/b4_package/b4_package.egg-info/PKG-INFO
[0.948s] writing dependency_links to ../../build/b4_package/b4_package.egg-info/dependency_links.txt
[0.948s] writing entry points to ../../build/b4_package/b4_package.egg-info/entry_points.txt
[0.949s] writing requirements to ../../build/b4_package/b4_package.egg-info/requires.txt
[0.949s] writing top-level names to ../../build/b4_package/b4_package.egg-info/top_level.txt
[0.954s] reading manifest file '../../build/b4_package/b4_package.egg-info/SOURCES.txt'
[0.954s] writing manifest file '../../build/b4_package/b4_package.egg-info/SOURCES.txt'
[0.955s] running build
[0.955s] running build_py
[0.955s] running install
[0.955s] running install_lib
[0.957s] running install_data
[0.957s] running install_egg_info
[0.958s] removing '/home/rokey/AI_Vision_Project/b4_ws/install/b4_package/lib/python3.10/site-packages/b4_package-0.0.0-py3.10.egg-info' (and everything under it)
[0.959s] Copying ../../build/b4_package/b4_package.egg-info to /home/rokey/AI_Vision_Project/b4_ws/install/b4_package/lib/python3.10/site-packages/b4_package-0.0.0-py3.10.egg-info
[0.960s] running install_scripts
[0.980s] Installing listener script to /home/rokey/AI_Vision_Project/b4_ws/install/b4_package/lib/b4_package
[0.980s] Installing security_alert script to /home/rokey/AI_Vision_Project/b4_ws/install/b4_package/lib/b4_package
[0.980s] Installing tracing script to /home/rokey/AI_Vision_Project/b4_ws/install/b4_package/lib/b4_package
[0.981s] writing list of installed files to '/home/rokey/AI_Vision_Project/b4_ws/build/b4_package/install.log'
[1.004s] Invoked command in '/home/rokey/AI_Vision_Project/b4_ws/src/b4_package' returned '0': PYTHONPATH=/home/rokey/AI_Vision_Project/b4_ws/build/b4_package/prefix_override:/usr/lib/python3/dist-packages/colcon_core/task/python/colcon_distutils_commands:/home/rokey/AI_Vision_Project/b4_ws/install/b4_package/lib/python3.10/site-packages:${PYTHONPATH} /usr/bin/python3 -W ignore:setup.py install is deprecated setup.py egg_info --egg-base ../../build/b4_package build --build-base /home/rokey/AI_Vision_Project/b4_ws/build/b4_package/build install --record /home/rokey/AI_Vision_Project/b4_ws/build/b4_package/install.log --single-version-externally-managed install_data
