[0.676s] Invoking command in '/home/rokey/AI_Vision_Project/b4_ws/src/b4_package': PYTHONPATH=/home/rokey/AI_Vision_Project/b4_ws/build/b4_package/prefix_override:/usr/lib/python3/dist-packages/colcon_core/task/python/colcon_distutils_commands:/home/rokey/AI_Vision_Project/b4_ws/install/b4_package/lib/python3.10/site-packages:${PYTHONPATH} /usr/bin/python3 -W ignore:setup.py install is deprecated setup.py egg_info --egg-base ../../build/b4_package build --build-base /home/rokey/AI_Vision_Project/b4_ws/build/b4_package/build install --record /home/rokey/AI_Vision_Project/b4_ws/build/b4_package/install.log --single-version-externally-managed install_data
[0.920s] running egg_info
[0.921s] writing ../../build/b4_package/b4_package.egg-info/PKG-INFO
[0.921s] writing dependency_links to ../../build/b4_package/b4_package.egg-info/dependency_links.txt
[0.921s] writing entry points to ../../build/b4_package/b4_package.egg-info/entry_points.txt
[0.922s] writing requirements to ../../build/b4_package/b4_package.egg-info/requires.txt
[0.922s] writing top-level names to ../../build/b4_package/b4_package.egg-info/top_level.txt
[0.923s] reading manifest file '../../build/b4_package/b4_package.egg-info/SOURCES.txt'
[0.924s] writing manifest file '../../build/b4_package/b4_package.egg-info/SOURCES.txt'
[0.925s] running build
[0.925s] running build_py
[0.925s] running install
[0.925s] running install_lib
[0.927s] running install_data
[0.927s] copying package.xml -> /home/rokey/AI_Vision_Project/b4_ws/install/b4_package/share/b4_package
[0.928s] running install_egg_info
[0.931s] removing '/home/rokey/AI_Vision_Project/b4_ws/install/b4_package/lib/python3.10/site-packages/b4_package-0.0.0-py3.10.egg-info' (and everything under it)
[0.931s] Copying ../../build/b4_package/b4_package.egg-info to /home/rokey/AI_Vision_Project/b4_ws/install/b4_package/lib/python3.10/site-packages/b4_package-0.0.0-py3.10.egg-info
[0.932s] running install_scripts
[0.952s] Installing listener script to /home/rokey/AI_Vision_Project/b4_ws/install/b4_package/lib/b4_package
[0.952s] Installing security_alert script to /home/rokey/AI_Vision_Project/b4_ws/install/b4_package/lib/b4_package
[0.952s] writing list of installed files to '/home/rokey/AI_Vision_Project/b4_ws/build/b4_package/install.log'
[0.975s] Invoked command in '/home/rokey/AI_Vision_Project/b4_ws/src/b4_package' returned '0': PYTHONPATH=/home/rokey/AI_Vision_Project/b4_ws/build/b4_package/prefix_override:/usr/lib/python3/dist-packages/colcon_core/task/python/colcon_distutils_commands:/home/rokey/AI_Vision_Project/b4_ws/install/b4_package/lib/python3.10/site-packages:${PYTHONPATH} /usr/bin/python3 -W ignore:setup.py install is deprecated setup.py egg_info --egg-base ../../build/b4_package build --build-base /home/rokey/AI_Vision_Project/b4_ws/build/b4_package/build install --record /home/rokey/AI_Vision_Project/b4_ws/build/b4_package/install.log --single-version-externally-managed install_data
