[0.598s] Invoking command in '/home/yeeun/AI_Vision_Project/b4_ws/src/b4_package': PYTHONPATH=/home/yeeun/AI_Vision_Project/b4_ws/build/b4_package/prefix_override:/usr/lib/python3/dist-packages/colcon_core/task/python/colcon_distutils_commands:/home/yeeun/AI_Vision_Project/b4_ws/install/b4_package/lib/python3.10/site-packages:${PYTHONPATH} /usr/bin/python3 -W ignore:setup.py install is deprecated setup.py egg_info --egg-base ../../build/b4_package build --build-base /home/yeeun/AI_Vision_Project/b4_ws/build/b4_package/build install --record /home/yeeun/AI_Vision_Project/b4_ws/build/b4_package/install.log --single-version-externally-managed install_data
[0.819s] running egg_info
[0.819s] creating ../../build/b4_package/b4_package.egg-info
[0.819s] writing ../../build/b4_package/b4_package.egg-info/PKG-INFO
[0.819s] writing dependency_links to ../../build/b4_package/b4_package.egg-info/dependency_links.txt
[0.819s] writing entry points to ../../build/b4_package/b4_package.egg-info/entry_points.txt
[0.819s] writing requirements to ../../build/b4_package/b4_package.egg-info/requires.txt
[0.819s] writing top-level names to ../../build/b4_package/b4_package.egg-info/top_level.txt
[0.819s] writing manifest file '../../build/b4_package/b4_package.egg-info/SOURCES.txt'
[0.821s] reading manifest file '../../build/b4_package/b4_package.egg-info/SOURCES.txt'
[0.821s] writing manifest file '../../build/b4_package/b4_package.egg-info/SOURCES.txt'
[0.821s] running build
[0.821s] running build_py
[0.821s] creating /home/yeeun/AI_Vision_Project/b4_ws/build/b4_package/build
[0.821s] creating /home/yeeun/AI_Vision_Project/b4_ws/build/b4_package/build/lib
[0.821s] creating /home/yeeun/AI_Vision_Project/b4_ws/build/b4_package/build/lib/b4_package
[0.822s] copying b4_package/__init__.py -> /home/yeeun/AI_Vision_Project/b4_ws/build/b4_package/build/lib/b4_package
[0.822s] copying b4_package/subscriber_test.py -> /home/yeeun/AI_Vision_Project/b4_ws/build/b4_package/build/lib/b4_package
[0.822s] copying b4_package/security_alert.py -> /home/yeeun/AI_Vision_Project/b4_ws/build/b4_package/build/lib/b4_package
[0.822s] running install
[0.822s] running install_lib
[0.822s] creating /home/yeeun/AI_Vision_Project/b4_ws/install/b4_package/lib/python3.10/site-packages/b4_package
[0.823s] copying /home/yeeun/AI_Vision_Project/b4_ws/build/b4_package/build/lib/b4_package/__init__.py -> /home/yeeun/AI_Vision_Project/b4_ws/install/b4_package/lib/python3.10/site-packages/b4_package
[0.823s] copying /home/yeeun/AI_Vision_Project/b4_ws/build/b4_package/build/lib/b4_package/subscriber_test.py -> /home/yeeun/AI_Vision_Project/b4_ws/install/b4_package/lib/python3.10/site-packages/b4_package
[0.823s] copying /home/yeeun/AI_Vision_Project/b4_ws/build/b4_package/build/lib/b4_package/security_alert.py -> /home/yeeun/AI_Vision_Project/b4_ws/install/b4_package/lib/python3.10/site-packages/b4_package
[0.823s] byte-compiling /home/yeeun/AI_Vision_Project/b4_ws/install/b4_package/lib/python3.10/site-packages/b4_package/__init__.py to __init__.cpython-310.pyc
[0.823s] byte-compiling /home/yeeun/AI_Vision_Project/b4_ws/install/b4_package/lib/python3.10/site-packages/b4_package/subscriber_test.py to subscriber_test.cpython-310.pyc
[0.824s] byte-compiling /home/yeeun/AI_Vision_Project/b4_ws/install/b4_package/lib/python3.10/site-packages/b4_package/security_alert.py to security_alert.cpython-310.pyc
[0.825s] running install_data
[0.825s] creating /home/yeeun/AI_Vision_Project/b4_ws/install/b4_package/share
[0.825s] creating /home/yeeun/AI_Vision_Project/b4_ws/install/b4_package/share/ament_index
[0.825s] creating /home/yeeun/AI_Vision_Project/b4_ws/install/b4_package/share/ament_index/resource_index
[0.825s] creating /home/yeeun/AI_Vision_Project/b4_ws/install/b4_package/share/ament_index/resource_index/packages
[0.825s] copying resource/b4_package -> /home/yeeun/AI_Vision_Project/b4_ws/install/b4_package/share/ament_index/resource_index/packages
[0.825s] creating /home/yeeun/AI_Vision_Project/b4_ws/install/b4_package/share/b4_package
[0.825s] copying package.xml -> /home/yeeun/AI_Vision_Project/b4_ws/install/b4_package/share/b4_package
[0.825s] running install_egg_info
[0.826s] Copying ../../build/b4_package/b4_package.egg-info to /home/yeeun/AI_Vision_Project/b4_ws/install/b4_package/lib/python3.10/site-packages/b4_package-0.0.0-py3.10.egg-info
[0.827s] running install_scripts
[0.841s] Installing listener script to /home/yeeun/AI_Vision_Project/b4_ws/install/b4_package/lib/b4_package
[0.841s] Installing talker script to /home/yeeun/AI_Vision_Project/b4_ws/install/b4_package/lib/b4_package
[0.842s] writing list of installed files to '/home/yeeun/AI_Vision_Project/b4_ws/build/b4_package/install.log'
[0.860s] Invoked command in '/home/yeeun/AI_Vision_Project/b4_ws/src/b4_package' returned '0': PYTHONPATH=/home/yeeun/AI_Vision_Project/b4_ws/build/b4_package/prefix_override:/usr/lib/python3/dist-packages/colcon_core/task/python/colcon_distutils_commands:/home/yeeun/AI_Vision_Project/b4_ws/install/b4_package/lib/python3.10/site-packages:${PYTHONPATH} /usr/bin/python3 -W ignore:setup.py install is deprecated setup.py egg_info --egg-base ../../build/b4_package build --build-base /home/yeeun/AI_Vision_Project/b4_ws/build/b4_package/build install --record /home/yeeun/AI_Vision_Project/b4_ws/build/b4_package/install.log --single-version-externally-managed install_data
