[0.624s] Invoking command in '/home/rokey/AI_Vision_Project/b4_ws/src/b4_package': PYTHONPATH=/home/rokey/AI_Vision_Project/build/b4_package/prefix_override:/usr/lib/python3/dist-packages/colcon_core/task/python/colcon_distutils_commands:/home/rokey/AI_Vision_Project/install/b4_package/lib/python3.10/site-packages:${PYTHONPATH} /usr/bin/python3 -W ignore:setup.py install is deprecated setup.py egg_info --egg-base ../../../build/b4_package build --build-base /home/rokey/AI_Vision_Project/build/b4_package/build install --record /home/rokey/AI_Vision_Project/build/b4_package/install.log --single-version-externally-managed install_data
[0.863s] running egg_info
[0.864s] writing ../../../build/b4_package/b4_package.egg-info/PKG-INFO
[0.864s] writing dependency_links to ../../../build/b4_package/b4_package.egg-info/dependency_links.txt
[0.864s] writing entry points to ../../../build/b4_package/b4_package.egg-info/entry_points.txt
[0.865s] writing requirements to ../../../build/b4_package/b4_package.egg-info/requires.txt
[0.865s] writing top-level names to ../../../build/b4_package/b4_package.egg-info/top_level.txt
[0.867s] reading manifest file '../../../build/b4_package/b4_package.egg-info/SOURCES.txt'
[0.868s] writing manifest file '../../../build/b4_package/b4_package.egg-info/SOURCES.txt'
[0.869s] running build
[0.869s] running build_py
[0.869s] copying b4_package/subscriber_test.py -> /home/rokey/AI_Vision_Project/build/b4_package/build/lib/b4_package
[0.869s] running install
[0.870s] running install_lib
[0.871s] copying /home/rokey/AI_Vision_Project/build/b4_package/build/lib/b4_package/subscriber_test.py -> /home/rokey/AI_Vision_Project/install/b4_package/lib/python3.10/site-packages/b4_package
[0.872s] byte-compiling /home/rokey/AI_Vision_Project/install/b4_package/lib/python3.10/site-packages/b4_package/subscriber_test.py to subscriber_test.cpython-310.pyc
[0.873s] running install_data
[0.873s] running install_egg_info
[0.876s] removing '/home/rokey/AI_Vision_Project/install/b4_package/lib/python3.10/site-packages/b4_package-0.0.0-py3.10.egg-info' (and everything under it)
[0.876s] Copying ../../../build/b4_package/b4_package.egg-info to /home/rokey/AI_Vision_Project/install/b4_package/lib/python3.10/site-packages/b4_package-0.0.0-py3.10.egg-info
[0.877s] running install_scripts
[0.897s] Installing listener script to /home/rokey/AI_Vision_Project/install/b4_package/lib/b4_package
[0.898s] Installing security_alert script to /home/rokey/AI_Vision_Project/install/b4_package/lib/b4_package
[0.898s] writing list of installed files to '/home/rokey/AI_Vision_Project/build/b4_package/install.log'
[0.923s] Invoked command in '/home/rokey/AI_Vision_Project/b4_ws/src/b4_package' returned '0': PYTHONPATH=/home/rokey/AI_Vision_Project/build/b4_package/prefix_override:/usr/lib/python3/dist-packages/colcon_core/task/python/colcon_distutils_commands:/home/rokey/AI_Vision_Project/install/b4_package/lib/python3.10/site-packages:${PYTHONPATH} /usr/bin/python3 -W ignore:setup.py install is deprecated setup.py egg_info --egg-base ../../../build/b4_package build --build-base /home/rokey/AI_Vision_Project/build/b4_package/build install --record /home/rokey/AI_Vision_Project/build/b4_package/install.log --single-version-externally-managed install_data
