[0.610s] Invoking command in '/home/rokey/AI_Vision_Project/b4_ws/src/b4_package': PYTHONPATH=/home/rokey/AI_Vision_Project/build/b4_package/prefix_override:/usr/lib/python3/dist-packages/colcon_core/task/python/colcon_distutils_commands:/home/rokey/AI_Vision_Project/install/b4_package/lib/python3.10/site-packages:${PYTHONPATH} /usr/bin/python3 -W ignore:setup.py install is deprecated setup.py egg_info --egg-base ../../../build/b4_package build --build-base /home/rokey/AI_Vision_Project/build/b4_package/build install --record /home/rokey/AI_Vision_Project/build/b4_package/install.log --single-version-externally-managed install_data
[0.850s] running egg_info
[0.851s] writing ../../../build/b4_package/b4_package.egg-info/PKG-INFO
[0.852s] writing dependency_links to ../../../build/b4_package/b4_package.egg-info/dependency_links.txt
[0.852s] writing entry points to ../../../build/b4_package/b4_package.egg-info/entry_points.txt
[0.853s] writing requirements to ../../../build/b4_package/b4_package.egg-info/requires.txt
[0.854s] writing top-level names to ../../../build/b4_package/b4_package.egg-info/top_level.txt
[0.858s] reading manifest file '../../../build/b4_package/b4_package.egg-info/SOURCES.txt'
[0.859s] writing manifest file '../../../build/b4_package/b4_package.egg-info/SOURCES.txt'
[0.859s] running build
[0.859s] running build_py
[0.860s] running install
[0.860s] running install_lib
[0.862s] running install_data
[0.862s] running install_egg_info
[0.864s] removing '/home/rokey/AI_Vision_Project/install/b4_package/lib/python3.10/site-packages/b4_package-0.0.0-py3.10.egg-info' (and everything under it)
[0.864s] Copying ../../../build/b4_package/b4_package.egg-info to /home/rokey/AI_Vision_Project/install/b4_package/lib/python3.10/site-packages/b4_package-0.0.0-py3.10.egg-info
[0.865s] running install_scripts
[0.884s] Installing listener script to /home/rokey/AI_Vision_Project/install/b4_package/lib/b4_package
[0.885s] Installing security_alert script to /home/rokey/AI_Vision_Project/install/b4_package/lib/b4_package
[0.885s] writing list of installed files to '/home/rokey/AI_Vision_Project/build/b4_package/install.log'
[0.908s] Invoked command in '/home/rokey/AI_Vision_Project/b4_ws/src/b4_package' returned '0': PYTHONPATH=/home/rokey/AI_Vision_Project/build/b4_package/prefix_override:/usr/lib/python3/dist-packages/colcon_core/task/python/colcon_distutils_commands:/home/rokey/AI_Vision_Project/install/b4_package/lib/python3.10/site-packages:${PYTHONPATH} /usr/bin/python3 -W ignore:setup.py install is deprecated setup.py egg_info --egg-base ../../../build/b4_package build --build-base /home/rokey/AI_Vision_Project/build/b4_package/build install --record /home/rokey/AI_Vision_Project/build/b4_package/install.log --single-version-externally-managed install_data
