[0.973s] Invoking command in '/home/rokey/AI_Vision_Project/b4_ws/src/b4_package': PYTHONPATH=/home/rokey/AI_Vision_Project/b4_ws/build/b4_package/prefix_override:/usr/lib/python3/dist-packages/colcon_core/task/python/colcon_distutils_commands:/home/rokey/AI_Vision_Project/b4_ws/install/b4_package/lib/python3.10/site-packages:${PYTHONPATH} /usr/bin/python3 -W ignore:setup.py install is deprecated setup.py egg_info --egg-base ../../build/b4_package build --build-base /home/rokey/AI_Vision_Project/b4_ws/build/b4_package/build install --record /home/rokey/AI_Vision_Project/b4_ws/build/b4_package/install.log --single-version-externally-managed install_data
[1.343s] running egg_info
[1.344s] writing ../../build/b4_package/b4_package.egg-info/PKG-INFO
[1.344s] writing dependency_links to ../../build/b4_package/b4_package.egg-info/dependency_links.txt
[1.344s] writing entry points to ../../build/b4_package/b4_package.egg-info/entry_points.txt
[1.345s] writing requirements to ../../build/b4_package/b4_package.egg-info/requires.txt
[1.345s] writing top-level names to ../../build/b4_package/b4_package.egg-info/top_level.txt
[1.347s] reading manifest file '../../build/b4_package/b4_package.egg-info/SOURCES.txt'
[1.348s] writing manifest file '../../build/b4_package/b4_package.egg-info/SOURCES.txt'
[1.348s] running build
[1.349s] running build_py
[1.349s] running install
[1.349s] running install_lib
[1.351s] running install_data
[1.351s] running install_egg_info
[1.354s] removing '/home/rokey/AI_Vision_Project/b4_ws/install/b4_package/lib/python3.10/site-packages/b4_package-0.0.0-py3.10.egg-info' (and everything under it)
[1.354s] Copying ../../build/b4_package/b4_package.egg-info to /home/rokey/AI_Vision_Project/b4_ws/install/b4_package/lib/python3.10/site-packages/b4_package-0.0.0-py3.10.egg-info
[1.356s] running install_scripts
[1.384s] Installing listener script to /home/rokey/AI_Vision_Project/b4_ws/install/b4_package/lib/b4_package
[1.384s] Installing security_alert script to /home/rokey/AI_Vision_Project/b4_ws/install/b4_package/lib/b4_package
[1.385s] Installing tracing script to /home/rokey/AI_Vision_Project/b4_ws/install/b4_package/lib/b4_package
[1.385s] writing list of installed files to '/home/rokey/AI_Vision_Project/b4_ws/build/b4_package/install.log'
[1.424s] Invoked command in '/home/rokey/AI_Vision_Project/b4_ws/src/b4_package' returned '0': PYTHONPATH=/home/rokey/AI_Vision_Project/b4_ws/build/b4_package/prefix_override:/usr/lib/python3/dist-packages/colcon_core/task/python/colcon_distutils_commands:/home/rokey/AI_Vision_Project/b4_ws/install/b4_package/lib/python3.10/site-packages:${PYTHONPATH} /usr/bin/python3 -W ignore:setup.py install is deprecated setup.py egg_info --egg-base ../../build/b4_package build --build-base /home/rokey/AI_Vision_Project/b4_ws/build/b4_package/build install --record /home/rokey/AI_Vision_Project/b4_ws/build/b4_package/install.log --single-version-externally-managed install_data
