[0.283s] DEBUG:colcon:Command line arguments: ['/usr/bin/colcon', 'build']
[0.286s] DEBUG:colcon:Parsed command line arguments: Namespace(log_base=None, log_level=None, verb_name='build', build_base='build', install_base='install', merge_install=False, symlink_install=False, test_result_base=None, continue_on_error=False, executor='parallel', parallel_workers=8, event_handlers=None, ignore_user_meta=False, metas=['./colcon.meta'], base_paths=['.'], packages_ignore=None, packages_ignore_regex=None, paths=None, packages_up_to=None, packages_up_to_regex=None, packages_above=None, packages_above_and_dependencies=None, packages_above_depth=None, packages_select_by_dep=None, packages_skip_by_dep=None, packages_skip_up_to=None, packages_select_build_failed=False, packages_skip_build_finished=False, packages_select_test_failures=False, packages_skip_test_passed=False, packages_select=None, packages_skip=None, packages_select_regex=None, packages_skip_regex=None, packages_start=None, packages_end=None, allow_overriding=[], cmake_args=None, cmake_target=None, cmake_target_skip_unavailable=False, cmake_clean_cache=False, cmake_clean_first=False, cmake_force_configure=False, ament_cmake_args=None, catkin_cmake_args=None, catkin_skip_building_tests=False, verb_parser=<colcon_defaults.argument_parser.defaults.DefaultArgumentsDecorator object at 0x7fbedae937c0>, verb_extension=<colcon_core.verb.build.BuildVerb object at 0x7fbedb04e8c0>, main=<bound method BuildVerb.main of <colcon_core.verb.build.BuildVerb object at 0x7fbedb04e8c0>>)
[0.577s] Level 1:colcon.colcon_core.package_discovery:discover_packages(colcon_meta) check parameters
[0.577s] Level 1:colcon.colcon_core.package_discovery:discover_packages(recursive) check parameters
[0.577s] Level 1:colcon.colcon_core.package_discovery:discover_packages(ignore) check parameters
[0.577s] Level 1:colcon.colcon_core.package_discovery:discover_packages(path) check parameters
[0.577s] Level 1:colcon.colcon_core.package_discovery:discover_packages(colcon_meta) discover
[0.577s] Level 1:colcon.colcon_core.package_discovery:discover_packages(recursive) discover
[0.577s] INFO:colcon.colcon_core.package_discovery:Crawling recursively for packages in '/home/rokey/AI_Vision_Project/b4_ws'
[0.577s] Level 1:colcon.colcon_core.package_identification:_identify(.) by extensions ['ignore', 'ignore_ament_install']
[0.577s] Level 1:colcon.colcon_core.package_identification:_identify(.) by extension 'ignore'
[0.578s] Level 1:colcon.colcon_core.package_identification:_identify(.) by extension 'ignore_ament_install'
[0.578s] Level 1:colcon.colcon_core.package_identification:_identify(.) by extensions ['colcon_pkg']
[0.578s] Level 1:colcon.colcon_core.package_identification:_identify(.) by extension 'colcon_pkg'
[0.578s] Level 1:colcon.colcon_core.package_identification:_identify(.) by extensions ['colcon_meta']
[0.578s] Level 1:colcon.colcon_core.package_identification:_identify(.) by extension 'colcon_meta'
[0.578s] Level 1:colcon.colcon_core.package_identification:_identify(.) by extensions ['ros']
[0.578s] Level 1:colcon.colcon_core.package_identification:_identify(.) by extension 'ros'
[0.602s] Level 1:colcon.colcon_core.package_identification:_identify(.) by extensions ['cmake', 'python']
[0.602s] Level 1:colcon.colcon_core.package_identification:_identify(.) by extension 'cmake'
[0.602s] Level 1:colcon.colcon_core.package_identification:_identify(.) by extension 'python'
[0.602s] Level 1:colcon.colcon_core.package_identification:_identify(.) by extensions ['python_setup_py']
[0.602s] Level 1:colcon.colcon_core.package_identification:_identify(.) by extension 'python_setup_py'
[0.602s] Level 1:colcon.colcon_core.package_identification:_identify(build) by extensions ['ignore', 'ignore_ament_install']
[0.602s] Level 1:colcon.colcon_core.package_identification:_identify(build) by extension 'ignore'
[0.602s] Level 1:colcon.colcon_core.package_identification:_identify(build) ignored
[0.603s] Level 1:colcon.colcon_core.package_identification:_identify(install) by extensions ['ignore', 'ignore_ament_install']
[0.603s] Level 1:colcon.colcon_core.package_identification:_identify(install) by extension 'ignore'
[0.603s] Level 1:colcon.colcon_core.package_identification:_identify(install) ignored
[0.603s] Level 1:colcon.colcon_core.package_identification:_identify(log) by extensions ['ignore', 'ignore_ament_install']
[0.603s] Level 1:colcon.colcon_core.package_identification:_identify(log) by extension 'ignore'
[0.603s] Level 1:colcon.colcon_core.package_identification:_identify(log) ignored
[0.603s] Level 1:colcon.colcon_core.package_identification:_identify(src) by extensions ['ignore', 'ignore_ament_install']
[0.603s] Level 1:colcon.colcon_core.package_identification:_identify(src) by extension 'ignore'
[0.603s] Level 1:colcon.colcon_core.package_identification:_identify(src) by extension 'ignore_ament_install'
[0.603s] Level 1:colcon.colcon_core.package_identification:_identify(src) by extensions ['colcon_pkg']
[0.603s] Level 1:colcon.colcon_core.package_identification:_identify(src) by extension 'colcon_pkg'
[0.603s] Level 1:colcon.colcon_core.package_identification:_identify(src) by extensions ['colcon_meta']
[0.604s] Level 1:colcon.colcon_core.package_identification:_identify(src) by extension 'colcon_meta'
[0.604s] Level 1:colcon.colcon_core.package_identification:_identify(src) by extensions ['ros']
[0.604s] Level 1:colcon.colcon_core.package_identification:_identify(src) by extension 'ros'
[0.604s] Level 1:colcon.colcon_core.package_identification:_identify(src) by extensions ['cmake', 'python']
[0.604s] Level 1:colcon.colcon_core.package_identification:_identify(src) by extension 'cmake'
[0.604s] Level 1:colcon.colcon_core.package_identification:_identify(src) by extension 'python'
[0.604s] Level 1:colcon.colcon_core.package_identification:_identify(src) by extensions ['python_setup_py']
[0.604s] Level 1:colcon.colcon_core.package_identification:_identify(src) by extension 'python_setup_py'
[0.604s] Level 1:colcon.colcon_core.package_identification:_identify(src/b4_package) by extensions ['ignore', 'ignore_ament_install']
[0.604s] Level 1:colcon.colcon_core.package_identification:_identify(src/b4_package) by extension 'ignore'
[0.604s] Level 1:colcon.colcon_core.package_identification:_identify(src/b4_package) by extension 'ignore_ament_install'
[0.604s] Level 1:colcon.colcon_core.package_identification:_identify(src/b4_package) by extensions ['colcon_pkg']
[0.604s] Level 1:colcon.colcon_core.package_identification:_identify(src/b4_package) by extension 'colcon_pkg'
[0.604s] Level 1:colcon.colcon_core.package_identification:_identify(src/b4_package) by extensions ['colcon_meta']
[0.604s] Level 1:colcon.colcon_core.package_identification:_identify(src/b4_package) by extension 'colcon_meta'
[0.604s] Level 1:colcon.colcon_core.package_identification:_identify(src/b4_package) by extensions ['ros']
[0.604s] Level 1:colcon.colcon_core.package_identification:_identify(src/b4_package) by extension 'ros'
[0.608s] DEBUG:colcon.colcon_core.package_identification:Package 'src/b4_package' with type 'ros.ament_python' and name 'b4_package'
[0.608s] Level 1:colcon.colcon_core.package_identification:_identify(src/build) by extensions ['ignore', 'ignore_ament_install']
[0.609s] Level 1:colcon.colcon_core.package_identification:_identify(src/build) by extension 'ignore'
[0.609s] Level 1:colcon.colcon_core.package_identification:_identify(src/build) by extension 'ignore_ament_install'
[0.609s] Level 1:colcon.colcon_core.package_identification:_identify(src/build) by extensions ['colcon_pkg']
[0.609s] Level 1:colcon.colcon_core.package_identification:_identify(src/build) by extension 'colcon_pkg'
[0.609s] Level 1:colcon.colcon_core.package_identification:_identify(src/build) by extensions ['colcon_meta']
[0.609s] Level 1:colcon.colcon_core.package_identification:_identify(src/build) by extension 'colcon_meta'
[0.609s] Level 1:colcon.colcon_core.package_identification:_identify(src/build) by extensions ['ros']
[0.609s] Level 1:colcon.colcon_core.package_identification:_identify(src/build) by extension 'ros'
[0.609s] Level 1:colcon.colcon_core.package_identification:_identify(src/build) by extensions ['cmake', 'python']
[0.609s] Level 1:colcon.colcon_core.package_identification:_identify(src/build) by extension 'cmake'
[0.609s] Level 1:colcon.colcon_core.package_identification:_identify(src/build) by extension 'python'
[0.609s] Level 1:colcon.colcon_core.package_identification:_identify(src/build) by extensions ['python_setup_py']
[0.609s] Level 1:colcon.colcon_core.package_identification:_identify(src/build) by extension 'python_setup_py'
[0.609s] Level 1:colcon.colcon_core.package_identification:_identify(src/build/b4_package) by extensions ['ignore', 'ignore_ament_install']
[0.609s] Level 1:colcon.colcon_core.package_identification:_identify(src/build/b4_package) by extension 'ignore'
[0.609s] Level 1:colcon.colcon_core.package_identification:_identify(src/build/b4_package) by extension 'ignore_ament_install'
[0.610s] Level 1:colcon.colcon_core.package_identification:_identify(src/build/b4_package) by extensions ['colcon_pkg']
[0.610s] Level 1:colcon.colcon_core.package_identification:_identify(src/build/b4_package) by extension 'colcon_pkg'
[0.610s] Level 1:colcon.colcon_core.package_identification:_identify(src/build/b4_package) by extensions ['colcon_meta']
[0.610s] Level 1:colcon.colcon_core.package_identification:_identify(src/build/b4_package) by extension 'colcon_meta'
[0.610s] Level 1:colcon.colcon_core.package_identification:_identify(src/build/b4_package) by extensions ['ros']
[0.610s] Level 1:colcon.colcon_core.package_identification:_identify(src/build/b4_package) by extension 'ros'
[0.610s] Level 1:colcon.colcon_core.package_identification:_identify(src/build/b4_package) by extensions ['cmake', 'python']
[0.610s] Level 1:colcon.colcon_core.package_identification:_identify(src/build/b4_package) by extension 'cmake'
[0.610s] Level 1:colcon.colcon_core.package_identification:_identify(src/build/b4_package) by extension 'python'
[0.610s] Level 1:colcon.colcon_core.package_identification:_identify(src/build/b4_package) by extensions ['python_setup_py']
[0.610s] Level 1:colcon.colcon_core.package_identification:_identify(src/build/b4_package) by extension 'python_setup_py'
[0.610s] Level 1:colcon.colcon_core.package_identification:_identify(src/build/b4_package/build) by extensions ['ignore', 'ignore_ament_install']
[0.610s] Level 1:colcon.colcon_core.package_identification:_identify(src/build/b4_package/build) by extension 'ignore'
[0.610s] Level 1:colcon.colcon_core.package_identification:_identify(src/build/b4_package/build) by extension 'ignore_ament_install'
[0.610s] Level 1:colcon.colcon_core.package_identification:_identify(src/build/b4_package/build) by extensions ['colcon_pkg']
[0.611s] Level 1:colcon.colcon_core.package_identification:_identify(src/build/b4_package/build) by extension 'colcon_pkg'
[0.611s] Level 1:colcon.colcon_core.package_identification:_identify(src/build/b4_package/build) by extensions ['colcon_meta']
[0.611s] Level 1:colcon.colcon_core.package_identification:_identify(src/build/b4_package/build) by extension 'colcon_meta'
[0.611s] Level 1:colcon.colcon_core.package_identification:_identify(src/build/b4_package/build) by extensions ['ros']
[0.611s] Level 1:colcon.colcon_core.package_identification:_identify(src/build/b4_package/build) by extension 'ros'
[0.611s] Level 1:colcon.colcon_core.package_identification:_identify(src/build/b4_package/build) by extensions ['cmake', 'python']
[0.611s] Level 1:colcon.colcon_core.package_identification:_identify(src/build/b4_package/build) by extension 'cmake'
[0.611s] Level 1:colcon.colcon_core.package_identification:_identify(src/build/b4_package/build) by extension 'python'
[0.611s] Level 1:colcon.colcon_core.package_identification:_identify(src/build/b4_package/build) by extensions ['python_setup_py']
[0.611s] Level 1:colcon.colcon_core.package_identification:_identify(src/build/b4_package/build) by extension 'python_setup_py'
[0.611s] Level 1:colcon.colcon_core.package_identification:_identify(src/build/b4_package/build/lib) by extensions ['ignore', 'ignore_ament_install']
[0.612s] Level 1:colcon.colcon_core.package_identification:_identify(src/build/b4_package/build/lib) by extension 'ignore'
[0.612s] Level 1:colcon.colcon_core.package_identification:_identify(src/build/b4_package/build/lib) by extension 'ignore_ament_install'
[0.612s] Level 1:colcon.colcon_core.package_identification:_identify(src/build/b4_package/build/lib) by extensions ['colcon_pkg']
[0.612s] Level 1:colcon.colcon_core.package_identification:_identify(src/build/b4_package/build/lib) by extension 'colcon_pkg'
[0.612s] Level 1:colcon.colcon_core.package_identification:_identify(src/build/b4_package/build/lib) by extensions ['colcon_meta']
[0.612s] Level 1:colcon.colcon_core.package_identification:_identify(src/build/b4_package/build/lib) by extension 'colcon_meta'
[0.612s] Level 1:colcon.colcon_core.package_identification:_identify(src/build/b4_package/build/lib) by extensions ['ros']
[0.612s] Level 1:colcon.colcon_core.package_identification:_identify(src/build/b4_package/build/lib) by extension 'ros'
[0.612s] Level 1:colcon.colcon_core.package_identification:_identify(src/build/b4_package/build/lib) by extensions ['cmake', 'python']
[0.613s] Level 1:colcon.colcon_core.package_identification:_identify(src/build/b4_package/build/lib) by extension 'cmake'
[0.613s] Level 1:colcon.colcon_core.package_identification:_identify(src/build/b4_package/build/lib) by extension 'python'
[0.613s] Level 1:colcon.colcon_core.package_identification:_identify(src/build/b4_package/build/lib) by extensions ['python_setup_py']
[0.613s] Level 1:colcon.colcon_core.package_identification:_identify(src/build/b4_package/build/lib) by extension 'python_setup_py'
[0.614s] Level 1:colcon.colcon_core.package_identification:_identify(src/build/b4_package/build/lib/b4_package) by extensions ['ignore', 'ignore_ament_install']
[0.614s] Level 1:colcon.colcon_core.package_identification:_identify(src/build/b4_package/build/lib/b4_package) by extension 'ignore'
[0.614s] Level 1:colcon.colcon_core.package_identification:_identify(src/build/b4_package/build/lib/b4_package) by extension 'ignore_ament_install'
[0.614s] Level 1:colcon.colcon_core.package_identification:_identify(src/build/b4_package/build/lib/b4_package) by extensions ['colcon_pkg']
[0.614s] Level 1:colcon.colcon_core.package_identification:_identify(src/build/b4_package/build/lib/b4_package) by extension 'colcon_pkg'
[0.614s] Level 1:colcon.colcon_core.package_identification:_identify(src/build/b4_package/build/lib/b4_package) by extensions ['colcon_meta']
[0.614s] Level 1:colcon.colcon_core.package_identification:_identify(src/build/b4_package/build/lib/b4_package) by extension 'colcon_meta'
[0.614s] Level 1:colcon.colcon_core.package_identification:_identify(src/build/b4_package/build/lib/b4_package) by extensions ['ros']
[0.614s] Level 1:colcon.colcon_core.package_identification:_identify(src/build/b4_package/build/lib/b4_package) by extension 'ros'
[0.615s] Level 1:colcon.colcon_core.package_identification:_identify(src/build/b4_package/build/lib/b4_package) by extensions ['cmake', 'python']
[0.615s] Level 1:colcon.colcon_core.package_identification:_identify(src/build/b4_package/build/lib/b4_package) by extension 'cmake'
[0.615s] Level 1:colcon.colcon_core.package_identification:_identify(src/build/b4_package/build/lib/b4_package) by extension 'python'
[0.615s] Level 1:colcon.colcon_core.package_identification:_identify(src/build/b4_package/build/lib/b4_package) by extensions ['python_setup_py']
[0.615s] Level 1:colcon.colcon_core.package_identification:_identify(src/build/b4_package/build/lib/b4_package) by extension 'python_setup_py'
[0.615s] Level 1:colcon.colcon_core.package_identification:_identify(src/install) by extensions ['ignore', 'ignore_ament_install']
[0.616s] Level 1:colcon.colcon_core.package_identification:_identify(src/install) by extension 'ignore'
[0.616s] Level 1:colcon.colcon_core.package_identification:_identify(src/install) by extension 'ignore_ament_install'
[0.616s] Level 1:colcon.colcon_core.package_identification:_identify(src/install) by extensions ['colcon_pkg']
[0.616s] Level 1:colcon.colcon_core.package_identification:_identify(src/install) by extension 'colcon_pkg'
[0.616s] Level 1:colcon.colcon_core.package_identification:_identify(src/install) by extensions ['colcon_meta']
[0.616s] Level 1:colcon.colcon_core.package_identification:_identify(src/install) by extension 'colcon_meta'
[0.616s] Level 1:colcon.colcon_core.package_identification:_identify(src/install) by extensions ['ros']
[0.616s] Level 1:colcon.colcon_core.package_identification:_identify(src/install) by extension 'ros'
[0.616s] Level 1:colcon.colcon_core.package_identification:_identify(src/install) by extensions ['cmake', 'python']
[0.616s] Level 1:colcon.colcon_core.package_identification:_identify(src/install) by extension 'cmake'
[0.617s] Level 1:colcon.colcon_core.package_identification:_identify(src/install) by extension 'python'
[0.617s] Level 1:colcon.colcon_core.package_identification:_identify(src/install) by extensions ['python_setup_py']
[0.617s] Level 1:colcon.colcon_core.package_identification:_identify(src/install) by extension 'python_setup_py'
[0.617s] Level 1:colcon.colcon_core.package_identification:_identify(src/install/b4_package) by extensions ['ignore', 'ignore_ament_install']
[0.617s] Level 1:colcon.colcon_core.package_identification:_identify(src/install/b4_package) by extension 'ignore'
[0.617s] Level 1:colcon.colcon_core.package_identification:_identify(src/install/b4_package) by extension 'ignore_ament_install'
[0.618s] Level 1:colcon.colcon_core.package_identification:_identify(src/install/b4_package) by extensions ['colcon_pkg']
[0.618s] Level 1:colcon.colcon_core.package_identification:_identify(src/install/b4_package) by extension 'colcon_pkg'
[0.618s] Level 1:colcon.colcon_core.package_identification:_identify(src/install/b4_package) by extensions ['colcon_meta']
[0.618s] Level 1:colcon.colcon_core.package_identification:_identify(src/install/b4_package) by extension 'colcon_meta'
[0.618s] Level 1:colcon.colcon_core.package_identification:_identify(src/install/b4_package) by extensions ['ros']
[0.618s] Level 1:colcon.colcon_core.package_identification:_identify(src/install/b4_package) by extension 'ros'
[0.618s] Level 1:colcon.colcon_core.package_identification:_identify(src/install/b4_package) by extensions ['cmake', 'python']
[0.618s] Level 1:colcon.colcon_core.package_identification:_identify(src/install/b4_package) by extension 'cmake'
[0.619s] Level 1:colcon.colcon_core.package_identification:_identify(src/install/b4_package) by extension 'python'
[0.619s] Level 1:colcon.colcon_core.package_identification:_identify(src/install/b4_package) by extensions ['python_setup_py']
[0.619s] Level 1:colcon.colcon_core.package_identification:_identify(src/install/b4_package) by extension 'python_setup_py'
[0.619s] Level 1:colcon.colcon_core.package_identification:_identify(src/install/b4_package/lib) by extensions ['ignore', 'ignore_ament_install']
[0.620s] Level 1:colcon.colcon_core.package_identification:_identify(src/install/b4_package/lib) by extension 'ignore'
[0.620s] Level 1:colcon.colcon_core.package_identification:_identify(src/install/b4_package/lib) by extension 'ignore_ament_install'
[0.620s] Level 1:colcon.colcon_core.package_identification:_identify(src/install/b4_package/lib) by extensions ['colcon_pkg']
[0.621s] Level 1:colcon.colcon_core.package_identification:_identify(src/install/b4_package/lib) by extension 'colcon_pkg'
[0.621s] Level 1:colcon.colcon_core.package_identification:_identify(src/install/b4_package/lib) by extensions ['colcon_meta']
[0.621s] Level 1:colcon.colcon_core.package_identification:_identify(src/install/b4_package/lib) by extension 'colcon_meta'
[0.621s] Level 1:colcon.colcon_core.package_identification:_identify(src/install/b4_package/lib) by extensions ['ros']
[0.621s] Level 1:colcon.colcon_core.package_identification:_identify(src/install/b4_package/lib) by extension 'ros'
[0.622s] Level 1:colcon.colcon_core.package_identification:_identify(src/install/b4_package/lib) by extensions ['cmake', 'python']
[0.622s] Level 1:colcon.colcon_core.package_identification:_identify(src/install/b4_package/lib) by extension 'cmake'
[0.622s] Level 1:colcon.colcon_core.package_identification:_identify(src/install/b4_package/lib) by extension 'python'
[0.622s] Level 1:colcon.colcon_core.package_identification:_identify(src/install/b4_package/lib) by extensions ['python_setup_py']
[0.623s] Level 1:colcon.colcon_core.package_identification:_identify(src/install/b4_package/lib) by extension 'python_setup_py'
[0.623s] Level 1:colcon.colcon_core.package_identification:_identify(src/install/b4_package/lib/b4_package) by extensions ['ignore', 'ignore_ament_install']
[0.624s] Level 1:colcon.colcon_core.package_identification:_identify(src/install/b4_package/lib/b4_package) by extension 'ignore'
[0.624s] Level 1:colcon.colcon_core.package_identification:_identify(src/install/b4_package/lib/b4_package) by extension 'ignore_ament_install'
[0.624s] Level 1:colcon.colcon_core.package_identification:_identify(src/install/b4_package/lib/b4_package) by extensions ['colcon_pkg']
[0.625s] Level 1:colcon.colcon_core.package_identification:_identify(src/install/b4_package/lib/b4_package) by extension 'colcon_pkg'
[0.625s] Level 1:colcon.colcon_core.package_identification:_identify(src/install/b4_package/lib/b4_package) by extensions ['colcon_meta']
[0.625s] Level 1:colcon.colcon_core.package_identification:_identify(src/install/b4_package/lib/b4_package) by extension 'colcon_meta'
[0.625s] Level 1:colcon.colcon_core.package_identification:_identify(src/install/b4_package/lib/b4_package) by extensions ['ros']
[0.625s] Level 1:colcon.colcon_core.package_identification:_identify(src/install/b4_package/lib/b4_package) by extension 'ros'
[0.626s] Level 1:colcon.colcon_core.package_identification:_identify(src/install/b4_package/lib/b4_package) by extensions ['cmake', 'python']
[0.626s] Level 1:colcon.colcon_core.package_identification:_identify(src/install/b4_package/lib/b4_package) by extension 'cmake'
[0.626s] Level 1:colcon.colcon_core.package_identification:_identify(src/install/b4_package/lib/b4_package) by extension 'python'
[0.626s] Level 1:colcon.colcon_core.package_identification:_identify(src/install/b4_package/lib/b4_package) by extensions ['python_setup_py']
[0.627s] Level 1:colcon.colcon_core.package_identification:_identify(src/install/b4_package/lib/b4_package) by extension 'python_setup_py'
[0.627s] Level 1:colcon.colcon_core.package_identification:_identify(src/install/b4_package/lib/python3.10) by extensions ['ignore', 'ignore_ament_install']
[0.628s] Level 1:colcon.colcon_core.package_identification:_identify(src/install/b4_package/lib/python3.10) by extension 'ignore'
[0.628s] Level 1:colcon.colcon_core.package_identification:_identify(src/install/b4_package/lib/python3.10) by extension 'ignore_ament_install'
[0.628s] Level 1:colcon.colcon_core.package_identification:_identify(src/install/b4_package/lib/python3.10) by extensions ['colcon_pkg']
[0.628s] Level 1:colcon.colcon_core.package_identification:_identify(src/install/b4_package/lib/python3.10) by extension 'colcon_pkg'
[0.628s] Level 1:colcon.colcon_core.package_identification:_identify(src/install/b4_package/lib/python3.10) by extensions ['colcon_meta']
[0.628s] Level 1:colcon.colcon_core.package_identification:_identify(src/install/b4_package/lib/python3.10) by extension 'colcon_meta'
[0.628s] Level 1:colcon.colcon_core.package_identification:_identify(src/install/b4_package/lib/python3.10) by extensions ['ros']
[0.629s] Level 1:colcon.colcon_core.package_identification:_identify(src/install/b4_package/lib/python3.10) by extension 'ros'
[0.629s] Level 1:colcon.colcon_core.package_identification:_identify(src/install/b4_package/lib/python3.10) by extensions ['cmake', 'python']
[0.629s] Level 1:colcon.colcon_core.package_identification:_identify(src/install/b4_package/lib/python3.10) by extension 'cmake'
[0.629s] Level 1:colcon.colcon_core.package_identification:_identify(src/install/b4_package/lib/python3.10) by extension 'python'
[0.629s] Level 1:colcon.colcon_core.package_identification:_identify(src/install/b4_package/lib/python3.10) by extensions ['python_setup_py']
[0.630s] Level 1:colcon.colcon_core.package_identification:_identify(src/install/b4_package/lib/python3.10) by extension 'python_setup_py'
[0.630s] Level 1:colcon.colcon_core.package_identification:_identify(src/install/b4_package/lib/python3.10/site-packages) by extensions ['ignore', 'ignore_ament_install']
[0.630s] Level 1:colcon.colcon_core.package_identification:_identify(src/install/b4_package/lib/python3.10/site-packages) by extension 'ignore'
[0.630s] Level 1:colcon.colcon_core.package_identification:_identify(src/install/b4_package/lib/python3.10/site-packages) by extension 'ignore_ament_install'
[0.631s] Level 1:colcon.colcon_core.package_identification:_identify(src/install/b4_package/lib/python3.10/site-packages) by extensions ['colcon_pkg']
[0.631s] Level 1:colcon.colcon_core.package_identification:_identify(src/install/b4_package/lib/python3.10/site-packages) by extension 'colcon_pkg'
[0.631s] Level 1:colcon.colcon_core.package_identification:_identify(src/install/b4_package/lib/python3.10/site-packages) by extensions ['colcon_meta']
[0.631s] Level 1:colcon.colcon_core.package_identification:_identify(src/install/b4_package/lib/python3.10/site-packages) by extension 'colcon_meta'
[0.631s] Level 1:colcon.colcon_core.package_identification:_identify(src/install/b4_package/lib/python3.10/site-packages) by extensions ['ros']
[0.631s] Level 1:colcon.colcon_core.package_identification:_identify(src/install/b4_package/lib/python3.10/site-packages) by extension 'ros'
[0.632s] Level 1:colcon.colcon_core.package_identification:_identify(src/install/b4_package/lib/python3.10/site-packages) by extensions ['cmake', 'python']
[0.632s] Level 1:colcon.colcon_core.package_identification:_identify(src/install/b4_package/lib/python3.10/site-packages) by extension 'cmake'
[0.632s] Level 1:colcon.colcon_core.package_identification:_identify(src/install/b4_package/lib/python3.10/site-packages) by extension 'python'
[0.632s] Level 1:colcon.colcon_core.package_identification:_identify(src/install/b4_package/lib/python3.10/site-packages) by extensions ['python_setup_py']
[0.632s] Level 1:colcon.colcon_core.package_identification:_identify(src/install/b4_package/lib/python3.10/site-packages) by extension 'python_setup_py'
[0.632s] Level 1:colcon.colcon_core.package_identification:_identify(src/install/b4_package/lib/python3.10/site-packages/b4_package) by extensions ['ignore', 'ignore_ament_install']
[0.633s] Level 1:colcon.colcon_core.package_identification:_identify(src/install/b4_package/lib/python3.10/site-packages/b4_package) by extension 'ignore'
[0.633s] Level 1:colcon.colcon_core.package_identification:_identify(src/install/b4_package/lib/python3.10/site-packages/b4_package) by extension 'ignore_ament_install'
[0.633s] Level 1:colcon.colcon_core.package_identification:_identify(src/install/b4_package/lib/python3.10/site-packages/b4_package) by extensions ['colcon_pkg']
[0.633s] Level 1:colcon.colcon_core.package_identification:_identify(src/install/b4_package/lib/python3.10/site-packages/b4_package) by extension 'colcon_pkg'
[0.634s] Level 1:colcon.colcon_core.package_identification:_identify(src/install/b4_package/lib/python3.10/site-packages/b4_package) by extensions ['colcon_meta']
[0.634s] Level 1:colcon.colcon_core.package_identification:_identify(src/install/b4_package/lib/python3.10/site-packages/b4_package) by extension 'colcon_meta'
[0.634s] Level 1:colcon.colcon_core.package_identification:_identify(src/install/b4_package/lib/python3.10/site-packages/b4_package) by extensions ['ros']
[0.634s] Level 1:colcon.colcon_core.package_identification:_identify(src/install/b4_package/lib/python3.10/site-packages/b4_package) by extension 'ros'
[0.634s] Level 1:colcon.colcon_core.package_identification:_identify(src/install/b4_package/lib/python3.10/site-packages/b4_package) by extensions ['cmake', 'python']
[0.634s] Level 1:colcon.colcon_core.package_identification:_identify(src/install/b4_package/lib/python3.10/site-packages/b4_package) by extension 'cmake'
[0.634s] Level 1:colcon.colcon_core.package_identification:_identify(src/install/b4_package/lib/python3.10/site-packages/b4_package) by extension 'python'
[0.635s] Level 1:colcon.colcon_core.package_identification:_identify(src/install/b4_package/lib/python3.10/site-packages/b4_package) by extensions ['python_setup_py']
[0.635s] Level 1:colcon.colcon_core.package_identification:_identify(src/install/b4_package/lib/python3.10/site-packages/b4_package) by extension 'python_setup_py'
[0.635s] Level 1:colcon.colcon_core.package_identification:_identify(src/install/b4_package/lib/python3.10/site-packages/b4_package/__pycache__) by extensions ['ignore', 'ignore_ament_install']
[0.635s] Level 1:colcon.colcon_core.package_identification:_identify(src/install/b4_package/lib/python3.10/site-packages/b4_package/__pycache__) by extension 'ignore'
[0.636s] Level 1:colcon.colcon_core.package_identification:_identify(src/install/b4_package/lib/python3.10/site-packages/b4_package/__pycache__) by extension 'ignore_ament_install'
[0.636s] Level 1:colcon.colcon_core.package_identification:_identify(src/install/b4_package/lib/python3.10/site-packages/b4_package/__pycache__) by extensions ['colcon_pkg']
[0.636s] Level 1:colcon.colcon_core.package_identification:_identify(src/install/b4_package/lib/python3.10/site-packages/b4_package/__pycache__) by extension 'colcon_pkg'
[0.636s] Level 1:colcon.colcon_core.package_identification:_identify(src/install/b4_package/lib/python3.10/site-packages/b4_package/__pycache__) by extensions ['colcon_meta']
[0.636s] Level 1:colcon.colcon_core.package_identification:_identify(src/install/b4_package/lib/python3.10/site-packages/b4_package/__pycache__) by extension 'colcon_meta'
[0.636s] Level 1:colcon.colcon_core.package_identification:_identify(src/install/b4_package/lib/python3.10/site-packages/b4_package/__pycache__) by extensions ['ros']
[0.636s] Level 1:colcon.colcon_core.package_identification:_identify(src/install/b4_package/lib/python3.10/site-packages/b4_package/__pycache__) by extension 'ros'
[0.637s] Level 1:colcon.colcon_core.package_identification:_identify(src/install/b4_package/lib/python3.10/site-packages/b4_package/__pycache__) by extensions ['cmake', 'python']
[0.637s] Level 1:colcon.colcon_core.package_identification:_identify(src/install/b4_package/lib/python3.10/site-packages/b4_package/__pycache__) by extension 'cmake'
[0.637s] Level 1:colcon.colcon_core.package_identification:_identify(src/install/b4_package/lib/python3.10/site-packages/b4_package/__pycache__) by extension 'python'
[0.637s] Level 1:colcon.colcon_core.package_identification:_identify(src/install/b4_package/lib/python3.10/site-packages/b4_package/__pycache__) by extensions ['python_setup_py']
[0.637s] Level 1:colcon.colcon_core.package_identification:_identify(src/install/b4_package/lib/python3.10/site-packages/b4_package/__pycache__) by extension 'python_setup_py'
[0.637s] Level 1:colcon.colcon_core.package_identification:_identify(src/install/b4_package/share) by extensions ['ignore', 'ignore_ament_install']
[0.638s] Level 1:colcon.colcon_core.package_identification:_identify(src/install/b4_package/share) by extension 'ignore'
[0.638s] Level 1:colcon.colcon_core.package_identification:_identify(src/install/b4_package/share) by extension 'ignore_ament_install'
[0.638s] Level 1:colcon.colcon_core.package_identification:_identify(src/install/b4_package/share) by extensions ['colcon_pkg']
[0.638s] Level 1:colcon.colcon_core.package_identification:_identify(src/install/b4_package/share) by extension 'colcon_pkg'
[0.638s] Level 1:colcon.colcon_core.package_identification:_identify(src/install/b4_package/share) by extensions ['colcon_meta']
[0.638s] Level 1:colcon.colcon_core.package_identification:_identify(src/install/b4_package/share) by extension 'colcon_meta'
[0.638s] Level 1:colcon.colcon_core.package_identification:_identify(src/install/b4_package/share) by extensions ['ros']
[0.638s] Level 1:colcon.colcon_core.package_identification:_identify(src/install/b4_package/share) by extension 'ros'
[0.639s] Level 1:colcon.colcon_core.package_identification:_identify(src/install/b4_package/share) by extensions ['cmake', 'python']
[0.639s] Level 1:colcon.colcon_core.package_identification:_identify(src/install/b4_package/share) by extension 'cmake'
[0.639s] Level 1:colcon.colcon_core.package_identification:_identify(src/install/b4_package/share) by extension 'python'
[0.639s] Level 1:colcon.colcon_core.package_identification:_identify(src/install/b4_package/share) by extensions ['python_setup_py']
[0.639s] Level 1:colcon.colcon_core.package_identification:_identify(src/install/b4_package/share) by extension 'python_setup_py'
[0.639s] Level 1:colcon.colcon_core.package_identification:_identify(src/install/b4_package/share/b4_package) by extensions ['ignore', 'ignore_ament_install']
[0.639s] Level 1:colcon.colcon_core.package_identification:_identify(src/install/b4_package/share/b4_package) by extension 'ignore'
[0.640s] Level 1:colcon.colcon_core.package_identification:_identify(src/install/b4_package/share/b4_package) by extension 'ignore_ament_install'
[0.640s] Level 1:colcon.colcon_core.package_identification:_identify(src/install/b4_package/share/b4_package) by extensions ['colcon_pkg']
[0.640s] Level 1:colcon.colcon_core.package_identification:_identify(src/install/b4_package/share/b4_package) by extension 'colcon_pkg'
[0.640s] Level 1:colcon.colcon_core.package_identification:_identify(src/install/b4_package/share/b4_package) by extensions ['colcon_meta']
[0.640s] Level 1:colcon.colcon_core.package_identification:_identify(src/install/b4_package/share/b4_package) by extension 'colcon_meta'
[0.640s] Level 1:colcon.colcon_core.package_identification:_identify(src/install/b4_package/share/b4_package) by extensions ['ros']
[0.640s] Level 1:colcon.colcon_core.package_identification:_identify(src/install/b4_package/share/b4_package) by extension 'ros'
[0.640s] Level 1:colcon.colcon_core.package_identification:_identify(src/install/b4_package/share/b4_package) by extensions ['cmake', 'python']
[0.640s] Level 1:colcon.colcon_core.package_identification:_identify(src/install/b4_package/share/b4_package) by extension 'cmake'
[0.641s] Level 1:colcon.colcon_core.package_identification:_identify(src/install/b4_package/share/b4_package) by extension 'python'
[0.641s] Level 1:colcon.colcon_core.package_identification:_identify(src/install/b4_package/share/b4_package) by extensions ['python_setup_py']
[0.641s] Level 1:colcon.colcon_core.package_identification:_identify(src/install/b4_package/share/b4_package) by extension 'python_setup_py'
[0.641s] Level 1:colcon.colcon_core.package_identification:_identify(src/install/b4_package/share/b4_package/hook) by extensions ['ignore', 'ignore_ament_install']
[0.641s] Level 1:colcon.colcon_core.package_identification:_identify(src/install/b4_package/share/b4_package/hook) by extension 'ignore'
[0.641s] Level 1:colcon.colcon_core.package_identification:_identify(src/install/b4_package/share/b4_package/hook) by extension 'ignore_ament_install'
[0.642s] Level 1:colcon.colcon_core.package_identification:_identify(src/install/b4_package/share/b4_package/hook) by extensions ['colcon_pkg']
[0.642s] Level 1:colcon.colcon_core.package_identification:_identify(src/install/b4_package/share/b4_package/hook) by extension 'colcon_pkg'
[0.642s] Level 1:colcon.colcon_core.package_identification:_identify(src/install/b4_package/share/b4_package/hook) by extensions ['colcon_meta']
[0.642s] Level 1:colcon.colcon_core.package_identification:_identify(src/install/b4_package/share/b4_package/hook) by extension 'colcon_meta'
[0.642s] Level 1:colcon.colcon_core.package_identification:_identify(src/install/b4_package/share/b4_package/hook) by extensions ['ros']
[0.642s] Level 1:colcon.colcon_core.package_identification:_identify(src/install/b4_package/share/b4_package/hook) by extension 'ros'
[0.642s] Level 1:colcon.colcon_core.package_identification:_identify(src/install/b4_package/share/b4_package/hook) by extensions ['cmake', 'python']
[0.642s] Level 1:colcon.colcon_core.package_identification:_identify(src/install/b4_package/share/b4_package/hook) by extension 'cmake'
[0.642s] Level 1:colcon.colcon_core.package_identification:_identify(src/install/b4_package/share/b4_package/hook) by extension 'python'
[0.643s] Level 1:colcon.colcon_core.package_identification:_identify(src/install/b4_package/share/b4_package/hook) by extensions ['python_setup_py']
[0.643s] Level 1:colcon.colcon_core.package_identification:_identify(src/install/b4_package/share/b4_package/hook) by extension 'python_setup_py'
[0.643s] Level 1:colcon.colcon_core.package_identification:_identify(src/log) by extensions ['ignore', 'ignore_ament_install']
[0.643s] Level 1:colcon.colcon_core.package_identification:_identify(src/log) by extension 'ignore'
[0.643s] Level 1:colcon.colcon_core.package_identification:_identify(src/log) by extension 'ignore_ament_install'
[0.643s] Level 1:colcon.colcon_core.package_identification:_identify(src/log) by extensions ['colcon_pkg']
[0.643s] Level 1:colcon.colcon_core.package_identification:_identify(src/log) by extension 'colcon_pkg'
[0.644s] Level 1:colcon.colcon_core.package_identification:_identify(src/log) by extensions ['colcon_meta']
[0.644s] Level 1:colcon.colcon_core.package_identification:_identify(src/log) by extension 'colcon_meta'
[0.644s] Level 1:colcon.colcon_core.package_identification:_identify(src/log) by extensions ['ros']
[0.644s] Level 1:colcon.colcon_core.package_identification:_identify(src/log) by extension 'ros'
[0.644s] Level 1:colcon.colcon_core.package_identification:_identify(src/log) by extensions ['cmake', 'python']
[0.644s] Level 1:colcon.colcon_core.package_identification:_identify(src/log) by extension 'cmake'
[0.644s] Level 1:colcon.colcon_core.package_identification:_identify(src/log) by extension 'python'
[0.644s] Level 1:colcon.colcon_core.package_identification:_identify(src/log) by extensions ['python_setup_py']
[0.644s] Level 1:colcon.colcon_core.package_identification:_identify(src/log) by extension 'python_setup_py'
[0.645s] Level 1:colcon.colcon_core.package_identification:_identify(src/log/build_2024-11-13_19-54-52) by extensions ['ignore', 'ignore_ament_install']
[0.645s] Level 1:colcon.colcon_core.package_identification:_identify(src/log/build_2024-11-13_19-54-52) by extension 'ignore'
[0.645s] Level 1:colcon.colcon_core.package_identification:_identify(src/log/build_2024-11-13_19-54-52) by extension 'ignore_ament_install'
[0.645s] Level 1:colcon.colcon_core.package_identification:_identify(src/log/build_2024-11-13_19-54-52) by extensions ['colcon_pkg']
[0.645s] Level 1:colcon.colcon_core.package_identification:_identify(src/log/build_2024-11-13_19-54-52) by extension 'colcon_pkg'
[0.645s] Level 1:colcon.colcon_core.package_identification:_identify(src/log/build_2024-11-13_19-54-52) by extensions ['colcon_meta']
[0.645s] Level 1:colcon.colcon_core.package_identification:_identify(src/log/build_2024-11-13_19-54-52) by extension 'colcon_meta'
[0.646s] Level 1:colcon.colcon_core.package_identification:_identify(src/log/build_2024-11-13_19-54-52) by extensions ['ros']
[0.646s] Level 1:colcon.colcon_core.package_identification:_identify(src/log/build_2024-11-13_19-54-52) by extension 'ros'
[0.646s] Level 1:colcon.colcon_core.package_identification:_identify(src/log/build_2024-11-13_19-54-52) by extensions ['cmake', 'python']
[0.646s] Level 1:colcon.colcon_core.package_identification:_identify(src/log/build_2024-11-13_19-54-52) by extension 'cmake'
[0.646s] Level 1:colcon.colcon_core.package_identification:_identify(src/log/build_2024-11-13_19-54-52) by extension 'python'
[0.646s] Level 1:colcon.colcon_core.package_identification:_identify(src/log/build_2024-11-13_19-54-52) by extensions ['python_setup_py']
[0.646s] Level 1:colcon.colcon_core.package_identification:_identify(src/log/build_2024-11-13_19-54-52) by extension 'python_setup_py'
[0.647s] Level 1:colcon.colcon_core.package_identification:_identify(src/log/build_2024-11-13_19-54-52/b4_package) by extensions ['ignore', 'ignore_ament_install']
[0.647s] Level 1:colcon.colcon_core.package_identification:_identify(src/log/build_2024-11-13_19-54-52/b4_package) by extension 'ignore'
[0.647s] Level 1:colcon.colcon_core.package_identification:_identify(src/log/build_2024-11-13_19-54-52/b4_package) by extension 'ignore_ament_install'
[0.647s] Level 1:colcon.colcon_core.package_identification:_identify(src/log/build_2024-11-13_19-54-52/b4_package) by extensions ['colcon_pkg']
[0.647s] Level 1:colcon.colcon_core.package_identification:_identify(src/log/build_2024-11-13_19-54-52/b4_package) by extension 'colcon_pkg'
[0.647s] Level 1:colcon.colcon_core.package_identification:_identify(src/log/build_2024-11-13_19-54-52/b4_package) by extensions ['colcon_meta']
[0.647s] Level 1:colcon.colcon_core.package_identification:_identify(src/log/build_2024-11-13_19-54-52/b4_package) by extension 'colcon_meta'
[0.648s] Level 1:colcon.colcon_core.package_identification:_identify(src/log/build_2024-11-13_19-54-52/b4_package) by extensions ['ros']
[0.648s] Level 1:colcon.colcon_core.package_identification:_identify(src/log/build_2024-11-13_19-54-52/b4_package) by extension 'ros'
[0.648s] Level 1:colcon.colcon_core.package_identification:_identify(src/log/build_2024-11-13_19-54-52/b4_package) by extensions ['cmake', 'python']
[0.648s] Level 1:colcon.colcon_core.package_identification:_identify(src/log/build_2024-11-13_19-54-52/b4_package) by extension 'cmake'
[0.648s] Level 1:colcon.colcon_core.package_identification:_identify(src/log/build_2024-11-13_19-54-52/b4_package) by extension 'python'
[0.648s] Level 1:colcon.colcon_core.package_identification:_identify(src/log/build_2024-11-13_19-54-52/b4_package) by extensions ['python_setup_py']
[0.648s] Level 1:colcon.colcon_core.package_identification:_identify(src/log/build_2024-11-13_19-54-52/b4_package) by extension 'python_setup_py'
[0.649s] Level 1:colcon.colcon_core.package_identification:_identify(src/log/build_2024-11-13_20-30-09) by extensions ['ignore', 'ignore_ament_install']
[0.649s] Level 1:colcon.colcon_core.package_identification:_identify(src/log/build_2024-11-13_20-30-09) by extension 'ignore'
[0.649s] Level 1:colcon.colcon_core.package_identification:_identify(src/log/build_2024-11-13_20-30-09) by extension 'ignore_ament_install'
[0.649s] Level 1:colcon.colcon_core.package_identification:_identify(src/log/build_2024-11-13_20-30-09) by extensions ['colcon_pkg']
[0.649s] Level 1:colcon.colcon_core.package_identification:_identify(src/log/build_2024-11-13_20-30-09) by extension 'colcon_pkg'
[0.649s] Level 1:colcon.colcon_core.package_identification:_identify(src/log/build_2024-11-13_20-30-09) by extensions ['colcon_meta']
[0.649s] Level 1:colcon.colcon_core.package_identification:_identify(src/log/build_2024-11-13_20-30-09) by extension 'colcon_meta'
[0.650s] Level 1:colcon.colcon_core.package_identification:_identify(src/log/build_2024-11-13_20-30-09) by extensions ['ros']
[0.650s] Level 1:colcon.colcon_core.package_identification:_identify(src/log/build_2024-11-13_20-30-09) by extension 'ros'
[0.650s] Level 1:colcon.colcon_core.package_identification:_identify(src/log/build_2024-11-13_20-30-09) by extensions ['cmake', 'python']
[0.650s] Level 1:colcon.colcon_core.package_identification:_identify(src/log/build_2024-11-13_20-30-09) by extension 'cmake'
[0.650s] Level 1:colcon.colcon_core.package_identification:_identify(src/log/build_2024-11-13_20-30-09) by extension 'python'
[0.650s] Level 1:colcon.colcon_core.package_identification:_identify(src/log/build_2024-11-13_20-30-09) by extensions ['python_setup_py']
[0.650s] Level 1:colcon.colcon_core.package_identification:_identify(src/log/build_2024-11-13_20-30-09) by extension 'python_setup_py'
[0.650s] Level 1:colcon.colcon_core.package_identification:_identify(src/log/build_2024-11-13_20-30-09/b4_package) by extensions ['ignore', 'ignore_ament_install']
[0.650s] Level 1:colcon.colcon_core.package_identification:_identify(src/log/build_2024-11-13_20-30-09/b4_package) by extension 'ignore'
[0.651s] Level 1:colcon.colcon_core.package_identification:_identify(src/log/build_2024-11-13_20-30-09/b4_package) by extension 'ignore_ament_install'
[0.651s] Level 1:colcon.colcon_core.package_identification:_identify(src/log/build_2024-11-13_20-30-09/b4_package) by extensions ['colcon_pkg']
[0.651s] Level 1:colcon.colcon_core.package_identification:_identify(src/log/build_2024-11-13_20-30-09/b4_package) by extension 'colcon_pkg'
[0.651s] Level 1:colcon.colcon_core.package_identification:_identify(src/log/build_2024-11-13_20-30-09/b4_package) by extensions ['colcon_meta']
[0.651s] Level 1:colcon.colcon_core.package_identification:_identify(src/log/build_2024-11-13_20-30-09/b4_package) by extension 'colcon_meta'
[0.651s] Level 1:colcon.colcon_core.package_identification:_identify(src/log/build_2024-11-13_20-30-09/b4_package) by extensions ['ros']
[0.651s] Level 1:colcon.colcon_core.package_identification:_identify(src/log/build_2024-11-13_20-30-09/b4_package) by extension 'ros'
[0.651s] Level 1:colcon.colcon_core.package_identification:_identify(src/log/build_2024-11-13_20-30-09/b4_package) by extensions ['cmake', 'python']
[0.651s] Level 1:colcon.colcon_core.package_identification:_identify(src/log/build_2024-11-13_20-30-09/b4_package) by extension 'cmake'
[0.651s] Level 1:colcon.colcon_core.package_identification:_identify(src/log/build_2024-11-13_20-30-09/b4_package) by extension 'python'
[0.651s] Level 1:colcon.colcon_core.package_identification:_identify(src/log/build_2024-11-13_20-30-09/b4_package) by extensions ['python_setup_py']
[0.652s] Level 1:colcon.colcon_core.package_identification:_identify(src/log/build_2024-11-13_20-30-09/b4_package) by extension 'python_setup_py'
[0.652s] Level 1:colcon.colcon_core.package_identification:_identify(src/log/build_2024-11-13_20-34-01) by extensions ['ignore', 'ignore_ament_install']
[0.652s] Level 1:colcon.colcon_core.package_identification:_identify(src/log/build_2024-11-13_20-34-01) by extension 'ignore'
[0.652s] Level 1:colcon.colcon_core.package_identification:_identify(src/log/build_2024-11-13_20-34-01) by extension 'ignore_ament_install'
[0.652s] Level 1:colcon.colcon_core.package_identification:_identify(src/log/build_2024-11-13_20-34-01) by extensions ['colcon_pkg']
[0.652s] Level 1:colcon.colcon_core.package_identification:_identify(src/log/build_2024-11-13_20-34-01) by extension 'colcon_pkg'
[0.652s] Level 1:colcon.colcon_core.package_identification:_identify(src/log/build_2024-11-13_20-34-01) by extensions ['colcon_meta']
[0.652s] Level 1:colcon.colcon_core.package_identification:_identify(src/log/build_2024-11-13_20-34-01) by extension 'colcon_meta'
[0.652s] Level 1:colcon.colcon_core.package_identification:_identify(src/log/build_2024-11-13_20-34-01) by extensions ['ros']
[0.652s] Level 1:colcon.colcon_core.package_identification:_identify(src/log/build_2024-11-13_20-34-01) by extension 'ros'
[0.653s] Level 1:colcon.colcon_core.package_identification:_identify(src/log/build_2024-11-13_20-34-01) by extensions ['cmake', 'python']
[0.653s] Level 1:colcon.colcon_core.package_identification:_identify(src/log/build_2024-11-13_20-34-01) by extension 'cmake'
[0.653s] Level 1:colcon.colcon_core.package_identification:_identify(src/log/build_2024-11-13_20-34-01) by extension 'python'
[0.653s] Level 1:colcon.colcon_core.package_identification:_identify(src/log/build_2024-11-13_20-34-01) by extensions ['python_setup_py']
[0.653s] Level 1:colcon.colcon_core.package_identification:_identify(src/log/build_2024-11-13_20-34-01) by extension 'python_setup_py'
[0.653s] Level 1:colcon.colcon_core.package_identification:_identify(src/log/build_2024-11-13_20-34-01/b4_package) by extensions ['ignore', 'ignore_ament_install']
[0.653s] Level 1:colcon.colcon_core.package_identification:_identify(src/log/build_2024-11-13_20-34-01/b4_package) by extension 'ignore'
[0.653s] Level 1:colcon.colcon_core.package_identification:_identify(src/log/build_2024-11-13_20-34-01/b4_package) by extension 'ignore_ament_install'
[0.654s] Level 1:colcon.colcon_core.package_identification:_identify(src/log/build_2024-11-13_20-34-01/b4_package) by extensions ['colcon_pkg']
[0.654s] Level 1:colcon.colcon_core.package_identification:_identify(src/log/build_2024-11-13_20-34-01/b4_package) by extension 'colcon_pkg'
[0.654s] Level 1:colcon.colcon_core.package_identification:_identify(src/log/build_2024-11-13_20-34-01/b4_package) by extensions ['colcon_meta']
[0.654s] Level 1:colcon.colcon_core.package_identification:_identify(src/log/build_2024-11-13_20-34-01/b4_package) by extension 'colcon_meta'
[0.654s] Level 1:colcon.colcon_core.package_identification:_identify(src/log/build_2024-11-13_20-34-01/b4_package) by extensions ['ros']
[0.654s] Level 1:colcon.colcon_core.package_identification:_identify(src/log/build_2024-11-13_20-34-01/b4_package) by extension 'ros'
[0.654s] Level 1:colcon.colcon_core.package_identification:_identify(src/log/build_2024-11-13_20-34-01/b4_package) by extensions ['cmake', 'python']
[0.654s] Level 1:colcon.colcon_core.package_identification:_identify(src/log/build_2024-11-13_20-34-01/b4_package) by extension 'cmake'
[0.654s] Level 1:colcon.colcon_core.package_identification:_identify(src/log/build_2024-11-13_20-34-01/b4_package) by extension 'python'
[0.654s] Level 1:colcon.colcon_core.package_identification:_identify(src/log/build_2024-11-13_20-34-01/b4_package) by extensions ['python_setup_py']
[0.654s] Level 1:colcon.colcon_core.package_identification:_identify(src/log/build_2024-11-13_20-34-01/b4_package) by extension 'python_setup_py'
[0.655s] Level 1:colcon.colcon_core.package_identification:_identify(src/log/build_2024-11-13_20-37-51) by extensions ['ignore', 'ignore_ament_install']
[0.655s] Level 1:colcon.colcon_core.package_identification:_identify(src/log/build_2024-11-13_20-37-51) by extension 'ignore'
[0.655s] Level 1:colcon.colcon_core.package_identification:_identify(src/log/build_2024-11-13_20-37-51) by extension 'ignore_ament_install'
[0.655s] Level 1:colcon.colcon_core.package_identification:_identify(src/log/build_2024-11-13_20-37-51) by extensions ['colcon_pkg']
[0.655s] Level 1:colcon.colcon_core.package_identification:_identify(src/log/build_2024-11-13_20-37-51) by extension 'colcon_pkg'
[0.655s] Level 1:colcon.colcon_core.package_identification:_identify(src/log/build_2024-11-13_20-37-51) by extensions ['colcon_meta']
[0.655s] Level 1:colcon.colcon_core.package_identification:_identify(src/log/build_2024-11-13_20-37-51) by extension 'colcon_meta'
[0.655s] Level 1:colcon.colcon_core.package_identification:_identify(src/log/build_2024-11-13_20-37-51) by extensions ['ros']
[0.655s] Level 1:colcon.colcon_core.package_identification:_identify(src/log/build_2024-11-13_20-37-51) by extension 'ros'
[0.655s] Level 1:colcon.colcon_core.package_identification:_identify(src/log/build_2024-11-13_20-37-51) by extensions ['cmake', 'python']
[0.655s] Level 1:colcon.colcon_core.package_identification:_identify(src/log/build_2024-11-13_20-37-51) by extension 'cmake'
[0.655s] Level 1:colcon.colcon_core.package_identification:_identify(src/log/build_2024-11-13_20-37-51) by extension 'python'
[0.656s] Level 1:colcon.colcon_core.package_identification:_identify(src/log/build_2024-11-13_20-37-51) by extensions ['python_setup_py']
[0.656s] Level 1:colcon.colcon_core.package_identification:_identify(src/log/build_2024-11-13_20-37-51) by extension 'python_setup_py'
[0.656s] Level 1:colcon.colcon_core.package_identification:_identify(src/log/build_2024-11-13_20-37-51/b4_package) by extensions ['ignore', 'ignore_ament_install']
[0.656s] Level 1:colcon.colcon_core.package_identification:_identify(src/log/build_2024-11-13_20-37-51/b4_package) by extension 'ignore'
[0.656s] Level 1:colcon.colcon_core.package_identification:_identify(src/log/build_2024-11-13_20-37-51/b4_package) by extension 'ignore_ament_install'
[0.656s] Level 1:colcon.colcon_core.package_identification:_identify(src/log/build_2024-11-13_20-37-51/b4_package) by extensions ['colcon_pkg']
[0.656s] Level 1:colcon.colcon_core.package_identification:_identify(src/log/build_2024-11-13_20-37-51/b4_package) by extension 'colcon_pkg'
[0.656s] Level 1:colcon.colcon_core.package_identification:_identify(src/log/build_2024-11-13_20-37-51/b4_package) by extensions ['colcon_meta']
[0.656s] Level 1:colcon.colcon_core.package_identification:_identify(src/log/build_2024-11-13_20-37-51/b4_package) by extension 'colcon_meta'
[0.656s] Level 1:colcon.colcon_core.package_identification:_identify(src/log/build_2024-11-13_20-37-51/b4_package) by extensions ['ros']
[0.656s] Level 1:colcon.colcon_core.package_identification:_identify(src/log/build_2024-11-13_20-37-51/b4_package) by extension 'ros'
[0.656s] Level 1:colcon.colcon_core.package_identification:_identify(src/log/build_2024-11-13_20-37-51/b4_package) by extensions ['cmake', 'python']
[0.657s] Level 1:colcon.colcon_core.package_identification:_identify(src/log/build_2024-11-13_20-37-51/b4_package) by extension 'cmake'
[0.657s] Level 1:colcon.colcon_core.package_identification:_identify(src/log/build_2024-11-13_20-37-51/b4_package) by extension 'python'
[0.657s] Level 1:colcon.colcon_core.package_identification:_identify(src/log/build_2024-11-13_20-37-51/b4_package) by extensions ['python_setup_py']
[0.657s] Level 1:colcon.colcon_core.package_identification:_identify(src/log/build_2024-11-13_20-37-51/b4_package) by extension 'python_setup_py'
[0.657s] Level 1:colcon.colcon_core.package_identification:_identify(src/log/build_2024-11-13_20-39-56) by extensions ['ignore', 'ignore_ament_install']
[0.657s] Level 1:colcon.colcon_core.package_identification:_identify(src/log/build_2024-11-13_20-39-56) by extension 'ignore'
[0.657s] Level 1:colcon.colcon_core.package_identification:_identify(src/log/build_2024-11-13_20-39-56) by extension 'ignore_ament_install'
[0.657s] Level 1:colcon.colcon_core.package_identification:_identify(src/log/build_2024-11-13_20-39-56) by extensions ['colcon_pkg']
[0.657s] Level 1:colcon.colcon_core.package_identification:_identify(src/log/build_2024-11-13_20-39-56) by extension 'colcon_pkg'
[0.657s] Level 1:colcon.colcon_core.package_identification:_identify(src/log/build_2024-11-13_20-39-56) by extensions ['colcon_meta']
[0.657s] Level 1:colcon.colcon_core.package_identification:_identify(src/log/build_2024-11-13_20-39-56) by extension 'colcon_meta'
[0.657s] Level 1:colcon.colcon_core.package_identification:_identify(src/log/build_2024-11-13_20-39-56) by extensions ['ros']
[0.657s] Level 1:colcon.colcon_core.package_identification:_identify(src/log/build_2024-11-13_20-39-56) by extension 'ros'
[0.658s] Level 1:colcon.colcon_core.package_identification:_identify(src/log/build_2024-11-13_20-39-56) by extensions ['cmake', 'python']
[0.658s] Level 1:colcon.colcon_core.package_identification:_identify(src/log/build_2024-11-13_20-39-56) by extension 'cmake'
[0.658s] Level 1:colcon.colcon_core.package_identification:_identify(src/log/build_2024-11-13_20-39-56) by extension 'python'
[0.658s] Level 1:colcon.colcon_core.package_identification:_identify(src/log/build_2024-11-13_20-39-56) by extensions ['python_setup_py']
[0.658s] Level 1:colcon.colcon_core.package_identification:_identify(src/log/build_2024-11-13_20-39-56) by extension 'python_setup_py'
[0.658s] Level 1:colcon.colcon_core.package_identification:_identify(src/log/build_2024-11-13_20-39-56/b4_package) by extensions ['ignore', 'ignore_ament_install']
[0.658s] Level 1:colcon.colcon_core.package_identification:_identify(src/log/build_2024-11-13_20-39-56/b4_package) by extension 'ignore'
[0.658s] Level 1:colcon.colcon_core.package_identification:_identify(src/log/build_2024-11-13_20-39-56/b4_package) by extension 'ignore_ament_install'
[0.658s] Level 1:colcon.colcon_core.package_identification:_identify(src/log/build_2024-11-13_20-39-56/b4_package) by extensions ['colcon_pkg']
[0.658s] Level 1:colcon.colcon_core.package_identification:_identify(src/log/build_2024-11-13_20-39-56/b4_package) by extension 'colcon_pkg'
[0.658s] Level 1:colcon.colcon_core.package_identification:_identify(src/log/build_2024-11-13_20-39-56/b4_package) by extensions ['colcon_meta']
[0.659s] Level 1:colcon.colcon_core.package_identification:_identify(src/log/build_2024-11-13_20-39-56/b4_package) by extension 'colcon_meta'
[0.659s] Level 1:colcon.colcon_core.package_identification:_identify(src/log/build_2024-11-13_20-39-56/b4_package) by extensions ['ros']
[0.659s] Level 1:colcon.colcon_core.package_identification:_identify(src/log/build_2024-11-13_20-39-56/b4_package) by extension 'ros'
[0.659s] Level 1:colcon.colcon_core.package_identification:_identify(src/log/build_2024-11-13_20-39-56/b4_package) by extensions ['cmake', 'python']
[0.659s] Level 1:colcon.colcon_core.package_identification:_identify(src/log/build_2024-11-13_20-39-56/b4_package) by extension 'cmake'
[0.659s] Level 1:colcon.colcon_core.package_identification:_identify(src/log/build_2024-11-13_20-39-56/b4_package) by extension 'python'
[0.659s] Level 1:colcon.colcon_core.package_identification:_identify(src/log/build_2024-11-13_20-39-56/b4_package) by extensions ['python_setup_py']
[0.659s] Level 1:colcon.colcon_core.package_identification:_identify(src/log/build_2024-11-13_20-39-56/b4_package) by extension 'python_setup_py'
[0.659s] Level 1:colcon.colcon_core.package_identification:_identify(src/log/build_2024-11-13_20-41-40) by extensions ['ignore', 'ignore_ament_install']
[0.659s] Level 1:colcon.colcon_core.package_identification:_identify(src/log/build_2024-11-13_20-41-40) by extension 'ignore'
[0.659s] Level 1:colcon.colcon_core.package_identification:_identify(src/log/build_2024-11-13_20-41-40) by extension 'ignore_ament_install'
[0.660s] Level 1:colcon.colcon_core.package_identification:_identify(src/log/build_2024-11-13_20-41-40) by extensions ['colcon_pkg']
[0.660s] Level 1:colcon.colcon_core.package_identification:_identify(src/log/build_2024-11-13_20-41-40) by extension 'colcon_pkg'
[0.660s] Level 1:colcon.colcon_core.package_identification:_identify(src/log/build_2024-11-13_20-41-40) by extensions ['colcon_meta']
[0.660s] Level 1:colcon.colcon_core.package_identification:_identify(src/log/build_2024-11-13_20-41-40) by extension 'colcon_meta'
[0.660s] Level 1:colcon.colcon_core.package_identification:_identify(src/log/build_2024-11-13_20-41-40) by extensions ['ros']
[0.660s] Level 1:colcon.colcon_core.package_identification:_identify(src/log/build_2024-11-13_20-41-40) by extension 'ros'
[0.660s] Level 1:colcon.colcon_core.package_identification:_identify(src/log/build_2024-11-13_20-41-40) by extensions ['cmake', 'python']
[0.660s] Level 1:colcon.colcon_core.package_identification:_identify(src/log/build_2024-11-13_20-41-40) by extension 'cmake'
[0.660s] Level 1:colcon.colcon_core.package_identification:_identify(src/log/build_2024-11-13_20-41-40) by extension 'python'
[0.660s] Level 1:colcon.colcon_core.package_identification:_identify(src/log/build_2024-11-13_20-41-40) by extensions ['python_setup_py']
[0.660s] Level 1:colcon.colcon_core.package_identification:_identify(src/log/build_2024-11-13_20-41-40) by extension 'python_setup_py'
[0.660s] Level 1:colcon.colcon_core.package_identification:_identify(src/log/build_2024-11-13_20-41-40/b4_package) by extensions ['ignore', 'ignore_ament_install']
[0.660s] Level 1:colcon.colcon_core.package_identification:_identify(src/log/build_2024-11-13_20-41-40/b4_package) by extension 'ignore'
[0.661s] Level 1:colcon.colcon_core.package_identification:_identify(src/log/build_2024-11-13_20-41-40/b4_package) by extension 'ignore_ament_install'
[0.661s] Level 1:colcon.colcon_core.package_identification:_identify(src/log/build_2024-11-13_20-41-40/b4_package) by extensions ['colcon_pkg']
[0.661s] Level 1:colcon.colcon_core.package_identification:_identify(src/log/build_2024-11-13_20-41-40/b4_package) by extension 'colcon_pkg'
[0.661s] Level 1:colcon.colcon_core.package_identification:_identify(src/log/build_2024-11-13_20-41-40/b4_package) by extensions ['colcon_meta']
[0.661s] Level 1:colcon.colcon_core.package_identification:_identify(src/log/build_2024-11-13_20-41-40/b4_package) by extension 'colcon_meta'
[0.661s] Level 1:colcon.colcon_core.package_identification:_identify(src/log/build_2024-11-13_20-41-40/b4_package) by extensions ['ros']
[0.661s] Level 1:colcon.colcon_core.package_identification:_identify(src/log/build_2024-11-13_20-41-40/b4_package) by extension 'ros'
[0.661s] Level 1:colcon.colcon_core.package_identification:_identify(src/log/build_2024-11-13_20-41-40/b4_package) by extensions ['cmake', 'python']
[0.661s] Level 1:colcon.colcon_core.package_identification:_identify(src/log/build_2024-11-13_20-41-40/b4_package) by extension 'cmake'
[0.661s] Level 1:colcon.colcon_core.package_identification:_identify(src/log/build_2024-11-13_20-41-40/b4_package) by extension 'python'
[0.661s] Level 1:colcon.colcon_core.package_identification:_identify(src/log/build_2024-11-13_20-41-40/b4_package) by extensions ['python_setup_py']
[0.662s] Level 1:colcon.colcon_core.package_identification:_identify(src/log/build_2024-11-13_20-41-40/b4_package) by extension 'python_setup_py'
[0.662s] Level 1:colcon.colcon_core.package_identification:_identify(src/log/build_2024-11-13_20-42-35) by extensions ['ignore', 'ignore_ament_install']
[0.662s] Level 1:colcon.colcon_core.package_identification:_identify(src/log/build_2024-11-13_20-42-35) by extension 'ignore'
[0.662s] Level 1:colcon.colcon_core.package_identification:_identify(src/log/build_2024-11-13_20-42-35) by extension 'ignore_ament_install'
[0.662s] Level 1:colcon.colcon_core.package_identification:_identify(src/log/build_2024-11-13_20-42-35) by extensions ['colcon_pkg']
[0.663s] Level 1:colcon.colcon_core.package_identification:_identify(src/log/build_2024-11-13_20-42-35) by extension 'colcon_pkg'
[0.663s] Level 1:colcon.colcon_core.package_identification:_identify(src/log/build_2024-11-13_20-42-35) by extensions ['colcon_meta']
[0.663s] Level 1:colcon.colcon_core.package_identification:_identify(src/log/build_2024-11-13_20-42-35) by extension 'colcon_meta'
[0.663s] Level 1:colcon.colcon_core.package_identification:_identify(src/log/build_2024-11-13_20-42-35) by extensions ['ros']
[0.663s] Level 1:colcon.colcon_core.package_identification:_identify(src/log/build_2024-11-13_20-42-35) by extension 'ros'
[0.663s] Level 1:colcon.colcon_core.package_identification:_identify(src/log/build_2024-11-13_20-42-35) by extensions ['cmake', 'python']
[0.664s] Level 1:colcon.colcon_core.package_identification:_identify(src/log/build_2024-11-13_20-42-35) by extension 'cmake'
[0.664s] Level 1:colcon.colcon_core.package_identification:_identify(src/log/build_2024-11-13_20-42-35) by extension 'python'
[0.664s] Level 1:colcon.colcon_core.package_identification:_identify(src/log/build_2024-11-13_20-42-35) by extensions ['python_setup_py']
[0.664s] Level 1:colcon.colcon_core.package_identification:_identify(src/log/build_2024-11-13_20-42-35) by extension 'python_setup_py'
[0.664s] Level 1:colcon.colcon_core.package_identification:_identify(src/log/build_2024-11-13_20-42-35/b4_package) by extensions ['ignore', 'ignore_ament_install']
[0.664s] Level 1:colcon.colcon_core.package_identification:_identify(src/log/build_2024-11-13_20-42-35/b4_package) by extension 'ignore'
[0.664s] Level 1:colcon.colcon_core.package_identification:_identify(src/log/build_2024-11-13_20-42-35/b4_package) by extension 'ignore_ament_install'
[0.664s] Level 1:colcon.colcon_core.package_identification:_identify(src/log/build_2024-11-13_20-42-35/b4_package) by extensions ['colcon_pkg']
[0.665s] Level 1:colcon.colcon_core.package_identification:_identify(src/log/build_2024-11-13_20-42-35/b4_package) by extension 'colcon_pkg'
[0.665s] Level 1:colcon.colcon_core.package_identification:_identify(src/log/build_2024-11-13_20-42-35/b4_package) by extensions ['colcon_meta']
[0.665s] Level 1:colcon.colcon_core.package_identification:_identify(src/log/build_2024-11-13_20-42-35/b4_package) by extension 'colcon_meta'
[0.665s] Level 1:colcon.colcon_core.package_identification:_identify(src/log/build_2024-11-13_20-42-35/b4_package) by extensions ['ros']
[0.665s] Level 1:colcon.colcon_core.package_identification:_identify(src/log/build_2024-11-13_20-42-35/b4_package) by extension 'ros'
[0.665s] Level 1:colcon.colcon_core.package_identification:_identify(src/log/build_2024-11-13_20-42-35/b4_package) by extensions ['cmake', 'python']
[0.665s] Level 1:colcon.colcon_core.package_identification:_identify(src/log/build_2024-11-13_20-42-35/b4_package) by extension 'cmake'
[0.665s] Level 1:colcon.colcon_core.package_identification:_identify(src/log/build_2024-11-13_20-42-35/b4_package) by extension 'python'
[0.665s] Level 1:colcon.colcon_core.package_identification:_identify(src/log/build_2024-11-13_20-42-35/b4_package) by extensions ['python_setup_py']
[0.665s] Level 1:colcon.colcon_core.package_identification:_identify(src/log/build_2024-11-13_20-42-35/b4_package) by extension 'python_setup_py'
[0.666s] Level 1:colcon.colcon_core.package_identification:_identify(src/log/build_2024-11-13_20-44-57) by extensions ['ignore', 'ignore_ament_install']
[0.666s] Level 1:colcon.colcon_core.package_identification:_identify(src/log/build_2024-11-13_20-44-57) by extension 'ignore'
[0.666s] Level 1:colcon.colcon_core.package_identification:_identify(src/log/build_2024-11-13_20-44-57) by extension 'ignore_ament_install'
[0.666s] Level 1:colcon.colcon_core.package_identification:_identify(src/log/build_2024-11-13_20-44-57) by extensions ['colcon_pkg']
[0.666s] Level 1:colcon.colcon_core.package_identification:_identify(src/log/build_2024-11-13_20-44-57) by extension 'colcon_pkg'
[0.666s] Level 1:colcon.colcon_core.package_identification:_identify(src/log/build_2024-11-13_20-44-57) by extensions ['colcon_meta']
[0.666s] Level 1:colcon.colcon_core.package_identification:_identify(src/log/build_2024-11-13_20-44-57) by extension 'colcon_meta'
[0.666s] Level 1:colcon.colcon_core.package_identification:_identify(src/log/build_2024-11-13_20-44-57) by extensions ['ros']
[0.666s] Level 1:colcon.colcon_core.package_identification:_identify(src/log/build_2024-11-13_20-44-57) by extension 'ros'
[0.666s] Level 1:colcon.colcon_core.package_identification:_identify(src/log/build_2024-11-13_20-44-57) by extensions ['cmake', 'python']
[0.667s] Level 1:colcon.colcon_core.package_identification:_identify(src/log/build_2024-11-13_20-44-57) by extension 'cmake'
[0.667s] Level 1:colcon.colcon_core.package_identification:_identify(src/log/build_2024-11-13_20-44-57) by extension 'python'
[0.667s] Level 1:colcon.colcon_core.package_identification:_identify(src/log/build_2024-11-13_20-44-57) by extensions ['python_setup_py']
[0.667s] Level 1:colcon.colcon_core.package_identification:_identify(src/log/build_2024-11-13_20-44-57) by extension 'python_setup_py'
[0.667s] Level 1:colcon.colcon_core.package_identification:_identify(src/log/build_2024-11-13_20-44-57/b4_package) by extensions ['ignore', 'ignore_ament_install']
[0.667s] Level 1:colcon.colcon_core.package_identification:_identify(src/log/build_2024-11-13_20-44-57/b4_package) by extension 'ignore'
[0.667s] Level 1:colcon.colcon_core.package_identification:_identify(src/log/build_2024-11-13_20-44-57/b4_package) by extension 'ignore_ament_install'
[0.667s] Level 1:colcon.colcon_core.package_identification:_identify(src/log/build_2024-11-13_20-44-57/b4_package) by extensions ['colcon_pkg']
[0.667s] Level 1:colcon.colcon_core.package_identification:_identify(src/log/build_2024-11-13_20-44-57/b4_package) by extension 'colcon_pkg'
[0.667s] Level 1:colcon.colcon_core.package_identification:_identify(src/log/build_2024-11-13_20-44-57/b4_package) by extensions ['colcon_meta']
[0.667s] Level 1:colcon.colcon_core.package_identification:_identify(src/log/build_2024-11-13_20-44-57/b4_package) by extension 'colcon_meta'
[0.667s] Level 1:colcon.colcon_core.package_identification:_identify(src/log/build_2024-11-13_20-44-57/b4_package) by extensions ['ros']
[0.667s] Level 1:colcon.colcon_core.package_identification:_identify(src/log/build_2024-11-13_20-44-57/b4_package) by extension 'ros'
[0.668s] Level 1:colcon.colcon_core.package_identification:_identify(src/log/build_2024-11-13_20-44-57/b4_package) by extensions ['cmake', 'python']
[0.668s] Level 1:colcon.colcon_core.package_identification:_identify(src/log/build_2024-11-13_20-44-57/b4_package) by extension 'cmake'
[0.668s] Level 1:colcon.colcon_core.package_identification:_identify(src/log/build_2024-11-13_20-44-57/b4_package) by extension 'python'
[0.668s] Level 1:colcon.colcon_core.package_identification:_identify(src/log/build_2024-11-13_20-44-57/b4_package) by extensions ['python_setup_py']
[0.668s] Level 1:colcon.colcon_core.package_identification:_identify(src/log/build_2024-11-13_20-44-57/b4_package) by extension 'python_setup_py'
[0.668s] Level 1:colcon.colcon_core.package_identification:_identify(src/log/build_2024-11-13_20-45-56) by extensions ['ignore', 'ignore_ament_install']
[0.668s] Level 1:colcon.colcon_core.package_identification:_identify(src/log/build_2024-11-13_20-45-56) by extension 'ignore'
[0.668s] Level 1:colcon.colcon_core.package_identification:_identify(src/log/build_2024-11-13_20-45-56) by extension 'ignore_ament_install'
[0.668s] Level 1:colcon.colcon_core.package_identification:_identify(src/log/build_2024-11-13_20-45-56) by extensions ['colcon_pkg']
[0.668s] Level 1:colcon.colcon_core.package_identification:_identify(src/log/build_2024-11-13_20-45-56) by extension 'colcon_pkg'
[0.668s] Level 1:colcon.colcon_core.package_identification:_identify(src/log/build_2024-11-13_20-45-56) by extensions ['colcon_meta']
[0.668s] Level 1:colcon.colcon_core.package_identification:_identify(src/log/build_2024-11-13_20-45-56) by extension 'colcon_meta'
[0.668s] Level 1:colcon.colcon_core.package_identification:_identify(src/log/build_2024-11-13_20-45-56) by extensions ['ros']
[0.669s] Level 1:colcon.colcon_core.package_identification:_identify(src/log/build_2024-11-13_20-45-56) by extension 'ros'
[0.669s] Level 1:colcon.colcon_core.package_identification:_identify(src/log/build_2024-11-13_20-45-56) by extensions ['cmake', 'python']
[0.669s] Level 1:colcon.colcon_core.package_identification:_identify(src/log/build_2024-11-13_20-45-56) by extension 'cmake'
[0.669s] Level 1:colcon.colcon_core.package_identification:_identify(src/log/build_2024-11-13_20-45-56) by extension 'python'
[0.669s] Level 1:colcon.colcon_core.package_identification:_identify(src/log/build_2024-11-13_20-45-56) by extensions ['python_setup_py']
[0.669s] Level 1:colcon.colcon_core.package_identification:_identify(src/log/build_2024-11-13_20-45-56) by extension 'python_setup_py'
[0.669s] Level 1:colcon.colcon_core.package_identification:_identify(src/log/build_2024-11-13_20-45-56/b4_package) by extensions ['ignore', 'ignore_ament_install']
[0.669s] Level 1:colcon.colcon_core.package_identification:_identify(src/log/build_2024-11-13_20-45-56/b4_package) by extension 'ignore'
[0.669s] Level 1:colcon.colcon_core.package_identification:_identify(src/log/build_2024-11-13_20-45-56/b4_package) by extension 'ignore_ament_install'
[0.669s] Level 1:colcon.colcon_core.package_identification:_identify(src/log/build_2024-11-13_20-45-56/b4_package) by extensions ['colcon_pkg']
[0.669s] Level 1:colcon.colcon_core.package_identification:_identify(src/log/build_2024-11-13_20-45-56/b4_package) by extension 'colcon_pkg'
[0.669s] Level 1:colcon.colcon_core.package_identification:_identify(src/log/build_2024-11-13_20-45-56/b4_package) by extensions ['colcon_meta']
[0.669s] Level 1:colcon.colcon_core.package_identification:_identify(src/log/build_2024-11-13_20-45-56/b4_package) by extension 'colcon_meta'
[0.669s] Level 1:colcon.colcon_core.package_identification:_identify(src/log/build_2024-11-13_20-45-56/b4_package) by extensions ['ros']
[0.670s] Level 1:colcon.colcon_core.package_identification:_identify(src/log/build_2024-11-13_20-45-56/b4_package) by extension 'ros'
[0.670s] Level 1:colcon.colcon_core.package_identification:_identify(src/log/build_2024-11-13_20-45-56/b4_package) by extensions ['cmake', 'python']
[0.670s] Level 1:colcon.colcon_core.package_identification:_identify(src/log/build_2024-11-13_20-45-56/b4_package) by extension 'cmake'
[0.670s] Level 1:colcon.colcon_core.package_identification:_identify(src/log/build_2024-11-13_20-45-56/b4_package) by extension 'python'
[0.670s] Level 1:colcon.colcon_core.package_identification:_identify(src/log/build_2024-11-13_20-45-56/b4_package) by extensions ['python_setup_py']
[0.670s] Level 1:colcon.colcon_core.package_identification:_identify(src/log/build_2024-11-13_20-45-56/b4_package) by extension 'python_setup_py'
[0.670s] Level 1:colcon.colcon_core.package_identification:_identify(src/log/build_2024-11-13_20-51-59) by extensions ['ignore', 'ignore_ament_install']
[0.670s] Level 1:colcon.colcon_core.package_identification:_identify(src/log/build_2024-11-13_20-51-59) by extension 'ignore'
[0.670s] Level 1:colcon.colcon_core.package_identification:_identify(src/log/build_2024-11-13_20-51-59) by extension 'ignore_ament_install'
[0.670s] Level 1:colcon.colcon_core.package_identification:_identify(src/log/build_2024-11-13_20-51-59) by extensions ['colcon_pkg']
[0.670s] Level 1:colcon.colcon_core.package_identification:_identify(src/log/build_2024-11-13_20-51-59) by extension 'colcon_pkg'
[0.670s] Level 1:colcon.colcon_core.package_identification:_identify(src/log/build_2024-11-13_20-51-59) by extensions ['colcon_meta']
[0.670s] Level 1:colcon.colcon_core.package_identification:_identify(src/log/build_2024-11-13_20-51-59) by extension 'colcon_meta'
[0.670s] Level 1:colcon.colcon_core.package_identification:_identify(src/log/build_2024-11-13_20-51-59) by extensions ['ros']
[0.670s] Level 1:colcon.colcon_core.package_identification:_identify(src/log/build_2024-11-13_20-51-59) by extension 'ros'
[0.671s] Level 1:colcon.colcon_core.package_identification:_identify(src/log/build_2024-11-13_20-51-59) by extensions ['cmake', 'python']
[0.671s] Level 1:colcon.colcon_core.package_identification:_identify(src/log/build_2024-11-13_20-51-59) by extension 'cmake'
[0.671s] Level 1:colcon.colcon_core.package_identification:_identify(src/log/build_2024-11-13_20-51-59) by extension 'python'
[0.671s] Level 1:colcon.colcon_core.package_identification:_identify(src/log/build_2024-11-13_20-51-59) by extensions ['python_setup_py']
[0.671s] Level 1:colcon.colcon_core.package_identification:_identify(src/log/build_2024-11-13_20-51-59) by extension 'python_setup_py'
[0.671s] Level 1:colcon.colcon_core.package_identification:_identify(src/log/build_2024-11-13_20-51-59/b4_package) by extensions ['ignore', 'ignore_ament_install']
[0.671s] Level 1:colcon.colcon_core.package_identification:_identify(src/log/build_2024-11-13_20-51-59/b4_package) by extension 'ignore'
[0.671s] Level 1:colcon.colcon_core.package_identification:_identify(src/log/build_2024-11-13_20-51-59/b4_package) by extension 'ignore_ament_install'
[0.671s] Level 1:colcon.colcon_core.package_identification:_identify(src/log/build_2024-11-13_20-51-59/b4_package) by extensions ['colcon_pkg']
[0.671s] Level 1:colcon.colcon_core.package_identification:_identify(src/log/build_2024-11-13_20-51-59/b4_package) by extension 'colcon_pkg'
[0.671s] Level 1:colcon.colcon_core.package_identification:_identify(src/log/build_2024-11-13_20-51-59/b4_package) by extensions ['colcon_meta']
[0.671s] Level 1:colcon.colcon_core.package_identification:_identify(src/log/build_2024-11-13_20-51-59/b4_package) by extension 'colcon_meta'
[0.671s] Level 1:colcon.colcon_core.package_identification:_identify(src/log/build_2024-11-13_20-51-59/b4_package) by extensions ['ros']
[0.671s] Level 1:colcon.colcon_core.package_identification:_identify(src/log/build_2024-11-13_20-51-59/b4_package) by extension 'ros'
[0.672s] Level 1:colcon.colcon_core.package_identification:_identify(src/log/build_2024-11-13_20-51-59/b4_package) by extensions ['cmake', 'python']
[0.672s] Level 1:colcon.colcon_core.package_identification:_identify(src/log/build_2024-11-13_20-51-59/b4_package) by extension 'cmake'
[0.672s] Level 1:colcon.colcon_core.package_identification:_identify(src/log/build_2024-11-13_20-51-59/b4_package) by extension 'python'
[0.672s] Level 1:colcon.colcon_core.package_identification:_identify(src/log/build_2024-11-13_20-51-59/b4_package) by extensions ['python_setup_py']
[0.672s] Level 1:colcon.colcon_core.package_identification:_identify(src/log/build_2024-11-13_20-51-59/b4_package) by extension 'python_setup_py'
[0.672s] Level 1:colcon.colcon_core.package_identification:_identify(src/log/build_2024-11-13_20-53-56) by extensions ['ignore', 'ignore_ament_install']
[0.672s] Level 1:colcon.colcon_core.package_identification:_identify(src/log/build_2024-11-13_20-53-56) by extension 'ignore'
[0.672s] Level 1:colcon.colcon_core.package_identification:_identify(src/log/build_2024-11-13_20-53-56) by extension 'ignore_ament_install'
[0.672s] Level 1:colcon.colcon_core.package_identification:_identify(src/log/build_2024-11-13_20-53-56) by extensions ['colcon_pkg']
[0.672s] Level 1:colcon.colcon_core.package_identification:_identify(src/log/build_2024-11-13_20-53-56) by extension 'colcon_pkg'
[0.672s] Level 1:colcon.colcon_core.package_identification:_identify(src/log/build_2024-11-13_20-53-56) by extensions ['colcon_meta']
[0.672s] Level 1:colcon.colcon_core.package_identification:_identify(src/log/build_2024-11-13_20-53-56) by extension 'colcon_meta'
[0.672s] Level 1:colcon.colcon_core.package_identification:_identify(src/log/build_2024-11-13_20-53-56) by extensions ['ros']
[0.672s] Level 1:colcon.colcon_core.package_identification:_identify(src/log/build_2024-11-13_20-53-56) by extension 'ros'
[0.673s] Level 1:colcon.colcon_core.package_identification:_identify(src/log/build_2024-11-13_20-53-56) by extensions ['cmake', 'python']
[0.673s] Level 1:colcon.colcon_core.package_identification:_identify(src/log/build_2024-11-13_20-53-56) by extension 'cmake'
[0.673s] Level 1:colcon.colcon_core.package_identification:_identify(src/log/build_2024-11-13_20-53-56) by extension 'python'
[0.673s] Level 1:colcon.colcon_core.package_identification:_identify(src/log/build_2024-11-13_20-53-56) by extensions ['python_setup_py']
[0.673s] Level 1:colcon.colcon_core.package_identification:_identify(src/log/build_2024-11-13_20-53-56) by extension 'python_setup_py'
[0.673s] Level 1:colcon.colcon_core.package_identification:_identify(src/log/build_2024-11-13_20-53-56/b4_package) by extensions ['ignore', 'ignore_ament_install']
[0.673s] Level 1:colcon.colcon_core.package_identification:_identify(src/log/build_2024-11-13_20-53-56/b4_package) by extension 'ignore'
[0.673s] Level 1:colcon.colcon_core.package_identification:_identify(src/log/build_2024-11-13_20-53-56/b4_package) by extension 'ignore_ament_install'
[0.673s] Level 1:colcon.colcon_core.package_identification:_identify(src/log/build_2024-11-13_20-53-56/b4_package) by extensions ['colcon_pkg']
[0.673s] Level 1:colcon.colcon_core.package_identification:_identify(src/log/build_2024-11-13_20-53-56/b4_package) by extension 'colcon_pkg'
[0.673s] Level 1:colcon.colcon_core.package_identification:_identify(src/log/build_2024-11-13_20-53-56/b4_package) by extensions ['colcon_meta']
[0.673s] Level 1:colcon.colcon_core.package_identification:_identify(src/log/build_2024-11-13_20-53-56/b4_package) by extension 'colcon_meta'
[0.673s] Level 1:colcon.colcon_core.package_identification:_identify(src/log/build_2024-11-13_20-53-56/b4_package) by extensions ['ros']
[0.673s] Level 1:colcon.colcon_core.package_identification:_identify(src/log/build_2024-11-13_20-53-56/b4_package) by extension 'ros'
[0.673s] Level 1:colcon.colcon_core.package_identification:_identify(src/log/build_2024-11-13_20-53-56/b4_package) by extensions ['cmake', 'python']
[0.674s] Level 1:colcon.colcon_core.package_identification:_identify(src/log/build_2024-11-13_20-53-56/b4_package) by extension 'cmake'
[0.674s] Level 1:colcon.colcon_core.package_identification:_identify(src/log/build_2024-11-13_20-53-56/b4_package) by extension 'python'
[0.674s] Level 1:colcon.colcon_core.package_identification:_identify(src/log/build_2024-11-13_20-53-56/b4_package) by extensions ['python_setup_py']
[0.674s] Level 1:colcon.colcon_core.package_identification:_identify(src/log/build_2024-11-13_20-53-56/b4_package) by extension 'python_setup_py'
[0.674s] Level 1:colcon.colcon_core.package_identification:_identify(src/output) by extensions ['ignore', 'ignore_ament_install']
[0.674s] Level 1:colcon.colcon_core.package_identification:_identify(src/output) by extension 'ignore'
[0.674s] Level 1:colcon.colcon_core.package_identification:_identify(src/output) by extension 'ignore_ament_install'
[0.674s] Level 1:colcon.colcon_core.package_identification:_identify(src/output) by extensions ['colcon_pkg']
[0.674s] Level 1:colcon.colcon_core.package_identification:_identify(src/output) by extension 'colcon_pkg'
[0.674s] Level 1:colcon.colcon_core.package_identification:_identify(src/output) by extensions ['colcon_meta']
[0.674s] Level 1:colcon.colcon_core.package_identification:_identify(src/output) by extension 'colcon_meta'
[0.674s] Level 1:colcon.colcon_core.package_identification:_identify(src/output) by extensions ['ros']
[0.674s] Level 1:colcon.colcon_core.package_identification:_identify(src/output) by extension 'ros'
[0.674s] Level 1:colcon.colcon_core.package_identification:_identify(src/output) by extensions ['cmake', 'python']
[0.674s] Level 1:colcon.colcon_core.package_identification:_identify(src/output) by extension 'cmake'
[0.674s] Level 1:colcon.colcon_core.package_identification:_identify(src/output) by extension 'python'
[0.674s] Level 1:colcon.colcon_core.package_identification:_identify(src/output) by extensions ['python_setup_py']
[0.675s] Level 1:colcon.colcon_core.package_identification:_identify(src/output) by extension 'python_setup_py'
[0.675s] Level 1:colcon.colcon_core.package_discovery:discover_packages(recursive) using defaults
[0.675s] Level 1:colcon.colcon_core.package_discovery:discover_packages(ignore) discover
[0.675s] Level 1:colcon.colcon_core.package_discovery:discover_packages(ignore) using defaults
[0.675s] Level 1:colcon.colcon_core.package_discovery:discover_packages(path) discover
[0.675s] Level 1:colcon.colcon_core.package_discovery:discover_packages(path) using defaults
[0.704s] Level 1:colcon.colcon_core.package_discovery:discover_packages(prefix_path) check parameters
[0.704s] Level 1:colcon.colcon_core.package_discovery:discover_packages(prefix_path) discover
[0.719s] DEBUG:colcon.colcon_installed_package_information.package_discovery:Found 1 installed packages in /home/rokey/AI_Vision_Project/b4_ws/install
[0.724s] DEBUG:colcon.colcon_installed_package_information.package_discovery:Found 281 installed packages in /opt/ros/humble
[0.728s] Level 1:colcon.colcon_core.package_discovery:discover_packages(prefix_path) using defaults
[0.813s] Level 5:colcon.colcon_core.verb:set package 'b4_package' build argument 'cmake_args' from command line to 'None'
[0.814s] Level 5:colcon.colcon_core.verb:set package 'b4_package' build argument 'cmake_target' from command line to 'None'
[0.814s] Level 5:colcon.colcon_core.verb:set package 'b4_package' build argument 'cmake_target_skip_unavailable' from command line to 'False'
[0.814s] Level 5:colcon.colcon_core.verb:set package 'b4_package' build argument 'cmake_clean_cache' from command line to 'False'
[0.814s] Level 5:colcon.colcon_core.verb:set package 'b4_package' build argument 'cmake_clean_first' from command line to 'False'
[0.814s] Level 5:colcon.colcon_core.verb:set package 'b4_package' build argument 'cmake_force_configure' from command line to 'False'
[0.814s] Level 5:colcon.colcon_core.verb:set package 'b4_package' build argument 'ament_cmake_args' from command line to 'None'
[0.814s] Level 5:colcon.colcon_core.verb:set package 'b4_package' build argument 'catkin_cmake_args' from command line to 'None'
[0.814s] Level 5:colcon.colcon_core.verb:set package 'b4_package' build argument 'catkin_skip_building_tests' from command line to 'False'
[0.814s] DEBUG:colcon.colcon_core.verb:Building package 'b4_package' with the following arguments: {'ament_cmake_args': None, 'build_base': '/home/rokey/AI_Vision_Project/b4_ws/build/b4_package', 'catkin_cmake_args': None, 'catkin_skip_building_tests': False, 'cmake_args': None, 'cmake_clean_cache': False, 'cmake_clean_first': False, 'cmake_force_configure': False, 'cmake_target': None, 'cmake_target_skip_unavailable': False, 'install_base': '/home/rokey/AI_Vision_Project/b4_ws/install/b4_package', 'merge_install': False, 'path': '/home/rokey/AI_Vision_Project/b4_ws/src/b4_package', 'symlink_install': False, 'test_result_base': None}
[0.814s] INFO:colcon.colcon_core.executor:Executing jobs using 'parallel' executor
[0.816s] DEBUG:colcon.colcon_parallel_executor.executor.parallel:run_until_complete
[0.817s] INFO:colcon.colcon_ros.task.ament_python.build:Building ROS package in '/home/rokey/AI_Vision_Project/b4_ws/src/b4_package' with build type 'ament_python'
[0.817s] Level 1:colcon.colcon_core.shell:create_environment_hook('b4_package', 'ament_prefix_path')
[0.824s] INFO:colcon.colcon_core.plugin_system:Skipping extension 'colcon_core.shell.bat': Not used on non-Windows systems
[0.825s] INFO:colcon.colcon_core.shell:Creating environment hook '/home/rokey/AI_Vision_Project/b4_ws/install/b4_package/share/b4_package/hook/ament_prefix_path.ps1'
[0.827s] INFO:colcon.colcon_core.shell:Creating environment descriptor '/home/rokey/AI_Vision_Project/b4_ws/install/b4_package/share/b4_package/hook/ament_prefix_path.dsv'
[0.828s] INFO:colcon.colcon_core.shell:Creating environment hook '/home/rokey/AI_Vision_Project/b4_ws/install/b4_package/share/b4_package/hook/ament_prefix_path.sh'
[0.829s] INFO:colcon.colcon_core.shell:Skip shell extension 'powershell' for command environment: Not usable outside of PowerShell
[0.830s] DEBUG:colcon.colcon_core.shell:Skip shell extension 'dsv' for command environment
[1.308s] INFO:colcon.colcon_core.task.python.build:Building Python package in '/home/rokey/AI_Vision_Project/b4_ws/src/b4_package'
[1.308s] INFO:colcon.colcon_core.shell:Skip shell extension 'powershell' for command environment: Not usable outside of PowerShell
[1.308s] DEBUG:colcon.colcon_core.shell:Skip shell extension 'dsv' for command environment
[1.917s] DEBUG:colcon.colcon_core.event_handler.log_command:Invoking command in '/home/rokey/AI_Vision_Project/b4_ws/src/b4_package': PYTHONPATH=/home/rokey/AI_Vision_Project/b4_ws/build/b4_package/prefix_override:/usr/lib/python3/dist-packages/colcon_core/task/python/colcon_distutils_commands:/home/rokey/AI_Vision_Project/b4_ws/install/b4_package/lib/python3.10/site-packages:${PYTHONPATH} /usr/bin/python3 -W ignore:setup.py install is deprecated setup.py egg_info --egg-base ../../build/b4_package build --build-base /home/rokey/AI_Vision_Project/b4_ws/build/b4_package/build install --record /home/rokey/AI_Vision_Project/b4_ws/build/b4_package/install.log --single-version-externally-managed install_data
[2.414s] DEBUG:colcon.colcon_core.event_handler.log_command:Invoked command in '/home/rokey/AI_Vision_Project/b4_ws/src/b4_package' returned '0': PYTHONPATH=/home/rokey/AI_Vision_Project/b4_ws/build/b4_package/prefix_override:/usr/lib/python3/dist-packages/colcon_core/task/python/colcon_distutils_commands:/home/rokey/AI_Vision_Project/b4_ws/install/b4_package/lib/python3.10/site-packages:${PYTHONPATH} /usr/bin/python3 -W ignore:setup.py install is deprecated setup.py egg_info --egg-base ../../build/b4_package build --build-base /home/rokey/AI_Vision_Project/b4_ws/build/b4_package/build install --record /home/rokey/AI_Vision_Project/b4_ws/build/b4_package/install.log --single-version-externally-managed install_data
[2.427s] Level 1:colcon.colcon_core.environment:checking '/home/rokey/AI_Vision_Project/b4_ws/install/b4_package' for CMake module files
[2.429s] Level 1:colcon.colcon_core.environment:checking '/home/rokey/AI_Vision_Project/b4_ws/install/b4_package' for CMake config files
[2.430s] Level 1:colcon.colcon_core.environment:checking '/home/rokey/AI_Vision_Project/b4_ws/install/b4_package/lib'
[2.431s] Level 1:colcon.colcon_core.environment:checking '/home/rokey/AI_Vision_Project/b4_ws/install/b4_package/bin'
[2.431s] Level 1:colcon.colcon_core.environment:checking '/home/rokey/AI_Vision_Project/b4_ws/install/b4_package/lib/pkgconfig/b4_package.pc'
[2.432s] Level 1:colcon.colcon_core.environment:checking '/home/rokey/AI_Vision_Project/b4_ws/install/b4_package/lib/python3.10/site-packages'
[2.433s] Level 1:colcon.colcon_core.shell:create_environment_hook('b4_package', 'pythonpath')
[2.433s] INFO:colcon.colcon_core.shell:Creating environment hook '/home/rokey/AI_Vision_Project/b4_ws/install/b4_package/share/b4_package/hook/pythonpath.ps1'
[2.435s] INFO:colcon.colcon_core.shell:Creating environment descriptor '/home/rokey/AI_Vision_Project/b4_ws/install/b4_package/share/b4_package/hook/pythonpath.dsv'
[2.436s] INFO:colcon.colcon_core.shell:Creating environment hook '/home/rokey/AI_Vision_Project/b4_ws/install/b4_package/share/b4_package/hook/pythonpath.sh'
[2.437s] Level 1:colcon.colcon_core.environment:checking '/home/rokey/AI_Vision_Project/b4_ws/install/b4_package/bin'
[2.437s] Level 1:colcon.colcon_core.environment:create_environment_scripts_only(b4_package)
[2.438s] INFO:colcon.colcon_core.shell:Creating package script '/home/rokey/AI_Vision_Project/b4_ws/install/b4_package/share/b4_package/package.ps1'
[2.442s] INFO:colcon.colcon_core.shell:Creating package descriptor '/home/rokey/AI_Vision_Project/b4_ws/install/b4_package/share/b4_package/package.dsv'
[2.444s] INFO:colcon.colcon_core.shell:Creating package script '/home/rokey/AI_Vision_Project/b4_ws/install/b4_package/share/b4_package/package.sh'
[2.446s] INFO:colcon.colcon_core.shell:Creating package script '/home/rokey/AI_Vision_Project/b4_ws/install/b4_package/share/b4_package/package.bash'
[2.450s] INFO:colcon.colcon_core.shell:Creating package script '/home/rokey/AI_Vision_Project/b4_ws/install/b4_package/share/b4_package/package.zsh'
[2.454s] Level 1:colcon.colcon_core.environment:create_file_with_runtime_dependencies(/home/rokey/AI_Vision_Project/b4_ws/install/b4_package/share/colcon-core/packages/b4_package)
[2.455s] DEBUG:colcon.colcon_parallel_executor.executor.parallel:closing loop
[2.455s] DEBUG:colcon.colcon_parallel_executor.executor.parallel:loop closed
[2.455s] DEBUG:colcon.colcon_parallel_executor.executor.parallel:run_until_complete finished with '0'
[2.455s] DEBUG:colcon.colcon_core.event_reactor:joining thread
[2.465s] INFO:colcon.colcon_core.plugin_system:Skipping extension 'colcon_notification.desktop_notification.terminal_notifier': Not used on non-Darwin systems
[2.465s] INFO:colcon.colcon_core.plugin_system:Skipping extension 'colcon_notification.desktop_notification.win32': Not used on non-Windows systems
[2.465s] INFO:colcon.colcon_notification.desktop_notification:Sending desktop notification using 'notify2'
[2.483s] DEBUG:colcon.colcon_core.event_reactor:joined thread
[2.483s] INFO:colcon.colcon_core.shell:Creating prefix script '/home/rokey/AI_Vision_Project/b4_ws/install/local_setup.ps1'
[2.485s] INFO:colcon.colcon_core.shell:Creating prefix util module '/home/rokey/AI_Vision_Project/b4_ws/install/_local_setup_util_ps1.py'
[2.486s] INFO:colcon.colcon_core.shell:Creating prefix chain script '/home/rokey/AI_Vision_Project/b4_ws/install/setup.ps1'
[2.488s] INFO:colcon.colcon_core.shell:Creating prefix script '/home/rokey/AI_Vision_Project/b4_ws/install/local_setup.sh'
[2.489s] INFO:colcon.colcon_core.shell:Creating prefix util module '/home/rokey/AI_Vision_Project/b4_ws/install/_local_setup_util_sh.py'
[2.493s] INFO:colcon.colcon_core.shell:Creating prefix chain script '/home/rokey/AI_Vision_Project/b4_ws/install/setup.sh'
[2.496s] INFO:colcon.colcon_core.shell:Creating prefix script '/home/rokey/AI_Vision_Project/b4_ws/install/local_setup.bash'
[2.497s] INFO:colcon.colcon_core.shell:Creating prefix chain script '/home/rokey/AI_Vision_Project/b4_ws/install/setup.bash'
[2.498s] INFO:colcon.colcon_core.shell:Creating prefix script '/home/rokey/AI_Vision_Project/b4_ws/install/local_setup.zsh'
[2.499s] INFO:colcon.colcon_core.shell:Creating prefix chain script '/home/rokey/AI_Vision_Project/b4_ws/install/setup.zsh'
