[0.339s] DEBUG:colcon:Command line arguments: ['/usr/bin/colcon', 'build']
[0.339s] DEBUG:colcon:Parsed command line arguments: Namespace(log_base=None, log_level=None, verb_name='build', build_base='build', install_base='install', merge_install=False, symlink_install=False, test_result_base=None, continue_on_error=False, executor='parallel', parallel_workers=8, event_handlers=None, ignore_user_meta=False, metas=['./colcon.meta'], base_paths=['.'], packages_ignore=None, packages_ignore_regex=None, paths=None, packages_up_to=None, packages_up_to_regex=None, packages_above=None, packages_above_and_dependencies=None, packages_above_depth=None, packages_select_by_dep=None, packages_skip_by_dep=None, packages_skip_up_to=None, packages_select_build_failed=False, packages_skip_build_finished=False, packages_select_test_failures=False, packages_skip_test_passed=False, packages_select=None, packages_skip=None, packages_select_regex=None, packages_skip_regex=None, packages_start=None, packages_end=None, allow_overriding=[], cmake_args=None, cmake_target=None, cmake_target_skip_unavailable=False, cmake_clean_cache=False, cmake_clean_first=False, cmake_force_configure=False, ament_cmake_args=None, catkin_cmake_args=None, catkin_skip_building_tests=False, verb_parser=<colcon_defaults.argument_parser.defaults.DefaultArgumentsDecorator object at 0x7a3f996774c0>, verb_extension=<colcon_core.verb.build.BuildVerb object at 0x7a3f9982a5c0>, main=<bound method BuildVerb.main of <colcon_core.verb.build.BuildVerb object at 0x7a3f9982a5c0>>)
[0.825s] Level 1:colcon.colcon_core.package_discovery:discover_packages(colcon_meta) check parameters
[0.826s] Level 1:colcon.colcon_core.package_discovery:discover_packages(recursive) check parameters
[0.826s] Level 1:colcon.colcon_core.package_discovery:discover_packages(ignore) check parameters
[0.826s] Level 1:colcon.colcon_core.package_discovery:discover_packages(path) check parameters
[0.826s] Level 1:colcon.colcon_core.package_discovery:discover_packages(colcon_meta) discover
[0.826s] Level 1:colcon.colcon_core.package_discovery:discover_packages(recursive) discover
[0.826s] INFO:colcon.colcon_core.package_discovery:Crawling recursively for packages in '/home/rokey/AI_Vision_Project/b4_ws'
[0.826s] Level 1:colcon.colcon_core.package_identification:_identify(.) by extensions ['ignore', 'ignore_ament_install']
[0.826s] Level 1:colcon.colcon_core.package_identification:_identify(.) by extension 'ignore'
[0.827s] Level 1:colcon.colcon_core.package_identification:_identify(.) by extension 'ignore_ament_install'
[0.827s] Level 1:colcon.colcon_core.package_identification:_identify(.) by extensions ['colcon_pkg']
[0.827s] Level 1:colcon.colcon_core.package_identification:_identify(.) by extension 'colcon_pkg'
[0.827s] Level 1:colcon.colcon_core.package_identification:_identify(.) by extensions ['colcon_meta']
[0.827s] Level 1:colcon.colcon_core.package_identification:_identify(.) by extension 'colcon_meta'
[0.827s] Level 1:colcon.colcon_core.package_identification:_identify(.) by extensions ['ros']
[0.827s] Level 1:colcon.colcon_core.package_identification:_identify(.) by extension 'ros'
[0.885s] Level 1:colcon.colcon_core.package_identification:_identify(.) by extensions ['cmake', 'python']
[0.885s] Level 1:colcon.colcon_core.package_identification:_identify(.) by extension 'cmake'
[0.885s] Level 1:colcon.colcon_core.package_identification:_identify(.) by extension 'python'
[0.885s] Level 1:colcon.colcon_core.package_identification:_identify(.) by extensions ['python_setup_py']
[0.885s] Level 1:colcon.colcon_core.package_identification:_identify(.) by extension 'python_setup_py'
[0.886s] Level 1:colcon.colcon_core.package_identification:_identify(build) by extensions ['ignore', 'ignore_ament_install']
[0.886s] Level 1:colcon.colcon_core.package_identification:_identify(build) by extension 'ignore'
[0.886s] Level 1:colcon.colcon_core.package_identification:_identify(build) ignored
[0.886s] Level 1:colcon.colcon_core.package_identification:_identify(install) by extensions ['ignore', 'ignore_ament_install']
[0.887s] Level 1:colcon.colcon_core.package_identification:_identify(install) by extension 'ignore'
[0.887s] Level 1:colcon.colcon_core.package_identification:_identify(install) ignored
[0.887s] Level 1:colcon.colcon_core.package_identification:_identify(log) by extensions ['ignore', 'ignore_ament_install']
[0.887s] Level 1:colcon.colcon_core.package_identification:_identify(log) by extension 'ignore'
[0.887s] Level 1:colcon.colcon_core.package_identification:_identify(log) ignored
[0.888s] Level 1:colcon.colcon_core.package_identification:_identify(src) by extensions ['ignore', 'ignore_ament_install']
[0.888s] Level 1:colcon.colcon_core.package_identification:_identify(src) by extension 'ignore'
[0.888s] Level 1:colcon.colcon_core.package_identification:_identify(src) by extension 'ignore_ament_install'
[0.888s] Level 1:colcon.colcon_core.package_identification:_identify(src) by extensions ['colcon_pkg']
[0.888s] Level 1:colcon.colcon_core.package_identification:_identify(src) by extension 'colcon_pkg'
[0.888s] Level 1:colcon.colcon_core.package_identification:_identify(src) by extensions ['colcon_meta']
[0.888s] Level 1:colcon.colcon_core.package_identification:_identify(src) by extension 'colcon_meta'
[0.888s] Level 1:colcon.colcon_core.package_identification:_identify(src) by extensions ['ros']
[0.888s] Level 1:colcon.colcon_core.package_identification:_identify(src) by extension 'ros'
[0.889s] Level 1:colcon.colcon_core.package_identification:_identify(src) by extensions ['cmake', 'python']
[0.889s] Level 1:colcon.colcon_core.package_identification:_identify(src) by extension 'cmake'
[0.889s] Level 1:colcon.colcon_core.package_identification:_identify(src) by extension 'python'
[0.889s] Level 1:colcon.colcon_core.package_identification:_identify(src) by extensions ['python_setup_py']
[0.889s] Level 1:colcon.colcon_core.package_identification:_identify(src) by extension 'python_setup_py'
[0.889s] Level 1:colcon.colcon_core.package_identification:_identify(src/b4_package) by extensions ['ignore', 'ignore_ament_install']
[0.889s] Level 1:colcon.colcon_core.package_identification:_identify(src/b4_package) by extension 'ignore'
[0.889s] Level 1:colcon.colcon_core.package_identification:_identify(src/b4_package) by extension 'ignore_ament_install'
[0.889s] Level 1:colcon.colcon_core.package_identification:_identify(src/b4_package) by extensions ['colcon_pkg']
[0.889s] Level 1:colcon.colcon_core.package_identification:_identify(src/b4_package) by extension 'colcon_pkg'
[0.890s] Level 1:colcon.colcon_core.package_identification:_identify(src/b4_package) by extensions ['colcon_meta']
[0.890s] Level 1:colcon.colcon_core.package_identification:_identify(src/b4_package) by extension 'colcon_meta'
[0.890s] Level 1:colcon.colcon_core.package_identification:_identify(src/b4_package) by extensions ['ros']
[0.890s] Level 1:colcon.colcon_core.package_identification:_identify(src/b4_package) by extension 'ros'
[0.896s] DEBUG:colcon.colcon_core.package_identification:Package 'src/b4_package' with type 'ros.ament_python' and name 'b4_package'
[0.897s] Level 1:colcon.colcon_core.package_identification:_identify(src/build) by extensions ['ignore', 'ignore_ament_install']
[0.897s] Level 1:colcon.colcon_core.package_identification:_identify(src/build) by extension 'ignore'
[0.897s] Level 1:colcon.colcon_core.package_identification:_identify(src/build) by extension 'ignore_ament_install'
[0.897s] Level 1:colcon.colcon_core.package_identification:_identify(src/build) by extensions ['colcon_pkg']
[0.897s] Level 1:colcon.colcon_core.package_identification:_identify(src/build) by extension 'colcon_pkg'
[0.897s] Level 1:colcon.colcon_core.package_identification:_identify(src/build) by extensions ['colcon_meta']
[0.897s] Level 1:colcon.colcon_core.package_identification:_identify(src/build) by extension 'colcon_meta'
[0.897s] Level 1:colcon.colcon_core.package_identification:_identify(src/build) by extensions ['ros']
[0.898s] Level 1:colcon.colcon_core.package_identification:_identify(src/build) by extension 'ros'
[0.898s] Level 1:colcon.colcon_core.package_identification:_identify(src/build) by extensions ['cmake', 'python']
[0.898s] Level 1:colcon.colcon_core.package_identification:_identify(src/build) by extension 'cmake'
[0.898s] Level 1:colcon.colcon_core.package_identification:_identify(src/build) by extension 'python'
[0.898s] Level 1:colcon.colcon_core.package_identification:_identify(src/build) by extensions ['python_setup_py']
[0.898s] Level 1:colcon.colcon_core.package_identification:_identify(src/build) by extension 'python_setup_py'
[0.898s] Level 1:colcon.colcon_core.package_identification:_identify(src/build/b4_package) by extensions ['ignore', 'ignore_ament_install']
[0.898s] Level 1:colcon.colcon_core.package_identification:_identify(src/build/b4_package) by extension 'ignore'
[0.898s] Level 1:colcon.colcon_core.package_identification:_identify(src/build/b4_package) by extension 'ignore_ament_install'
[0.898s] Level 1:colcon.colcon_core.package_identification:_identify(src/build/b4_package) by extensions ['colcon_pkg']
[0.899s] Level 1:colcon.colcon_core.package_identification:_identify(src/build/b4_package) by extension 'colcon_pkg'
[0.899s] Level 1:colcon.colcon_core.package_identification:_identify(src/build/b4_package) by extensions ['colcon_meta']
[0.899s] Level 1:colcon.colcon_core.package_identification:_identify(src/build/b4_package) by extension 'colcon_meta'
[0.899s] Level 1:colcon.colcon_core.package_identification:_identify(src/build/b4_package) by extensions ['ros']
[0.899s] Level 1:colcon.colcon_core.package_identification:_identify(src/build/b4_package) by extension 'ros'
[0.899s] Level 1:colcon.colcon_core.package_identification:_identify(src/build/b4_package) by extensions ['cmake', 'python']
[0.899s] Level 1:colcon.colcon_core.package_identification:_identify(src/build/b4_package) by extension 'cmake'
[0.899s] Level 1:colcon.colcon_core.package_identification:_identify(src/build/b4_package) by extension 'python'
[0.899s] Level 1:colcon.colcon_core.package_identification:_identify(src/build/b4_package) by extensions ['python_setup_py']
[0.899s] Level 1:colcon.colcon_core.package_identification:_identify(src/build/b4_package) by extension 'python_setup_py'
[0.899s] Level 1:colcon.colcon_core.package_identification:_identify(src/build/b4_package/build) by extensions ['ignore', 'ignore_ament_install']
[0.900s] Level 1:colcon.colcon_core.package_identification:_identify(src/build/b4_package/build) by extension 'ignore'
[0.900s] Level 1:colcon.colcon_core.package_identification:_identify(src/build/b4_package/build) by extension 'ignore_ament_install'
[0.900s] Level 1:colcon.colcon_core.package_identification:_identify(src/build/b4_package/build) by extensions ['colcon_pkg']
[0.900s] Level 1:colcon.colcon_core.package_identification:_identify(src/build/b4_package/build) by extension 'colcon_pkg'
[0.900s] Level 1:colcon.colcon_core.package_identification:_identify(src/build/b4_package/build) by extensions ['colcon_meta']
[0.900s] Level 1:colcon.colcon_core.package_identification:_identify(src/build/b4_package/build) by extension 'colcon_meta'
[0.900s] Level 1:colcon.colcon_core.package_identification:_identify(src/build/b4_package/build) by extensions ['ros']
[0.900s] Level 1:colcon.colcon_core.package_identification:_identify(src/build/b4_package/build) by extension 'ros'
[0.900s] Level 1:colcon.colcon_core.package_identification:_identify(src/build/b4_package/build) by extensions ['cmake', 'python']
[0.900s] Level 1:colcon.colcon_core.package_identification:_identify(src/build/b4_package/build) by extension 'cmake'
[0.900s] Level 1:colcon.colcon_core.package_identification:_identify(src/build/b4_package/build) by extension 'python'
[0.900s] Level 1:colcon.colcon_core.package_identification:_identify(src/build/b4_package/build) by extensions ['python_setup_py']
[0.900s] Level 1:colcon.colcon_core.package_identification:_identify(src/build/b4_package/build) by extension 'python_setup_py'
[0.901s] Level 1:colcon.colcon_core.package_identification:_identify(src/build/b4_package/build/lib) by extensions ['ignore', 'ignore_ament_install']
[0.901s] Level 1:colcon.colcon_core.package_identification:_identify(src/build/b4_package/build/lib) by extension 'ignore'
[0.901s] Level 1:colcon.colcon_core.package_identification:_identify(src/build/b4_package/build/lib) by extension 'ignore_ament_install'
[0.901s] Level 1:colcon.colcon_core.package_identification:_identify(src/build/b4_package/build/lib) by extensions ['colcon_pkg']
[0.901s] Level 1:colcon.colcon_core.package_identification:_identify(src/build/b4_package/build/lib) by extension 'colcon_pkg'
[0.901s] Level 1:colcon.colcon_core.package_identification:_identify(src/build/b4_package/build/lib) by extensions ['colcon_meta']
[0.901s] Level 1:colcon.colcon_core.package_identification:_identify(src/build/b4_package/build/lib) by extension 'colcon_meta'
[0.901s] Level 1:colcon.colcon_core.package_identification:_identify(src/build/b4_package/build/lib) by extensions ['ros']
[0.901s] Level 1:colcon.colcon_core.package_identification:_identify(src/build/b4_package/build/lib) by extension 'ros'
[0.901s] Level 1:colcon.colcon_core.package_identification:_identify(src/build/b4_package/build/lib) by extensions ['cmake', 'python']
[0.901s] Level 1:colcon.colcon_core.package_identification:_identify(src/build/b4_package/build/lib) by extension 'cmake'
[0.901s] Level 1:colcon.colcon_core.package_identification:_identify(src/build/b4_package/build/lib) by extension 'python'
[0.902s] Level 1:colcon.colcon_core.package_identification:_identify(src/build/b4_package/build/lib) by extensions ['python_setup_py']
[0.902s] Level 1:colcon.colcon_core.package_identification:_identify(src/build/b4_package/build/lib) by extension 'python_setup_py'
[0.902s] Level 1:colcon.colcon_core.package_identification:_identify(src/build/b4_package/build/lib/b4_package) by extensions ['ignore', 'ignore_ament_install']
[0.902s] Level 1:colcon.colcon_core.package_identification:_identify(src/build/b4_package/build/lib/b4_package) by extension 'ignore'
[0.902s] Level 1:colcon.colcon_core.package_identification:_identify(src/build/b4_package/build/lib/b4_package) by extension 'ignore_ament_install'
[0.902s] Level 1:colcon.colcon_core.package_identification:_identify(src/build/b4_package/build/lib/b4_package) by extensions ['colcon_pkg']
[0.902s] Level 1:colcon.colcon_core.package_identification:_identify(src/build/b4_package/build/lib/b4_package) by extension 'colcon_pkg'
[0.902s] Level 1:colcon.colcon_core.package_identification:_identify(src/build/b4_package/build/lib/b4_package) by extensions ['colcon_meta']
[0.902s] Level 1:colcon.colcon_core.package_identification:_identify(src/build/b4_package/build/lib/b4_package) by extension 'colcon_meta'
[0.902s] Level 1:colcon.colcon_core.package_identification:_identify(src/build/b4_package/build/lib/b4_package) by extensions ['ros']
[0.902s] Level 1:colcon.colcon_core.package_identification:_identify(src/build/b4_package/build/lib/b4_package) by extension 'ros'
[0.903s] Level 1:colcon.colcon_core.package_identification:_identify(src/build/b4_package/build/lib/b4_package) by extensions ['cmake', 'python']
[0.903s] Level 1:colcon.colcon_core.package_identification:_identify(src/build/b4_package/build/lib/b4_package) by extension 'cmake'
[0.903s] Level 1:colcon.colcon_core.package_identification:_identify(src/build/b4_package/build/lib/b4_package) by extension 'python'
[0.903s] Level 1:colcon.colcon_core.package_identification:_identify(src/build/b4_package/build/lib/b4_package) by extensions ['python_setup_py']
[0.903s] Level 1:colcon.colcon_core.package_identification:_identify(src/build/b4_package/build/lib/b4_package) by extension 'python_setup_py'
[0.903s] Level 1:colcon.colcon_core.package_identification:_identify(src/install) by extensions ['ignore', 'ignore_ament_install']
[0.903s] Level 1:colcon.colcon_core.package_identification:_identify(src/install) by extension 'ignore'
[0.903s] Level 1:colcon.colcon_core.package_identification:_identify(src/install) by extension 'ignore_ament_install'
[0.903s] Level 1:colcon.colcon_core.package_identification:_identify(src/install) by extensions ['colcon_pkg']
[0.903s] Level 1:colcon.colcon_core.package_identification:_identify(src/install) by extension 'colcon_pkg'
[0.903s] Level 1:colcon.colcon_core.package_identification:_identify(src/install) by extensions ['colcon_meta']
[0.903s] Level 1:colcon.colcon_core.package_identification:_identify(src/install) by extension 'colcon_meta'
[0.904s] Level 1:colcon.colcon_core.package_identification:_identify(src/install) by extensions ['ros']
[0.904s] Level 1:colcon.colcon_core.package_identification:_identify(src/install) by extension 'ros'
[0.904s] Level 1:colcon.colcon_core.package_identification:_identify(src/install) by extensions ['cmake', 'python']
[0.904s] Level 1:colcon.colcon_core.package_identification:_identify(src/install) by extension 'cmake'
[0.904s] Level 1:colcon.colcon_core.package_identification:_identify(src/install) by extension 'python'
[0.904s] Level 1:colcon.colcon_core.package_identification:_identify(src/install) by extensions ['python_setup_py']
[0.904s] Level 1:colcon.colcon_core.package_identification:_identify(src/install) by extension 'python_setup_py'
[0.904s] Level 1:colcon.colcon_core.package_identification:_identify(src/install/b4_package) by extensions ['ignore', 'ignore_ament_install']
[0.904s] Level 1:colcon.colcon_core.package_identification:_identify(src/install/b4_package) by extension 'ignore'
[0.904s] Level 1:colcon.colcon_core.package_identification:_identify(src/install/b4_package) by extension 'ignore_ament_install'
[0.904s] Level 1:colcon.colcon_core.package_identification:_identify(src/install/b4_package) by extensions ['colcon_pkg']
[0.905s] Level 1:colcon.colcon_core.package_identification:_identify(src/install/b4_package) by extension 'colcon_pkg'
[0.905s] Level 1:colcon.colcon_core.package_identification:_identify(src/install/b4_package) by extensions ['colcon_meta']
[0.905s] Level 1:colcon.colcon_core.package_identification:_identify(src/install/b4_package) by extension 'colcon_meta'
[0.905s] Level 1:colcon.colcon_core.package_identification:_identify(src/install/b4_package) by extensions ['ros']
[0.905s] Level 1:colcon.colcon_core.package_identification:_identify(src/install/b4_package) by extension 'ros'
[0.905s] Level 1:colcon.colcon_core.package_identification:_identify(src/install/b4_package) by extensions ['cmake', 'python']
[0.905s] Level 1:colcon.colcon_core.package_identification:_identify(src/install/b4_package) by extension 'cmake'
[0.905s] Level 1:colcon.colcon_core.package_identification:_identify(src/install/b4_package) by extension 'python'
[0.905s] Level 1:colcon.colcon_core.package_identification:_identify(src/install/b4_package) by extensions ['python_setup_py']
[0.905s] Level 1:colcon.colcon_core.package_identification:_identify(src/install/b4_package) by extension 'python_setup_py'
[0.905s] Level 1:colcon.colcon_core.package_identification:_identify(src/install/b4_package/lib) by extensions ['ignore', 'ignore_ament_install']
[0.905s] Level 1:colcon.colcon_core.package_identification:_identify(src/install/b4_package/lib) by extension 'ignore'
[0.906s] Level 1:colcon.colcon_core.package_identification:_identify(src/install/b4_package/lib) by extension 'ignore_ament_install'
[0.906s] Level 1:colcon.colcon_core.package_identification:_identify(src/install/b4_package/lib) by extensions ['colcon_pkg']
[0.906s] Level 1:colcon.colcon_core.package_identification:_identify(src/install/b4_package/lib) by extension 'colcon_pkg'
[0.906s] Level 1:colcon.colcon_core.package_identification:_identify(src/install/b4_package/lib) by extensions ['colcon_meta']
[0.906s] Level 1:colcon.colcon_core.package_identification:_identify(src/install/b4_package/lib) by extension 'colcon_meta'
[0.906s] Level 1:colcon.colcon_core.package_identification:_identify(src/install/b4_package/lib) by extensions ['ros']
[0.906s] Level 1:colcon.colcon_core.package_identification:_identify(src/install/b4_package/lib) by extension 'ros'
[0.906s] Level 1:colcon.colcon_core.package_identification:_identify(src/install/b4_package/lib) by extensions ['cmake', 'python']
[0.906s] Level 1:colcon.colcon_core.package_identification:_identify(src/install/b4_package/lib) by extension 'cmake'
[0.907s] Level 1:colcon.colcon_core.package_identification:_identify(src/install/b4_package/lib) by extension 'python'
[0.907s] Level 1:colcon.colcon_core.package_identification:_identify(src/install/b4_package/lib) by extensions ['python_setup_py']
[0.907s] Level 1:colcon.colcon_core.package_identification:_identify(src/install/b4_package/lib) by extension 'python_setup_py'
[0.907s] Level 1:colcon.colcon_core.package_identification:_identify(src/install/b4_package/lib/b4_package) by extensions ['ignore', 'ignore_ament_install']
[0.907s] Level 1:colcon.colcon_core.package_identification:_identify(src/install/b4_package/lib/b4_package) by extension 'ignore'
[0.908s] Level 1:colcon.colcon_core.package_identification:_identify(src/install/b4_package/lib/b4_package) by extension 'ignore_ament_install'
[0.908s] Level 1:colcon.colcon_core.package_identification:_identify(src/install/b4_package/lib/b4_package) by extensions ['colcon_pkg']
[0.908s] Level 1:colcon.colcon_core.package_identification:_identify(src/install/b4_package/lib/b4_package) by extension 'colcon_pkg'
[0.908s] Level 1:colcon.colcon_core.package_identification:_identify(src/install/b4_package/lib/b4_package) by extensions ['colcon_meta']
[0.908s] Level 1:colcon.colcon_core.package_identification:_identify(src/install/b4_package/lib/b4_package) by extension 'colcon_meta'
[0.908s] Level 1:colcon.colcon_core.package_identification:_identify(src/install/b4_package/lib/b4_package) by extensions ['ros']
[0.908s] Level 1:colcon.colcon_core.package_identification:_identify(src/install/b4_package/lib/b4_package) by extension 'ros'
[0.908s] Level 1:colcon.colcon_core.package_identification:_identify(src/install/b4_package/lib/b4_package) by extensions ['cmake', 'python']
[0.908s] Level 1:colcon.colcon_core.package_identification:_identify(src/install/b4_package/lib/b4_package) by extension 'cmake'
[0.908s] Level 1:colcon.colcon_core.package_identification:_identify(src/install/b4_package/lib/b4_package) by extension 'python'
[0.908s] Level 1:colcon.colcon_core.package_identification:_identify(src/install/b4_package/lib/b4_package) by extensions ['python_setup_py']
[0.908s] Level 1:colcon.colcon_core.package_identification:_identify(src/install/b4_package/lib/b4_package) by extension 'python_setup_py'
[0.908s] Level 1:colcon.colcon_core.package_identification:_identify(src/install/b4_package/lib/python3.10) by extensions ['ignore', 'ignore_ament_install']
[0.909s] Level 1:colcon.colcon_core.package_identification:_identify(src/install/b4_package/lib/python3.10) by extension 'ignore'
[0.909s] Level 1:colcon.colcon_core.package_identification:_identify(src/install/b4_package/lib/python3.10) by extension 'ignore_ament_install'
[0.909s] Level 1:colcon.colcon_core.package_identification:_identify(src/install/b4_package/lib/python3.10) by extensions ['colcon_pkg']
[0.909s] Level 1:colcon.colcon_core.package_identification:_identify(src/install/b4_package/lib/python3.10) by extension 'colcon_pkg'
[0.909s] Level 1:colcon.colcon_core.package_identification:_identify(src/install/b4_package/lib/python3.10) by extensions ['colcon_meta']
[0.909s] Level 1:colcon.colcon_core.package_identification:_identify(src/install/b4_package/lib/python3.10) by extension 'colcon_meta'
[0.909s] Level 1:colcon.colcon_core.package_identification:_identify(src/install/b4_package/lib/python3.10) by extensions ['ros']
[0.909s] Level 1:colcon.colcon_core.package_identification:_identify(src/install/b4_package/lib/python3.10) by extension 'ros'
[0.909s] Level 1:colcon.colcon_core.package_identification:_identify(src/install/b4_package/lib/python3.10) by extensions ['cmake', 'python']
[0.909s] Level 1:colcon.colcon_core.package_identification:_identify(src/install/b4_package/lib/python3.10) by extension 'cmake'
[0.909s] Level 1:colcon.colcon_core.package_identification:_identify(src/install/b4_package/lib/python3.10) by extension 'python'
[0.909s] Level 1:colcon.colcon_core.package_identification:_identify(src/install/b4_package/lib/python3.10) by extensions ['python_setup_py']
[0.909s] Level 1:colcon.colcon_core.package_identification:_identify(src/install/b4_package/lib/python3.10) by extension 'python_setup_py'
[0.910s] Level 1:colcon.colcon_core.package_identification:_identify(src/install/b4_package/lib/python3.10/site-packages) by extensions ['ignore', 'ignore_ament_install']
[0.910s] Level 1:colcon.colcon_core.package_identification:_identify(src/install/b4_package/lib/python3.10/site-packages) by extension 'ignore'
[0.910s] Level 1:colcon.colcon_core.package_identification:_identify(src/install/b4_package/lib/python3.10/site-packages) by extension 'ignore_ament_install'
[0.910s] Level 1:colcon.colcon_core.package_identification:_identify(src/install/b4_package/lib/python3.10/site-packages) by extensions ['colcon_pkg']
[0.910s] Level 1:colcon.colcon_core.package_identification:_identify(src/install/b4_package/lib/python3.10/site-packages) by extension 'colcon_pkg'
[0.910s] Level 1:colcon.colcon_core.package_identification:_identify(src/install/b4_package/lib/python3.10/site-packages) by extensions ['colcon_meta']
[0.910s] Level 1:colcon.colcon_core.package_identification:_identify(src/install/b4_package/lib/python3.10/site-packages) by extension 'colcon_meta'
[0.910s] Level 1:colcon.colcon_core.package_identification:_identify(src/install/b4_package/lib/python3.10/site-packages) by extensions ['ros']
[0.910s] Level 1:colcon.colcon_core.package_identification:_identify(src/install/b4_package/lib/python3.10/site-packages) by extension 'ros'
[0.910s] Level 1:colcon.colcon_core.package_identification:_identify(src/install/b4_package/lib/python3.10/site-packages) by extensions ['cmake', 'python']
[0.910s] Level 1:colcon.colcon_core.package_identification:_identify(src/install/b4_package/lib/python3.10/site-packages) by extension 'cmake'
[0.910s] Level 1:colcon.colcon_core.package_identification:_identify(src/install/b4_package/lib/python3.10/site-packages) by extension 'python'
[0.910s] Level 1:colcon.colcon_core.package_identification:_identify(src/install/b4_package/lib/python3.10/site-packages) by extensions ['python_setup_py']
[0.910s] Level 1:colcon.colcon_core.package_identification:_identify(src/install/b4_package/lib/python3.10/site-packages) by extension 'python_setup_py'
[0.911s] Level 1:colcon.colcon_core.package_identification:_identify(src/install/b4_package/lib/python3.10/site-packages/b4_package) by extensions ['ignore', 'ignore_ament_install']
[0.911s] Level 1:colcon.colcon_core.package_identification:_identify(src/install/b4_package/lib/python3.10/site-packages/b4_package) by extension 'ignore'
[0.911s] Level 1:colcon.colcon_core.package_identification:_identify(src/install/b4_package/lib/python3.10/site-packages/b4_package) by extension 'ignore_ament_install'
[0.911s] Level 1:colcon.colcon_core.package_identification:_identify(src/install/b4_package/lib/python3.10/site-packages/b4_package) by extensions ['colcon_pkg']
[0.911s] Level 1:colcon.colcon_core.package_identification:_identify(src/install/b4_package/lib/python3.10/site-packages/b4_package) by extension 'colcon_pkg'
[0.911s] Level 1:colcon.colcon_core.package_identification:_identify(src/install/b4_package/lib/python3.10/site-packages/b4_package) by extensions ['colcon_meta']
[0.911s] Level 1:colcon.colcon_core.package_identification:_identify(src/install/b4_package/lib/python3.10/site-packages/b4_package) by extension 'colcon_meta'
[0.911s] Level 1:colcon.colcon_core.package_identification:_identify(src/install/b4_package/lib/python3.10/site-packages/b4_package) by extensions ['ros']
[0.911s] Level 1:colcon.colcon_core.package_identification:_identify(src/install/b4_package/lib/python3.10/site-packages/b4_package) by extension 'ros'
[0.911s] Level 1:colcon.colcon_core.package_identification:_identify(src/install/b4_package/lib/python3.10/site-packages/b4_package) by extensions ['cmake', 'python']
[0.911s] Level 1:colcon.colcon_core.package_identification:_identify(src/install/b4_package/lib/python3.10/site-packages/b4_package) by extension 'cmake'
[0.911s] Level 1:colcon.colcon_core.package_identification:_identify(src/install/b4_package/lib/python3.10/site-packages/b4_package) by extension 'python'
[0.911s] Level 1:colcon.colcon_core.package_identification:_identify(src/install/b4_package/lib/python3.10/site-packages/b4_package) by extensions ['python_setup_py']
[0.911s] Level 1:colcon.colcon_core.package_identification:_identify(src/install/b4_package/lib/python3.10/site-packages/b4_package) by extension 'python_setup_py'
[0.912s] Level 1:colcon.colcon_core.package_identification:_identify(src/install/b4_package/lib/python3.10/site-packages/b4_package/__pycache__) by extensions ['ignore', 'ignore_ament_install']
[0.912s] Level 1:colcon.colcon_core.package_identification:_identify(src/install/b4_package/lib/python3.10/site-packages/b4_package/__pycache__) by extension 'ignore'
[0.912s] Level 1:colcon.colcon_core.package_identification:_identify(src/install/b4_package/lib/python3.10/site-packages/b4_package/__pycache__) by extension 'ignore_ament_install'
[0.912s] Level 1:colcon.colcon_core.package_identification:_identify(src/install/b4_package/lib/python3.10/site-packages/b4_package/__pycache__) by extensions ['colcon_pkg']
[0.912s] Level 1:colcon.colcon_core.package_identification:_identify(src/install/b4_package/lib/python3.10/site-packages/b4_package/__pycache__) by extension 'colcon_pkg'
[0.912s] Level 1:colcon.colcon_core.package_identification:_identify(src/install/b4_package/lib/python3.10/site-packages/b4_package/__pycache__) by extensions ['colcon_meta']
[0.912s] Level 1:colcon.colcon_core.package_identification:_identify(src/install/b4_package/lib/python3.10/site-packages/b4_package/__pycache__) by extension 'colcon_meta'
[0.912s] Level 1:colcon.colcon_core.package_identification:_identify(src/install/b4_package/lib/python3.10/site-packages/b4_package/__pycache__) by extensions ['ros']
[0.912s] Level 1:colcon.colcon_core.package_identification:_identify(src/install/b4_package/lib/python3.10/site-packages/b4_package/__pycache__) by extension 'ros'
[0.913s] Level 1:colcon.colcon_core.package_identification:_identify(src/install/b4_package/lib/python3.10/site-packages/b4_package/__pycache__) by extensions ['cmake', 'python']
[0.913s] Level 1:colcon.colcon_core.package_identification:_identify(src/install/b4_package/lib/python3.10/site-packages/b4_package/__pycache__) by extension 'cmake'
[0.913s] Level 1:colcon.colcon_core.package_identification:_identify(src/install/b4_package/lib/python3.10/site-packages/b4_package/__pycache__) by extension 'python'
[0.913s] Level 1:colcon.colcon_core.package_identification:_identify(src/install/b4_package/lib/python3.10/site-packages/b4_package/__pycache__) by extensions ['python_setup_py']
[0.913s] Level 1:colcon.colcon_core.package_identification:_identify(src/install/b4_package/lib/python3.10/site-packages/b4_package/__pycache__) by extension 'python_setup_py'
[0.913s] Level 1:colcon.colcon_core.package_identification:_identify(src/install/b4_package/share) by extensions ['ignore', 'ignore_ament_install']
[0.913s] Level 1:colcon.colcon_core.package_identification:_identify(src/install/b4_package/share) by extension 'ignore'
[0.913s] Level 1:colcon.colcon_core.package_identification:_identify(src/install/b4_package/share) by extension 'ignore_ament_install'
[0.913s] Level 1:colcon.colcon_core.package_identification:_identify(src/install/b4_package/share) by extensions ['colcon_pkg']
[0.913s] Level 1:colcon.colcon_core.package_identification:_identify(src/install/b4_package/share) by extension 'colcon_pkg'
[0.913s] Level 1:colcon.colcon_core.package_identification:_identify(src/install/b4_package/share) by extensions ['colcon_meta']
[0.913s] Level 1:colcon.colcon_core.package_identification:_identify(src/install/b4_package/share) by extension 'colcon_meta'
[0.913s] Level 1:colcon.colcon_core.package_identification:_identify(src/install/b4_package/share) by extensions ['ros']
[0.913s] Level 1:colcon.colcon_core.package_identification:_identify(src/install/b4_package/share) by extension 'ros'
[0.914s] Level 1:colcon.colcon_core.package_identification:_identify(src/install/b4_package/share) by extensions ['cmake', 'python']
[0.914s] Level 1:colcon.colcon_core.package_identification:_identify(src/install/b4_package/share) by extension 'cmake'
[0.914s] Level 1:colcon.colcon_core.package_identification:_identify(src/install/b4_package/share) by extension 'python'
[0.914s] Level 1:colcon.colcon_core.package_identification:_identify(src/install/b4_package/share) by extensions ['python_setup_py']
[0.914s] Level 1:colcon.colcon_core.package_identification:_identify(src/install/b4_package/share) by extension 'python_setup_py'
[0.914s] Level 1:colcon.colcon_core.package_identification:_identify(src/install/b4_package/share/b4_package) by extensions ['ignore', 'ignore_ament_install']
[0.914s] Level 1:colcon.colcon_core.package_identification:_identify(src/install/b4_package/share/b4_package) by extension 'ignore'
[0.914s] Level 1:colcon.colcon_core.package_identification:_identify(src/install/b4_package/share/b4_package) by extension 'ignore_ament_install'
[0.914s] Level 1:colcon.colcon_core.package_identification:_identify(src/install/b4_package/share/b4_package) by extensions ['colcon_pkg']
[0.914s] Level 1:colcon.colcon_core.package_identification:_identify(src/install/b4_package/share/b4_package) by extension 'colcon_pkg'
[0.914s] Level 1:colcon.colcon_core.package_identification:_identify(src/install/b4_package/share/b4_package) by extensions ['colcon_meta']
[0.914s] Level 1:colcon.colcon_core.package_identification:_identify(src/install/b4_package/share/b4_package) by extension 'colcon_meta'
[0.914s] Level 1:colcon.colcon_core.package_identification:_identify(src/install/b4_package/share/b4_package) by extensions ['ros']
[0.915s] Level 1:colcon.colcon_core.package_identification:_identify(src/install/b4_package/share/b4_package) by extension 'ros'
[0.915s] Level 1:colcon.colcon_core.package_identification:_identify(src/install/b4_package/share/b4_package) by extensions ['cmake', 'python']
[0.915s] Level 1:colcon.colcon_core.package_identification:_identify(src/install/b4_package/share/b4_package) by extension 'cmake'
[0.915s] Level 1:colcon.colcon_core.package_identification:_identify(src/install/b4_package/share/b4_package) by extension 'python'
[0.915s] Level 1:colcon.colcon_core.package_identification:_identify(src/install/b4_package/share/b4_package) by extensions ['python_setup_py']
[0.915s] Level 1:colcon.colcon_core.package_identification:_identify(src/install/b4_package/share/b4_package) by extension 'python_setup_py'
[0.915s] Level 1:colcon.colcon_core.package_identification:_identify(src/install/b4_package/share/b4_package/hook) by extensions ['ignore', 'ignore_ament_install']
[0.915s] Level 1:colcon.colcon_core.package_identification:_identify(src/install/b4_package/share/b4_package/hook) by extension 'ignore'
[0.915s] Level 1:colcon.colcon_core.package_identification:_identify(src/install/b4_package/share/b4_package/hook) by extension 'ignore_ament_install'
[0.915s] Level 1:colcon.colcon_core.package_identification:_identify(src/install/b4_package/share/b4_package/hook) by extensions ['colcon_pkg']
[0.915s] Level 1:colcon.colcon_core.package_identification:_identify(src/install/b4_package/share/b4_package/hook) by extension 'colcon_pkg'
[0.915s] Level 1:colcon.colcon_core.package_identification:_identify(src/install/b4_package/share/b4_package/hook) by extensions ['colcon_meta']
[0.915s] Level 1:colcon.colcon_core.package_identification:_identify(src/install/b4_package/share/b4_package/hook) by extension 'colcon_meta'
[0.916s] Level 1:colcon.colcon_core.package_identification:_identify(src/install/b4_package/share/b4_package/hook) by extensions ['ros']
[0.916s] Level 1:colcon.colcon_core.package_identification:_identify(src/install/b4_package/share/b4_package/hook) by extension 'ros'
[0.916s] Level 1:colcon.colcon_core.package_identification:_identify(src/install/b4_package/share/b4_package/hook) by extensions ['cmake', 'python']
[0.916s] Level 1:colcon.colcon_core.package_identification:_identify(src/install/b4_package/share/b4_package/hook) by extension 'cmake'
[0.916s] Level 1:colcon.colcon_core.package_identification:_identify(src/install/b4_package/share/b4_package/hook) by extension 'python'
[0.916s] Level 1:colcon.colcon_core.package_identification:_identify(src/install/b4_package/share/b4_package/hook) by extensions ['python_setup_py']
[0.916s] Level 1:colcon.colcon_core.package_identification:_identify(src/install/b4_package/share/b4_package/hook) by extension 'python_setup_py'
[0.916s] Level 1:colcon.colcon_core.package_identification:_identify(src/log) by extensions ['ignore', 'ignore_ament_install']
[0.916s] Level 1:colcon.colcon_core.package_identification:_identify(src/log) by extension 'ignore'
[0.916s] Level 1:colcon.colcon_core.package_identification:_identify(src/log) by extension 'ignore_ament_install'
[0.916s] Level 1:colcon.colcon_core.package_identification:_identify(src/log) by extensions ['colcon_pkg']
[0.916s] Level 1:colcon.colcon_core.package_identification:_identify(src/log) by extension 'colcon_pkg'
[0.916s] Level 1:colcon.colcon_core.package_identification:_identify(src/log) by extensions ['colcon_meta']
[0.916s] Level 1:colcon.colcon_core.package_identification:_identify(src/log) by extension 'colcon_meta'
[0.916s] Level 1:colcon.colcon_core.package_identification:_identify(src/log) by extensions ['ros']
[0.916s] Level 1:colcon.colcon_core.package_identification:_identify(src/log) by extension 'ros'
[0.917s] Level 1:colcon.colcon_core.package_identification:_identify(src/log) by extensions ['cmake', 'python']
[0.917s] Level 1:colcon.colcon_core.package_identification:_identify(src/log) by extension 'cmake'
[0.917s] Level 1:colcon.colcon_core.package_identification:_identify(src/log) by extension 'python'
[0.917s] Level 1:colcon.colcon_core.package_identification:_identify(src/log) by extensions ['python_setup_py']
[0.917s] Level 1:colcon.colcon_core.package_identification:_identify(src/log) by extension 'python_setup_py'
[0.917s] Level 1:colcon.colcon_core.package_identification:_identify(src/log/build_2024-11-13_19-54-52) by extensions ['ignore', 'ignore_ament_install']
[0.917s] Level 1:colcon.colcon_core.package_identification:_identify(src/log/build_2024-11-13_19-54-52) by extension 'ignore'
[0.917s] Level 1:colcon.colcon_core.package_identification:_identify(src/log/build_2024-11-13_19-54-52) by extension 'ignore_ament_install'
[0.917s] Level 1:colcon.colcon_core.package_identification:_identify(src/log/build_2024-11-13_19-54-52) by extensions ['colcon_pkg']
[0.917s] Level 1:colcon.colcon_core.package_identification:_identify(src/log/build_2024-11-13_19-54-52) by extension 'colcon_pkg'
[0.917s] Level 1:colcon.colcon_core.package_identification:_identify(src/log/build_2024-11-13_19-54-52) by extensions ['colcon_meta']
[0.917s] Level 1:colcon.colcon_core.package_identification:_identify(src/log/build_2024-11-13_19-54-52) by extension 'colcon_meta'
[0.917s] Level 1:colcon.colcon_core.package_identification:_identify(src/log/build_2024-11-13_19-54-52) by extensions ['ros']
[0.917s] Level 1:colcon.colcon_core.package_identification:_identify(src/log/build_2024-11-13_19-54-52) by extension 'ros'
[0.917s] Level 1:colcon.colcon_core.package_identification:_identify(src/log/build_2024-11-13_19-54-52) by extensions ['cmake', 'python']
[0.917s] Level 1:colcon.colcon_core.package_identification:_identify(src/log/build_2024-11-13_19-54-52) by extension 'cmake'
[0.918s] Level 1:colcon.colcon_core.package_identification:_identify(src/log/build_2024-11-13_19-54-52) by extension 'python'
[0.918s] Level 1:colcon.colcon_core.package_identification:_identify(src/log/build_2024-11-13_19-54-52) by extensions ['python_setup_py']
[0.918s] Level 1:colcon.colcon_core.package_identification:_identify(src/log/build_2024-11-13_19-54-52) by extension 'python_setup_py'
[0.918s] Level 1:colcon.colcon_core.package_identification:_identify(src/log/build_2024-11-13_19-54-52/b4_package) by extensions ['ignore', 'ignore_ament_install']
[0.918s] Level 1:colcon.colcon_core.package_identification:_identify(src/log/build_2024-11-13_19-54-52/b4_package) by extension 'ignore'
[0.918s] Level 1:colcon.colcon_core.package_identification:_identify(src/log/build_2024-11-13_19-54-52/b4_package) by extension 'ignore_ament_install'
[0.918s] Level 1:colcon.colcon_core.package_identification:_identify(src/log/build_2024-11-13_19-54-52/b4_package) by extensions ['colcon_pkg']
[0.918s] Level 1:colcon.colcon_core.package_identification:_identify(src/log/build_2024-11-13_19-54-52/b4_package) by extension 'colcon_pkg'
[0.918s] Level 1:colcon.colcon_core.package_identification:_identify(src/log/build_2024-11-13_19-54-52/b4_package) by extensions ['colcon_meta']
[0.918s] Level 1:colcon.colcon_core.package_identification:_identify(src/log/build_2024-11-13_19-54-52/b4_package) by extension 'colcon_meta'
[0.918s] Level 1:colcon.colcon_core.package_identification:_identify(src/log/build_2024-11-13_19-54-52/b4_package) by extensions ['ros']
[0.918s] Level 1:colcon.colcon_core.package_identification:_identify(src/log/build_2024-11-13_19-54-52/b4_package) by extension 'ros'
[0.919s] Level 1:colcon.colcon_core.package_identification:_identify(src/log/build_2024-11-13_19-54-52/b4_package) by extensions ['cmake', 'python']
[0.919s] Level 1:colcon.colcon_core.package_identification:_identify(src/log/build_2024-11-13_19-54-52/b4_package) by extension 'cmake'
[0.919s] Level 1:colcon.colcon_core.package_identification:_identify(src/log/build_2024-11-13_19-54-52/b4_package) by extension 'python'
[0.919s] Level 1:colcon.colcon_core.package_identification:_identify(src/log/build_2024-11-13_19-54-52/b4_package) by extensions ['python_setup_py']
[0.919s] Level 1:colcon.colcon_core.package_identification:_identify(src/log/build_2024-11-13_19-54-52/b4_package) by extension 'python_setup_py'
[0.919s] Level 1:colcon.colcon_core.package_identification:_identify(src/log/build_2024-11-13_20-30-09) by extensions ['ignore', 'ignore_ament_install']
[0.919s] Level 1:colcon.colcon_core.package_identification:_identify(src/log/build_2024-11-13_20-30-09) by extension 'ignore'
[0.919s] Level 1:colcon.colcon_core.package_identification:_identify(src/log/build_2024-11-13_20-30-09) by extension 'ignore_ament_install'
[0.919s] Level 1:colcon.colcon_core.package_identification:_identify(src/log/build_2024-11-13_20-30-09) by extensions ['colcon_pkg']
[0.919s] Level 1:colcon.colcon_core.package_identification:_identify(src/log/build_2024-11-13_20-30-09) by extension 'colcon_pkg'
[0.919s] Level 1:colcon.colcon_core.package_identification:_identify(src/log/build_2024-11-13_20-30-09) by extensions ['colcon_meta']
[0.919s] Level 1:colcon.colcon_core.package_identification:_identify(src/log/build_2024-11-13_20-30-09) by extension 'colcon_meta'
[0.920s] Level 1:colcon.colcon_core.package_identification:_identify(src/log/build_2024-11-13_20-30-09) by extensions ['ros']
[0.920s] Level 1:colcon.colcon_core.package_identification:_identify(src/log/build_2024-11-13_20-30-09) by extension 'ros'
[0.920s] Level 1:colcon.colcon_core.package_identification:_identify(src/log/build_2024-11-13_20-30-09) by extensions ['cmake', 'python']
[0.920s] Level 1:colcon.colcon_core.package_identification:_identify(src/log/build_2024-11-13_20-30-09) by extension 'cmake'
[0.920s] Level 1:colcon.colcon_core.package_identification:_identify(src/log/build_2024-11-13_20-30-09) by extension 'python'
[0.920s] Level 1:colcon.colcon_core.package_identification:_identify(src/log/build_2024-11-13_20-30-09) by extensions ['python_setup_py']
[0.920s] Level 1:colcon.colcon_core.package_identification:_identify(src/log/build_2024-11-13_20-30-09) by extension 'python_setup_py'
[0.920s] Level 1:colcon.colcon_core.package_identification:_identify(src/log/build_2024-11-13_20-30-09/b4_package) by extensions ['ignore', 'ignore_ament_install']
[0.920s] Level 1:colcon.colcon_core.package_identification:_identify(src/log/build_2024-11-13_20-30-09/b4_package) by extension 'ignore'
[0.920s] Level 1:colcon.colcon_core.package_identification:_identify(src/log/build_2024-11-13_20-30-09/b4_package) by extension 'ignore_ament_install'
[0.921s] Level 1:colcon.colcon_core.package_identification:_identify(src/log/build_2024-11-13_20-30-09/b4_package) by extensions ['colcon_pkg']
[0.921s] Level 1:colcon.colcon_core.package_identification:_identify(src/log/build_2024-11-13_20-30-09/b4_package) by extension 'colcon_pkg'
[0.921s] Level 1:colcon.colcon_core.package_identification:_identify(src/log/build_2024-11-13_20-30-09/b4_package) by extensions ['colcon_meta']
[0.921s] Level 1:colcon.colcon_core.package_identification:_identify(src/log/build_2024-11-13_20-30-09/b4_package) by extension 'colcon_meta'
[0.921s] Level 1:colcon.colcon_core.package_identification:_identify(src/log/build_2024-11-13_20-30-09/b4_package) by extensions ['ros']
[0.921s] Level 1:colcon.colcon_core.package_identification:_identify(src/log/build_2024-11-13_20-30-09/b4_package) by extension 'ros'
[0.921s] Level 1:colcon.colcon_core.package_identification:_identify(src/log/build_2024-11-13_20-30-09/b4_package) by extensions ['cmake', 'python']
[0.921s] Level 1:colcon.colcon_core.package_identification:_identify(src/log/build_2024-11-13_20-30-09/b4_package) by extension 'cmake'
[0.921s] Level 1:colcon.colcon_core.package_identification:_identify(src/log/build_2024-11-13_20-30-09/b4_package) by extension 'python'
[0.922s] Level 1:colcon.colcon_core.package_identification:_identify(src/log/build_2024-11-13_20-30-09/b4_package) by extensions ['python_setup_py']
[0.922s] Level 1:colcon.colcon_core.package_identification:_identify(src/log/build_2024-11-13_20-30-09/b4_package) by extension 'python_setup_py'
[0.922s] Level 1:colcon.colcon_core.package_identification:_identify(src/log/build_2024-11-13_20-34-01) by extensions ['ignore', 'ignore_ament_install']
[0.922s] Level 1:colcon.colcon_core.package_identification:_identify(src/log/build_2024-11-13_20-34-01) by extension 'ignore'
[0.922s] Level 1:colcon.colcon_core.package_identification:_identify(src/log/build_2024-11-13_20-34-01) by extension 'ignore_ament_install'
[0.922s] Level 1:colcon.colcon_core.package_identification:_identify(src/log/build_2024-11-13_20-34-01) by extensions ['colcon_pkg']
[0.922s] Level 1:colcon.colcon_core.package_identification:_identify(src/log/build_2024-11-13_20-34-01) by extension 'colcon_pkg'
[0.922s] Level 1:colcon.colcon_core.package_identification:_identify(src/log/build_2024-11-13_20-34-01) by extensions ['colcon_meta']
[0.922s] Level 1:colcon.colcon_core.package_identification:_identify(src/log/build_2024-11-13_20-34-01) by extension 'colcon_meta'
[0.922s] Level 1:colcon.colcon_core.package_identification:_identify(src/log/build_2024-11-13_20-34-01) by extensions ['ros']
[0.922s] Level 1:colcon.colcon_core.package_identification:_identify(src/log/build_2024-11-13_20-34-01) by extension 'ros'
[0.922s] Level 1:colcon.colcon_core.package_identification:_identify(src/log/build_2024-11-13_20-34-01) by extensions ['cmake', 'python']
[0.922s] Level 1:colcon.colcon_core.package_identification:_identify(src/log/build_2024-11-13_20-34-01) by extension 'cmake'
[0.923s] Level 1:colcon.colcon_core.package_identification:_identify(src/log/build_2024-11-13_20-34-01) by extension 'python'
[0.923s] Level 1:colcon.colcon_core.package_identification:_identify(src/log/build_2024-11-13_20-34-01) by extensions ['python_setup_py']
[0.923s] Level 1:colcon.colcon_core.package_identification:_identify(src/log/build_2024-11-13_20-34-01) by extension 'python_setup_py'
[0.923s] Level 1:colcon.colcon_core.package_identification:_identify(src/log/build_2024-11-13_20-34-01/b4_package) by extensions ['ignore', 'ignore_ament_install']
[0.923s] Level 1:colcon.colcon_core.package_identification:_identify(src/log/build_2024-11-13_20-34-01/b4_package) by extension 'ignore'
[0.923s] Level 1:colcon.colcon_core.package_identification:_identify(src/log/build_2024-11-13_20-34-01/b4_package) by extension 'ignore_ament_install'
[0.923s] Level 1:colcon.colcon_core.package_identification:_identify(src/log/build_2024-11-13_20-34-01/b4_package) by extensions ['colcon_pkg']
[0.923s] Level 1:colcon.colcon_core.package_identification:_identify(src/log/build_2024-11-13_20-34-01/b4_package) by extension 'colcon_pkg'
[0.923s] Level 1:colcon.colcon_core.package_identification:_identify(src/log/build_2024-11-13_20-34-01/b4_package) by extensions ['colcon_meta']
[0.923s] Level 1:colcon.colcon_core.package_identification:_identify(src/log/build_2024-11-13_20-34-01/b4_package) by extension 'colcon_meta'
[0.923s] Level 1:colcon.colcon_core.package_identification:_identify(src/log/build_2024-11-13_20-34-01/b4_package) by extensions ['ros']
[0.923s] Level 1:colcon.colcon_core.package_identification:_identify(src/log/build_2024-11-13_20-34-01/b4_package) by extension 'ros'
[0.923s] Level 1:colcon.colcon_core.package_identification:_identify(src/log/build_2024-11-13_20-34-01/b4_package) by extensions ['cmake', 'python']
[0.923s] Level 1:colcon.colcon_core.package_identification:_identify(src/log/build_2024-11-13_20-34-01/b4_package) by extension 'cmake'
[0.924s] Level 1:colcon.colcon_core.package_identification:_identify(src/log/build_2024-11-13_20-34-01/b4_package) by extension 'python'
[0.924s] Level 1:colcon.colcon_core.package_identification:_identify(src/log/build_2024-11-13_20-34-01/b4_package) by extensions ['python_setup_py']
[0.924s] Level 1:colcon.colcon_core.package_identification:_identify(src/log/build_2024-11-13_20-34-01/b4_package) by extension 'python_setup_py'
[0.924s] Level 1:colcon.colcon_core.package_identification:_identify(src/log/build_2024-11-13_20-37-51) by extensions ['ignore', 'ignore_ament_install']
[0.924s] Level 1:colcon.colcon_core.package_identification:_identify(src/log/build_2024-11-13_20-37-51) by extension 'ignore'
[0.924s] Level 1:colcon.colcon_core.package_identification:_identify(src/log/build_2024-11-13_20-37-51) by extension 'ignore_ament_install'
[0.924s] Level 1:colcon.colcon_core.package_identification:_identify(src/log/build_2024-11-13_20-37-51) by extensions ['colcon_pkg']
[0.924s] Level 1:colcon.colcon_core.package_identification:_identify(src/log/build_2024-11-13_20-37-51) by extension 'colcon_pkg'
[0.924s] Level 1:colcon.colcon_core.package_identification:_identify(src/log/build_2024-11-13_20-37-51) by extensions ['colcon_meta']
[0.924s] Level 1:colcon.colcon_core.package_identification:_identify(src/log/build_2024-11-13_20-37-51) by extension 'colcon_meta'
[0.925s] Level 1:colcon.colcon_core.package_identification:_identify(src/log/build_2024-11-13_20-37-51) by extensions ['ros']
[0.925s] Level 1:colcon.colcon_core.package_identification:_identify(src/log/build_2024-11-13_20-37-51) by extension 'ros'
[0.925s] Level 1:colcon.colcon_core.package_identification:_identify(src/log/build_2024-11-13_20-37-51) by extensions ['cmake', 'python']
[0.925s] Level 1:colcon.colcon_core.package_identification:_identify(src/log/build_2024-11-13_20-37-51) by extension 'cmake'
[0.925s] Level 1:colcon.colcon_core.package_identification:_identify(src/log/build_2024-11-13_20-37-51) by extension 'python'
[0.925s] Level 1:colcon.colcon_core.package_identification:_identify(src/log/build_2024-11-13_20-37-51) by extensions ['python_setup_py']
[0.925s] Level 1:colcon.colcon_core.package_identification:_identify(src/log/build_2024-11-13_20-37-51) by extension 'python_setup_py'
[0.926s] Level 1:colcon.colcon_core.package_identification:_identify(src/log/build_2024-11-13_20-37-51/b4_package) by extensions ['ignore', 'ignore_ament_install']
[0.926s] Level 1:colcon.colcon_core.package_identification:_identify(src/log/build_2024-11-13_20-37-51/b4_package) by extension 'ignore'
[0.926s] Level 1:colcon.colcon_core.package_identification:_identify(src/log/build_2024-11-13_20-37-51/b4_package) by extension 'ignore_ament_install'
[0.926s] Level 1:colcon.colcon_core.package_identification:_identify(src/log/build_2024-11-13_20-37-51/b4_package) by extensions ['colcon_pkg']
[0.926s] Level 1:colcon.colcon_core.package_identification:_identify(src/log/build_2024-11-13_20-37-51/b4_package) by extension 'colcon_pkg'
[0.926s] Level 1:colcon.colcon_core.package_identification:_identify(src/log/build_2024-11-13_20-37-51/b4_package) by extensions ['colcon_meta']
[0.926s] Level 1:colcon.colcon_core.package_identification:_identify(src/log/build_2024-11-13_20-37-51/b4_package) by extension 'colcon_meta'
[0.927s] Level 1:colcon.colcon_core.package_identification:_identify(src/log/build_2024-11-13_20-37-51/b4_package) by extensions ['ros']
[0.927s] Level 1:colcon.colcon_core.package_identification:_identify(src/log/build_2024-11-13_20-37-51/b4_package) by extension 'ros'
[0.927s] Level 1:colcon.colcon_core.package_identification:_identify(src/log/build_2024-11-13_20-37-51/b4_package) by extensions ['cmake', 'python']
[0.927s] Level 1:colcon.colcon_core.package_identification:_identify(src/log/build_2024-11-13_20-37-51/b4_package) by extension 'cmake'
[0.927s] Level 1:colcon.colcon_core.package_identification:_identify(src/log/build_2024-11-13_20-37-51/b4_package) by extension 'python'
[0.927s] Level 1:colcon.colcon_core.package_identification:_identify(src/log/build_2024-11-13_20-37-51/b4_package) by extensions ['python_setup_py']
[0.927s] Level 1:colcon.colcon_core.package_identification:_identify(src/log/build_2024-11-13_20-37-51/b4_package) by extension 'python_setup_py'
[0.927s] Level 1:colcon.colcon_core.package_identification:_identify(src/log/build_2024-11-13_20-39-56) by extensions ['ignore', 'ignore_ament_install']
[0.928s] Level 1:colcon.colcon_core.package_identification:_identify(src/log/build_2024-11-13_20-39-56) by extension 'ignore'
[0.928s] Level 1:colcon.colcon_core.package_identification:_identify(src/log/build_2024-11-13_20-39-56) by extension 'ignore_ament_install'
[0.928s] Level 1:colcon.colcon_core.package_identification:_identify(src/log/build_2024-11-13_20-39-56) by extensions ['colcon_pkg']
[0.928s] Level 1:colcon.colcon_core.package_identification:_identify(src/log/build_2024-11-13_20-39-56) by extension 'colcon_pkg'
[0.928s] Level 1:colcon.colcon_core.package_identification:_identify(src/log/build_2024-11-13_20-39-56) by extensions ['colcon_meta']
[0.928s] Level 1:colcon.colcon_core.package_identification:_identify(src/log/build_2024-11-13_20-39-56) by extension 'colcon_meta'
[0.928s] Level 1:colcon.colcon_core.package_identification:_identify(src/log/build_2024-11-13_20-39-56) by extensions ['ros']
[0.928s] Level 1:colcon.colcon_core.package_identification:_identify(src/log/build_2024-11-13_20-39-56) by extension 'ros'
[0.928s] Level 1:colcon.colcon_core.package_identification:_identify(src/log/build_2024-11-13_20-39-56) by extensions ['cmake', 'python']
[0.928s] Level 1:colcon.colcon_core.package_identification:_identify(src/log/build_2024-11-13_20-39-56) by extension 'cmake'
[0.928s] Level 1:colcon.colcon_core.package_identification:_identify(src/log/build_2024-11-13_20-39-56) by extension 'python'
[0.928s] Level 1:colcon.colcon_core.package_identification:_identify(src/log/build_2024-11-13_20-39-56) by extensions ['python_setup_py']
[0.928s] Level 1:colcon.colcon_core.package_identification:_identify(src/log/build_2024-11-13_20-39-56) by extension 'python_setup_py'
[0.929s] Level 1:colcon.colcon_core.package_identification:_identify(src/log/build_2024-11-13_20-39-56/b4_package) by extensions ['ignore', 'ignore_ament_install']
[0.929s] Level 1:colcon.colcon_core.package_identification:_identify(src/log/build_2024-11-13_20-39-56/b4_package) by extension 'ignore'
[0.929s] Level 1:colcon.colcon_core.package_identification:_identify(src/log/build_2024-11-13_20-39-56/b4_package) by extension 'ignore_ament_install'
[0.929s] Level 1:colcon.colcon_core.package_identification:_identify(src/log/build_2024-11-13_20-39-56/b4_package) by extensions ['colcon_pkg']
[0.929s] Level 1:colcon.colcon_core.package_identification:_identify(src/log/build_2024-11-13_20-39-56/b4_package) by extension 'colcon_pkg'
[0.929s] Level 1:colcon.colcon_core.package_identification:_identify(src/log/build_2024-11-13_20-39-56/b4_package) by extensions ['colcon_meta']
[0.929s] Level 1:colcon.colcon_core.package_identification:_identify(src/log/build_2024-11-13_20-39-56/b4_package) by extension 'colcon_meta'
[0.929s] Level 1:colcon.colcon_core.package_identification:_identify(src/log/build_2024-11-13_20-39-56/b4_package) by extensions ['ros']
[0.929s] Level 1:colcon.colcon_core.package_identification:_identify(src/log/build_2024-11-13_20-39-56/b4_package) by extension 'ros'
[0.929s] Level 1:colcon.colcon_core.package_identification:_identify(src/log/build_2024-11-13_20-39-56/b4_package) by extensions ['cmake', 'python']
[0.929s] Level 1:colcon.colcon_core.package_identification:_identify(src/log/build_2024-11-13_20-39-56/b4_package) by extension 'cmake'
[0.929s] Level 1:colcon.colcon_core.package_identification:_identify(src/log/build_2024-11-13_20-39-56/b4_package) by extension 'python'
[0.929s] Level 1:colcon.colcon_core.package_identification:_identify(src/log/build_2024-11-13_20-39-56/b4_package) by extensions ['python_setup_py']
[0.929s] Level 1:colcon.colcon_core.package_identification:_identify(src/log/build_2024-11-13_20-39-56/b4_package) by extension 'python_setup_py'
[0.929s] Level 1:colcon.colcon_core.package_identification:_identify(src/log/build_2024-11-13_20-41-40) by extensions ['ignore', 'ignore_ament_install']
[0.930s] Level 1:colcon.colcon_core.package_identification:_identify(src/log/build_2024-11-13_20-41-40) by extension 'ignore'
[0.930s] Level 1:colcon.colcon_core.package_identification:_identify(src/log/build_2024-11-13_20-41-40) by extension 'ignore_ament_install'
[0.930s] Level 1:colcon.colcon_core.package_identification:_identify(src/log/build_2024-11-13_20-41-40) by extensions ['colcon_pkg']
[0.930s] Level 1:colcon.colcon_core.package_identification:_identify(src/log/build_2024-11-13_20-41-40) by extension 'colcon_pkg'
[0.930s] Level 1:colcon.colcon_core.package_identification:_identify(src/log/build_2024-11-13_20-41-40) by extensions ['colcon_meta']
[0.930s] Level 1:colcon.colcon_core.package_identification:_identify(src/log/build_2024-11-13_20-41-40) by extension 'colcon_meta'
[0.930s] Level 1:colcon.colcon_core.package_identification:_identify(src/log/build_2024-11-13_20-41-40) by extensions ['ros']
[0.930s] Level 1:colcon.colcon_core.package_identification:_identify(src/log/build_2024-11-13_20-41-40) by extension 'ros'
[0.930s] Level 1:colcon.colcon_core.package_identification:_identify(src/log/build_2024-11-13_20-41-40) by extensions ['cmake', 'python']
[0.930s] Level 1:colcon.colcon_core.package_identification:_identify(src/log/build_2024-11-13_20-41-40) by extension 'cmake'
[0.930s] Level 1:colcon.colcon_core.package_identification:_identify(src/log/build_2024-11-13_20-41-40) by extension 'python'
[0.930s] Level 1:colcon.colcon_core.package_identification:_identify(src/log/build_2024-11-13_20-41-40) by extensions ['python_setup_py']
[0.930s] Level 1:colcon.colcon_core.package_identification:_identify(src/log/build_2024-11-13_20-41-40) by extension 'python_setup_py'
[0.930s] Level 1:colcon.colcon_core.package_identification:_identify(src/log/build_2024-11-13_20-41-40/b4_package) by extensions ['ignore', 'ignore_ament_install']
[0.930s] Level 1:colcon.colcon_core.package_identification:_identify(src/log/build_2024-11-13_20-41-40/b4_package) by extension 'ignore'
[0.931s] Level 1:colcon.colcon_core.package_identification:_identify(src/log/build_2024-11-13_20-41-40/b4_package) by extension 'ignore_ament_install'
[0.931s] Level 1:colcon.colcon_core.package_identification:_identify(src/log/build_2024-11-13_20-41-40/b4_package) by extensions ['colcon_pkg']
[0.931s] Level 1:colcon.colcon_core.package_identification:_identify(src/log/build_2024-11-13_20-41-40/b4_package) by extension 'colcon_pkg'
[0.931s] Level 1:colcon.colcon_core.package_identification:_identify(src/log/build_2024-11-13_20-41-40/b4_package) by extensions ['colcon_meta']
[0.931s] Level 1:colcon.colcon_core.package_identification:_identify(src/log/build_2024-11-13_20-41-40/b4_package) by extension 'colcon_meta'
[0.931s] Level 1:colcon.colcon_core.package_identification:_identify(src/log/build_2024-11-13_20-41-40/b4_package) by extensions ['ros']
[0.931s] Level 1:colcon.colcon_core.package_identification:_identify(src/log/build_2024-11-13_20-41-40/b4_package) by extension 'ros'
[0.931s] Level 1:colcon.colcon_core.package_identification:_identify(src/log/build_2024-11-13_20-41-40/b4_package) by extensions ['cmake', 'python']
[0.931s] Level 1:colcon.colcon_core.package_identification:_identify(src/log/build_2024-11-13_20-41-40/b4_package) by extension 'cmake'
[0.931s] Level 1:colcon.colcon_core.package_identification:_identify(src/log/build_2024-11-13_20-41-40/b4_package) by extension 'python'
[0.931s] Level 1:colcon.colcon_core.package_identification:_identify(src/log/build_2024-11-13_20-41-40/b4_package) by extensions ['python_setup_py']
[0.931s] Level 1:colcon.colcon_core.package_identification:_identify(src/log/build_2024-11-13_20-41-40/b4_package) by extension 'python_setup_py'
[0.931s] Level 1:colcon.colcon_core.package_identification:_identify(src/log/build_2024-11-13_20-42-35) by extensions ['ignore', 'ignore_ament_install']
[0.931s] Level 1:colcon.colcon_core.package_identification:_identify(src/log/build_2024-11-13_20-42-35) by extension 'ignore'
[0.931s] Level 1:colcon.colcon_core.package_identification:_identify(src/log/build_2024-11-13_20-42-35) by extension 'ignore_ament_install'
[0.931s] Level 1:colcon.colcon_core.package_identification:_identify(src/log/build_2024-11-13_20-42-35) by extensions ['colcon_pkg']
[0.931s] Level 1:colcon.colcon_core.package_identification:_identify(src/log/build_2024-11-13_20-42-35) by extension 'colcon_pkg'
[0.931s] Level 1:colcon.colcon_core.package_identification:_identify(src/log/build_2024-11-13_20-42-35) by extensions ['colcon_meta']
[0.932s] Level 1:colcon.colcon_core.package_identification:_identify(src/log/build_2024-11-13_20-42-35) by extension 'colcon_meta'
[0.932s] Level 1:colcon.colcon_core.package_identification:_identify(src/log/build_2024-11-13_20-42-35) by extensions ['ros']
[0.932s] Level 1:colcon.colcon_core.package_identification:_identify(src/log/build_2024-11-13_20-42-35) by extension 'ros'
[0.932s] Level 1:colcon.colcon_core.package_identification:_identify(src/log/build_2024-11-13_20-42-35) by extensions ['cmake', 'python']
[0.932s] Level 1:colcon.colcon_core.package_identification:_identify(src/log/build_2024-11-13_20-42-35) by extension 'cmake'
[0.932s] Level 1:colcon.colcon_core.package_identification:_identify(src/log/build_2024-11-13_20-42-35) by extension 'python'
[0.932s] Level 1:colcon.colcon_core.package_identification:_identify(src/log/build_2024-11-13_20-42-35) by extensions ['python_setup_py']
[0.932s] Level 1:colcon.colcon_core.package_identification:_identify(src/log/build_2024-11-13_20-42-35) by extension 'python_setup_py'
[0.932s] Level 1:colcon.colcon_core.package_identification:_identify(src/log/build_2024-11-13_20-42-35/b4_package) by extensions ['ignore', 'ignore_ament_install']
[0.932s] Level 1:colcon.colcon_core.package_identification:_identify(src/log/build_2024-11-13_20-42-35/b4_package) by extension 'ignore'
[0.932s] Level 1:colcon.colcon_core.package_identification:_identify(src/log/build_2024-11-13_20-42-35/b4_package) by extension 'ignore_ament_install'
[0.932s] Level 1:colcon.colcon_core.package_identification:_identify(src/log/build_2024-11-13_20-42-35/b4_package) by extensions ['colcon_pkg']
[0.932s] Level 1:colcon.colcon_core.package_identification:_identify(src/log/build_2024-11-13_20-42-35/b4_package) by extension 'colcon_pkg'
[0.932s] Level 1:colcon.colcon_core.package_identification:_identify(src/log/build_2024-11-13_20-42-35/b4_package) by extensions ['colcon_meta']
[0.932s] Level 1:colcon.colcon_core.package_identification:_identify(src/log/build_2024-11-13_20-42-35/b4_package) by extension 'colcon_meta'
[0.932s] Level 1:colcon.colcon_core.package_identification:_identify(src/log/build_2024-11-13_20-42-35/b4_package) by extensions ['ros']
[0.932s] Level 1:colcon.colcon_core.package_identification:_identify(src/log/build_2024-11-13_20-42-35/b4_package) by extension 'ros'
[0.933s] Level 1:colcon.colcon_core.package_identification:_identify(src/log/build_2024-11-13_20-42-35/b4_package) by extensions ['cmake', 'python']
[0.933s] Level 1:colcon.colcon_core.package_identification:_identify(src/log/build_2024-11-13_20-42-35/b4_package) by extension 'cmake'
[0.933s] Level 1:colcon.colcon_core.package_identification:_identify(src/log/build_2024-11-13_20-42-35/b4_package) by extension 'python'
[0.933s] Level 1:colcon.colcon_core.package_identification:_identify(src/log/build_2024-11-13_20-42-35/b4_package) by extensions ['python_setup_py']
[0.933s] Level 1:colcon.colcon_core.package_identification:_identify(src/log/build_2024-11-13_20-42-35/b4_package) by extension 'python_setup_py'
[0.933s] Level 1:colcon.colcon_core.package_identification:_identify(src/log/build_2024-11-13_20-44-57) by extensions ['ignore', 'ignore_ament_install']
[0.933s] Level 1:colcon.colcon_core.package_identification:_identify(src/log/build_2024-11-13_20-44-57) by extension 'ignore'
[0.933s] Level 1:colcon.colcon_core.package_identification:_identify(src/log/build_2024-11-13_20-44-57) by extension 'ignore_ament_install'
[0.933s] Level 1:colcon.colcon_core.package_identification:_identify(src/log/build_2024-11-13_20-44-57) by extensions ['colcon_pkg']
[0.933s] Level 1:colcon.colcon_core.package_identification:_identify(src/log/build_2024-11-13_20-44-57) by extension 'colcon_pkg'
[0.933s] Level 1:colcon.colcon_core.package_identification:_identify(src/log/build_2024-11-13_20-44-57) by extensions ['colcon_meta']
[0.933s] Level 1:colcon.colcon_core.package_identification:_identify(src/log/build_2024-11-13_20-44-57) by extension 'colcon_meta'
[0.933s] Level 1:colcon.colcon_core.package_identification:_identify(src/log/build_2024-11-13_20-44-57) by extensions ['ros']
[0.933s] Level 1:colcon.colcon_core.package_identification:_identify(src/log/build_2024-11-13_20-44-57) by extension 'ros'
[0.933s] Level 1:colcon.colcon_core.package_identification:_identify(src/log/build_2024-11-13_20-44-57) by extensions ['cmake', 'python']
[0.933s] Level 1:colcon.colcon_core.package_identification:_identify(src/log/build_2024-11-13_20-44-57) by extension 'cmake'
[0.933s] Level 1:colcon.colcon_core.package_identification:_identify(src/log/build_2024-11-13_20-44-57) by extension 'python'
[0.933s] Level 1:colcon.colcon_core.package_identification:_identify(src/log/build_2024-11-13_20-44-57) by extensions ['python_setup_py']
[0.933s] Level 1:colcon.colcon_core.package_identification:_identify(src/log/build_2024-11-13_20-44-57) by extension 'python_setup_py'
[0.934s] Level 1:colcon.colcon_core.package_identification:_identify(src/log/build_2024-11-13_20-44-57/b4_package) by extensions ['ignore', 'ignore_ament_install']
[0.934s] Level 1:colcon.colcon_core.package_identification:_identify(src/log/build_2024-11-13_20-44-57/b4_package) by extension 'ignore'
[0.934s] Level 1:colcon.colcon_core.package_identification:_identify(src/log/build_2024-11-13_20-44-57/b4_package) by extension 'ignore_ament_install'
[0.934s] Level 1:colcon.colcon_core.package_identification:_identify(src/log/build_2024-11-13_20-44-57/b4_package) by extensions ['colcon_pkg']
[0.934s] Level 1:colcon.colcon_core.package_identification:_identify(src/log/build_2024-11-13_20-44-57/b4_package) by extension 'colcon_pkg'
[0.934s] Level 1:colcon.colcon_core.package_identification:_identify(src/log/build_2024-11-13_20-44-57/b4_package) by extensions ['colcon_meta']
[0.934s] Level 1:colcon.colcon_core.package_identification:_identify(src/log/build_2024-11-13_20-44-57/b4_package) by extension 'colcon_meta'
[0.934s] Level 1:colcon.colcon_core.package_identification:_identify(src/log/build_2024-11-13_20-44-57/b4_package) by extensions ['ros']
[0.934s] Level 1:colcon.colcon_core.package_identification:_identify(src/log/build_2024-11-13_20-44-57/b4_package) by extension 'ros'
[0.934s] Level 1:colcon.colcon_core.package_identification:_identify(src/log/build_2024-11-13_20-44-57/b4_package) by extensions ['cmake', 'python']
[0.934s] Level 1:colcon.colcon_core.package_identification:_identify(src/log/build_2024-11-13_20-44-57/b4_package) by extension 'cmake'
[0.934s] Level 1:colcon.colcon_core.package_identification:_identify(src/log/build_2024-11-13_20-44-57/b4_package) by extension 'python'
[0.934s] Level 1:colcon.colcon_core.package_identification:_identify(src/log/build_2024-11-13_20-44-57/b4_package) by extensions ['python_setup_py']
[0.934s] Level 1:colcon.colcon_core.package_identification:_identify(src/log/build_2024-11-13_20-44-57/b4_package) by extension 'python_setup_py'
[0.934s] Level 1:colcon.colcon_core.package_identification:_identify(src/log/build_2024-11-13_20-45-56) by extensions ['ignore', 'ignore_ament_install']
[0.935s] Level 1:colcon.colcon_core.package_identification:_identify(src/log/build_2024-11-13_20-45-56) by extension 'ignore'
[0.935s] Level 1:colcon.colcon_core.package_identification:_identify(src/log/build_2024-11-13_20-45-56) by extension 'ignore_ament_install'
[0.935s] Level 1:colcon.colcon_core.package_identification:_identify(src/log/build_2024-11-13_20-45-56) by extensions ['colcon_pkg']
[0.935s] Level 1:colcon.colcon_core.package_identification:_identify(src/log/build_2024-11-13_20-45-56) by extension 'colcon_pkg'
[0.935s] Level 1:colcon.colcon_core.package_identification:_identify(src/log/build_2024-11-13_20-45-56) by extensions ['colcon_meta']
[0.935s] Level 1:colcon.colcon_core.package_identification:_identify(src/log/build_2024-11-13_20-45-56) by extension 'colcon_meta'
[0.935s] Level 1:colcon.colcon_core.package_identification:_identify(src/log/build_2024-11-13_20-45-56) by extensions ['ros']
[0.935s] Level 1:colcon.colcon_core.package_identification:_identify(src/log/build_2024-11-13_20-45-56) by extension 'ros'
[0.935s] Level 1:colcon.colcon_core.package_identification:_identify(src/log/build_2024-11-13_20-45-56) by extensions ['cmake', 'python']
[0.935s] Level 1:colcon.colcon_core.package_identification:_identify(src/log/build_2024-11-13_20-45-56) by extension 'cmake'
[0.935s] Level 1:colcon.colcon_core.package_identification:_identify(src/log/build_2024-11-13_20-45-56) by extension 'python'
[0.935s] Level 1:colcon.colcon_core.package_identification:_identify(src/log/build_2024-11-13_20-45-56) by extensions ['python_setup_py']
[0.935s] Level 1:colcon.colcon_core.package_identification:_identify(src/log/build_2024-11-13_20-45-56) by extension 'python_setup_py'
[0.935s] Level 1:colcon.colcon_core.package_identification:_identify(src/log/build_2024-11-13_20-45-56/b4_package) by extensions ['ignore', 'ignore_ament_install']
[0.935s] Level 1:colcon.colcon_core.package_identification:_identify(src/log/build_2024-11-13_20-45-56/b4_package) by extension 'ignore'
[0.936s] Level 1:colcon.colcon_core.package_identification:_identify(src/log/build_2024-11-13_20-45-56/b4_package) by extension 'ignore_ament_install'
[0.936s] Level 1:colcon.colcon_core.package_identification:_identify(src/log/build_2024-11-13_20-45-56/b4_package) by extensions ['colcon_pkg']
[0.936s] Level 1:colcon.colcon_core.package_identification:_identify(src/log/build_2024-11-13_20-45-56/b4_package) by extension 'colcon_pkg'
[0.936s] Level 1:colcon.colcon_core.package_identification:_identify(src/log/build_2024-11-13_20-45-56/b4_package) by extensions ['colcon_meta']
[0.936s] Level 1:colcon.colcon_core.package_identification:_identify(src/log/build_2024-11-13_20-45-56/b4_package) by extension 'colcon_meta'
[0.936s] Level 1:colcon.colcon_core.package_identification:_identify(src/log/build_2024-11-13_20-45-56/b4_package) by extensions ['ros']
[0.936s] Level 1:colcon.colcon_core.package_identification:_identify(src/log/build_2024-11-13_20-45-56/b4_package) by extension 'ros'
[0.936s] Level 1:colcon.colcon_core.package_identification:_identify(src/log/build_2024-11-13_20-45-56/b4_package) by extensions ['cmake', 'python']
[0.936s] Level 1:colcon.colcon_core.package_identification:_identify(src/log/build_2024-11-13_20-45-56/b4_package) by extension 'cmake'
[0.936s] Level 1:colcon.colcon_core.package_identification:_identify(src/log/build_2024-11-13_20-45-56/b4_package) by extension 'python'
[0.936s] Level 1:colcon.colcon_core.package_identification:_identify(src/log/build_2024-11-13_20-45-56/b4_package) by extensions ['python_setup_py']
[0.936s] Level 1:colcon.colcon_core.package_identification:_identify(src/log/build_2024-11-13_20-45-56/b4_package) by extension 'python_setup_py'
[0.936s] Level 1:colcon.colcon_core.package_identification:_identify(src/log/build_2024-11-13_20-51-59) by extensions ['ignore', 'ignore_ament_install']
[0.936s] Level 1:colcon.colcon_core.package_identification:_identify(src/log/build_2024-11-13_20-51-59) by extension 'ignore'
[0.936s] Level 1:colcon.colcon_core.package_identification:_identify(src/log/build_2024-11-13_20-51-59) by extension 'ignore_ament_install'
[0.936s] Level 1:colcon.colcon_core.package_identification:_identify(src/log/build_2024-11-13_20-51-59) by extensions ['colcon_pkg']
[0.937s] Level 1:colcon.colcon_core.package_identification:_identify(src/log/build_2024-11-13_20-51-59) by extension 'colcon_pkg'
[0.937s] Level 1:colcon.colcon_core.package_identification:_identify(src/log/build_2024-11-13_20-51-59) by extensions ['colcon_meta']
[0.937s] Level 1:colcon.colcon_core.package_identification:_identify(src/log/build_2024-11-13_20-51-59) by extension 'colcon_meta'
[0.937s] Level 1:colcon.colcon_core.package_identification:_identify(src/log/build_2024-11-13_20-51-59) by extensions ['ros']
[0.937s] Level 1:colcon.colcon_core.package_identification:_identify(src/log/build_2024-11-13_20-51-59) by extension 'ros'
[0.937s] Level 1:colcon.colcon_core.package_identification:_identify(src/log/build_2024-11-13_20-51-59) by extensions ['cmake', 'python']
[0.937s] Level 1:colcon.colcon_core.package_identification:_identify(src/log/build_2024-11-13_20-51-59) by extension 'cmake'
[0.937s] Level 1:colcon.colcon_core.package_identification:_identify(src/log/build_2024-11-13_20-51-59) by extension 'python'
[0.937s] Level 1:colcon.colcon_core.package_identification:_identify(src/log/build_2024-11-13_20-51-59) by extensions ['python_setup_py']
[0.937s] Level 1:colcon.colcon_core.package_identification:_identify(src/log/build_2024-11-13_20-51-59) by extension 'python_setup_py'
[0.937s] Level 1:colcon.colcon_core.package_identification:_identify(src/log/build_2024-11-13_20-51-59/b4_package) by extensions ['ignore', 'ignore_ament_install']
[0.937s] Level 1:colcon.colcon_core.package_identification:_identify(src/log/build_2024-11-13_20-51-59/b4_package) by extension 'ignore'
[0.937s] Level 1:colcon.colcon_core.package_identification:_identify(src/log/build_2024-11-13_20-51-59/b4_package) by extension 'ignore_ament_install'
[0.937s] Level 1:colcon.colcon_core.package_identification:_identify(src/log/build_2024-11-13_20-51-59/b4_package) by extensions ['colcon_pkg']
[0.937s] Level 1:colcon.colcon_core.package_identification:_identify(src/log/build_2024-11-13_20-51-59/b4_package) by extension 'colcon_pkg'
[0.937s] Level 1:colcon.colcon_core.package_identification:_identify(src/log/build_2024-11-13_20-51-59/b4_package) by extensions ['colcon_meta']
[0.938s] Level 1:colcon.colcon_core.package_identification:_identify(src/log/build_2024-11-13_20-51-59/b4_package) by extension 'colcon_meta'
[0.938s] Level 1:colcon.colcon_core.package_identification:_identify(src/log/build_2024-11-13_20-51-59/b4_package) by extensions ['ros']
[0.938s] Level 1:colcon.colcon_core.package_identification:_identify(src/log/build_2024-11-13_20-51-59/b4_package) by extension 'ros'
[0.938s] Level 1:colcon.colcon_core.package_identification:_identify(src/log/build_2024-11-13_20-51-59/b4_package) by extensions ['cmake', 'python']
[0.938s] Level 1:colcon.colcon_core.package_identification:_identify(src/log/build_2024-11-13_20-51-59/b4_package) by extension 'cmake'
[0.938s] Level 1:colcon.colcon_core.package_identification:_identify(src/log/build_2024-11-13_20-51-59/b4_package) by extension 'python'
[0.938s] Level 1:colcon.colcon_core.package_identification:_identify(src/log/build_2024-11-13_20-51-59/b4_package) by extensions ['python_setup_py']
[0.938s] Level 1:colcon.colcon_core.package_identification:_identify(src/log/build_2024-11-13_20-51-59/b4_package) by extension 'python_setup_py'
[0.938s] Level 1:colcon.colcon_core.package_identification:_identify(src/log/build_2024-11-13_20-53-56) by extensions ['ignore', 'ignore_ament_install']
[0.938s] Level 1:colcon.colcon_core.package_identification:_identify(src/log/build_2024-11-13_20-53-56) by extension 'ignore'
[0.938s] Level 1:colcon.colcon_core.package_identification:_identify(src/log/build_2024-11-13_20-53-56) by extension 'ignore_ament_install'
[0.938s] Level 1:colcon.colcon_core.package_identification:_identify(src/log/build_2024-11-13_20-53-56) by extensions ['colcon_pkg']
[0.938s] Level 1:colcon.colcon_core.package_identification:_identify(src/log/build_2024-11-13_20-53-56) by extension 'colcon_pkg'
[0.938s] Level 1:colcon.colcon_core.package_identification:_identify(src/log/build_2024-11-13_20-53-56) by extensions ['colcon_meta']
[0.938s] Level 1:colcon.colcon_core.package_identification:_identify(src/log/build_2024-11-13_20-53-56) by extension 'colcon_meta'
[0.938s] Level 1:colcon.colcon_core.package_identification:_identify(src/log/build_2024-11-13_20-53-56) by extensions ['ros']
[0.938s] Level 1:colcon.colcon_core.package_identification:_identify(src/log/build_2024-11-13_20-53-56) by extension 'ros'
[0.939s] Level 1:colcon.colcon_core.package_identification:_identify(src/log/build_2024-11-13_20-53-56) by extensions ['cmake', 'python']
[0.939s] Level 1:colcon.colcon_core.package_identification:_identify(src/log/build_2024-11-13_20-53-56) by extension 'cmake'
[0.939s] Level 1:colcon.colcon_core.package_identification:_identify(src/log/build_2024-11-13_20-53-56) by extension 'python'
[0.939s] Level 1:colcon.colcon_core.package_identification:_identify(src/log/build_2024-11-13_20-53-56) by extensions ['python_setup_py']
[0.939s] Level 1:colcon.colcon_core.package_identification:_identify(src/log/build_2024-11-13_20-53-56) by extension 'python_setup_py'
[0.939s] Level 1:colcon.colcon_core.package_identification:_identify(src/log/build_2024-11-13_20-53-56/b4_package) by extensions ['ignore', 'ignore_ament_install']
[0.939s] Level 1:colcon.colcon_core.package_identification:_identify(src/log/build_2024-11-13_20-53-56/b4_package) by extension 'ignore'
[0.939s] Level 1:colcon.colcon_core.package_identification:_identify(src/log/build_2024-11-13_20-53-56/b4_package) by extension 'ignore_ament_install'
[0.939s] Level 1:colcon.colcon_core.package_identification:_identify(src/log/build_2024-11-13_20-53-56/b4_package) by extensions ['colcon_pkg']
[0.939s] Level 1:colcon.colcon_core.package_identification:_identify(src/log/build_2024-11-13_20-53-56/b4_package) by extension 'colcon_pkg'
[0.939s] Level 1:colcon.colcon_core.package_identification:_identify(src/log/build_2024-11-13_20-53-56/b4_package) by extensions ['colcon_meta']
[0.939s] Level 1:colcon.colcon_core.package_identification:_identify(src/log/build_2024-11-13_20-53-56/b4_package) by extension 'colcon_meta'
[0.939s] Level 1:colcon.colcon_core.package_identification:_identify(src/log/build_2024-11-13_20-53-56/b4_package) by extensions ['ros']
[0.939s] Level 1:colcon.colcon_core.package_identification:_identify(src/log/build_2024-11-13_20-53-56/b4_package) by extension 'ros'
[0.939s] Level 1:colcon.colcon_core.package_identification:_identify(src/log/build_2024-11-13_20-53-56/b4_package) by extensions ['cmake', 'python']
[0.939s] Level 1:colcon.colcon_core.package_identification:_identify(src/log/build_2024-11-13_20-53-56/b4_package) by extension 'cmake'
[0.940s] Level 1:colcon.colcon_core.package_identification:_identify(src/log/build_2024-11-13_20-53-56/b4_package) by extension 'python'
[0.940s] Level 1:colcon.colcon_core.package_identification:_identify(src/log/build_2024-11-13_20-53-56/b4_package) by extensions ['python_setup_py']
[0.940s] Level 1:colcon.colcon_core.package_identification:_identify(src/log/build_2024-11-13_20-53-56/b4_package) by extension 'python_setup_py'
[0.940s] Level 1:colcon.colcon_core.package_identification:_identify(src/output) by extensions ['ignore', 'ignore_ament_install']
[0.940s] Level 1:colcon.colcon_core.package_identification:_identify(src/output) by extension 'ignore'
[0.940s] Level 1:colcon.colcon_core.package_identification:_identify(src/output) by extension 'ignore_ament_install'
[0.940s] Level 1:colcon.colcon_core.package_identification:_identify(src/output) by extensions ['colcon_pkg']
[0.940s] Level 1:colcon.colcon_core.package_identification:_identify(src/output) by extension 'colcon_pkg'
[0.940s] Level 1:colcon.colcon_core.package_identification:_identify(src/output) by extensions ['colcon_meta']
[0.940s] Level 1:colcon.colcon_core.package_identification:_identify(src/output) by extension 'colcon_meta'
[0.940s] Level 1:colcon.colcon_core.package_identification:_identify(src/output) by extensions ['ros']
[0.940s] Level 1:colcon.colcon_core.package_identification:_identify(src/output) by extension 'ros'
[0.941s] Level 1:colcon.colcon_core.package_identification:_identify(src/output) by extensions ['cmake', 'python']
[0.941s] Level 1:colcon.colcon_core.package_identification:_identify(src/output) by extension 'cmake'
[0.941s] Level 1:colcon.colcon_core.package_identification:_identify(src/output) by extension 'python'
[0.941s] Level 1:colcon.colcon_core.package_identification:_identify(src/output) by extensions ['python_setup_py']
[0.941s] Level 1:colcon.colcon_core.package_identification:_identify(src/output) by extension 'python_setup_py'
[0.941s] Level 1:colcon.colcon_core.package_discovery:discover_packages(recursive) using defaults
[0.941s] Level 1:colcon.colcon_core.package_discovery:discover_packages(ignore) discover
[0.941s] Level 1:colcon.colcon_core.package_discovery:discover_packages(ignore) using defaults
[0.941s] Level 1:colcon.colcon_core.package_discovery:discover_packages(path) discover
[0.941s] Level 1:colcon.colcon_core.package_discovery:discover_packages(path) using defaults
[0.990s] Level 1:colcon.colcon_core.package_discovery:discover_packages(prefix_path) check parameters
[0.990s] Level 1:colcon.colcon_core.package_discovery:discover_packages(prefix_path) discover
[0.994s] DEBUG:colcon.colcon_installed_package_information.package_discovery:Found 281 installed packages in /opt/ros/humble
[0.998s] Level 1:colcon.colcon_core.package_discovery:discover_packages(prefix_path) using defaults
[1.073s] Level 5:colcon.colcon_core.verb:set package 'b4_package' build argument 'cmake_args' from command line to 'None'
[1.073s] Level 5:colcon.colcon_core.verb:set package 'b4_package' build argument 'cmake_target' from command line to 'None'
[1.073s] Level 5:colcon.colcon_core.verb:set package 'b4_package' build argument 'cmake_target_skip_unavailable' from command line to 'False'
[1.073s] Level 5:colcon.colcon_core.verb:set package 'b4_package' build argument 'cmake_clean_cache' from command line to 'False'
[1.073s] Level 5:colcon.colcon_core.verb:set package 'b4_package' build argument 'cmake_clean_first' from command line to 'False'
[1.073s] Level 5:colcon.colcon_core.verb:set package 'b4_package' build argument 'cmake_force_configure' from command line to 'False'
[1.073s] Level 5:colcon.colcon_core.verb:set package 'b4_package' build argument 'ament_cmake_args' from command line to 'None'
[1.073s] Level 5:colcon.colcon_core.verb:set package 'b4_package' build argument 'catkin_cmake_args' from command line to 'None'
[1.073s] Level 5:colcon.colcon_core.verb:set package 'b4_package' build argument 'catkin_skip_building_tests' from command line to 'False'
[1.074s] DEBUG:colcon.colcon_core.verb:Building package 'b4_package' with the following arguments: {'ament_cmake_args': None, 'build_base': '/home/rokey/AI_Vision_Project/b4_ws/build/b4_package', 'catkin_cmake_args': None, 'catkin_skip_building_tests': False, 'cmake_args': None, 'cmake_clean_cache': False, 'cmake_clean_first': False, 'cmake_force_configure': False, 'cmake_target': None, 'cmake_target_skip_unavailable': False, 'install_base': '/home/rokey/AI_Vision_Project/b4_ws/install/b4_package', 'merge_install': False, 'path': '/home/rokey/AI_Vision_Project/b4_ws/src/b4_package', 'symlink_install': False, 'test_result_base': None}
[1.074s] INFO:colcon.colcon_core.executor:Executing jobs using 'parallel' executor
[1.076s] DEBUG:colcon.colcon_parallel_executor.executor.parallel:run_until_complete
[1.077s] INFO:colcon.colcon_ros.task.ament_python.build:Building ROS package in '/home/rokey/AI_Vision_Project/b4_ws/src/b4_package' with build type 'ament_python'
[1.077s] Level 1:colcon.colcon_core.shell:create_environment_hook('b4_package', 'ament_prefix_path')
[1.081s] INFO:colcon.colcon_core.plugin_system:Skipping extension 'colcon_core.shell.bat': Not used on non-Windows systems
[1.082s] INFO:colcon.colcon_core.shell:Creating environment hook '/home/rokey/AI_Vision_Project/b4_ws/install/b4_package/share/b4_package/hook/ament_prefix_path.ps1'
[1.083s] INFO:colcon.colcon_core.shell:Creating environment descriptor '/home/rokey/AI_Vision_Project/b4_ws/install/b4_package/share/b4_package/hook/ament_prefix_path.dsv'
[1.084s] INFO:colcon.colcon_core.shell:Creating environment hook '/home/rokey/AI_Vision_Project/b4_ws/install/b4_package/share/b4_package/hook/ament_prefix_path.sh'
[1.086s] INFO:colcon.colcon_core.shell:Skip shell extension 'powershell' for command environment: Not usable outside of PowerShell
[1.086s] DEBUG:colcon.colcon_core.shell:Skip shell extension 'dsv' for command environment
[1.817s] INFO:colcon.colcon_core.task.python.build:Building Python package in '/home/rokey/AI_Vision_Project/b4_ws/src/b4_package'
[1.818s] INFO:colcon.colcon_core.shell:Skip shell extension 'powershell' for command environment: Not usable outside of PowerShell
[1.819s] DEBUG:colcon.colcon_core.shell:Skip shell extension 'dsv' for command environment
[2.879s] DEBUG:colcon.colcon_core.event_handler.log_command:Invoking command in '/home/rokey/AI_Vision_Project/b4_ws/src/b4_package': PYTHONPATH=/home/rokey/AI_Vision_Project/b4_ws/build/b4_package/prefix_override:/usr/lib/python3/dist-packages/colcon_core/task/python/colcon_distutils_commands:/home/rokey/AI_Vision_Project/b4_ws/install/b4_package/lib/python3.10/site-packages:${PYTHONPATH} /usr/bin/python3 -W ignore:setup.py install is deprecated setup.py egg_info --egg-base ../../build/b4_package build --build-base /home/rokey/AI_Vision_Project/b4_ws/build/b4_package/build install --record /home/rokey/AI_Vision_Project/b4_ws/build/b4_package/install.log --single-version-externally-managed install_data
[3.736s] DEBUG:colcon.colcon_core.event_handler.log_command:Invoked command in '/home/rokey/AI_Vision_Project/b4_ws/src/b4_package' returned '0': PYTHONPATH=/home/rokey/AI_Vision_Project/b4_ws/build/b4_package/prefix_override:/usr/lib/python3/dist-packages/colcon_core/task/python/colcon_distutils_commands:/home/rokey/AI_Vision_Project/b4_ws/install/b4_package/lib/python3.10/site-packages:${PYTHONPATH} /usr/bin/python3 -W ignore:setup.py install is deprecated setup.py egg_info --egg-base ../../build/b4_package build --build-base /home/rokey/AI_Vision_Project/b4_ws/build/b4_package/build install --record /home/rokey/AI_Vision_Project/b4_ws/build/b4_package/install.log --single-version-externally-managed install_data
[3.739s] Level 1:colcon.colcon_core.environment:checking '/home/rokey/AI_Vision_Project/b4_ws/install/b4_package' for CMake module files
[3.740s] Level 1:colcon.colcon_core.environment:checking '/home/rokey/AI_Vision_Project/b4_ws/install/b4_package' for CMake config files
[3.741s] Level 1:colcon.colcon_core.environment:checking '/home/rokey/AI_Vision_Project/b4_ws/install/b4_package/lib'
[3.742s] Level 1:colcon.colcon_core.environment:checking '/home/rokey/AI_Vision_Project/b4_ws/install/b4_package/bin'
[3.742s] Level 1:colcon.colcon_core.environment:checking '/home/rokey/AI_Vision_Project/b4_ws/install/b4_package/lib/pkgconfig/b4_package.pc'
[3.743s] Level 1:colcon.colcon_core.environment:checking '/home/rokey/AI_Vision_Project/b4_ws/install/b4_package/lib/python3.10/site-packages'
[3.743s] Level 1:colcon.colcon_core.shell:create_environment_hook('b4_package', 'pythonpath')
[3.744s] INFO:colcon.colcon_core.shell:Creating environment hook '/home/rokey/AI_Vision_Project/b4_ws/install/b4_package/share/b4_package/hook/pythonpath.ps1'
[3.745s] INFO:colcon.colcon_core.shell:Creating environment descriptor '/home/rokey/AI_Vision_Project/b4_ws/install/b4_package/share/b4_package/hook/pythonpath.dsv'
[3.747s] INFO:colcon.colcon_core.shell:Creating environment hook '/home/rokey/AI_Vision_Project/b4_ws/install/b4_package/share/b4_package/hook/pythonpath.sh'
[3.750s] Level 1:colcon.colcon_core.environment:checking '/home/rokey/AI_Vision_Project/b4_ws/install/b4_package/bin'
[3.750s] Level 1:colcon.colcon_core.environment:create_environment_scripts_only(b4_package)
[3.751s] INFO:colcon.colcon_core.shell:Creating package script '/home/rokey/AI_Vision_Project/b4_ws/install/b4_package/share/b4_package/package.ps1'
[3.754s] INFO:colcon.colcon_core.shell:Creating package descriptor '/home/rokey/AI_Vision_Project/b4_ws/install/b4_package/share/b4_package/package.dsv'
[3.757s] INFO:colcon.colcon_core.shell:Creating package script '/home/rokey/AI_Vision_Project/b4_ws/install/b4_package/share/b4_package/package.sh'
[3.762s] INFO:colcon.colcon_core.shell:Creating package script '/home/rokey/AI_Vision_Project/b4_ws/install/b4_package/share/b4_package/package.bash'
[3.768s] INFO:colcon.colcon_core.shell:Creating package script '/home/rokey/AI_Vision_Project/b4_ws/install/b4_package/share/b4_package/package.zsh'
[3.771s] Level 1:colcon.colcon_core.environment:create_file_with_runtime_dependencies(/home/rokey/AI_Vision_Project/b4_ws/install/b4_package/share/colcon-core/packages/b4_package)
[3.775s] DEBUG:colcon.colcon_parallel_executor.executor.parallel:closing loop
[3.776s] DEBUG:colcon.colcon_parallel_executor.executor.parallel:loop closed
[3.777s] DEBUG:colcon.colcon_parallel_executor.executor.parallel:run_until_complete finished with '0'
[3.777s] DEBUG:colcon.colcon_core.event_reactor:joining thread
[3.790s] INFO:colcon.colcon_core.plugin_system:Skipping extension 'colcon_notification.desktop_notification.terminal_notifier': Not used on non-Darwin systems
[3.791s] INFO:colcon.colcon_core.plugin_system:Skipping extension 'colcon_notification.desktop_notification.win32': Not used on non-Windows systems
[3.791s] INFO:colcon.colcon_notification.desktop_notification:Sending desktop notification using 'notify2'
[3.815s] DEBUG:colcon.colcon_core.event_reactor:joined thread
[3.816s] INFO:colcon.colcon_core.shell:Creating prefix script '/home/rokey/AI_Vision_Project/b4_ws/install/local_setup.ps1'
[3.817s] INFO:colcon.colcon_core.shell:Creating prefix util module '/home/rokey/AI_Vision_Project/b4_ws/install/_local_setup_util_ps1.py'
[3.821s] INFO:colcon.colcon_core.shell:Creating prefix chain script '/home/rokey/AI_Vision_Project/b4_ws/install/setup.ps1'
[3.824s] INFO:colcon.colcon_core.shell:Creating prefix script '/home/rokey/AI_Vision_Project/b4_ws/install/local_setup.sh'
[3.827s] INFO:colcon.colcon_core.shell:Creating prefix util module '/home/rokey/AI_Vision_Project/b4_ws/install/_local_setup_util_sh.py'
[3.832s] INFO:colcon.colcon_core.shell:Creating prefix chain script '/home/rokey/AI_Vision_Project/b4_ws/install/setup.sh'
[3.834s] INFO:colcon.colcon_core.shell:Creating prefix script '/home/rokey/AI_Vision_Project/b4_ws/install/local_setup.bash'
[3.838s] INFO:colcon.colcon_core.shell:Creating prefix chain script '/home/rokey/AI_Vision_Project/b4_ws/install/setup.bash'
[3.846s] INFO:colcon.colcon_core.shell:Creating prefix script '/home/rokey/AI_Vision_Project/b4_ws/install/local_setup.zsh'
[3.849s] INFO:colcon.colcon_core.shell:Creating prefix chain script '/home/rokey/AI_Vision_Project/b4_ws/install/setup.zsh'
