[0.586s] Invoking command in '/home/rokey/AI_Vision_Project/b4_ws/src/b4_package': PYTHONPATH=/home/rokey/AI_Vision_Project/b4_ws/build/b4_package/prefix_override:/usr/lib/python3/dist-packages/colcon_core/task/python/colcon_distutils_commands:/home/rokey/AI_Vision_Project/b4_ws/install/b4_package/lib/python3.10/site-packages:${PYTHONPATH} /usr/bin/python3 -W ignore:setup.py install is deprecated setup.py egg_info --egg-base ../../build/b4_package build --build-base /home/rokey/AI_Vision_Project/b4_ws/build/b4_package/build install --record /home/rokey/AI_Vision_Project/b4_ws/build/b4_package/install.log --single-version-externally-managed install_data
[0.820s] running egg_info
[0.821s] creating ../../build/b4_package/b4_package.egg-info
[0.821s] writing ../../build/b4_package/b4_package.egg-info/PKG-INFO
[0.821s] writing dependency_links to ../../build/b4_package/b4_package.egg-info/dependency_links.txt
[0.821s] writing entry points to ../../build/b4_package/b4_package.egg-info/entry_points.txt
[0.821s] writing requirements to ../../build/b4_package/b4_package.egg-info/requires.txt
[0.821s] writing top-level names to ../../build/b4_package/b4_package.egg-info/top_level.txt
[0.822s] writing manifest file '../../build/b4_package/b4_package.egg-info/SOURCES.txt'
[0.823s] reading manifest file '../../build/b4_package/b4_package.egg-info/SOURCES.txt'
[0.824s] writing manifest file '../../build/b4_package/b4_package.egg-info/SOURCES.txt'
[0.824s] running build
[0.824s] running build_py
[0.824s] creating /home/rokey/AI_Vision_Project/b4_ws/build/b4_package/build
[0.824s] creating /home/rokey/AI_Vision_Project/b4_ws/build/b4_package/build/lib
[0.824s] creating /home/rokey/AI_Vision_Project/b4_ws/build/b4_package/build/lib/b4_package
[0.824s] copying b4_package/argument.py -> /home/rokey/AI_Vision_Project/b4_ws/build/b4_package/build/lib/b4_package
[0.825s] copying b4_package/__init__.py -> /home/rokey/AI_Vision_Project/b4_ws/build/b4_package/build/lib/b4_package
[0.825s] running install
[0.825s] running install_lib
[0.825s] creating /home/rokey/AI_Vision_Project/b4_ws/install/b4_package/lib/python3.10/site-packages/b4_package
[0.826s] copying /home/rokey/AI_Vision_Project/b4_ws/build/b4_package/build/lib/b4_package/argument.py -> /home/rokey/AI_Vision_Project/b4_ws/install/b4_package/lib/python3.10/site-packages/b4_package
[0.826s] copying /home/rokey/AI_Vision_Project/b4_ws/build/b4_package/build/lib/b4_package/__init__.py -> /home/rokey/AI_Vision_Project/b4_ws/install/b4_package/lib/python3.10/site-packages/b4_package
[0.826s] byte-compiling /home/rokey/AI_Vision_Project/b4_ws/install/b4_package/lib/python3.10/site-packages/b4_package/argument.py to argument.cpython-310.pyc
[0.827s] byte-compiling /home/rokey/AI_Vision_Project/b4_ws/install/b4_package/lib/python3.10/site-packages/b4_package/__init__.py to __init__.cpython-310.pyc
[0.827s] running install_data
[0.828s] creating /home/rokey/AI_Vision_Project/b4_ws/install/b4_package/share
[0.828s] creating /home/rokey/AI_Vision_Project/b4_ws/install/b4_package/share/ament_index
[0.828s] creating /home/rokey/AI_Vision_Project/b4_ws/install/b4_package/share/ament_index/resource_index
[0.828s] creating /home/rokey/AI_Vision_Project/b4_ws/install/b4_package/share/ament_index/resource_index/packages
[0.828s] copying resource/b4_package -> /home/rokey/AI_Vision_Project/b4_ws/install/b4_package/share/ament_index/resource_index/packages
[0.828s] creating /home/rokey/AI_Vision_Project/b4_ws/install/b4_package/share/b4_package
[0.828s] copying package.xml -> /home/rokey/AI_Vision_Project/b4_ws/install/b4_package/share/b4_package
[0.828s] running install_egg_info
[0.830s] Copying ../../build/b4_package/b4_package.egg-info to /home/rokey/AI_Vision_Project/b4_ws/install/b4_package/lib/python3.10/site-packages/b4_package-0.0.0-py3.10.egg-info
[0.830s] running install_scripts
[0.850s] Installing argument script to /home/rokey/AI_Vision_Project/b4_ws/install/b4_package/lib/b4_package
[0.851s] writing list of installed files to '/home/rokey/AI_Vision_Project/b4_ws/build/b4_package/install.log'
[0.873s] Invoked command in '/home/rokey/AI_Vision_Project/b4_ws/src/b4_package' returned '0': PYTHONPATH=/home/rokey/AI_Vision_Project/b4_ws/build/b4_package/prefix_override:/usr/lib/python3/dist-packages/colcon_core/task/python/colcon_distutils_commands:/home/rokey/AI_Vision_Project/b4_ws/install/b4_package/lib/python3.10/site-packages:${PYTHONPATH} /usr/bin/python3 -W ignore:setup.py install is deprecated setup.py egg_info --egg-base ../../build/b4_package build --build-base /home/rokey/AI_Vision_Project/b4_ws/build/b4_package/build install --record /home/rokey/AI_Vision_Project/b4_ws/build/b4_package/install.log --single-version-externally-managed install_data
