[0.805s] Invoking command in '/home/rokey/AI_Vision_Project/b4_ws/src/b4_package': PYTHONPATH=/home/rokey/AI_Vision_Project/b4_ws/build/b4_package/prefix_override:/usr/lib/python3/dist-packages/colcon_core/task/python/colcon_distutils_commands:/home/rokey/AI_Vision_Project/b4_ws/install/b4_package/lib/python3.10/site-packages:${PYTHONPATH} /usr/bin/python3 -W ignore:setup.py install is deprecated setup.py egg_info --egg-base ../../build/b4_package build --build-base /home/rokey/AI_Vision_Project/b4_ws/build/b4_package/build install --record /home/rokey/AI_Vision_Project/b4_ws/build/b4_package/install.log --single-version-externally-managed install_data
[1.117s] running egg_info
[1.118s] writing ../../build/b4_package/b4_package.egg-info/PKG-INFO
[1.118s] writing dependency_links to ../../build/b4_package/b4_package.egg-info/dependency_links.txt
[1.118s] writing entry points to ../../build/b4_package/b4_package.egg-info/entry_points.txt
[1.118s] writing requirements to ../../build/b4_package/b4_package.egg-info/requires.txt
[1.118s] writing top-level names to ../../build/b4_package/b4_package.egg-info/top_level.txt
[1.120s] reading manifest file '../../build/b4_package/b4_package.egg-info/SOURCES.txt'
[1.121s] writing manifest file '../../build/b4_package/b4_package.egg-info/SOURCES.txt'
[1.121s] running build
[1.121s] running build_py
[1.121s] copying b4_package/robot_controller.py -> /home/rokey/AI_Vision_Project/b4_ws/build/b4_package/build/lib/b4_package
[1.121s] running install
[1.122s] running install_lib
[1.122s] copying /home/rokey/AI_Vision_Project/b4_ws/build/b4_package/build/lib/b4_package/robot_controller.py -> /home/rokey/AI_Vision_Project/b4_ws/install/b4_package/lib/python3.10/site-packages/b4_package
[1.123s] byte-compiling /home/rokey/AI_Vision_Project/b4_ws/install/b4_package/lib/python3.10/site-packages/b4_package/robot_controller.py to robot_controller.cpython-310.pyc
[1.125s] running install_data
[1.125s] running install_egg_info
[1.127s] removing '/home/rokey/AI_Vision_Project/b4_ws/install/b4_package/lib/python3.10/site-packages/b4_package-0.0.0-py3.10.egg-info' (and everything under it)
[1.127s] Copying ../../build/b4_package/b4_package.egg-info to /home/rokey/AI_Vision_Project/b4_ws/install/b4_package/lib/python3.10/site-packages/b4_package-0.0.0-py3.10.egg-info
[1.128s] running install_scripts
[1.163s] Installing listener script to /home/rokey/AI_Vision_Project/b4_ws/install/b4_package/lib/b4_package
[1.163s] Installing security_alert script to /home/rokey/AI_Vision_Project/b4_ws/install/b4_package/lib/b4_package
[1.163s] Installing tracing script to /home/rokey/AI_Vision_Project/b4_ws/install/b4_package/lib/b4_package
[1.163s] writing list of installed files to '/home/rokey/AI_Vision_Project/b4_ws/build/b4_package/install.log'
[1.189s] Invoked command in '/home/rokey/AI_Vision_Project/b4_ws/src/b4_package' returned '0': PYTHONPATH=/home/rokey/AI_Vision_Project/b4_ws/build/b4_package/prefix_override:/usr/lib/python3/dist-packages/colcon_core/task/python/colcon_distutils_commands:/home/rokey/AI_Vision_Project/b4_ws/install/b4_package/lib/python3.10/site-packages:${PYTHONPATH} /usr/bin/python3 -W ignore:setup.py install is deprecated setup.py egg_info --egg-base ../../build/b4_package build --build-base /home/rokey/AI_Vision_Project/b4_ws/build/b4_package/build install --record /home/rokey/AI_Vision_Project/b4_ws/build/b4_package/install.log --single-version-externally-managed install_data
