[0.287s] DEBUG:colcon:Command line arguments: ['/usr/bin/colcon', 'build']
[0.287s] DEBUG:colcon:Parsed command line arguments: Namespace(log_base=None, log_level=None, verb_name='build', build_base='build', install_base='install', merge_install=False, symlink_install=False, test_result_base=None, continue_on_error=False, executor='parallel', parallel_workers=8, event_handlers=None, ignore_user_meta=False, metas=['./colcon.meta'], base_paths=['.'], packages_ignore=None, packages_ignore_regex=None, paths=None, packages_up_to=None, packages_up_to_regex=None, packages_above=None, packages_above_and_dependencies=None, packages_above_depth=None, packages_select_by_dep=None, packages_skip_by_dep=None, packages_skip_up_to=None, packages_select_build_failed=False, packages_skip_build_finished=False, packages_select_test_failures=False, packages_skip_test_passed=False, packages_select=None, packages_skip=None, packages_select_regex=None, packages_skip_regex=None, packages_start=None, packages_end=None, allow_overriding=[], cmake_args=None, cmake_target=None, cmake_target_skip_unavailable=False, cmake_clean_cache=False, cmake_clean_first=False, cmake_force_configure=False, ament_cmake_args=None, catkin_cmake_args=None, catkin_skip_building_tests=False, verb_parser=<colcon_defaults.argument_parser.defaults.DefaultArgumentsDecorator object at 0x73259d82f700>, verb_extension=<colcon_core.verb.build.BuildVerb object at 0x73259d9e2830>, main=<bound method BuildVerb.main of <colcon_core.verb.build.BuildVerb object at 0x73259d9e2830>>)
[0.650s] Level 1:colcon.colcon_core.package_discovery:discover_packages(colcon_meta) check parameters
[0.650s] Level 1:colcon.colcon_core.package_discovery:discover_packages(recursive) check parameters
[0.650s] Level 1:colcon.colcon_core.package_discovery:discover_packages(ignore) check parameters
[0.650s] Level 1:colcon.colcon_core.package_discovery:discover_packages(path) check parameters
[0.650s] Level 1:colcon.colcon_core.package_discovery:discover_packages(colcon_meta) discover
[0.650s] Level 1:colcon.colcon_core.package_discovery:discover_packages(recursive) discover
[0.651s] INFO:colcon.colcon_core.package_discovery:Crawling recursively for packages in '/home/rokey/AI_Vision_Project'
[0.651s] Level 1:colcon.colcon_core.package_identification:_identify(.) by extensions ['ignore', 'ignore_ament_install']
[0.651s] Level 1:colcon.colcon_core.package_identification:_identify(.) by extension 'ignore'
[0.651s] Level 1:colcon.colcon_core.package_identification:_identify(.) by extension 'ignore_ament_install'
[0.651s] Level 1:colcon.colcon_core.package_identification:_identify(.) by extensions ['colcon_pkg']
[0.651s] Level 1:colcon.colcon_core.package_identification:_identify(.) by extension 'colcon_pkg'
[0.651s] Level 1:colcon.colcon_core.package_identification:_identify(.) by extensions ['colcon_meta']
[0.651s] Level 1:colcon.colcon_core.package_identification:_identify(.) by extension 'colcon_meta'
[0.651s] Level 1:colcon.colcon_core.package_identification:_identify(.) by extensions ['ros']
[0.651s] Level 1:colcon.colcon_core.package_identification:_identify(.) by extension 'ros'
[0.694s] Level 1:colcon.colcon_core.package_identification:_identify(.) by extensions ['cmake', 'python']
[0.694s] Level 1:colcon.colcon_core.package_identification:_identify(.) by extension 'cmake'
[0.695s] Level 1:colcon.colcon_core.package_identification:_identify(.) by extension 'python'
[0.695s] Level 1:colcon.colcon_core.package_identification:_identify(.) by extensions ['python_setup_py']
[0.695s] Level 1:colcon.colcon_core.package_identification:_identify(.) by extension 'python_setup_py'
[0.695s] Level 1:colcon.colcon_core.package_identification:_identify(b4_ws) by extensions ['ignore', 'ignore_ament_install']
[0.696s] Level 1:colcon.colcon_core.package_identification:_identify(b4_ws) by extension 'ignore'
[0.696s] Level 1:colcon.colcon_core.package_identification:_identify(b4_ws) by extension 'ignore_ament_install'
[0.696s] Level 1:colcon.colcon_core.package_identification:_identify(b4_ws) by extensions ['colcon_pkg']
[0.696s] Level 1:colcon.colcon_core.package_identification:_identify(b4_ws) by extension 'colcon_pkg'
[0.696s] Level 1:colcon.colcon_core.package_identification:_identify(b4_ws) by extensions ['colcon_meta']
[0.696s] Level 1:colcon.colcon_core.package_identification:_identify(b4_ws) by extension 'colcon_meta'
[0.696s] Level 1:colcon.colcon_core.package_identification:_identify(b4_ws) by extensions ['ros']
[0.696s] Level 1:colcon.colcon_core.package_identification:_identify(b4_ws) by extension 'ros'
[0.696s] Level 1:colcon.colcon_core.package_identification:_identify(b4_ws) by extensions ['cmake', 'python']
[0.696s] Level 1:colcon.colcon_core.package_identification:_identify(b4_ws) by extension 'cmake'
[0.696s] Level 1:colcon.colcon_core.package_identification:_identify(b4_ws) by extension 'python'
[0.697s] Level 1:colcon.colcon_core.package_identification:_identify(b4_ws) by extensions ['python_setup_py']
[0.697s] Level 1:colcon.colcon_core.package_identification:_identify(b4_ws) by extension 'python_setup_py'
[0.697s] Level 1:colcon.colcon_core.package_identification:_identify(b4_ws/build) by extensions ['ignore', 'ignore_ament_install']
[0.697s] Level 1:colcon.colcon_core.package_identification:_identify(b4_ws/build) by extension 'ignore'
[0.697s] Level 1:colcon.colcon_core.package_identification:_identify(b4_ws/build) ignored
[0.697s] Level 1:colcon.colcon_core.package_identification:_identify(b4_ws/install) by extensions ['ignore', 'ignore_ament_install']
[0.697s] Level 1:colcon.colcon_core.package_identification:_identify(b4_ws/install) by extension 'ignore'
[0.697s] Level 1:colcon.colcon_core.package_identification:_identify(b4_ws/install) ignored
[0.698s] Level 1:colcon.colcon_core.package_identification:_identify(b4_ws/log) by extensions ['ignore', 'ignore_ament_install']
[0.698s] Level 1:colcon.colcon_core.package_identification:_identify(b4_ws/log) by extension 'ignore'
[0.698s] Level 1:colcon.colcon_core.package_identification:_identify(b4_ws/log) ignored
[0.698s] Level 1:colcon.colcon_core.package_identification:_identify(b4_ws/src) by extensions ['ignore', 'ignore_ament_install']
[0.698s] Level 1:colcon.colcon_core.package_identification:_identify(b4_ws/src) by extension 'ignore'
[0.698s] Level 1:colcon.colcon_core.package_identification:_identify(b4_ws/src) by extension 'ignore_ament_install'
[0.698s] Level 1:colcon.colcon_core.package_identification:_identify(b4_ws/src) by extensions ['colcon_pkg']
[0.698s] Level 1:colcon.colcon_core.package_identification:_identify(b4_ws/src) by extension 'colcon_pkg'
[0.699s] Level 1:colcon.colcon_core.package_identification:_identify(b4_ws/src) by extensions ['colcon_meta']
[0.699s] Level 1:colcon.colcon_core.package_identification:_identify(b4_ws/src) by extension 'colcon_meta'
[0.699s] Level 1:colcon.colcon_core.package_identification:_identify(b4_ws/src) by extensions ['ros']
[0.699s] Level 1:colcon.colcon_core.package_identification:_identify(b4_ws/src) by extension 'ros'
[0.699s] Level 1:colcon.colcon_core.package_identification:_identify(b4_ws/src) by extensions ['cmake', 'python']
[0.699s] Level 1:colcon.colcon_core.package_identification:_identify(b4_ws/src) by extension 'cmake'
[0.699s] Level 1:colcon.colcon_core.package_identification:_identify(b4_ws/src) by extension 'python'
[0.699s] Level 1:colcon.colcon_core.package_identification:_identify(b4_ws/src) by extensions ['python_setup_py']
[0.699s] Level 1:colcon.colcon_core.package_identification:_identify(b4_ws/src) by extension 'python_setup_py'
[0.699s] Level 1:colcon.colcon_core.package_identification:_identify(b4_ws/src/b4_package) by extensions ['ignore', 'ignore_ament_install']
[0.700s] Level 1:colcon.colcon_core.package_identification:_identify(b4_ws/src/b4_package) by extension 'ignore'
[0.700s] Level 1:colcon.colcon_core.package_identification:_identify(b4_ws/src/b4_package) by extension 'ignore_ament_install'
[0.700s] Level 1:colcon.colcon_core.package_identification:_identify(b4_ws/src/b4_package) by extensions ['colcon_pkg']
[0.700s] Level 1:colcon.colcon_core.package_identification:_identify(b4_ws/src/b4_package) by extension 'colcon_pkg'
[0.700s] Level 1:colcon.colcon_core.package_identification:_identify(b4_ws/src/b4_package) by extensions ['colcon_meta']
[0.700s] Level 1:colcon.colcon_core.package_identification:_identify(b4_ws/src/b4_package) by extension 'colcon_meta'
[0.700s] Level 1:colcon.colcon_core.package_identification:_identify(b4_ws/src/b4_package) by extensions ['ros']
[0.700s] Level 1:colcon.colcon_core.package_identification:_identify(b4_ws/src/b4_package) by extension 'ros'
[0.706s] DEBUG:colcon.colcon_core.package_identification:Package 'b4_ws/src/b4_package' with type 'ros.ament_python' and name 'b4_package'
[0.706s] Level 1:colcon.colcon_core.package_identification:_identify(b4_ws/src/build) by extensions ['ignore', 'ignore_ament_install']
[0.706s] Level 1:colcon.colcon_core.package_identification:_identify(b4_ws/src/build) by extension 'ignore'
[0.707s] Level 1:colcon.colcon_core.package_identification:_identify(b4_ws/src/build) by extension 'ignore_ament_install'
[0.707s] Level 1:colcon.colcon_core.package_identification:_identify(b4_ws/src/build) by extensions ['colcon_pkg']
[0.707s] Level 1:colcon.colcon_core.package_identification:_identify(b4_ws/src/build) by extension 'colcon_pkg'
[0.707s] Level 1:colcon.colcon_core.package_identification:_identify(b4_ws/src/build) by extensions ['colcon_meta']
[0.707s] Level 1:colcon.colcon_core.package_identification:_identify(b4_ws/src/build) by extension 'colcon_meta'
[0.707s] Level 1:colcon.colcon_core.package_identification:_identify(b4_ws/src/build) by extensions ['ros']
[0.707s] Level 1:colcon.colcon_core.package_identification:_identify(b4_ws/src/build) by extension 'ros'
[0.707s] Level 1:colcon.colcon_core.package_identification:_identify(b4_ws/src/build) by extensions ['cmake', 'python']
[0.707s] Level 1:colcon.colcon_core.package_identification:_identify(b4_ws/src/build) by extension 'cmake'
[0.707s] Level 1:colcon.colcon_core.package_identification:_identify(b4_ws/src/build) by extension 'python'
[0.707s] Level 1:colcon.colcon_core.package_identification:_identify(b4_ws/src/build) by extensions ['python_setup_py']
[0.707s] Level 1:colcon.colcon_core.package_identification:_identify(b4_ws/src/build) by extension 'python_setup_py'
[0.707s] Level 1:colcon.colcon_core.package_identification:_identify(b4_ws/src/build/b4_package) by extensions ['ignore', 'ignore_ament_install']
[0.707s] Level 1:colcon.colcon_core.package_identification:_identify(b4_ws/src/build/b4_package) by extension 'ignore'
[0.707s] Level 1:colcon.colcon_core.package_identification:_identify(b4_ws/src/build/b4_package) by extension 'ignore_ament_install'
[0.708s] Level 1:colcon.colcon_core.package_identification:_identify(b4_ws/src/build/b4_package) by extensions ['colcon_pkg']
[0.708s] Level 1:colcon.colcon_core.package_identification:_identify(b4_ws/src/build/b4_package) by extension 'colcon_pkg'
[0.708s] Level 1:colcon.colcon_core.package_identification:_identify(b4_ws/src/build/b4_package) by extensions ['colcon_meta']
[0.708s] Level 1:colcon.colcon_core.package_identification:_identify(b4_ws/src/build/b4_package) by extension 'colcon_meta'
[0.708s] Level 1:colcon.colcon_core.package_identification:_identify(b4_ws/src/build/b4_package) by extensions ['ros']
[0.708s] Level 1:colcon.colcon_core.package_identification:_identify(b4_ws/src/build/b4_package) by extension 'ros'
[0.708s] Level 1:colcon.colcon_core.package_identification:_identify(b4_ws/src/build/b4_package) by extensions ['cmake', 'python']
[0.708s] Level 1:colcon.colcon_core.package_identification:_identify(b4_ws/src/build/b4_package) by extension 'cmake'
[0.708s] Level 1:colcon.colcon_core.package_identification:_identify(b4_ws/src/build/b4_package) by extension 'python'
[0.708s] Level 1:colcon.colcon_core.package_identification:_identify(b4_ws/src/build/b4_package) by extensions ['python_setup_py']
[0.708s] Level 1:colcon.colcon_core.package_identification:_identify(b4_ws/src/build/b4_package) by extension 'python_setup_py'
[0.709s] Level 1:colcon.colcon_core.package_identification:_identify(b4_ws/src/build/b4_package/build) by extensions ['ignore', 'ignore_ament_install']
[0.709s] Level 1:colcon.colcon_core.package_identification:_identify(b4_ws/src/build/b4_package/build) by extension 'ignore'
[0.709s] Level 1:colcon.colcon_core.package_identification:_identify(b4_ws/src/build/b4_package/build) by extension 'ignore_ament_install'
[0.709s] Level 1:colcon.colcon_core.package_identification:_identify(b4_ws/src/build/b4_package/build) by extensions ['colcon_pkg']
[0.709s] Level 1:colcon.colcon_core.package_identification:_identify(b4_ws/src/build/b4_package/build) by extension 'colcon_pkg'
[0.710s] Level 1:colcon.colcon_core.package_identification:_identify(b4_ws/src/build/b4_package/build) by extensions ['colcon_meta']
[0.710s] Level 1:colcon.colcon_core.package_identification:_identify(b4_ws/src/build/b4_package/build) by extension 'colcon_meta'
[0.710s] Level 1:colcon.colcon_core.package_identification:_identify(b4_ws/src/build/b4_package/build) by extensions ['ros']
[0.710s] Level 1:colcon.colcon_core.package_identification:_identify(b4_ws/src/build/b4_package/build) by extension 'ros'
[0.710s] Level 1:colcon.colcon_core.package_identification:_identify(b4_ws/src/build/b4_package/build) by extensions ['cmake', 'python']
[0.710s] Level 1:colcon.colcon_core.package_identification:_identify(b4_ws/src/build/b4_package/build) by extension 'cmake'
[0.711s] Level 1:colcon.colcon_core.package_identification:_identify(b4_ws/src/build/b4_package/build) by extension 'python'
[0.711s] Level 1:colcon.colcon_core.package_identification:_identify(b4_ws/src/build/b4_package/build) by extensions ['python_setup_py']
[0.711s] Level 1:colcon.colcon_core.package_identification:_identify(b4_ws/src/build/b4_package/build) by extension 'python_setup_py'
[0.711s] Level 1:colcon.colcon_core.package_identification:_identify(b4_ws/src/build/b4_package/build/lib) by extensions ['ignore', 'ignore_ament_install']
[0.711s] Level 1:colcon.colcon_core.package_identification:_identify(b4_ws/src/build/b4_package/build/lib) by extension 'ignore'
[0.711s] Level 1:colcon.colcon_core.package_identification:_identify(b4_ws/src/build/b4_package/build/lib) by extension 'ignore_ament_install'
[0.711s] Level 1:colcon.colcon_core.package_identification:_identify(b4_ws/src/build/b4_package/build/lib) by extensions ['colcon_pkg']
[0.712s] Level 1:colcon.colcon_core.package_identification:_identify(b4_ws/src/build/b4_package/build/lib) by extension 'colcon_pkg'
[0.712s] Level 1:colcon.colcon_core.package_identification:_identify(b4_ws/src/build/b4_package/build/lib) by extensions ['colcon_meta']
[0.712s] Level 1:colcon.colcon_core.package_identification:_identify(b4_ws/src/build/b4_package/build/lib) by extension 'colcon_meta'
[0.712s] Level 1:colcon.colcon_core.package_identification:_identify(b4_ws/src/build/b4_package/build/lib) by extensions ['ros']
[0.712s] Level 1:colcon.colcon_core.package_identification:_identify(b4_ws/src/build/b4_package/build/lib) by extension 'ros'
[0.712s] Level 1:colcon.colcon_core.package_identification:_identify(b4_ws/src/build/b4_package/build/lib) by extensions ['cmake', 'python']
[0.712s] Level 1:colcon.colcon_core.package_identification:_identify(b4_ws/src/build/b4_package/build/lib) by extension 'cmake'
[0.712s] Level 1:colcon.colcon_core.package_identification:_identify(b4_ws/src/build/b4_package/build/lib) by extension 'python'
[0.712s] Level 1:colcon.colcon_core.package_identification:_identify(b4_ws/src/build/b4_package/build/lib) by extensions ['python_setup_py']
[0.712s] Level 1:colcon.colcon_core.package_identification:_identify(b4_ws/src/build/b4_package/build/lib) by extension 'python_setup_py'
[0.713s] Level 1:colcon.colcon_core.package_identification:_identify(b4_ws/src/build/b4_package/build/lib/b4_package) by extensions ['ignore', 'ignore_ament_install']
[0.713s] Level 1:colcon.colcon_core.package_identification:_identify(b4_ws/src/build/b4_package/build/lib/b4_package) by extension 'ignore'
[0.713s] Level 1:colcon.colcon_core.package_identification:_identify(b4_ws/src/build/b4_package/build/lib/b4_package) by extension 'ignore_ament_install'
[0.713s] Level 1:colcon.colcon_core.package_identification:_identify(b4_ws/src/build/b4_package/build/lib/b4_package) by extensions ['colcon_pkg']
[0.713s] Level 1:colcon.colcon_core.package_identification:_identify(b4_ws/src/build/b4_package/build/lib/b4_package) by extension 'colcon_pkg'
[0.713s] Level 1:colcon.colcon_core.package_identification:_identify(b4_ws/src/build/b4_package/build/lib/b4_package) by extensions ['colcon_meta']
[0.713s] Level 1:colcon.colcon_core.package_identification:_identify(b4_ws/src/build/b4_package/build/lib/b4_package) by extension 'colcon_meta'
[0.713s] Level 1:colcon.colcon_core.package_identification:_identify(b4_ws/src/build/b4_package/build/lib/b4_package) by extensions ['ros']
[0.713s] Level 1:colcon.colcon_core.package_identification:_identify(b4_ws/src/build/b4_package/build/lib/b4_package) by extension 'ros'
[0.714s] Level 1:colcon.colcon_core.package_identification:_identify(b4_ws/src/build/b4_package/build/lib/b4_package) by extensions ['cmake', 'python']
[0.714s] Level 1:colcon.colcon_core.package_identification:_identify(b4_ws/src/build/b4_package/build/lib/b4_package) by extension 'cmake'
[0.714s] Level 1:colcon.colcon_core.package_identification:_identify(b4_ws/src/build/b4_package/build/lib/b4_package) by extension 'python'
[0.714s] Level 1:colcon.colcon_core.package_identification:_identify(b4_ws/src/build/b4_package/build/lib/b4_package) by extensions ['python_setup_py']
[0.714s] Level 1:colcon.colcon_core.package_identification:_identify(b4_ws/src/build/b4_package/build/lib/b4_package) by extension 'python_setup_py'
[0.714s] Level 1:colcon.colcon_core.package_identification:_identify(b4_ws/src/install) by extensions ['ignore', 'ignore_ament_install']
[0.714s] Level 1:colcon.colcon_core.package_identification:_identify(b4_ws/src/install) by extension 'ignore'
[0.714s] Level 1:colcon.colcon_core.package_identification:_identify(b4_ws/src/install) by extension 'ignore_ament_install'
[0.715s] Level 1:colcon.colcon_core.package_identification:_identify(b4_ws/src/install) by extensions ['colcon_pkg']
[0.715s] Level 1:colcon.colcon_core.package_identification:_identify(b4_ws/src/install) by extension 'colcon_pkg'
[0.715s] Level 1:colcon.colcon_core.package_identification:_identify(b4_ws/src/install) by extensions ['colcon_meta']
[0.715s] Level 1:colcon.colcon_core.package_identification:_identify(b4_ws/src/install) by extension 'colcon_meta'
[0.715s] Level 1:colcon.colcon_core.package_identification:_identify(b4_ws/src/install) by extensions ['ros']
[0.715s] Level 1:colcon.colcon_core.package_identification:_identify(b4_ws/src/install) by extension 'ros'
[0.715s] Level 1:colcon.colcon_core.package_identification:_identify(b4_ws/src/install) by extensions ['cmake', 'python']
[0.715s] Level 1:colcon.colcon_core.package_identification:_identify(b4_ws/src/install) by extension 'cmake'
[0.715s] Level 1:colcon.colcon_core.package_identification:_identify(b4_ws/src/install) by extension 'python'
[0.715s] Level 1:colcon.colcon_core.package_identification:_identify(b4_ws/src/install) by extensions ['python_setup_py']
[0.715s] Level 1:colcon.colcon_core.package_identification:_identify(b4_ws/src/install) by extension 'python_setup_py'
[0.716s] Level 1:colcon.colcon_core.package_identification:_identify(b4_ws/src/install/b4_package) by extensions ['ignore', 'ignore_ament_install']
[0.716s] Level 1:colcon.colcon_core.package_identification:_identify(b4_ws/src/install/b4_package) by extension 'ignore'
[0.716s] Level 1:colcon.colcon_core.package_identification:_identify(b4_ws/src/install/b4_package) by extension 'ignore_ament_install'
[0.716s] Level 1:colcon.colcon_core.package_identification:_identify(b4_ws/src/install/b4_package) by extensions ['colcon_pkg']
[0.716s] Level 1:colcon.colcon_core.package_identification:_identify(b4_ws/src/install/b4_package) by extension 'colcon_pkg'
[0.716s] Level 1:colcon.colcon_core.package_identification:_identify(b4_ws/src/install/b4_package) by extensions ['colcon_meta']
[0.716s] Level 1:colcon.colcon_core.package_identification:_identify(b4_ws/src/install/b4_package) by extension 'colcon_meta'
[0.716s] Level 1:colcon.colcon_core.package_identification:_identify(b4_ws/src/install/b4_package) by extensions ['ros']
[0.716s] Level 1:colcon.colcon_core.package_identification:_identify(b4_ws/src/install/b4_package) by extension 'ros'
[0.716s] Level 1:colcon.colcon_core.package_identification:_identify(b4_ws/src/install/b4_package) by extensions ['cmake', 'python']
[0.717s] Level 1:colcon.colcon_core.package_identification:_identify(b4_ws/src/install/b4_package) by extension 'cmake'
[0.717s] Level 1:colcon.colcon_core.package_identification:_identify(b4_ws/src/install/b4_package) by extension 'python'
[0.717s] Level 1:colcon.colcon_core.package_identification:_identify(b4_ws/src/install/b4_package) by extensions ['python_setup_py']
[0.717s] Level 1:colcon.colcon_core.package_identification:_identify(b4_ws/src/install/b4_package) by extension 'python_setup_py'
[0.717s] Level 1:colcon.colcon_core.package_identification:_identify(b4_ws/src/install/b4_package/lib) by extensions ['ignore', 'ignore_ament_install']
[0.717s] Level 1:colcon.colcon_core.package_identification:_identify(b4_ws/src/install/b4_package/lib) by extension 'ignore'
[0.717s] Level 1:colcon.colcon_core.package_identification:_identify(b4_ws/src/install/b4_package/lib) by extension 'ignore_ament_install'
[0.717s] Level 1:colcon.colcon_core.package_identification:_identify(b4_ws/src/install/b4_package/lib) by extensions ['colcon_pkg']
[0.717s] Level 1:colcon.colcon_core.package_identification:_identify(b4_ws/src/install/b4_package/lib) by extension 'colcon_pkg'
[0.718s] Level 1:colcon.colcon_core.package_identification:_identify(b4_ws/src/install/b4_package/lib) by extensions ['colcon_meta']
[0.718s] Level 1:colcon.colcon_core.package_identification:_identify(b4_ws/src/install/b4_package/lib) by extension 'colcon_meta'
[0.718s] Level 1:colcon.colcon_core.package_identification:_identify(b4_ws/src/install/b4_package/lib) by extensions ['ros']
[0.718s] Level 1:colcon.colcon_core.package_identification:_identify(b4_ws/src/install/b4_package/lib) by extension 'ros'
[0.718s] Level 1:colcon.colcon_core.package_identification:_identify(b4_ws/src/install/b4_package/lib) by extensions ['cmake', 'python']
[0.718s] Level 1:colcon.colcon_core.package_identification:_identify(b4_ws/src/install/b4_package/lib) by extension 'cmake'
[0.718s] Level 1:colcon.colcon_core.package_identification:_identify(b4_ws/src/install/b4_package/lib) by extension 'python'
[0.718s] Level 1:colcon.colcon_core.package_identification:_identify(b4_ws/src/install/b4_package/lib) by extensions ['python_setup_py']
[0.718s] Level 1:colcon.colcon_core.package_identification:_identify(b4_ws/src/install/b4_package/lib) by extension 'python_setup_py'
[0.718s] Level 1:colcon.colcon_core.package_identification:_identify(b4_ws/src/install/b4_package/lib/b4_package) by extensions ['ignore', 'ignore_ament_install']
[0.719s] Level 1:colcon.colcon_core.package_identification:_identify(b4_ws/src/install/b4_package/lib/b4_package) by extension 'ignore'
[0.719s] Level 1:colcon.colcon_core.package_identification:_identify(b4_ws/src/install/b4_package/lib/b4_package) by extension 'ignore_ament_install'
[0.719s] Level 1:colcon.colcon_core.package_identification:_identify(b4_ws/src/install/b4_package/lib/b4_package) by extensions ['colcon_pkg']
[0.719s] Level 1:colcon.colcon_core.package_identification:_identify(b4_ws/src/install/b4_package/lib/b4_package) by extension 'colcon_pkg'
[0.719s] Level 1:colcon.colcon_core.package_identification:_identify(b4_ws/src/install/b4_package/lib/b4_package) by extensions ['colcon_meta']
[0.719s] Level 1:colcon.colcon_core.package_identification:_identify(b4_ws/src/install/b4_package/lib/b4_package) by extension 'colcon_meta'
[0.719s] Level 1:colcon.colcon_core.package_identification:_identify(b4_ws/src/install/b4_package/lib/b4_package) by extensions ['ros']
[0.719s] Level 1:colcon.colcon_core.package_identification:_identify(b4_ws/src/install/b4_package/lib/b4_package) by extension 'ros'
[0.719s] Level 1:colcon.colcon_core.package_identification:_identify(b4_ws/src/install/b4_package/lib/b4_package) by extensions ['cmake', 'python']
[0.719s] Level 1:colcon.colcon_core.package_identification:_identify(b4_ws/src/install/b4_package/lib/b4_package) by extension 'cmake'
[0.719s] Level 1:colcon.colcon_core.package_identification:_identify(b4_ws/src/install/b4_package/lib/b4_package) by extension 'python'
[0.720s] Level 1:colcon.colcon_core.package_identification:_identify(b4_ws/src/install/b4_package/lib/b4_package) by extensions ['python_setup_py']
[0.720s] Level 1:colcon.colcon_core.package_identification:_identify(b4_ws/src/install/b4_package/lib/b4_package) by extension 'python_setup_py'
[0.720s] Level 1:colcon.colcon_core.package_identification:_identify(b4_ws/src/install/b4_package/lib/python3.10) by extensions ['ignore', 'ignore_ament_install']
[0.720s] Level 1:colcon.colcon_core.package_identification:_identify(b4_ws/src/install/b4_package/lib/python3.10) by extension 'ignore'
[0.720s] Level 1:colcon.colcon_core.package_identification:_identify(b4_ws/src/install/b4_package/lib/python3.10) by extension 'ignore_ament_install'
[0.720s] Level 1:colcon.colcon_core.package_identification:_identify(b4_ws/src/install/b4_package/lib/python3.10) by extensions ['colcon_pkg']
[0.720s] Level 1:colcon.colcon_core.package_identification:_identify(b4_ws/src/install/b4_package/lib/python3.10) by extension 'colcon_pkg'
[0.720s] Level 1:colcon.colcon_core.package_identification:_identify(b4_ws/src/install/b4_package/lib/python3.10) by extensions ['colcon_meta']
[0.720s] Level 1:colcon.colcon_core.package_identification:_identify(b4_ws/src/install/b4_package/lib/python3.10) by extension 'colcon_meta'
[0.721s] Level 1:colcon.colcon_core.package_identification:_identify(b4_ws/src/install/b4_package/lib/python3.10) by extensions ['ros']
[0.721s] Level 1:colcon.colcon_core.package_identification:_identify(b4_ws/src/install/b4_package/lib/python3.10) by extension 'ros'
[0.721s] Level 1:colcon.colcon_core.package_identification:_identify(b4_ws/src/install/b4_package/lib/python3.10) by extensions ['cmake', 'python']
[0.721s] Level 1:colcon.colcon_core.package_identification:_identify(b4_ws/src/install/b4_package/lib/python3.10) by extension 'cmake'
[0.721s] Level 1:colcon.colcon_core.package_identification:_identify(b4_ws/src/install/b4_package/lib/python3.10) by extension 'python'
[0.721s] Level 1:colcon.colcon_core.package_identification:_identify(b4_ws/src/install/b4_package/lib/python3.10) by extensions ['python_setup_py']
[0.721s] Level 1:colcon.colcon_core.package_identification:_identify(b4_ws/src/install/b4_package/lib/python3.10) by extension 'python_setup_py'
[0.721s] Level 1:colcon.colcon_core.package_identification:_identify(b4_ws/src/install/b4_package/lib/python3.10/site-packages) by extensions ['ignore', 'ignore_ament_install']
[0.721s] Level 1:colcon.colcon_core.package_identification:_identify(b4_ws/src/install/b4_package/lib/python3.10/site-packages) by extension 'ignore'
[0.722s] Level 1:colcon.colcon_core.package_identification:_identify(b4_ws/src/install/b4_package/lib/python3.10/site-packages) by extension 'ignore_ament_install'
[0.722s] Level 1:colcon.colcon_core.package_identification:_identify(b4_ws/src/install/b4_package/lib/python3.10/site-packages) by extensions ['colcon_pkg']
[0.722s] Level 1:colcon.colcon_core.package_identification:_identify(b4_ws/src/install/b4_package/lib/python3.10/site-packages) by extension 'colcon_pkg'
[0.722s] Level 1:colcon.colcon_core.package_identification:_identify(b4_ws/src/install/b4_package/lib/python3.10/site-packages) by extensions ['colcon_meta']
[0.722s] Level 1:colcon.colcon_core.package_identification:_identify(b4_ws/src/install/b4_package/lib/python3.10/site-packages) by extension 'colcon_meta'
[0.722s] Level 1:colcon.colcon_core.package_identification:_identify(b4_ws/src/install/b4_package/lib/python3.10/site-packages) by extensions ['ros']
[0.722s] Level 1:colcon.colcon_core.package_identification:_identify(b4_ws/src/install/b4_package/lib/python3.10/site-packages) by extension 'ros'
[0.722s] Level 1:colcon.colcon_core.package_identification:_identify(b4_ws/src/install/b4_package/lib/python3.10/site-packages) by extensions ['cmake', 'python']
[0.722s] Level 1:colcon.colcon_core.package_identification:_identify(b4_ws/src/install/b4_package/lib/python3.10/site-packages) by extension 'cmake'
[0.722s] Level 1:colcon.colcon_core.package_identification:_identify(b4_ws/src/install/b4_package/lib/python3.10/site-packages) by extension 'python'
[0.722s] Level 1:colcon.colcon_core.package_identification:_identify(b4_ws/src/install/b4_package/lib/python3.10/site-packages) by extensions ['python_setup_py']
[0.723s] Level 1:colcon.colcon_core.package_identification:_identify(b4_ws/src/install/b4_package/lib/python3.10/site-packages) by extension 'python_setup_py'
[0.723s] Level 1:colcon.colcon_core.package_identification:_identify(b4_ws/src/install/b4_package/lib/python3.10/site-packages/b4_package) by extensions ['ignore', 'ignore_ament_install']
[0.723s] Level 1:colcon.colcon_core.package_identification:_identify(b4_ws/src/install/b4_package/lib/python3.10/site-packages/b4_package) by extension 'ignore'
[0.723s] Level 1:colcon.colcon_core.package_identification:_identify(b4_ws/src/install/b4_package/lib/python3.10/site-packages/b4_package) by extension 'ignore_ament_install'
[0.723s] Level 1:colcon.colcon_core.package_identification:_identify(b4_ws/src/install/b4_package/lib/python3.10/site-packages/b4_package) by extensions ['colcon_pkg']
[0.723s] Level 1:colcon.colcon_core.package_identification:_identify(b4_ws/src/install/b4_package/lib/python3.10/site-packages/b4_package) by extension 'colcon_pkg'
[0.723s] Level 1:colcon.colcon_core.package_identification:_identify(b4_ws/src/install/b4_package/lib/python3.10/site-packages/b4_package) by extensions ['colcon_meta']
[0.723s] Level 1:colcon.colcon_core.package_identification:_identify(b4_ws/src/install/b4_package/lib/python3.10/site-packages/b4_package) by extension 'colcon_meta'
[0.724s] Level 1:colcon.colcon_core.package_identification:_identify(b4_ws/src/install/b4_package/lib/python3.10/site-packages/b4_package) by extensions ['ros']
[0.724s] Level 1:colcon.colcon_core.package_identification:_identify(b4_ws/src/install/b4_package/lib/python3.10/site-packages/b4_package) by extension 'ros'
[0.724s] Level 1:colcon.colcon_core.package_identification:_identify(b4_ws/src/install/b4_package/lib/python3.10/site-packages/b4_package) by extensions ['cmake', 'python']
[0.724s] Level 1:colcon.colcon_core.package_identification:_identify(b4_ws/src/install/b4_package/lib/python3.10/site-packages/b4_package) by extension 'cmake'
[0.724s] Level 1:colcon.colcon_core.package_identification:_identify(b4_ws/src/install/b4_package/lib/python3.10/site-packages/b4_package) by extension 'python'
[0.724s] Level 1:colcon.colcon_core.package_identification:_identify(b4_ws/src/install/b4_package/lib/python3.10/site-packages/b4_package) by extensions ['python_setup_py']
[0.724s] Level 1:colcon.colcon_core.package_identification:_identify(b4_ws/src/install/b4_package/lib/python3.10/site-packages/b4_package) by extension 'python_setup_py'
[0.724s] Level 1:colcon.colcon_core.package_identification:_identify(b4_ws/src/install/b4_package/lib/python3.10/site-packages/b4_package/__pycache__) by extensions ['ignore', 'ignore_ament_install']
[0.725s] Level 1:colcon.colcon_core.package_identification:_identify(b4_ws/src/install/b4_package/lib/python3.10/site-packages/b4_package/__pycache__) by extension 'ignore'
[0.725s] Level 1:colcon.colcon_core.package_identification:_identify(b4_ws/src/install/b4_package/lib/python3.10/site-packages/b4_package/__pycache__) by extension 'ignore_ament_install'
[0.725s] Level 1:colcon.colcon_core.package_identification:_identify(b4_ws/src/install/b4_package/lib/python3.10/site-packages/b4_package/__pycache__) by extensions ['colcon_pkg']
[0.725s] Level 1:colcon.colcon_core.package_identification:_identify(b4_ws/src/install/b4_package/lib/python3.10/site-packages/b4_package/__pycache__) by extension 'colcon_pkg'
[0.725s] Level 1:colcon.colcon_core.package_identification:_identify(b4_ws/src/install/b4_package/lib/python3.10/site-packages/b4_package/__pycache__) by extensions ['colcon_meta']
[0.725s] Level 1:colcon.colcon_core.package_identification:_identify(b4_ws/src/install/b4_package/lib/python3.10/site-packages/b4_package/__pycache__) by extension 'colcon_meta'
[0.725s] Level 1:colcon.colcon_core.package_identification:_identify(b4_ws/src/install/b4_package/lib/python3.10/site-packages/b4_package/__pycache__) by extensions ['ros']
[0.725s] Level 1:colcon.colcon_core.package_identification:_identify(b4_ws/src/install/b4_package/lib/python3.10/site-packages/b4_package/__pycache__) by extension 'ros'
[0.726s] Level 1:colcon.colcon_core.package_identification:_identify(b4_ws/src/install/b4_package/lib/python3.10/site-packages/b4_package/__pycache__) by extensions ['cmake', 'python']
[0.726s] Level 1:colcon.colcon_core.package_identification:_identify(b4_ws/src/install/b4_package/lib/python3.10/site-packages/b4_package/__pycache__) by extension 'cmake'
[0.726s] Level 1:colcon.colcon_core.package_identification:_identify(b4_ws/src/install/b4_package/lib/python3.10/site-packages/b4_package/__pycache__) by extension 'python'
[0.726s] Level 1:colcon.colcon_core.package_identification:_identify(b4_ws/src/install/b4_package/lib/python3.10/site-packages/b4_package/__pycache__) by extensions ['python_setup_py']
[0.726s] Level 1:colcon.colcon_core.package_identification:_identify(b4_ws/src/install/b4_package/lib/python3.10/site-packages/b4_package/__pycache__) by extension 'python_setup_py'
[0.726s] Level 1:colcon.colcon_core.package_identification:_identify(b4_ws/src/install/b4_package/share) by extensions ['ignore', 'ignore_ament_install']
[0.726s] Level 1:colcon.colcon_core.package_identification:_identify(b4_ws/src/install/b4_package/share) by extension 'ignore'
[0.727s] Level 1:colcon.colcon_core.package_identification:_identify(b4_ws/src/install/b4_package/share) by extension 'ignore_ament_install'
[0.727s] Level 1:colcon.colcon_core.package_identification:_identify(b4_ws/src/install/b4_package/share) by extensions ['colcon_pkg']
[0.727s] Level 1:colcon.colcon_core.package_identification:_identify(b4_ws/src/install/b4_package/share) by extension 'colcon_pkg'
[0.727s] Level 1:colcon.colcon_core.package_identification:_identify(b4_ws/src/install/b4_package/share) by extensions ['colcon_meta']
[0.727s] Level 1:colcon.colcon_core.package_identification:_identify(b4_ws/src/install/b4_package/share) by extension 'colcon_meta'
[0.727s] Level 1:colcon.colcon_core.package_identification:_identify(b4_ws/src/install/b4_package/share) by extensions ['ros']
[0.727s] Level 1:colcon.colcon_core.package_identification:_identify(b4_ws/src/install/b4_package/share) by extension 'ros'
[0.727s] Level 1:colcon.colcon_core.package_identification:_identify(b4_ws/src/install/b4_package/share) by extensions ['cmake', 'python']
[0.727s] Level 1:colcon.colcon_core.package_identification:_identify(b4_ws/src/install/b4_package/share) by extension 'cmake'
[0.727s] Level 1:colcon.colcon_core.package_identification:_identify(b4_ws/src/install/b4_package/share) by extension 'python'
[0.727s] Level 1:colcon.colcon_core.package_identification:_identify(b4_ws/src/install/b4_package/share) by extensions ['python_setup_py']
[0.728s] Level 1:colcon.colcon_core.package_identification:_identify(b4_ws/src/install/b4_package/share) by extension 'python_setup_py'
[0.728s] Level 1:colcon.colcon_core.package_identification:_identify(b4_ws/src/install/b4_package/share/b4_package) by extensions ['ignore', 'ignore_ament_install']
[0.728s] Level 1:colcon.colcon_core.package_identification:_identify(b4_ws/src/install/b4_package/share/b4_package) by extension 'ignore'
[0.728s] Level 1:colcon.colcon_core.package_identification:_identify(b4_ws/src/install/b4_package/share/b4_package) by extension 'ignore_ament_install'
[0.728s] Level 1:colcon.colcon_core.package_identification:_identify(b4_ws/src/install/b4_package/share/b4_package) by extensions ['colcon_pkg']
[0.728s] Level 1:colcon.colcon_core.package_identification:_identify(b4_ws/src/install/b4_package/share/b4_package) by extension 'colcon_pkg'
[0.728s] Level 1:colcon.colcon_core.package_identification:_identify(b4_ws/src/install/b4_package/share/b4_package) by extensions ['colcon_meta']
[0.728s] Level 1:colcon.colcon_core.package_identification:_identify(b4_ws/src/install/b4_package/share/b4_package) by extension 'colcon_meta'
[0.729s] Level 1:colcon.colcon_core.package_identification:_identify(b4_ws/src/install/b4_package/share/b4_package) by extensions ['ros']
[0.729s] Level 1:colcon.colcon_core.package_identification:_identify(b4_ws/src/install/b4_package/share/b4_package) by extension 'ros'
[0.729s] Level 1:colcon.colcon_core.package_identification:_identify(b4_ws/src/install/b4_package/share/b4_package) by extensions ['cmake', 'python']
[0.729s] Level 1:colcon.colcon_core.package_identification:_identify(b4_ws/src/install/b4_package/share/b4_package) by extension 'cmake'
[0.729s] Level 1:colcon.colcon_core.package_identification:_identify(b4_ws/src/install/b4_package/share/b4_package) by extension 'python'
[0.729s] Level 1:colcon.colcon_core.package_identification:_identify(b4_ws/src/install/b4_package/share/b4_package) by extensions ['python_setup_py']
[0.729s] Level 1:colcon.colcon_core.package_identification:_identify(b4_ws/src/install/b4_package/share/b4_package) by extension 'python_setup_py'
[0.729s] Level 1:colcon.colcon_core.package_identification:_identify(b4_ws/src/install/b4_package/share/b4_package/hook) by extensions ['ignore', 'ignore_ament_install']
[0.729s] Level 1:colcon.colcon_core.package_identification:_identify(b4_ws/src/install/b4_package/share/b4_package/hook) by extension 'ignore'
[0.729s] Level 1:colcon.colcon_core.package_identification:_identify(b4_ws/src/install/b4_package/share/b4_package/hook) by extension 'ignore_ament_install'
[0.730s] Level 1:colcon.colcon_core.package_identification:_identify(b4_ws/src/install/b4_package/share/b4_package/hook) by extensions ['colcon_pkg']
[0.730s] Level 1:colcon.colcon_core.package_identification:_identify(b4_ws/src/install/b4_package/share/b4_package/hook) by extension 'colcon_pkg'
[0.730s] Level 1:colcon.colcon_core.package_identification:_identify(b4_ws/src/install/b4_package/share/b4_package/hook) by extensions ['colcon_meta']
[0.730s] Level 1:colcon.colcon_core.package_identification:_identify(b4_ws/src/install/b4_package/share/b4_package/hook) by extension 'colcon_meta'
[0.730s] Level 1:colcon.colcon_core.package_identification:_identify(b4_ws/src/install/b4_package/share/b4_package/hook) by extensions ['ros']
[0.730s] Level 1:colcon.colcon_core.package_identification:_identify(b4_ws/src/install/b4_package/share/b4_package/hook) by extension 'ros'
[0.730s] Level 1:colcon.colcon_core.package_identification:_identify(b4_ws/src/install/b4_package/share/b4_package/hook) by extensions ['cmake', 'python']
[0.730s] Level 1:colcon.colcon_core.package_identification:_identify(b4_ws/src/install/b4_package/share/b4_package/hook) by extension 'cmake'
[0.730s] Level 1:colcon.colcon_core.package_identification:_identify(b4_ws/src/install/b4_package/share/b4_package/hook) by extension 'python'
[0.730s] Level 1:colcon.colcon_core.package_identification:_identify(b4_ws/src/install/b4_package/share/b4_package/hook) by extensions ['python_setup_py']
[0.730s] Level 1:colcon.colcon_core.package_identification:_identify(b4_ws/src/install/b4_package/share/b4_package/hook) by extension 'python_setup_py'
[0.731s] Level 1:colcon.colcon_core.package_identification:_identify(b4_ws/src/log) by extensions ['ignore', 'ignore_ament_install']
[0.731s] Level 1:colcon.colcon_core.package_identification:_identify(b4_ws/src/log) by extension 'ignore'
[0.731s] Level 1:colcon.colcon_core.package_identification:_identify(b4_ws/src/log) by extension 'ignore_ament_install'
[0.731s] Level 1:colcon.colcon_core.package_identification:_identify(b4_ws/src/log) by extensions ['colcon_pkg']
[0.731s] Level 1:colcon.colcon_core.package_identification:_identify(b4_ws/src/log) by extension 'colcon_pkg'
[0.731s] Level 1:colcon.colcon_core.package_identification:_identify(b4_ws/src/log) by extensions ['colcon_meta']
[0.731s] Level 1:colcon.colcon_core.package_identification:_identify(b4_ws/src/log) by extension 'colcon_meta'
[0.731s] Level 1:colcon.colcon_core.package_identification:_identify(b4_ws/src/log) by extensions ['ros']
[0.731s] Level 1:colcon.colcon_core.package_identification:_identify(b4_ws/src/log) by extension 'ros'
[0.731s] Level 1:colcon.colcon_core.package_identification:_identify(b4_ws/src/log) by extensions ['cmake', 'python']
[0.731s] Level 1:colcon.colcon_core.package_identification:_identify(b4_ws/src/log) by extension 'cmake'
[0.732s] Level 1:colcon.colcon_core.package_identification:_identify(b4_ws/src/log) by extension 'python'
[0.732s] Level 1:colcon.colcon_core.package_identification:_identify(b4_ws/src/log) by extensions ['python_setup_py']
[0.732s] Level 1:colcon.colcon_core.package_identification:_identify(b4_ws/src/log) by extension 'python_setup_py'
[0.732s] Level 1:colcon.colcon_core.package_identification:_identify(b4_ws/src/log/build_2024-11-13_19-54-52) by extensions ['ignore', 'ignore_ament_install']
[0.732s] Level 1:colcon.colcon_core.package_identification:_identify(b4_ws/src/log/build_2024-11-13_19-54-52) by extension 'ignore'
[0.732s] Level 1:colcon.colcon_core.package_identification:_identify(b4_ws/src/log/build_2024-11-13_19-54-52) by extension 'ignore_ament_install'
[0.732s] Level 1:colcon.colcon_core.package_identification:_identify(b4_ws/src/log/build_2024-11-13_19-54-52) by extensions ['colcon_pkg']
[0.732s] Level 1:colcon.colcon_core.package_identification:_identify(b4_ws/src/log/build_2024-11-13_19-54-52) by extension 'colcon_pkg'
[0.732s] Level 1:colcon.colcon_core.package_identification:_identify(b4_ws/src/log/build_2024-11-13_19-54-52) by extensions ['colcon_meta']
[0.732s] Level 1:colcon.colcon_core.package_identification:_identify(b4_ws/src/log/build_2024-11-13_19-54-52) by extension 'colcon_meta'
[0.733s] Level 1:colcon.colcon_core.package_identification:_identify(b4_ws/src/log/build_2024-11-13_19-54-52) by extensions ['ros']
[0.733s] Level 1:colcon.colcon_core.package_identification:_identify(b4_ws/src/log/build_2024-11-13_19-54-52) by extension 'ros'
[0.733s] Level 1:colcon.colcon_core.package_identification:_identify(b4_ws/src/log/build_2024-11-13_19-54-52) by extensions ['cmake', 'python']
[0.733s] Level 1:colcon.colcon_core.package_identification:_identify(b4_ws/src/log/build_2024-11-13_19-54-52) by extension 'cmake'
[0.733s] Level 1:colcon.colcon_core.package_identification:_identify(b4_ws/src/log/build_2024-11-13_19-54-52) by extension 'python'
[0.733s] Level 1:colcon.colcon_core.package_identification:_identify(b4_ws/src/log/build_2024-11-13_19-54-52) by extensions ['python_setup_py']
[0.733s] Level 1:colcon.colcon_core.package_identification:_identify(b4_ws/src/log/build_2024-11-13_19-54-52) by extension 'python_setup_py'
[0.733s] Level 1:colcon.colcon_core.package_identification:_identify(b4_ws/src/log/build_2024-11-13_19-54-52/b4_package) by extensions ['ignore', 'ignore_ament_install']
[0.733s] Level 1:colcon.colcon_core.package_identification:_identify(b4_ws/src/log/build_2024-11-13_19-54-52/b4_package) by extension 'ignore'
[0.734s] Level 1:colcon.colcon_core.package_identification:_identify(b4_ws/src/log/build_2024-11-13_19-54-52/b4_package) by extension 'ignore_ament_install'
[0.734s] Level 1:colcon.colcon_core.package_identification:_identify(b4_ws/src/log/build_2024-11-13_19-54-52/b4_package) by extensions ['colcon_pkg']
[0.734s] Level 1:colcon.colcon_core.package_identification:_identify(b4_ws/src/log/build_2024-11-13_19-54-52/b4_package) by extension 'colcon_pkg'
[0.734s] Level 1:colcon.colcon_core.package_identification:_identify(b4_ws/src/log/build_2024-11-13_19-54-52/b4_package) by extensions ['colcon_meta']
[0.734s] Level 1:colcon.colcon_core.package_identification:_identify(b4_ws/src/log/build_2024-11-13_19-54-52/b4_package) by extension 'colcon_meta'
[0.734s] Level 1:colcon.colcon_core.package_identification:_identify(b4_ws/src/log/build_2024-11-13_19-54-52/b4_package) by extensions ['ros']
[0.734s] Level 1:colcon.colcon_core.package_identification:_identify(b4_ws/src/log/build_2024-11-13_19-54-52/b4_package) by extension 'ros'
[0.734s] Level 1:colcon.colcon_core.package_identification:_identify(b4_ws/src/log/build_2024-11-13_19-54-52/b4_package) by extensions ['cmake', 'python']
[0.734s] Level 1:colcon.colcon_core.package_identification:_identify(b4_ws/src/log/build_2024-11-13_19-54-52/b4_package) by extension 'cmake'
[0.734s] Level 1:colcon.colcon_core.package_identification:_identify(b4_ws/src/log/build_2024-11-13_19-54-52/b4_package) by extension 'python'
[0.735s] Level 1:colcon.colcon_core.package_identification:_identify(b4_ws/src/log/build_2024-11-13_19-54-52/b4_package) by extensions ['python_setup_py']
[0.735s] Level 1:colcon.colcon_core.package_identification:_identify(b4_ws/src/log/build_2024-11-13_19-54-52/b4_package) by extension 'python_setup_py'
[0.735s] Level 1:colcon.colcon_core.package_identification:_identify(b4_ws/src/log/build_2024-11-13_20-30-09) by extensions ['ignore', 'ignore_ament_install']
[0.735s] Level 1:colcon.colcon_core.package_identification:_identify(b4_ws/src/log/build_2024-11-13_20-30-09) by extension 'ignore'
[0.735s] Level 1:colcon.colcon_core.package_identification:_identify(b4_ws/src/log/build_2024-11-13_20-30-09) by extension 'ignore_ament_install'
[0.735s] Level 1:colcon.colcon_core.package_identification:_identify(b4_ws/src/log/build_2024-11-13_20-30-09) by extensions ['colcon_pkg']
[0.735s] Level 1:colcon.colcon_core.package_identification:_identify(b4_ws/src/log/build_2024-11-13_20-30-09) by extension 'colcon_pkg'
[0.735s] Level 1:colcon.colcon_core.package_identification:_identify(b4_ws/src/log/build_2024-11-13_20-30-09) by extensions ['colcon_meta']
[0.735s] Level 1:colcon.colcon_core.package_identification:_identify(b4_ws/src/log/build_2024-11-13_20-30-09) by extension 'colcon_meta'
[0.736s] Level 1:colcon.colcon_core.package_identification:_identify(b4_ws/src/log/build_2024-11-13_20-30-09) by extensions ['ros']
[0.736s] Level 1:colcon.colcon_core.package_identification:_identify(b4_ws/src/log/build_2024-11-13_20-30-09) by extension 'ros'
[0.736s] Level 1:colcon.colcon_core.package_identification:_identify(b4_ws/src/log/build_2024-11-13_20-30-09) by extensions ['cmake', 'python']
[0.736s] Level 1:colcon.colcon_core.package_identification:_identify(b4_ws/src/log/build_2024-11-13_20-30-09) by extension 'cmake'
[0.736s] Level 1:colcon.colcon_core.package_identification:_identify(b4_ws/src/log/build_2024-11-13_20-30-09) by extension 'python'
[0.736s] Level 1:colcon.colcon_core.package_identification:_identify(b4_ws/src/log/build_2024-11-13_20-30-09) by extensions ['python_setup_py']
[0.736s] Level 1:colcon.colcon_core.package_identification:_identify(b4_ws/src/log/build_2024-11-13_20-30-09) by extension 'python_setup_py'
[0.736s] Level 1:colcon.colcon_core.package_identification:_identify(b4_ws/src/log/build_2024-11-13_20-30-09/b4_package) by extensions ['ignore', 'ignore_ament_install']
[0.736s] Level 1:colcon.colcon_core.package_identification:_identify(b4_ws/src/log/build_2024-11-13_20-30-09/b4_package) by extension 'ignore'
[0.737s] Level 1:colcon.colcon_core.package_identification:_identify(b4_ws/src/log/build_2024-11-13_20-30-09/b4_package) by extension 'ignore_ament_install'
[0.737s] Level 1:colcon.colcon_core.package_identification:_identify(b4_ws/src/log/build_2024-11-13_20-30-09/b4_package) by extensions ['colcon_pkg']
[0.737s] Level 1:colcon.colcon_core.package_identification:_identify(b4_ws/src/log/build_2024-11-13_20-30-09/b4_package) by extension 'colcon_pkg'
[0.737s] Level 1:colcon.colcon_core.package_identification:_identify(b4_ws/src/log/build_2024-11-13_20-30-09/b4_package) by extensions ['colcon_meta']
[0.737s] Level 1:colcon.colcon_core.package_identification:_identify(b4_ws/src/log/build_2024-11-13_20-30-09/b4_package) by extension 'colcon_meta'
[0.737s] Level 1:colcon.colcon_core.package_identification:_identify(b4_ws/src/log/build_2024-11-13_20-30-09/b4_package) by extensions ['ros']
[0.737s] Level 1:colcon.colcon_core.package_identification:_identify(b4_ws/src/log/build_2024-11-13_20-30-09/b4_package) by extension 'ros'
[0.737s] Level 1:colcon.colcon_core.package_identification:_identify(b4_ws/src/log/build_2024-11-13_20-30-09/b4_package) by extensions ['cmake', 'python']
[0.737s] Level 1:colcon.colcon_core.package_identification:_identify(b4_ws/src/log/build_2024-11-13_20-30-09/b4_package) by extension 'cmake'
[0.737s] Level 1:colcon.colcon_core.package_identification:_identify(b4_ws/src/log/build_2024-11-13_20-30-09/b4_package) by extension 'python'
[0.737s] Level 1:colcon.colcon_core.package_identification:_identify(b4_ws/src/log/build_2024-11-13_20-30-09/b4_package) by extensions ['python_setup_py']
[0.737s] Level 1:colcon.colcon_core.package_identification:_identify(b4_ws/src/log/build_2024-11-13_20-30-09/b4_package) by extension 'python_setup_py'
[0.738s] Level 1:colcon.colcon_core.package_identification:_identify(b4_ws/src/log/build_2024-11-13_20-34-01) by extensions ['ignore', 'ignore_ament_install']
[0.738s] Level 1:colcon.colcon_core.package_identification:_identify(b4_ws/src/log/build_2024-11-13_20-34-01) by extension 'ignore'
[0.738s] Level 1:colcon.colcon_core.package_identification:_identify(b4_ws/src/log/build_2024-11-13_20-34-01) by extension 'ignore_ament_install'
[0.738s] Level 1:colcon.colcon_core.package_identification:_identify(b4_ws/src/log/build_2024-11-13_20-34-01) by extensions ['colcon_pkg']
[0.738s] Level 1:colcon.colcon_core.package_identification:_identify(b4_ws/src/log/build_2024-11-13_20-34-01) by extension 'colcon_pkg'
[0.738s] Level 1:colcon.colcon_core.package_identification:_identify(b4_ws/src/log/build_2024-11-13_20-34-01) by extensions ['colcon_meta']
[0.738s] Level 1:colcon.colcon_core.package_identification:_identify(b4_ws/src/log/build_2024-11-13_20-34-01) by extension 'colcon_meta'
[0.738s] Level 1:colcon.colcon_core.package_identification:_identify(b4_ws/src/log/build_2024-11-13_20-34-01) by extensions ['ros']
[0.738s] Level 1:colcon.colcon_core.package_identification:_identify(b4_ws/src/log/build_2024-11-13_20-34-01) by extension 'ros'
[0.739s] Level 1:colcon.colcon_core.package_identification:_identify(b4_ws/src/log/build_2024-11-13_20-34-01) by extensions ['cmake', 'python']
[0.739s] Level 1:colcon.colcon_core.package_identification:_identify(b4_ws/src/log/build_2024-11-13_20-34-01) by extension 'cmake'
[0.739s] Level 1:colcon.colcon_core.package_identification:_identify(b4_ws/src/log/build_2024-11-13_20-34-01) by extension 'python'
[0.739s] Level 1:colcon.colcon_core.package_identification:_identify(b4_ws/src/log/build_2024-11-13_20-34-01) by extensions ['python_setup_py']
[0.739s] Level 1:colcon.colcon_core.package_identification:_identify(b4_ws/src/log/build_2024-11-13_20-34-01) by extension 'python_setup_py'
[0.739s] Level 1:colcon.colcon_core.package_identification:_identify(b4_ws/src/log/build_2024-11-13_20-34-01/b4_package) by extensions ['ignore', 'ignore_ament_install']
[0.739s] Level 1:colcon.colcon_core.package_identification:_identify(b4_ws/src/log/build_2024-11-13_20-34-01/b4_package) by extension 'ignore'
[0.739s] Level 1:colcon.colcon_core.package_identification:_identify(b4_ws/src/log/build_2024-11-13_20-34-01/b4_package) by extension 'ignore_ament_install'
[0.739s] Level 1:colcon.colcon_core.package_identification:_identify(b4_ws/src/log/build_2024-11-13_20-34-01/b4_package) by extensions ['colcon_pkg']
[0.740s] Level 1:colcon.colcon_core.package_identification:_identify(b4_ws/src/log/build_2024-11-13_20-34-01/b4_package) by extension 'colcon_pkg'
[0.740s] Level 1:colcon.colcon_core.package_identification:_identify(b4_ws/src/log/build_2024-11-13_20-34-01/b4_package) by extensions ['colcon_meta']
[0.740s] Level 1:colcon.colcon_core.package_identification:_identify(b4_ws/src/log/build_2024-11-13_20-34-01/b4_package) by extension 'colcon_meta'
[0.740s] Level 1:colcon.colcon_core.package_identification:_identify(b4_ws/src/log/build_2024-11-13_20-34-01/b4_package) by extensions ['ros']
[0.740s] Level 1:colcon.colcon_core.package_identification:_identify(b4_ws/src/log/build_2024-11-13_20-34-01/b4_package) by extension 'ros'
[0.740s] Level 1:colcon.colcon_core.package_identification:_identify(b4_ws/src/log/build_2024-11-13_20-34-01/b4_package) by extensions ['cmake', 'python']
[0.740s] Level 1:colcon.colcon_core.package_identification:_identify(b4_ws/src/log/build_2024-11-13_20-34-01/b4_package) by extension 'cmake'
[0.740s] Level 1:colcon.colcon_core.package_identification:_identify(b4_ws/src/log/build_2024-11-13_20-34-01/b4_package) by extension 'python'
[0.740s] Level 1:colcon.colcon_core.package_identification:_identify(b4_ws/src/log/build_2024-11-13_20-34-01/b4_package) by extensions ['python_setup_py']
[0.740s] Level 1:colcon.colcon_core.package_identification:_identify(b4_ws/src/log/build_2024-11-13_20-34-01/b4_package) by extension 'python_setup_py'
[0.740s] Level 1:colcon.colcon_core.package_identification:_identify(b4_ws/src/log/build_2024-11-13_20-37-51) by extensions ['ignore', 'ignore_ament_install']
[0.741s] Level 1:colcon.colcon_core.package_identification:_identify(b4_ws/src/log/build_2024-11-13_20-37-51) by extension 'ignore'
[0.741s] Level 1:colcon.colcon_core.package_identification:_identify(b4_ws/src/log/build_2024-11-13_20-37-51) by extension 'ignore_ament_install'
[0.741s] Level 1:colcon.colcon_core.package_identification:_identify(b4_ws/src/log/build_2024-11-13_20-37-51) by extensions ['colcon_pkg']
[0.741s] Level 1:colcon.colcon_core.package_identification:_identify(b4_ws/src/log/build_2024-11-13_20-37-51) by extension 'colcon_pkg'
[0.741s] Level 1:colcon.colcon_core.package_identification:_identify(b4_ws/src/log/build_2024-11-13_20-37-51) by extensions ['colcon_meta']
[0.741s] Level 1:colcon.colcon_core.package_identification:_identify(b4_ws/src/log/build_2024-11-13_20-37-51) by extension 'colcon_meta'
[0.741s] Level 1:colcon.colcon_core.package_identification:_identify(b4_ws/src/log/build_2024-11-13_20-37-51) by extensions ['ros']
[0.741s] Level 1:colcon.colcon_core.package_identification:_identify(b4_ws/src/log/build_2024-11-13_20-37-51) by extension 'ros'
[0.741s] Level 1:colcon.colcon_core.package_identification:_identify(b4_ws/src/log/build_2024-11-13_20-37-51) by extensions ['cmake', 'python']
[0.741s] Level 1:colcon.colcon_core.package_identification:_identify(b4_ws/src/log/build_2024-11-13_20-37-51) by extension 'cmake'
[0.742s] Level 1:colcon.colcon_core.package_identification:_identify(b4_ws/src/log/build_2024-11-13_20-37-51) by extension 'python'
[0.742s] Level 1:colcon.colcon_core.package_identification:_identify(b4_ws/src/log/build_2024-11-13_20-37-51) by extensions ['python_setup_py']
[0.742s] Level 1:colcon.colcon_core.package_identification:_identify(b4_ws/src/log/build_2024-11-13_20-37-51) by extension 'python_setup_py'
[0.742s] Level 1:colcon.colcon_core.package_identification:_identify(b4_ws/src/log/build_2024-11-13_20-37-51/b4_package) by extensions ['ignore', 'ignore_ament_install']
[0.742s] Level 1:colcon.colcon_core.package_identification:_identify(b4_ws/src/log/build_2024-11-13_20-37-51/b4_package) by extension 'ignore'
[0.742s] Level 1:colcon.colcon_core.package_identification:_identify(b4_ws/src/log/build_2024-11-13_20-37-51/b4_package) by extension 'ignore_ament_install'
[0.743s] Level 1:colcon.colcon_core.package_identification:_identify(b4_ws/src/log/build_2024-11-13_20-37-51/b4_package) by extensions ['colcon_pkg']
[0.743s] Level 1:colcon.colcon_core.package_identification:_identify(b4_ws/src/log/build_2024-11-13_20-37-51/b4_package) by extension 'colcon_pkg'
[0.743s] Level 1:colcon.colcon_core.package_identification:_identify(b4_ws/src/log/build_2024-11-13_20-37-51/b4_package) by extensions ['colcon_meta']
[0.743s] Level 1:colcon.colcon_core.package_identification:_identify(b4_ws/src/log/build_2024-11-13_20-37-51/b4_package) by extension 'colcon_meta'
[0.743s] Level 1:colcon.colcon_core.package_identification:_identify(b4_ws/src/log/build_2024-11-13_20-37-51/b4_package) by extensions ['ros']
[0.743s] Level 1:colcon.colcon_core.package_identification:_identify(b4_ws/src/log/build_2024-11-13_20-37-51/b4_package) by extension 'ros'
[0.743s] Level 1:colcon.colcon_core.package_identification:_identify(b4_ws/src/log/build_2024-11-13_20-37-51/b4_package) by extensions ['cmake', 'python']
[0.743s] Level 1:colcon.colcon_core.package_identification:_identify(b4_ws/src/log/build_2024-11-13_20-37-51/b4_package) by extension 'cmake'
[0.743s] Level 1:colcon.colcon_core.package_identification:_identify(b4_ws/src/log/build_2024-11-13_20-37-51/b4_package) by extension 'python'
[0.743s] Level 1:colcon.colcon_core.package_identification:_identify(b4_ws/src/log/build_2024-11-13_20-37-51/b4_package) by extensions ['python_setup_py']
[0.743s] Level 1:colcon.colcon_core.package_identification:_identify(b4_ws/src/log/build_2024-11-13_20-37-51/b4_package) by extension 'python_setup_py'
[0.744s] Level 1:colcon.colcon_core.package_identification:_identify(b4_ws/src/log/build_2024-11-13_20-39-56) by extensions ['ignore', 'ignore_ament_install']
[0.744s] Level 1:colcon.colcon_core.package_identification:_identify(b4_ws/src/log/build_2024-11-13_20-39-56) by extension 'ignore'
[0.744s] Level 1:colcon.colcon_core.package_identification:_identify(b4_ws/src/log/build_2024-11-13_20-39-56) by extension 'ignore_ament_install'
[0.744s] Level 1:colcon.colcon_core.package_identification:_identify(b4_ws/src/log/build_2024-11-13_20-39-56) by extensions ['colcon_pkg']
[0.744s] Level 1:colcon.colcon_core.package_identification:_identify(b4_ws/src/log/build_2024-11-13_20-39-56) by extension 'colcon_pkg'
[0.744s] Level 1:colcon.colcon_core.package_identification:_identify(b4_ws/src/log/build_2024-11-13_20-39-56) by extensions ['colcon_meta']
[0.744s] Level 1:colcon.colcon_core.package_identification:_identify(b4_ws/src/log/build_2024-11-13_20-39-56) by extension 'colcon_meta'
[0.744s] Level 1:colcon.colcon_core.package_identification:_identify(b4_ws/src/log/build_2024-11-13_20-39-56) by extensions ['ros']
[0.744s] Level 1:colcon.colcon_core.package_identification:_identify(b4_ws/src/log/build_2024-11-13_20-39-56) by extension 'ros'
[0.745s] Level 1:colcon.colcon_core.package_identification:_identify(b4_ws/src/log/build_2024-11-13_20-39-56) by extensions ['cmake', 'python']
[0.745s] Level 1:colcon.colcon_core.package_identification:_identify(b4_ws/src/log/build_2024-11-13_20-39-56) by extension 'cmake'
[0.745s] Level 1:colcon.colcon_core.package_identification:_identify(b4_ws/src/log/build_2024-11-13_20-39-56) by extension 'python'
[0.745s] Level 1:colcon.colcon_core.package_identification:_identify(b4_ws/src/log/build_2024-11-13_20-39-56) by extensions ['python_setup_py']
[0.745s] Level 1:colcon.colcon_core.package_identification:_identify(b4_ws/src/log/build_2024-11-13_20-39-56) by extension 'python_setup_py'
[0.745s] Level 1:colcon.colcon_core.package_identification:_identify(b4_ws/src/log/build_2024-11-13_20-39-56/b4_package) by extensions ['ignore', 'ignore_ament_install']
[0.745s] Level 1:colcon.colcon_core.package_identification:_identify(b4_ws/src/log/build_2024-11-13_20-39-56/b4_package) by extension 'ignore'
[0.745s] Level 1:colcon.colcon_core.package_identification:_identify(b4_ws/src/log/build_2024-11-13_20-39-56/b4_package) by extension 'ignore_ament_install'
[0.745s] Level 1:colcon.colcon_core.package_identification:_identify(b4_ws/src/log/build_2024-11-13_20-39-56/b4_package) by extensions ['colcon_pkg']
[0.746s] Level 1:colcon.colcon_core.package_identification:_identify(b4_ws/src/log/build_2024-11-13_20-39-56/b4_package) by extension 'colcon_pkg'
[0.746s] Level 1:colcon.colcon_core.package_identification:_identify(b4_ws/src/log/build_2024-11-13_20-39-56/b4_package) by extensions ['colcon_meta']
[0.746s] Level 1:colcon.colcon_core.package_identification:_identify(b4_ws/src/log/build_2024-11-13_20-39-56/b4_package) by extension 'colcon_meta'
[0.746s] Level 1:colcon.colcon_core.package_identification:_identify(b4_ws/src/log/build_2024-11-13_20-39-56/b4_package) by extensions ['ros']
[0.746s] Level 1:colcon.colcon_core.package_identification:_identify(b4_ws/src/log/build_2024-11-13_20-39-56/b4_package) by extension 'ros'
[0.746s] Level 1:colcon.colcon_core.package_identification:_identify(b4_ws/src/log/build_2024-11-13_20-39-56/b4_package) by extensions ['cmake', 'python']
[0.746s] Level 1:colcon.colcon_core.package_identification:_identify(b4_ws/src/log/build_2024-11-13_20-39-56/b4_package) by extension 'cmake'
[0.746s] Level 1:colcon.colcon_core.package_identification:_identify(b4_ws/src/log/build_2024-11-13_20-39-56/b4_package) by extension 'python'
[0.746s] Level 1:colcon.colcon_core.package_identification:_identify(b4_ws/src/log/build_2024-11-13_20-39-56/b4_package) by extensions ['python_setup_py']
[0.746s] Level 1:colcon.colcon_core.package_identification:_identify(b4_ws/src/log/build_2024-11-13_20-39-56/b4_package) by extension 'python_setup_py'
[0.746s] Level 1:colcon.colcon_core.package_identification:_identify(b4_ws/src/log/build_2024-11-13_20-41-40) by extensions ['ignore', 'ignore_ament_install']
[0.747s] Level 1:colcon.colcon_core.package_identification:_identify(b4_ws/src/log/build_2024-11-13_20-41-40) by extension 'ignore'
[0.747s] Level 1:colcon.colcon_core.package_identification:_identify(b4_ws/src/log/build_2024-11-13_20-41-40) by extension 'ignore_ament_install'
[0.747s] Level 1:colcon.colcon_core.package_identification:_identify(b4_ws/src/log/build_2024-11-13_20-41-40) by extensions ['colcon_pkg']
[0.747s] Level 1:colcon.colcon_core.package_identification:_identify(b4_ws/src/log/build_2024-11-13_20-41-40) by extension 'colcon_pkg'
[0.747s] Level 1:colcon.colcon_core.package_identification:_identify(b4_ws/src/log/build_2024-11-13_20-41-40) by extensions ['colcon_meta']
[0.747s] Level 1:colcon.colcon_core.package_identification:_identify(b4_ws/src/log/build_2024-11-13_20-41-40) by extension 'colcon_meta'
[0.747s] Level 1:colcon.colcon_core.package_identification:_identify(b4_ws/src/log/build_2024-11-13_20-41-40) by extensions ['ros']
[0.747s] Level 1:colcon.colcon_core.package_identification:_identify(b4_ws/src/log/build_2024-11-13_20-41-40) by extension 'ros'
[0.747s] Level 1:colcon.colcon_core.package_identification:_identify(b4_ws/src/log/build_2024-11-13_20-41-40) by extensions ['cmake', 'python']
[0.747s] Level 1:colcon.colcon_core.package_identification:_identify(b4_ws/src/log/build_2024-11-13_20-41-40) by extension 'cmake'
[0.748s] Level 1:colcon.colcon_core.package_identification:_identify(b4_ws/src/log/build_2024-11-13_20-41-40) by extension 'python'
[0.748s] Level 1:colcon.colcon_core.package_identification:_identify(b4_ws/src/log/build_2024-11-13_20-41-40) by extensions ['python_setup_py']
[0.748s] Level 1:colcon.colcon_core.package_identification:_identify(b4_ws/src/log/build_2024-11-13_20-41-40) by extension 'python_setup_py'
[0.748s] Level 1:colcon.colcon_core.package_identification:_identify(b4_ws/src/log/build_2024-11-13_20-41-40/b4_package) by extensions ['ignore', 'ignore_ament_install']
[0.748s] Level 1:colcon.colcon_core.package_identification:_identify(b4_ws/src/log/build_2024-11-13_20-41-40/b4_package) by extension 'ignore'
[0.748s] Level 1:colcon.colcon_core.package_identification:_identify(b4_ws/src/log/build_2024-11-13_20-41-40/b4_package) by extension 'ignore_ament_install'
[0.748s] Level 1:colcon.colcon_core.package_identification:_identify(b4_ws/src/log/build_2024-11-13_20-41-40/b4_package) by extensions ['colcon_pkg']
[0.748s] Level 1:colcon.colcon_core.package_identification:_identify(b4_ws/src/log/build_2024-11-13_20-41-40/b4_package) by extension 'colcon_pkg'
[0.748s] Level 1:colcon.colcon_core.package_identification:_identify(b4_ws/src/log/build_2024-11-13_20-41-40/b4_package) by extensions ['colcon_meta']
[0.748s] Level 1:colcon.colcon_core.package_identification:_identify(b4_ws/src/log/build_2024-11-13_20-41-40/b4_package) by extension 'colcon_meta'
[0.749s] Level 1:colcon.colcon_core.package_identification:_identify(b4_ws/src/log/build_2024-11-13_20-41-40/b4_package) by extensions ['ros']
[0.749s] Level 1:colcon.colcon_core.package_identification:_identify(b4_ws/src/log/build_2024-11-13_20-41-40/b4_package) by extension 'ros'
[0.749s] Level 1:colcon.colcon_core.package_identification:_identify(b4_ws/src/log/build_2024-11-13_20-41-40/b4_package) by extensions ['cmake', 'python']
[0.749s] Level 1:colcon.colcon_core.package_identification:_identify(b4_ws/src/log/build_2024-11-13_20-41-40/b4_package) by extension 'cmake'
[0.749s] Level 1:colcon.colcon_core.package_identification:_identify(b4_ws/src/log/build_2024-11-13_20-41-40/b4_package) by extension 'python'
[0.749s] Level 1:colcon.colcon_core.package_identification:_identify(b4_ws/src/log/build_2024-11-13_20-41-40/b4_package) by extensions ['python_setup_py']
[0.749s] Level 1:colcon.colcon_core.package_identification:_identify(b4_ws/src/log/build_2024-11-13_20-41-40/b4_package) by extension 'python_setup_py'
[0.749s] Level 1:colcon.colcon_core.package_identification:_identify(b4_ws/src/log/build_2024-11-13_20-42-35) by extensions ['ignore', 'ignore_ament_install']
[0.749s] Level 1:colcon.colcon_core.package_identification:_identify(b4_ws/src/log/build_2024-11-13_20-42-35) by extension 'ignore'
[0.750s] Level 1:colcon.colcon_core.package_identification:_identify(b4_ws/src/log/build_2024-11-13_20-42-35) by extension 'ignore_ament_install'
[0.750s] Level 1:colcon.colcon_core.package_identification:_identify(b4_ws/src/log/build_2024-11-13_20-42-35) by extensions ['colcon_pkg']
[0.750s] Level 1:colcon.colcon_core.package_identification:_identify(b4_ws/src/log/build_2024-11-13_20-42-35) by extension 'colcon_pkg'
[0.750s] Level 1:colcon.colcon_core.package_identification:_identify(b4_ws/src/log/build_2024-11-13_20-42-35) by extensions ['colcon_meta']
[0.750s] Level 1:colcon.colcon_core.package_identification:_identify(b4_ws/src/log/build_2024-11-13_20-42-35) by extension 'colcon_meta'
[0.750s] Level 1:colcon.colcon_core.package_identification:_identify(b4_ws/src/log/build_2024-11-13_20-42-35) by extensions ['ros']
[0.750s] Level 1:colcon.colcon_core.package_identification:_identify(b4_ws/src/log/build_2024-11-13_20-42-35) by extension 'ros'
[0.750s] Level 1:colcon.colcon_core.package_identification:_identify(b4_ws/src/log/build_2024-11-13_20-42-35) by extensions ['cmake', 'python']
[0.750s] Level 1:colcon.colcon_core.package_identification:_identify(b4_ws/src/log/build_2024-11-13_20-42-35) by extension 'cmake'
[0.750s] Level 1:colcon.colcon_core.package_identification:_identify(b4_ws/src/log/build_2024-11-13_20-42-35) by extension 'python'
[0.750s] Level 1:colcon.colcon_core.package_identification:_identify(b4_ws/src/log/build_2024-11-13_20-42-35) by extensions ['python_setup_py']
[0.750s] Level 1:colcon.colcon_core.package_identification:_identify(b4_ws/src/log/build_2024-11-13_20-42-35) by extension 'python_setup_py'
[0.751s] Level 1:colcon.colcon_core.package_identification:_identify(b4_ws/src/log/build_2024-11-13_20-42-35/b4_package) by extensions ['ignore', 'ignore_ament_install']
[0.751s] Level 1:colcon.colcon_core.package_identification:_identify(b4_ws/src/log/build_2024-11-13_20-42-35/b4_package) by extension 'ignore'
[0.751s] Level 1:colcon.colcon_core.package_identification:_identify(b4_ws/src/log/build_2024-11-13_20-42-35/b4_package) by extension 'ignore_ament_install'
[0.751s] Level 1:colcon.colcon_core.package_identification:_identify(b4_ws/src/log/build_2024-11-13_20-42-35/b4_package) by extensions ['colcon_pkg']
[0.751s] Level 1:colcon.colcon_core.package_identification:_identify(b4_ws/src/log/build_2024-11-13_20-42-35/b4_package) by extension 'colcon_pkg'
[0.751s] Level 1:colcon.colcon_core.package_identification:_identify(b4_ws/src/log/build_2024-11-13_20-42-35/b4_package) by extensions ['colcon_meta']
[0.751s] Level 1:colcon.colcon_core.package_identification:_identify(b4_ws/src/log/build_2024-11-13_20-42-35/b4_package) by extension 'colcon_meta'
[0.751s] Level 1:colcon.colcon_core.package_identification:_identify(b4_ws/src/log/build_2024-11-13_20-42-35/b4_package) by extensions ['ros']
[0.751s] Level 1:colcon.colcon_core.package_identification:_identify(b4_ws/src/log/build_2024-11-13_20-42-35/b4_package) by extension 'ros'
[0.752s] Level 1:colcon.colcon_core.package_identification:_identify(b4_ws/src/log/build_2024-11-13_20-42-35/b4_package) by extensions ['cmake', 'python']
[0.752s] Level 1:colcon.colcon_core.package_identification:_identify(b4_ws/src/log/build_2024-11-13_20-42-35/b4_package) by extension 'cmake'
[0.752s] Level 1:colcon.colcon_core.package_identification:_identify(b4_ws/src/log/build_2024-11-13_20-42-35/b4_package) by extension 'python'
[0.752s] Level 1:colcon.colcon_core.package_identification:_identify(b4_ws/src/log/build_2024-11-13_20-42-35/b4_package) by extensions ['python_setup_py']
[0.752s] Level 1:colcon.colcon_core.package_identification:_identify(b4_ws/src/log/build_2024-11-13_20-42-35/b4_package) by extension 'python_setup_py'
[0.752s] Level 1:colcon.colcon_core.package_identification:_identify(b4_ws/src/log/build_2024-11-13_20-44-57) by extensions ['ignore', 'ignore_ament_install']
[0.752s] Level 1:colcon.colcon_core.package_identification:_identify(b4_ws/src/log/build_2024-11-13_20-44-57) by extension 'ignore'
[0.752s] Level 1:colcon.colcon_core.package_identification:_identify(b4_ws/src/log/build_2024-11-13_20-44-57) by extension 'ignore_ament_install'
[0.752s] Level 1:colcon.colcon_core.package_identification:_identify(b4_ws/src/log/build_2024-11-13_20-44-57) by extensions ['colcon_pkg']
[0.753s] Level 1:colcon.colcon_core.package_identification:_identify(b4_ws/src/log/build_2024-11-13_20-44-57) by extension 'colcon_pkg'
[0.753s] Level 1:colcon.colcon_core.package_identification:_identify(b4_ws/src/log/build_2024-11-13_20-44-57) by extensions ['colcon_meta']
[0.753s] Level 1:colcon.colcon_core.package_identification:_identify(b4_ws/src/log/build_2024-11-13_20-44-57) by extension 'colcon_meta'
[0.753s] Level 1:colcon.colcon_core.package_identification:_identify(b4_ws/src/log/build_2024-11-13_20-44-57) by extensions ['ros']
[0.753s] Level 1:colcon.colcon_core.package_identification:_identify(b4_ws/src/log/build_2024-11-13_20-44-57) by extension 'ros'
[0.753s] Level 1:colcon.colcon_core.package_identification:_identify(b4_ws/src/log/build_2024-11-13_20-44-57) by extensions ['cmake', 'python']
[0.753s] Level 1:colcon.colcon_core.package_identification:_identify(b4_ws/src/log/build_2024-11-13_20-44-57) by extension 'cmake'
[0.753s] Level 1:colcon.colcon_core.package_identification:_identify(b4_ws/src/log/build_2024-11-13_20-44-57) by extension 'python'
[0.753s] Level 1:colcon.colcon_core.package_identification:_identify(b4_ws/src/log/build_2024-11-13_20-44-57) by extensions ['python_setup_py']
[0.753s] Level 1:colcon.colcon_core.package_identification:_identify(b4_ws/src/log/build_2024-11-13_20-44-57) by extension 'python_setup_py'
[0.754s] Level 1:colcon.colcon_core.package_identification:_identify(b4_ws/src/log/build_2024-11-13_20-44-57/b4_package) by extensions ['ignore', 'ignore_ament_install']
[0.754s] Level 1:colcon.colcon_core.package_identification:_identify(b4_ws/src/log/build_2024-11-13_20-44-57/b4_package) by extension 'ignore'
[0.754s] Level 1:colcon.colcon_core.package_identification:_identify(b4_ws/src/log/build_2024-11-13_20-44-57/b4_package) by extension 'ignore_ament_install'
[0.754s] Level 1:colcon.colcon_core.package_identification:_identify(b4_ws/src/log/build_2024-11-13_20-44-57/b4_package) by extensions ['colcon_pkg']
[0.754s] Level 1:colcon.colcon_core.package_identification:_identify(b4_ws/src/log/build_2024-11-13_20-44-57/b4_package) by extension 'colcon_pkg'
[0.754s] Level 1:colcon.colcon_core.package_identification:_identify(b4_ws/src/log/build_2024-11-13_20-44-57/b4_package) by extensions ['colcon_meta']
[0.754s] Level 1:colcon.colcon_core.package_identification:_identify(b4_ws/src/log/build_2024-11-13_20-44-57/b4_package) by extension 'colcon_meta'
[0.754s] Level 1:colcon.colcon_core.package_identification:_identify(b4_ws/src/log/build_2024-11-13_20-44-57/b4_package) by extensions ['ros']
[0.754s] Level 1:colcon.colcon_core.package_identification:_identify(b4_ws/src/log/build_2024-11-13_20-44-57/b4_package) by extension 'ros'
[0.754s] Level 1:colcon.colcon_core.package_identification:_identify(b4_ws/src/log/build_2024-11-13_20-44-57/b4_package) by extensions ['cmake', 'python']
[0.755s] Level 1:colcon.colcon_core.package_identification:_identify(b4_ws/src/log/build_2024-11-13_20-44-57/b4_package) by extension 'cmake'
[0.755s] Level 1:colcon.colcon_core.package_identification:_identify(b4_ws/src/log/build_2024-11-13_20-44-57/b4_package) by extension 'python'
[0.755s] Level 1:colcon.colcon_core.package_identification:_identify(b4_ws/src/log/build_2024-11-13_20-44-57/b4_package) by extensions ['python_setup_py']
[0.755s] Level 1:colcon.colcon_core.package_identification:_identify(b4_ws/src/log/build_2024-11-13_20-44-57/b4_package) by extension 'python_setup_py'
[0.755s] Level 1:colcon.colcon_core.package_identification:_identify(b4_ws/src/log/build_2024-11-13_20-45-56) by extensions ['ignore', 'ignore_ament_install']
[0.755s] Level 1:colcon.colcon_core.package_identification:_identify(b4_ws/src/log/build_2024-11-13_20-45-56) by extension 'ignore'
[0.755s] Level 1:colcon.colcon_core.package_identification:_identify(b4_ws/src/log/build_2024-11-13_20-45-56) by extension 'ignore_ament_install'
[0.755s] Level 1:colcon.colcon_core.package_identification:_identify(b4_ws/src/log/build_2024-11-13_20-45-56) by extensions ['colcon_pkg']
[0.755s] Level 1:colcon.colcon_core.package_identification:_identify(b4_ws/src/log/build_2024-11-13_20-45-56) by extension 'colcon_pkg'
[0.756s] Level 1:colcon.colcon_core.package_identification:_identify(b4_ws/src/log/build_2024-11-13_20-45-56) by extensions ['colcon_meta']
[0.756s] Level 1:colcon.colcon_core.package_identification:_identify(b4_ws/src/log/build_2024-11-13_20-45-56) by extension 'colcon_meta'
[0.756s] Level 1:colcon.colcon_core.package_identification:_identify(b4_ws/src/log/build_2024-11-13_20-45-56) by extensions ['ros']
[0.756s] Level 1:colcon.colcon_core.package_identification:_identify(b4_ws/src/log/build_2024-11-13_20-45-56) by extension 'ros'
[0.756s] Level 1:colcon.colcon_core.package_identification:_identify(b4_ws/src/log/build_2024-11-13_20-45-56) by extensions ['cmake', 'python']
[0.756s] Level 1:colcon.colcon_core.package_identification:_identify(b4_ws/src/log/build_2024-11-13_20-45-56) by extension 'cmake'
[0.756s] Level 1:colcon.colcon_core.package_identification:_identify(b4_ws/src/log/build_2024-11-13_20-45-56) by extension 'python'
[0.756s] Level 1:colcon.colcon_core.package_identification:_identify(b4_ws/src/log/build_2024-11-13_20-45-56) by extensions ['python_setup_py']
[0.756s] Level 1:colcon.colcon_core.package_identification:_identify(b4_ws/src/log/build_2024-11-13_20-45-56) by extension 'python_setup_py'
[0.756s] Level 1:colcon.colcon_core.package_identification:_identify(b4_ws/src/log/build_2024-11-13_20-45-56/b4_package) by extensions ['ignore', 'ignore_ament_install']
[0.757s] Level 1:colcon.colcon_core.package_identification:_identify(b4_ws/src/log/build_2024-11-13_20-45-56/b4_package) by extension 'ignore'
[0.757s] Level 1:colcon.colcon_core.package_identification:_identify(b4_ws/src/log/build_2024-11-13_20-45-56/b4_package) by extension 'ignore_ament_install'
[0.757s] Level 1:colcon.colcon_core.package_identification:_identify(b4_ws/src/log/build_2024-11-13_20-45-56/b4_package) by extensions ['colcon_pkg']
[0.757s] Level 1:colcon.colcon_core.package_identification:_identify(b4_ws/src/log/build_2024-11-13_20-45-56/b4_package) by extension 'colcon_pkg'
[0.757s] Level 1:colcon.colcon_core.package_identification:_identify(b4_ws/src/log/build_2024-11-13_20-45-56/b4_package) by extensions ['colcon_meta']
[0.757s] Level 1:colcon.colcon_core.package_identification:_identify(b4_ws/src/log/build_2024-11-13_20-45-56/b4_package) by extension 'colcon_meta'
[0.757s] Level 1:colcon.colcon_core.package_identification:_identify(b4_ws/src/log/build_2024-11-13_20-45-56/b4_package) by extensions ['ros']
[0.757s] Level 1:colcon.colcon_core.package_identification:_identify(b4_ws/src/log/build_2024-11-13_20-45-56/b4_package) by extension 'ros'
[0.757s] Level 1:colcon.colcon_core.package_identification:_identify(b4_ws/src/log/build_2024-11-13_20-45-56/b4_package) by extensions ['cmake', 'python']
[0.757s] Level 1:colcon.colcon_core.package_identification:_identify(b4_ws/src/log/build_2024-11-13_20-45-56/b4_package) by extension 'cmake'
[0.758s] Level 1:colcon.colcon_core.package_identification:_identify(b4_ws/src/log/build_2024-11-13_20-45-56/b4_package) by extension 'python'
[0.758s] Level 1:colcon.colcon_core.package_identification:_identify(b4_ws/src/log/build_2024-11-13_20-45-56/b4_package) by extensions ['python_setup_py']
[0.758s] Level 1:colcon.colcon_core.package_identification:_identify(b4_ws/src/log/build_2024-11-13_20-45-56/b4_package) by extension 'python_setup_py'
[0.758s] Level 1:colcon.colcon_core.package_identification:_identify(b4_ws/src/log/build_2024-11-13_20-51-59) by extensions ['ignore', 'ignore_ament_install']
[0.758s] Level 1:colcon.colcon_core.package_identification:_identify(b4_ws/src/log/build_2024-11-13_20-51-59) by extension 'ignore'
[0.758s] Level 1:colcon.colcon_core.package_identification:_identify(b4_ws/src/log/build_2024-11-13_20-51-59) by extension 'ignore_ament_install'
[0.758s] Level 1:colcon.colcon_core.package_identification:_identify(b4_ws/src/log/build_2024-11-13_20-51-59) by extensions ['colcon_pkg']
[0.758s] Level 1:colcon.colcon_core.package_identification:_identify(b4_ws/src/log/build_2024-11-13_20-51-59) by extension 'colcon_pkg'
[0.758s] Level 1:colcon.colcon_core.package_identification:_identify(b4_ws/src/log/build_2024-11-13_20-51-59) by extensions ['colcon_meta']
[0.758s] Level 1:colcon.colcon_core.package_identification:_identify(b4_ws/src/log/build_2024-11-13_20-51-59) by extension 'colcon_meta'
[0.759s] Level 1:colcon.colcon_core.package_identification:_identify(b4_ws/src/log/build_2024-11-13_20-51-59) by extensions ['ros']
[0.759s] Level 1:colcon.colcon_core.package_identification:_identify(b4_ws/src/log/build_2024-11-13_20-51-59) by extension 'ros'
[0.759s] Level 1:colcon.colcon_core.package_identification:_identify(b4_ws/src/log/build_2024-11-13_20-51-59) by extensions ['cmake', 'python']
[0.759s] Level 1:colcon.colcon_core.package_identification:_identify(b4_ws/src/log/build_2024-11-13_20-51-59) by extension 'cmake'
[0.759s] Level 1:colcon.colcon_core.package_identification:_identify(b4_ws/src/log/build_2024-11-13_20-51-59) by extension 'python'
[0.759s] Level 1:colcon.colcon_core.package_identification:_identify(b4_ws/src/log/build_2024-11-13_20-51-59) by extensions ['python_setup_py']
[0.759s] Level 1:colcon.colcon_core.package_identification:_identify(b4_ws/src/log/build_2024-11-13_20-51-59) by extension 'python_setup_py'
[0.759s] Level 1:colcon.colcon_core.package_identification:_identify(b4_ws/src/log/build_2024-11-13_20-51-59/b4_package) by extensions ['ignore', 'ignore_ament_install']
[0.760s] Level 1:colcon.colcon_core.package_identification:_identify(b4_ws/src/log/build_2024-11-13_20-51-59/b4_package) by extension 'ignore'
[0.760s] Level 1:colcon.colcon_core.package_identification:_identify(b4_ws/src/log/build_2024-11-13_20-51-59/b4_package) by extension 'ignore_ament_install'
[0.760s] Level 1:colcon.colcon_core.package_identification:_identify(b4_ws/src/log/build_2024-11-13_20-51-59/b4_package) by extensions ['colcon_pkg']
[0.760s] Level 1:colcon.colcon_core.package_identification:_identify(b4_ws/src/log/build_2024-11-13_20-51-59/b4_package) by extension 'colcon_pkg'
[0.760s] Level 1:colcon.colcon_core.package_identification:_identify(b4_ws/src/log/build_2024-11-13_20-51-59/b4_package) by extensions ['colcon_meta']
[0.760s] Level 1:colcon.colcon_core.package_identification:_identify(b4_ws/src/log/build_2024-11-13_20-51-59/b4_package) by extension 'colcon_meta'
[0.760s] Level 1:colcon.colcon_core.package_identification:_identify(b4_ws/src/log/build_2024-11-13_20-51-59/b4_package) by extensions ['ros']
[0.760s] Level 1:colcon.colcon_core.package_identification:_identify(b4_ws/src/log/build_2024-11-13_20-51-59/b4_package) by extension 'ros'
[0.760s] Level 1:colcon.colcon_core.package_identification:_identify(b4_ws/src/log/build_2024-11-13_20-51-59/b4_package) by extensions ['cmake', 'python']
[0.760s] Level 1:colcon.colcon_core.package_identification:_identify(b4_ws/src/log/build_2024-11-13_20-51-59/b4_package) by extension 'cmake'
[0.760s] Level 1:colcon.colcon_core.package_identification:_identify(b4_ws/src/log/build_2024-11-13_20-51-59/b4_package) by extension 'python'
[0.761s] Level 1:colcon.colcon_core.package_identification:_identify(b4_ws/src/log/build_2024-11-13_20-51-59/b4_package) by extensions ['python_setup_py']
[0.761s] Level 1:colcon.colcon_core.package_identification:_identify(b4_ws/src/log/build_2024-11-13_20-51-59/b4_package) by extension 'python_setup_py'
[0.761s] Level 1:colcon.colcon_core.package_identification:_identify(b4_ws/src/log/build_2024-11-13_20-53-56) by extensions ['ignore', 'ignore_ament_install']
[0.761s] Level 1:colcon.colcon_core.package_identification:_identify(b4_ws/src/log/build_2024-11-13_20-53-56) by extension 'ignore'
[0.761s] Level 1:colcon.colcon_core.package_identification:_identify(b4_ws/src/log/build_2024-11-13_20-53-56) by extension 'ignore_ament_install'
[0.761s] Level 1:colcon.colcon_core.package_identification:_identify(b4_ws/src/log/build_2024-11-13_20-53-56) by extensions ['colcon_pkg']
[0.761s] Level 1:colcon.colcon_core.package_identification:_identify(b4_ws/src/log/build_2024-11-13_20-53-56) by extension 'colcon_pkg'
[0.761s] Level 1:colcon.colcon_core.package_identification:_identify(b4_ws/src/log/build_2024-11-13_20-53-56) by extensions ['colcon_meta']
[0.762s] Level 1:colcon.colcon_core.package_identification:_identify(b4_ws/src/log/build_2024-11-13_20-53-56) by extension 'colcon_meta'
[0.762s] Level 1:colcon.colcon_core.package_identification:_identify(b4_ws/src/log/build_2024-11-13_20-53-56) by extensions ['ros']
[0.762s] Level 1:colcon.colcon_core.package_identification:_identify(b4_ws/src/log/build_2024-11-13_20-53-56) by extension 'ros'
[0.762s] Level 1:colcon.colcon_core.package_identification:_identify(b4_ws/src/log/build_2024-11-13_20-53-56) by extensions ['cmake', 'python']
[0.762s] Level 1:colcon.colcon_core.package_identification:_identify(b4_ws/src/log/build_2024-11-13_20-53-56) by extension 'cmake'
[0.762s] Level 1:colcon.colcon_core.package_identification:_identify(b4_ws/src/log/build_2024-11-13_20-53-56) by extension 'python'
[0.762s] Level 1:colcon.colcon_core.package_identification:_identify(b4_ws/src/log/build_2024-11-13_20-53-56) by extensions ['python_setup_py']
[0.762s] Level 1:colcon.colcon_core.package_identification:_identify(b4_ws/src/log/build_2024-11-13_20-53-56) by extension 'python_setup_py'
[0.762s] Level 1:colcon.colcon_core.package_identification:_identify(b4_ws/src/log/build_2024-11-13_20-53-56/b4_package) by extensions ['ignore', 'ignore_ament_install']
[0.763s] Level 1:colcon.colcon_core.package_identification:_identify(b4_ws/src/log/build_2024-11-13_20-53-56/b4_package) by extension 'ignore'
[0.763s] Level 1:colcon.colcon_core.package_identification:_identify(b4_ws/src/log/build_2024-11-13_20-53-56/b4_package) by extension 'ignore_ament_install'
[0.763s] Level 1:colcon.colcon_core.package_identification:_identify(b4_ws/src/log/build_2024-11-13_20-53-56/b4_package) by extensions ['colcon_pkg']
[0.763s] Level 1:colcon.colcon_core.package_identification:_identify(b4_ws/src/log/build_2024-11-13_20-53-56/b4_package) by extension 'colcon_pkg'
[0.763s] Level 1:colcon.colcon_core.package_identification:_identify(b4_ws/src/log/build_2024-11-13_20-53-56/b4_package) by extensions ['colcon_meta']
[0.763s] Level 1:colcon.colcon_core.package_identification:_identify(b4_ws/src/log/build_2024-11-13_20-53-56/b4_package) by extension 'colcon_meta'
[0.763s] Level 1:colcon.colcon_core.package_identification:_identify(b4_ws/src/log/build_2024-11-13_20-53-56/b4_package) by extensions ['ros']
[0.763s] Level 1:colcon.colcon_core.package_identification:_identify(b4_ws/src/log/build_2024-11-13_20-53-56/b4_package) by extension 'ros'
[0.763s] Level 1:colcon.colcon_core.package_identification:_identify(b4_ws/src/log/build_2024-11-13_20-53-56/b4_package) by extensions ['cmake', 'python']
[0.763s] Level 1:colcon.colcon_core.package_identification:_identify(b4_ws/src/log/build_2024-11-13_20-53-56/b4_package) by extension 'cmake'
[0.764s] Level 1:colcon.colcon_core.package_identification:_identify(b4_ws/src/log/build_2024-11-13_20-53-56/b4_package) by extension 'python'
[0.764s] Level 1:colcon.colcon_core.package_identification:_identify(b4_ws/src/log/build_2024-11-13_20-53-56/b4_package) by extensions ['python_setup_py']
[0.764s] Level 1:colcon.colcon_core.package_identification:_identify(b4_ws/src/log/build_2024-11-13_20-53-56/b4_package) by extension 'python_setup_py'
[0.764s] Level 1:colcon.colcon_core.package_identification:_identify(b4_ws/src/output) by extensions ['ignore', 'ignore_ament_install']
[0.764s] Level 1:colcon.colcon_core.package_identification:_identify(b4_ws/src/output) by extension 'ignore'
[0.764s] Level 1:colcon.colcon_core.package_identification:_identify(b4_ws/src/output) by extension 'ignore_ament_install'
[0.764s] Level 1:colcon.colcon_core.package_identification:_identify(b4_ws/src/output) by extensions ['colcon_pkg']
[0.764s] Level 1:colcon.colcon_core.package_identification:_identify(b4_ws/src/output) by extension 'colcon_pkg'
[0.764s] Level 1:colcon.colcon_core.package_identification:_identify(b4_ws/src/output) by extensions ['colcon_meta']
[0.764s] Level 1:colcon.colcon_core.package_identification:_identify(b4_ws/src/output) by extension 'colcon_meta'
[0.765s] Level 1:colcon.colcon_core.package_identification:_identify(b4_ws/src/output) by extensions ['ros']
[0.765s] Level 1:colcon.colcon_core.package_identification:_identify(b4_ws/src/output) by extension 'ros'
[0.765s] Level 1:colcon.colcon_core.package_identification:_identify(b4_ws/src/output) by extensions ['cmake', 'python']
[0.765s] Level 1:colcon.colcon_core.package_identification:_identify(b4_ws/src/output) by extension 'cmake'
[0.765s] Level 1:colcon.colcon_core.package_identification:_identify(b4_ws/src/output) by extension 'python'
[0.765s] Level 1:colcon.colcon_core.package_identification:_identify(b4_ws/src/output) by extensions ['python_setup_py']
[0.765s] Level 1:colcon.colcon_core.package_identification:_identify(b4_ws/src/output) by extension 'python_setup_py'
[0.765s] Level 1:colcon.colcon_core.package_identification:_identify(build) by extensions ['ignore', 'ignore_ament_install']
[0.765s] Level 1:colcon.colcon_core.package_identification:_identify(build) by extension 'ignore'
[0.765s] Level 1:colcon.colcon_core.package_identification:_identify(build) ignored
[0.766s] Level 1:colcon.colcon_core.package_identification:_identify(install) by extensions ['ignore', 'ignore_ament_install']
[0.766s] Level 1:colcon.colcon_core.package_identification:_identify(install) by extension 'ignore'
[0.766s] Level 1:colcon.colcon_core.package_identification:_identify(install) ignored
[0.766s] Level 1:colcon.colcon_core.package_identification:_identify(log) by extensions ['ignore', 'ignore_ament_install']
[0.766s] Level 1:colcon.colcon_core.package_identification:_identify(log) by extension 'ignore'
[0.766s] Level 1:colcon.colcon_core.package_identification:_identify(log) ignored
[0.766s] Level 1:colcon.colcon_core.package_discovery:discover_packages(recursive) using defaults
[0.766s] Level 1:colcon.colcon_core.package_discovery:discover_packages(ignore) discover
[0.766s] Level 1:colcon.colcon_core.package_discovery:discover_packages(ignore) using defaults
[0.766s] Level 1:colcon.colcon_core.package_discovery:discover_packages(path) discover
[0.767s] Level 1:colcon.colcon_core.package_discovery:discover_packages(path) using defaults
[0.805s] Level 1:colcon.colcon_core.package_discovery:discover_packages(prefix_path) check parameters
[0.805s] Level 1:colcon.colcon_core.package_discovery:discover_packages(prefix_path) discover
[0.808s] DEBUG:colcon.colcon_installed_package_information.package_discovery:Found 1 installed packages in /home/rokey/AI_Vision_Project/install
[0.809s] DEBUG:colcon.colcon_installed_package_information.package_discovery:Found 1 installed packages in /home/rokey/AI_Vision_Project/b4_ws/install
[0.811s] DEBUG:colcon.colcon_installed_package_information.package_discovery:Found 281 installed packages in /opt/ros/humble
[0.814s] Level 1:colcon.colcon_core.package_discovery:discover_packages(prefix_path) using defaults
[0.881s] Level 5:colcon.colcon_core.verb:set package 'b4_package' build argument 'cmake_args' from command line to 'None'
[0.881s] Level 5:colcon.colcon_core.verb:set package 'b4_package' build argument 'cmake_target' from command line to 'None'
[0.881s] Level 5:colcon.colcon_core.verb:set package 'b4_package' build argument 'cmake_target_skip_unavailable' from command line to 'False'
[0.881s] Level 5:colcon.colcon_core.verb:set package 'b4_package' build argument 'cmake_clean_cache' from command line to 'False'
[0.881s] Level 5:colcon.colcon_core.verb:set package 'b4_package' build argument 'cmake_clean_first' from command line to 'False'
[0.881s] Level 5:colcon.colcon_core.verb:set package 'b4_package' build argument 'cmake_force_configure' from command line to 'False'
[0.881s] Level 5:colcon.colcon_core.verb:set package 'b4_package' build argument 'ament_cmake_args' from command line to 'None'
[0.881s] Level 5:colcon.colcon_core.verb:set package 'b4_package' build argument 'catkin_cmake_args' from command line to 'None'
[0.881s] Level 5:colcon.colcon_core.verb:set package 'b4_package' build argument 'catkin_skip_building_tests' from command line to 'False'
[0.881s] DEBUG:colcon.colcon_core.verb:Building package 'b4_package' with the following arguments: {'ament_cmake_args': None, 'build_base': '/home/rokey/AI_Vision_Project/build/b4_package', 'catkin_cmake_args': None, 'catkin_skip_building_tests': False, 'cmake_args': None, 'cmake_clean_cache': False, 'cmake_clean_first': False, 'cmake_force_configure': False, 'cmake_target': None, 'cmake_target_skip_unavailable': False, 'install_base': '/home/rokey/AI_Vision_Project/install/b4_package', 'merge_install': False, 'path': '/home/rokey/AI_Vision_Project/b4_ws/src/b4_package', 'symlink_install': False, 'test_result_base': None}
[0.881s] INFO:colcon.colcon_core.executor:Executing jobs using 'parallel' executor
[0.883s] DEBUG:colcon.colcon_parallel_executor.executor.parallel:run_until_complete
[0.883s] INFO:colcon.colcon_ros.task.ament_python.build:Building ROS package in '/home/rokey/AI_Vision_Project/b4_ws/src/b4_package' with build type 'ament_python'
[0.883s] Level 1:colcon.colcon_core.shell:create_environment_hook('b4_package', 'ament_prefix_path')
[0.886s] INFO:colcon.colcon_core.plugin_system:Skipping extension 'colcon_core.shell.bat': Not used on non-Windows systems
[0.887s] INFO:colcon.colcon_core.shell:Creating environment hook '/home/rokey/AI_Vision_Project/install/b4_package/share/b4_package/hook/ament_prefix_path.ps1'
[0.888s] INFO:colcon.colcon_core.shell:Creating environment descriptor '/home/rokey/AI_Vision_Project/install/b4_package/share/b4_package/hook/ament_prefix_path.dsv'
[0.889s] INFO:colcon.colcon_core.shell:Creating environment hook '/home/rokey/AI_Vision_Project/install/b4_package/share/b4_package/hook/ament_prefix_path.sh'
[0.890s] INFO:colcon.colcon_core.shell:Skip shell extension 'powershell' for command environment: Not usable outside of PowerShell
[0.891s] DEBUG:colcon.colcon_core.shell:Skip shell extension 'dsv' for command environment
[1.470s] INFO:colcon.colcon_core.task.python.build:Building Python package in '/home/rokey/AI_Vision_Project/b4_ws/src/b4_package'
[1.471s] INFO:colcon.colcon_core.shell:Skip shell extension 'powershell' for command environment: Not usable outside of PowerShell
[1.471s] DEBUG:colcon.colcon_core.shell:Skip shell extension 'dsv' for command environment
[2.182s] DEBUG:colcon.colcon_core.event_handler.log_command:Invoking command in '/home/rokey/AI_Vision_Project/b4_ws/src/b4_package': PYTHONPATH=/home/rokey/AI_Vision_Project/build/b4_package/prefix_override:/usr/lib/python3/dist-packages/colcon_core/task/python/colcon_distutils_commands:/home/rokey/AI_Vision_Project/install/b4_package/lib/python3.10/site-packages:${PYTHONPATH} /usr/bin/python3 -W ignore:setup.py install is deprecated setup.py egg_info --egg-base ../../../build/b4_package build --build-base /home/rokey/AI_Vision_Project/build/b4_package/build install --record /home/rokey/AI_Vision_Project/build/b4_package/install.log --single-version-externally-managed install_data
[2.782s] DEBUG:colcon.colcon_core.event_handler.log_command:Invoked command in '/home/rokey/AI_Vision_Project/b4_ws/src/b4_package' returned '0': PYTHONPATH=/home/rokey/AI_Vision_Project/build/b4_package/prefix_override:/usr/lib/python3/dist-packages/colcon_core/task/python/colcon_distutils_commands:/home/rokey/AI_Vision_Project/install/b4_package/lib/python3.10/site-packages:${PYTHONPATH} /usr/bin/python3 -W ignore:setup.py install is deprecated setup.py egg_info --egg-base ../../../build/b4_package build --build-base /home/rokey/AI_Vision_Project/build/b4_package/build install --record /home/rokey/AI_Vision_Project/build/b4_package/install.log --single-version-externally-managed install_data
[2.786s] Level 1:colcon.colcon_core.environment:checking '/home/rokey/AI_Vision_Project/install/b4_package' for CMake module files
[2.787s] Level 1:colcon.colcon_core.environment:checking '/home/rokey/AI_Vision_Project/install/b4_package' for CMake config files
[2.788s] Level 1:colcon.colcon_core.environment:checking '/home/rokey/AI_Vision_Project/install/b4_package/lib'
[2.788s] Level 1:colcon.colcon_core.environment:checking '/home/rokey/AI_Vision_Project/install/b4_package/bin'
[2.788s] Level 1:colcon.colcon_core.environment:checking '/home/rokey/AI_Vision_Project/install/b4_package/lib/pkgconfig/b4_package.pc'
[2.789s] Level 1:colcon.colcon_core.environment:checking '/home/rokey/AI_Vision_Project/install/b4_package/lib/python3.10/site-packages'
[2.789s] Level 1:colcon.colcon_core.shell:create_environment_hook('b4_package', 'pythonpath')
[2.789s] INFO:colcon.colcon_core.shell:Creating environment hook '/home/rokey/AI_Vision_Project/install/b4_package/share/b4_package/hook/pythonpath.ps1'
[2.790s] INFO:colcon.colcon_core.shell:Creating environment descriptor '/home/rokey/AI_Vision_Project/install/b4_package/share/b4_package/hook/pythonpath.dsv'
[2.790s] INFO:colcon.colcon_core.shell:Creating environment hook '/home/rokey/AI_Vision_Project/install/b4_package/share/b4_package/hook/pythonpath.sh'
[2.791s] Level 1:colcon.colcon_core.environment:checking '/home/rokey/AI_Vision_Project/install/b4_package/bin'
[2.791s] Level 1:colcon.colcon_core.environment:create_environment_scripts_only(b4_package)
[2.792s] INFO:colcon.colcon_core.shell:Creating package script '/home/rokey/AI_Vision_Project/install/b4_package/share/b4_package/package.ps1'
[2.796s] INFO:colcon.colcon_core.shell:Creating package descriptor '/home/rokey/AI_Vision_Project/install/b4_package/share/b4_package/package.dsv'
[2.797s] INFO:colcon.colcon_core.shell:Creating package script '/home/rokey/AI_Vision_Project/install/b4_package/share/b4_package/package.sh'
[2.798s] INFO:colcon.colcon_core.shell:Creating package script '/home/rokey/AI_Vision_Project/install/b4_package/share/b4_package/package.bash'
[2.799s] INFO:colcon.colcon_core.shell:Creating package script '/home/rokey/AI_Vision_Project/install/b4_package/share/b4_package/package.zsh'
[2.800s] Level 1:colcon.colcon_core.environment:create_file_with_runtime_dependencies(/home/rokey/AI_Vision_Project/install/b4_package/share/colcon-core/packages/b4_package)
[2.801s] DEBUG:colcon.colcon_parallel_executor.executor.parallel:closing loop
[2.801s] DEBUG:colcon.colcon_parallel_executor.executor.parallel:loop closed
[2.801s] DEBUG:colcon.colcon_parallel_executor.executor.parallel:run_until_complete finished with '0'
[2.802s] DEBUG:colcon.colcon_core.event_reactor:joining thread
[2.810s] INFO:colcon.colcon_core.plugin_system:Skipping extension 'colcon_notification.desktop_notification.terminal_notifier': Not used on non-Darwin systems
[2.810s] INFO:colcon.colcon_core.plugin_system:Skipping extension 'colcon_notification.desktop_notification.win32': Not used on non-Windows systems
[2.810s] INFO:colcon.colcon_notification.desktop_notification:Sending desktop notification using 'notify2'
[2.831s] DEBUG:colcon.colcon_core.event_reactor:joined thread
[2.832s] INFO:colcon.colcon_core.shell:Creating prefix script '/home/rokey/AI_Vision_Project/install/local_setup.ps1'
[2.834s] INFO:colcon.colcon_core.shell:Creating prefix util module '/home/rokey/AI_Vision_Project/install/_local_setup_util_ps1.py'
[2.838s] INFO:colcon.colcon_core.shell:Creating prefix chain script '/home/rokey/AI_Vision_Project/install/setup.ps1'
[2.840s] INFO:colcon.colcon_core.shell:Creating prefix script '/home/rokey/AI_Vision_Project/install/local_setup.sh'
[2.842s] INFO:colcon.colcon_core.shell:Creating prefix util module '/home/rokey/AI_Vision_Project/install/_local_setup_util_sh.py'
[2.843s] INFO:colcon.colcon_core.shell:Creating prefix chain script '/home/rokey/AI_Vision_Project/install/setup.sh'
[2.845s] INFO:colcon.colcon_core.shell:Creating prefix script '/home/rokey/AI_Vision_Project/install/local_setup.bash'
[2.846s] INFO:colcon.colcon_core.shell:Creating prefix chain script '/home/rokey/AI_Vision_Project/install/setup.bash'
[2.848s] INFO:colcon.colcon_core.shell:Creating prefix script '/home/rokey/AI_Vision_Project/install/local_setup.zsh'
[2.849s] INFO:colcon.colcon_core.shell:Creating prefix chain script '/home/rokey/AI_Vision_Project/install/setup.zsh'
