[0.599s] Invoking command in '/home/yeeun/AI_Vision_Project/b4_ws/src/b4_package': PYTHONPATH=/home/yeeun/AI_Vision_Project/b4_ws/build/b4_package/prefix_override:/usr/lib/python3/dist-packages/colcon_core/task/python/colcon_distutils_commands:/home/yeeun/AI_Vision_Project/b4_ws/install/b4_package/lib/python3.10/site-packages:${PYTHONPATH} /usr/bin/python3 -W ignore:setup.py install is deprecated setup.py egg_info --egg-base ../../build/b4_package build --build-base /home/yeeun/AI_Vision_Project/b4_ws/build/b4_package/build install --record /home/yeeun/AI_Vision_Project/b4_ws/build/b4_package/install.log --single-version-externally-managed install_data
[0.826s] running egg_info
[0.826s] writing ../../build/b4_package/b4_package.egg-info/PKG-INFO
[0.827s] writing dependency_links to ../../build/b4_package/b4_package.egg-info/dependency_links.txt
[0.827s] writing entry points to ../../build/b4_package/b4_package.egg-info/entry_points.txt
[0.827s] writing requirements to ../../build/b4_package/b4_package.egg-info/requires.txt
[0.827s] writing top-level names to ../../build/b4_package/b4_package.egg-info/top_level.txt
[0.829s] reading manifest file '../../build/b4_package/b4_package.egg-info/SOURCES.txt'
[0.829s] writing manifest file '../../build/b4_package/b4_package.egg-info/SOURCES.txt'
[0.829s] running build
[0.829s] running build_py
[0.830s] copying b4_package/security_alert.py -> /home/yeeun/AI_Vision_Project/b4_ws/build/b4_package/build/lib/b4_package
[0.830s] running install
[0.830s] running install_lib
[0.831s] copying /home/yeeun/AI_Vision_Project/b4_ws/build/b4_package/build/lib/b4_package/security_alert.py -> /home/yeeun/AI_Vision_Project/b4_ws/install/b4_package/lib/python3.10/site-packages/b4_package
[0.831s] byte-compiling /home/yeeun/AI_Vision_Project/b4_ws/install/b4_package/lib/python3.10/site-packages/b4_package/security_alert.py to security_alert.cpython-310.pyc
[0.832s] running install_data
[0.833s] running install_egg_info
[0.834s] removing '/home/yeeun/AI_Vision_Project/b4_ws/install/b4_package/lib/python3.10/site-packages/b4_package-0.0.0-py3.10.egg-info' (and everything under it)
[0.834s] Copying ../../build/b4_package/b4_package.egg-info to /home/yeeun/AI_Vision_Project/b4_ws/install/b4_package/lib/python3.10/site-packages/b4_package-0.0.0-py3.10.egg-info
[0.835s] running install_scripts
[0.850s] Installing listener script to /home/yeeun/AI_Vision_Project/b4_ws/install/b4_package/lib/b4_package
[0.850s] Installing security_alert script to /home/yeeun/AI_Vision_Project/b4_ws/install/b4_package/lib/b4_package
[0.850s] Installing tracing script to /home/yeeun/AI_Vision_Project/b4_ws/install/b4_package/lib/b4_package
[0.851s] writing list of installed files to '/home/yeeun/AI_Vision_Project/b4_ws/build/b4_package/install.log'
[0.871s] Invoked command in '/home/yeeun/AI_Vision_Project/b4_ws/src/b4_package' returned '0': PYTHONPATH=/home/yeeun/AI_Vision_Project/b4_ws/build/b4_package/prefix_override:/usr/lib/python3/dist-packages/colcon_core/task/python/colcon_distutils_commands:/home/yeeun/AI_Vision_Project/b4_ws/install/b4_package/lib/python3.10/site-packages:${PYTHONPATH} /usr/bin/python3 -W ignore:setup.py install is deprecated setup.py egg_info --egg-base ../../build/b4_package build --build-base /home/yeeun/AI_Vision_Project/b4_ws/build/b4_package/build install --record /home/yeeun/AI_Vision_Project/b4_ws/build/b4_package/install.log --single-version-externally-managed install_data
