[1.291s] Invoking command in '/home/rokey/AI_Vision_Project/b4_ws/src/b4_package': PYTHONPATH=/home/rokey/AI_Vision_Project/build/b4_package/prefix_override:/usr/lib/python3/dist-packages/colcon_core/task/python/colcon_distutils_commands:/home/rokey/AI_Vision_Project/install/b4_package/lib/python3.10/site-packages:${PYTHONPATH} /usr/bin/python3 -W ignore:setup.py install is deprecated setup.py egg_info --egg-base ../../../build/b4_package build --build-base /home/rokey/AI_Vision_Project/build/b4_package/build install --record /home/rokey/AI_Vision_Project/build/b4_package/install.log --single-version-externally-managed install_data
[1.791s] running egg_info
[1.792s] writing ../../../build/b4_package/b4_package.egg-info/PKG-INFO
[1.793s] writing dependency_links to ../../../build/b4_package/b4_package.egg-info/dependency_links.txt
[1.793s] writing entry points to ../../../build/b4_package/b4_package.egg-info/entry_points.txt
[1.793s] writing requirements to ../../../build/b4_package/b4_package.egg-info/requires.txt
[1.793s] writing top-level names to ../../../build/b4_package/b4_package.egg-info/top_level.txt
[1.796s] reading manifest file '../../../build/b4_package/b4_package.egg-info/SOURCES.txt'
[1.797s] writing manifest file '../../../build/b4_package/b4_package.egg-info/SOURCES.txt'
[1.797s] running build
[1.798s] running build_py
[1.798s] copying b4_package/security_alert.py -> /home/rokey/AI_Vision_Project/build/b4_package/build/lib/b4_package
[1.798s] running install
[1.799s] running install_lib
[1.800s] copying /home/rokey/AI_Vision_Project/build/b4_package/build/lib/b4_package/security_alert.py -> /home/rokey/AI_Vision_Project/install/b4_package/lib/python3.10/site-packages/b4_package
[1.801s] byte-compiling /home/rokey/AI_Vision_Project/install/b4_package/lib/python3.10/site-packages/b4_package/security_alert.py to security_alert.cpython-310.pyc
[1.803s] running install_data
[1.803s] running install_egg_info
[1.806s] removing '/home/rokey/AI_Vision_Project/install/b4_package/lib/python3.10/site-packages/b4_package-0.0.0-py3.10.egg-info' (and everything under it)
[1.806s] Copying ../../../build/b4_package/b4_package.egg-info to /home/rokey/AI_Vision_Project/install/b4_package/lib/python3.10/site-packages/b4_package-0.0.0-py3.10.egg-info
[1.808s] running install_scripts
[1.845s] Installing listener script to /home/rokey/AI_Vision_Project/install/b4_package/lib/b4_package
[1.845s] Installing security_alert script to /home/rokey/AI_Vision_Project/install/b4_package/lib/b4_package
[1.845s] writing list of installed files to '/home/rokey/AI_Vision_Project/build/b4_package/install.log'
[1.891s] Invoked command in '/home/rokey/AI_Vision_Project/b4_ws/src/b4_package' returned '0': PYTHONPATH=/home/rokey/AI_Vision_Project/build/b4_package/prefix_override:/usr/lib/python3/dist-packages/colcon_core/task/python/colcon_distutils_commands:/home/rokey/AI_Vision_Project/install/b4_package/lib/python3.10/site-packages:${PYTHONPATH} /usr/bin/python3 -W ignore:setup.py install is deprecated setup.py egg_info --egg-base ../../../build/b4_package build --build-base /home/rokey/AI_Vision_Project/build/b4_package/build install --record /home/rokey/AI_Vision_Project/build/b4_package/install.log --single-version-externally-managed install_data
